#
# There is insufficient memory for the Java Runtime Environment to continue.
# Native memory allocation (mmap) failed to map 132120576 bytes for G1 virtual space
# Possible reasons:
#   The system is out of physical RAM or swap space
#   The process is running with CompressedOops enabled, and the Java Heap may be blocking the growth of the native heap
# Possible solutions:
#   Reduce memory load on the system
#   Increase physical memory or swap space
#   Check if swap backing store is full
#   Decrease Java heap size (-Xmx/-Xms)
#   Decrease number of Java threads
#   Decrease Java thread stack sizes (-Xss)
#   Set larger code cache with -XX:ReservedCodeCacheSize=
#   JVM is running with Unscaled Compressed Oops mode in which the Java heap is
#     placed in the first 4GB address space. The Java Heap base address is the
#     maximum limit for the native heap growth. Please use -XX:HeapBaseMinAddress
#     to set the Java Heap base and to place the Java Heap above 4GB virtual address.
# This output file may be truncated or incomplete.
#
#  Out of Memory Error (os_windows.cpp:3532), pid=12932, tid=11632
#
# JRE version:  (17.0.2+8) (build )
# Java VM: OpenJDK 64-Bit Server VM (17.0.2+8, mixed mode, sharing, tiered, compressed oops, compressed class ptrs, g1 gc, windows-amd64)
# No core dump will be written. Minidumps are not enabled by default on client versions of Windows
#

---------------  S U M M A R Y ------------

Command Line: --module-path=D:\javafx-sdk-18.0.1\lib --add-modules=javafx.controls,javafx.fxml --add-modules=javafx.web,javafx.media,javafx.swing -Dfile.encoding=Cp1252 -XX:+ShowCodeDetailsInExceptionMessages hust.soict.globalict.VirusMain

Host: Intel(R) Core(TM) i5-9300H CPU @ 2.40GHz, 8 cores, 7G,  Windows 10 , 64 bit Build 19041 (10.0.19041.1741)
Time: Sun Jul  3 15:36:25 2022 SE Asia Standard Time elapsed time: 0.019374 seconds (0d 0h 0m 0s)

---------------  T H R E A D  ---------------

Current thread (0x0000029ba6cce540):  JavaThread "Unknown thread" [_thread_in_vm, id=11632, stack(0x000000e41ec00000,0x000000e41ed00000)]

Stack: [0x000000e41ec00000,0x000000e41ed00000]
Native frames: (J=compiled Java code, j=interpreted, Vv=VM code, C=native code)
V  [jvm.dll+0x67564a]
V  [jvm.dll+0x82fc04]
V  [jvm.dll+0x8313ae]
V  [jvm.dll+0x831a13]
V  [jvm.dll+0x245235]
V  [jvm.dll+0x672539]
V  [jvm.dll+0x666e82]
V  [jvm.dll+0x30401b]
V  [jvm.dll+0x30b566]
V  [jvm.dll+0x35b1fe]
V  [jvm.dll+0x35b42f]
V  [jvm.dll+0x2daf58]
V  [jvm.dll+0x2dbec4]
V  [jvm.dll+0x801881]
V  [jvm.dll+0x368f81]
V  [jvm.dll+0x7e0cdc]
V  [jvm.dll+0x3eb8bf]
V  [jvm.dll+0x3ed441]
C  [jli.dll+0x5277]
C  [ucrtbase.dll+0x21bb2]
C  [KERNEL32.DLL+0x17034]
C  [ntdll.dll+0x52651]


---------------  P R O C E S S  ---------------

Threads class SMR info:
_java_thread_list=0x00007ffa18885e98, length=0, elements={
}

Java Threads: ( => current thread )

Other Threads:
  0x0000029ba6d123c0 GCTaskThread "GC Thread#0" [stack: 0x000000e41ed00000,0x000000e41ee00000] [id=21740]
  0x0000029ba6d23530 ConcurrentGCThread "G1 Main Marker" [stack: 0x000000e41ee00000,0x000000e41ef00000] [id=17384]
  0x0000029ba6d23e50 ConcurrentGCThread "G1 Conc#0" [stack: 0x000000e41ef00000,0x000000e41f000000] [id=19996]

[error occurred during error reporting (printing all threads), id 0xc0000005, EXCEPTION_ACCESS_VIOLATION (0xc0000005) at pc=0x00007ffa1805b9d7]

VM state: not at safepoint (not fully initialized)

VM Mutex/Monitor currently owned by a thread:  ([mutex/lock_event])
[0x0000029ba6cc9f40] Heap_lock - owner thread: 0x0000029ba6cce540

Heap address: 0x0000000082400000, size: 2012 MB, Compressed Oops mode: 32-bit

CDS archive(s) mapped at: [0x0000000000000000-0x0000000000000000-0x0000000000000000), size 0, SharedBaseAddress: 0x0000000800000000, ArchiveRelocationMode: 0.
Narrow klass base: 0x0000000000000000, Narrow klass shift: 0, Narrow klass range: 0x0

GC Precious Log:
<Empty>

Heap:
 garbage-first heap   total 0K, used 0K [0x0000000082400000, 0x0000000100000000)
  region size 1024K, 0 young (0K), 0 survivors (0K)

[error occurred during error reporting (printing heap information), id 0xc0000005, EXCEPTION_ACCESS_VIOLATION (0xc0000005) at pc=0x00007ffa1843e899]

GC Heap History (0 events):
No events

Deoptimization events (0 events):
No events

Classes unloaded (0 events):
No events

Classes redefined (0 events):
No events

Internal exceptions (0 events):
No events

VM Operations (0 events):
No events

Events (1 events):
Event: 0.013 Loaded shared library C:\Users\Admin\Desktop\eclipse\plugins\org.eclipse.justj.openjdk.hotspot.jre.full.win32.x86_64_17.0.2.v20220201-1208\jre\bin\java.dll


Dynamic libraries:
0x00007ff754d90000 - 0x00007ff754d9e000 	C:\Users\Admin\Desktop\eclipse\plugins\org.eclipse.justj.openjdk.hotspot.jre.full.win32.x86_64_17.0.2.v20220201-1208\jre\bin\javaw.exe
0x00007ffa72fb0000 - 0x00007ffa731a7000 	C:\WINDOWS\SYSTEM32\ntdll.dll
0x00007ffa727c0000 - 0x00007ffa7287d000 	C:\WINDOWS\System32\KERNEL32.DLL
0x00007ffa70830000 - 0x00007ffa70afd000 	C:\WINDOWS\System32\KERNELBASE.dll
0x00007ffa70d40000 - 0x00007ffa70e40000 	C:\WINDOWS\System32\ucrtbase.dll
0x00007ffa3b7d0000 - 0x00007ffa3b7e9000 	C:\Users\Admin\Desktop\eclipse\plugins\org.eclipse.justj.openjdk.hotspot.jre.full.win32.x86_64_17.0.2.v20220201-1208\jre\bin\VCRUNTIME140.dll
0x00007ffa3b7f0000 - 0x00007ffa3b808000 	C:\Users\Admin\Desktop\eclipse\plugins\org.eclipse.justj.openjdk.hotspot.jre.full.win32.x86_64_17.0.2.v20220201-1208\jre\bin\jli.dll
0x00007ffa72a60000 - 0x00007ffa72c00000 	C:\WINDOWS\System32\USER32.dll
0x00007ffa5cda0000 - 0x00007ffa5d03a000 	C:\WINDOWS\WinSxS\amd64_microsoft.windows.common-controls_6595b64144ccf1df_6.0.19041.1110_none_60b5254171f9507e\COMCTL32.dll
0x00007ffa70b00000 - 0x00007ffa70b22000 	C:\WINDOWS\System32\win32u.dll
0x00007ffa716b0000 - 0x00007ffa7174e000 	C:\WINDOWS\System32\msvcrt.dll
0x00007ffa72900000 - 0x00007ffa7292a000 	C:\WINDOWS\System32\GDI32.dll
0x00007ffa706d0000 - 0x00007ffa707db000 	C:\WINDOWS\System32\gdi32full.dll
0x00007ffa70be0000 - 0x00007ffa70c7d000 	C:\WINDOWS\System32\msvcp_win.dll
0x00007ffa71110000 - 0x00007ffa71140000 	C:\WINDOWS\System32\IMM32.DLL
0x00007ffa5ac60000 - 0x00007ffa5ac6c000 	C:\Users\Admin\Desktop\eclipse\plugins\org.eclipse.justj.openjdk.hotspot.jre.full.win32.x86_64_17.0.2.v20220201-1208\jre\bin\vcruntime140_1.dll
0x00007ffa39710000 - 0x00007ffa397a1000 	C:\Users\Admin\Desktop\eclipse\plugins\org.eclipse.justj.openjdk.hotspot.jre.full.win32.x86_64_17.0.2.v20220201-1208\jre\bin\msvcp140.dll
0x00007ffa17d70000 - 0x00007ffa189b7000 	C:\Users\Admin\Desktop\eclipse\plugins\org.eclipse.justj.openjdk.hotspot.jre.full.win32.x86_64_17.0.2.v20220201-1208\jre\bin\server\jvm.dll
0x00007ffa71bc0000 - 0x00007ffa71c6e000 	C:\WINDOWS\System32\ADVAPI32.dll
0x00007ffa71010000 - 0x00007ffa710ac000 	C:\WINDOWS\System32\sechost.dll
0x00007ffa71250000 - 0x00007ffa71375000 	C:\WINDOWS\System32\RPCRT4.dll
0x00007ffa72880000 - 0x00007ffa72888000 	C:\WINDOWS\System32\PSAPI.DLL
0x00007ffa588d0000 - 0x00007ffa588d9000 	C:\WINDOWS\SYSTEM32\WSOCK32.dll
0x00007ffa72890000 - 0x00007ffa728fb000 	C:\WINDOWS\System32\WS2_32.dll
0x00007ffa5e0e0000 - 0x00007ffa5e107000 	C:\WINDOWS\SYSTEM32\WINMM.dll
0x00007ffa6aba0000 - 0x00007ffa6abaa000 	C:\WINDOWS\SYSTEM32\VERSION.dll
0x00007ffa6e770000 - 0x00007ffa6e782000 	C:\WINDOWS\SYSTEM32\kernel.appcore.dll
0x00007ffa5b860000 - 0x00007ffa5b86a000 	C:\Users\Admin\Desktop\eclipse\plugins\org.eclipse.justj.openjdk.hotspot.jre.full.win32.x86_64_17.0.2.v20220201-1208\jre\bin\jimage.dll
0x00007ffa6e4a0000 - 0x00007ffa6e684000 	C:\WINDOWS\SYSTEM32\DBGHELP.DLL
0x00007ffa54470000 - 0x00007ffa5449c000 	C:\WINDOWS\SYSTEM32\dbgcore.DLL
0x00007ffa70c80000 - 0x00007ffa70d02000 	C:\WINDOWS\System32\bcryptPrimitives.dll
0x00007ffa3b790000 - 0x00007ffa3b7b5000 	C:\Users\Admin\Desktop\eclipse\plugins\org.eclipse.justj.openjdk.hotspot.jre.full.win32.x86_64_17.0.2.v20220201-1208\jre\bin\java.dll

dbghelp: loaded successfully - version: 4.0.5 - missing functions: none
symbol engine: initialized successfully - sym options: 0x614 - pdb path: .;C:\Users\Admin\Desktop\eclipse\plugins\org.eclipse.justj.openjdk.hotspot.jre.full.win32.x86_64_17.0.2.v20220201-1208\jre\bin;C:\WINDOWS\SYSTEM32;C:\WINDOWS\WinSxS\amd64_microsoft.windows.common-controls_6595b64144ccf1df_6.0.19041.1110_none_60b5254171f9507e;C:\Users\Admin\Desktop\eclipse\plugins\org.eclipse.justj.openjdk.hotspot.jre.full.win32.x86_64_17.0.2.v20220201-1208\jre\bin\server

VM Arguments:
jvm_args: --module-path=D:\javafx-sdk-18.0.1\lib --add-modules=javafx.controls,javafx.fxml --add-modules=javafx.web,javafx.media,javafx.swing -Dfile.encoding=Cp1252 -XX:+ShowCodeDetailsInExceptionMessages 
java_command: hust.soict.globalict.VirusMain
java_class_path (initial): C:\Users\Admin\Desktop\2021 - 2\OOLT.ICT.20212.Team06\Virus\bin;D:\javafx-sdk-18.0.1\lib\javafx.base.jar;D:\javafx-sdk-18.0.1\lib\javafx.controls.jar;D:\javafx-sdk-18.0.1\lib\javafx.fxml.jar;D:\javafx-sdk-18.0.1\lib\javafx.graphics.jar;D:\javafx-sdk-18.0.1\lib\javafx.media.jar;D:\javafx-sdk-18.0.1\lib\javafx.swing.jar;D:\javafx-sdk-18.0.1\lib\javafx.web.jar;D:\javafx-sdk-18.0.1\lib\javafx-swt.jar
Launcher Type: SUN_STANDARD

[Global flags]
     intx CICompilerCount                          = 4                                         {product} {ergonomic}
     uint ConcGCThreads                            = 2                                         {product} {ergonomic}
     uint G1ConcRefinementThreads                  = 8                                         {product} {ergonomic}
   size_t G1HeapRegionSize                         = 1048576                                   {product} {ergonomic}
    uintx GCDrainStackTargetSize                   = 64                                        {product} {ergonomic}
   size_t InitialHeapSize                          = 132120576                                 {product} {ergonomic}
   size_t MarkStackSize                            = 4194304                                   {product} {ergonomic}
   size_t MaxHeapSize                              = 2109734912                                {product} {ergonomic}
   size_t MinHeapDeltaBytes                        = 1048576                                   {product} {ergonomic}
   size_t MinHeapSize                              = 8388608                                   {product} {ergonomic}
    uintx NonNMethodCodeHeapSize                   = 5839372                                {pd product} {ergonomic}
    uintx NonProfiledCodeHeapSize                  = 122909434                              {pd product} {ergonomic}
    uintx ProfiledCodeHeapSize                     = 122909434                              {pd product} {ergonomic}
    uintx ReservedCodeCacheSize                    = 251658240                              {pd product} {ergonomic}
     bool SegmentedCodeCache                       = true                                      {product} {ergonomic}
     bool ShowCodeDetailsInExceptionMessages       = true                                   {manageable} {command line}
   size_t SoftMaxHeapSize                          = 2109734912                             {manageable} {ergonomic}
     bool UseCompressedClassPointers               = true                           {product lp64_product} {ergonomic}
     bool UseCompressedOops                        = true                           {product lp64_product} {ergonomic}
     bool UseG1GC                                  = true                                      {product} {ergonomic}
     bool UseLargePagesIndividualAllocation        = false                                  {pd product} {ergonomic}

Logging:
Log output configuration:
 #0: stdout all=warning uptime,level,tags
 #1: stderr all=off uptime,level,tags

Environment Variables:
JAVA_HOME=C:\Program Files\Java\jre1.8.0_331
CLASSPATH=C:\Program Files\Java\jre1.8.0_331\bin
PATH=C:/Users/Admin/Desktop/eclipse//plugins/org.eclipse.justj.openjdk.hotspot.jre.full.win32.x86_64_17.0.2.v20220201-1208/jre/bin/server;C:/Users/Admin/Desktop/eclipse//plugins/org.eclipse.justj.openjdk.hotspot.jre.full.win32.x86_64_17.0.2.v20220201-1208/jre/bin;C:\Program Files (x86)\Common Files\Oracle\Java\javapath;C:\Windows\system32;C:\Windows;C:\Windows\System32\Wbem;C:\Windows\System32\WindowsPowerShell\v1.0\;C:\Windows\System32\OpenSSH\;C:\Program Files (x86)\NVIDIA Corporation\PhysX\Common;C:\Program Files\NVIDIA Corporation\NVIDIA NvDLISR;C:\Program Files\Microsoft VS Code\bin;C:\ninja;C:\Users\Admin\Desktop\mingw\bin;C:\Program Files\CMake\bin;C:\WINDOWS\system32;C:\WINDOWS;C:\WINDOWS\System32\Wbem;C:\WINDOWS\System32\WindowsPowerShell\v1.0\;C:\WINDOWS\System32\OpenSSH\;C:\Program Files\Java\jre1.8.0_331\bin;C:\Program Files\Git\cmd;C:\Program Files\Docker\Docker\resources\bin;C:\ProgramData\DockerDesktop\version-bin;C:\Program Files\nodejs\;C:\Program Files (x86)\ZeroTier\One\;C:\Users\Admin\AppData\Local\Microsoft\WindowsApps;C:\Users\Admin\AppData\Roaming\npm;C:\Users\Admin\AppData\Local\GitHubDesktop\bin;D:\IntelliJ IDEA 2022.1.2\bin;;C:\Users\Admin\Desktop\eclipse;
USERNAME=Admin
OS=Windows_NT
PROCESSOR_IDENTIFIER=Intel64 Family 6 Model 158 Stepping 13, GenuineIntel



---------------  S Y S T E M  ---------------

OS:
 Windows 10 , 64 bit Build 19041 (10.0.19041.1741)
OS uptime: 0 days 1:35 hours
Hyper-V role detected

CPU: total 8 (initial active 8) (4 cores per cpu, 2 threads per core) family 6 model 158 stepping 13 microcode 0xd2, cx8, cmov, fxsr, ht, mmx, 3dnowpref, sse, sse2, sse3, ssse3, sse4.1, sse4.2, popcnt, lzcnt, tsc, tscinvbit, avx, avx2, aes, erms, clmul, bmi1, bmi2, adx, fma, vzeroupper, clflush, clflushopt, hv

Memory: 4k page, system-wide physical 8044M (537M free)
TotalPageFile size 25226M (AvailPageFile size 108M)
current process WorkingSet (physical memory assigned to process): 10M, peak: 10M
current process commit charge ("private bytes"): 60M, peak: 185M

vm_info: OpenJDK 64-Bit Server VM (17.0.2+8) for windows-amd64 JRE (17.0.2+8), built on Jan 20 2022 04:52:34 by "" with MS VC++ 16.7 (VS2019)

END.
