#
# There is insufficient memory for the Java Runtime Environment to continue.
# Native memory allocation (malloc) failed to allocate 1211696 bytes for Chunk::new
# Possible reasons:
#   The system is out of physical RAM or swap space
#   The process is running with CompressedOops enabled, and the Java Heap may be blocking the growth of the native heap
# Possible solutions:
#   Reduce memory load on the system
#   Increase physical memory or swap space
#   Check if swap backing store is full
#   Decrease Java heap size (-Xmx/-Xms)
#   Decrease number of Java threads
#   Decrease Java thread stack sizes (-Xss)
#   Set larger code cache with -XX:ReservedCodeCacheSize=
#   JVM is running with Unscaled Compressed Oops mode in which the Java heap is
#     placed in the first 4GB address space. The Java Heap base address is the
#     maximum limit for the native heap growth. Please use -XX:HeapBaseMinAddress
#     to set the Java Heap base and to place the Java Heap above 4GB virtual address.
# This output file may be truncated or incomplete.
#
#  Out of Memory Error (arena.cpp:189), pid=19076, tid=1272
#
# JRE version: OpenJDK Runtime Environment Temurin-17.0.2+8 (17.0.2+8) (build 17.0.2+8)
# Java VM: OpenJDK 64-Bit Server VM Temurin-17.0.2+8 (17.0.2+8, mixed mode, tiered, compressed oops, compressed class ptrs, g1 gc, windows-amd64)
# No core dump will be written. Minidumps are not enabled by default on client versions of Windows
#

---------------  S U M M A R Y ------------

Command Line: --module-path=D:\javafx-sdk-18.0.1\lib --add-modules=javafx.controls,javafx.fxml --add-modules=javafx.web,javafx.media,javafx.swing -Dfile.encoding=Cp1252 -XX:+ShowCodeDetailsInExceptionMessages hust.soict.globalict.VirusMain

Host: Intel(R) Core(TM) i5-9300H CPU @ 2.40GHz, 8 cores, 7G,  Windows 10 , 64 bit Build 19041 (10.0.19041.1741)
Time: Sun Jul  3 15:29:59 2022 SE Asia Standard Time elapsed time: 6.603539 seconds (0d 0h 0m 6s)

---------------  T H R E A D  ---------------

Current thread (0x0000023b0418c030):  JavaThread "C2 CompilerThread1" daemon [_thread_in_native, id=1272, stack(0x0000007a03200000,0x0000007a03300000)]


Current CompileTask:
C2:   6603 3025       4       com.sun.javafx.css.StyleMap::getCascadingStyles (384 bytes)

Stack: [0x0000007a03200000,0x0000007a03300000]
Native frames: (J=compiled Java code, j=interpreted, Vv=VM code, C=native code)
V  [jvm.dll+0x67564a]
V  [jvm.dll+0x82fc04]
V  [jvm.dll+0x8313ae]
V  [jvm.dll+0x831a13]
V  [jvm.dll+0x245235]
V  [jvm.dll+0xabd7b]
V  [jvm.dll+0xac30c]
V  [jvm.dll+0x3631a2]
V  [jvm.dll+0x32d891]
V  [jvm.dll+0x32cd3a]
V  [jvm.dll+0x2180d1]
V  [jvm.dll+0x2174f1]
V  [jvm.dll+0x1a3a8d]
V  [jvm.dll+0x226ef8]
V  [jvm.dll+0x22503c]
V  [jvm.dll+0x7e596b]
V  [jvm.dll+0x7dff2a]
V  [jvm.dll+0x6744d5]
C  [ucrtbase.dll+0x21bb2]
C  [KERNEL32.DLL+0x17034]
C  [ntdll.dll+0x52651]


---------------  P R O C E S S  ---------------

Threads class SMR info:
_java_thread_list=0x0000023b7ca1ba90, length=25, elements={
0x0000023b7a503210, 0x0000023b7a504080, 0x0000023b7a56dba0, 0x0000023b7a56e460,
0x0000023b7b00c0d0, 0x0000023b7b00fe90, 0x0000023b7b018b80, 0x0000023b7b01a580,
0x0000023b7b01d760, 0x0000023b7a4a49e0, 0x0000023b7b41e340, 0x0000023b7b7c95e0,
0x0000023b7bbfe2a0, 0x0000023b7c10a7a0, 0x0000023b7bf94b80, 0x0000023b7ba408e0,
0x0000023b7c1a76e0, 0x0000023b7c1fc7d0, 0x0000023b7c30ce60, 0x0000023b7c2133b0,
0x0000023b7c213880, 0x0000023b7c213d50, 0x0000023b7c212540, 0x0000023b7c212a10,
0x0000023b0418c030
}

Java Threads: ( => current thread )
  0x0000023b7a503210 JavaThread "Reference Handler" daemon [_thread_blocked, id=11480, stack(0x0000007a01400000,0x0000007a01500000)]
  0x0000023b7a504080 JavaThread "Finalizer" daemon [_thread_blocked, id=20196, stack(0x0000007a01500000,0x0000007a01600000)]
  0x0000023b7a56dba0 JavaThread "Signal Dispatcher" daemon [_thread_blocked, id=16440, stack(0x0000007a01600000,0x0000007a01700000)]
  0x0000023b7a56e460 JavaThread "Attach Listener" daemon [_thread_blocked, id=12888, stack(0x0000007a01700000,0x0000007a01800000)]
  0x0000023b7b00c0d0 JavaThread "Service Thread" daemon [_thread_blocked, id=9684, stack(0x0000007a01800000,0x0000007a01900000)]
  0x0000023b7b00fe90 JavaThread "Monitor Deflation Thread" daemon [_thread_blocked, id=9144, stack(0x0000007a01900000,0x0000007a01a00000)]
  0x0000023b7b018b80 JavaThread "C2 CompilerThread0" daemon [_thread_blocked, id=20268, stack(0x0000007a01a00000,0x0000007a01b00000)]
  0x0000023b7b01a580 JavaThread "C1 CompilerThread0" daemon [_thread_blocked, id=4104, stack(0x0000007a01b00000,0x0000007a01c00000)]
  0x0000023b7b01d760 JavaThread "Sweeper thread" daemon [_thread_blocked, id=13212, stack(0x0000007a01c00000,0x0000007a01d00000)]
  0x0000023b7a4a49e0 JavaThread "Common-Cleaner" daemon [_thread_blocked, id=1252, stack(0x0000007a01d00000,0x0000007a01e00000)]
  0x0000023b7b41e340 JavaThread "Notification Thread" daemon [_thread_blocked, id=16848, stack(0x0000007a02000000,0x0000007a02100000)]
  0x0000023b7b7c95e0 JavaThread "Java2D Disposer" daemon [_thread_blocked, id=8084, stack(0x0000007a02200000,0x0000007a02300000)]
  0x0000023b7bbfe2a0 JavaThread "AWT-Windows" daemon [_thread_in_native, id=20660, stack(0x0000007a02400000,0x0000007a02500000)]
  0x0000023b7c10a7a0 JavaThread "QuantumRenderer-0" daemon [_thread_blocked, id=11536, stack(0x0000007a01f00000,0x0000007a02000000)]
  0x0000023b7bf94b80 JavaThread "InvokeLaterDispatcher" daemon [_thread_blocked, id=5104, stack(0x0000007a02a00000,0x0000007a02b00000)]
  0x0000023b7ba408e0 JavaThread "JavaFX Application Thread" [_thread_in_native, id=13952, stack(0x0000007a02b00000,0x0000007a02c00000)]
  0x0000023b7c1a76e0 JavaThread "AWT-Shutdown" [_thread_blocked, id=9320, stack(0x0000007a03000000,0x0000007a03100000)]
  0x0000023b7c1fc7d0 JavaThread "AWT-EventQueue-0" [_thread_blocked, id=19988, stack(0x0000007a03100000,0x0000007a03200000)]
  0x0000023b7c30ce60 JavaThread "Thread-1" daemon [_thread_in_native, id=8688, stack(0x0000007a02f00000,0x0000007a03000000)]
  0x0000023b7c2133b0 JavaThread "DestroyJavaVM" [_thread_blocked, id=20288, stack(0x0000007a00d00000,0x0000007a00e00000)]
  0x0000023b7c213880 JavaThread "Image Fetcher 0" daemon [_thread_blocked, id=5592, stack(0x0000007a03300000,0x0000007a03400000)]
  0x0000023b7c213d50 JavaThread "Image Fetcher 1" daemon [_thread_blocked, id=6100, stack(0x0000007a03400000,0x0000007a03500000)]
  0x0000023b7c212540 JavaThread "Prism Font Disposer" daemon [_thread_blocked, id=684, stack(0x0000007a03800000,0x0000007a03900000)]
  0x0000023b7c212a10 JavaThread "Cleaner-0" daemon [_thread_blocked, id=19748, stack(0x0000007a03a00000,0x0000007a03b00000)]
=>0x0000023b0418c030 JavaThread "C2 CompilerThread1" daemon [_thread_in_native, id=1272, stack(0x0000007a03200000,0x0000007a03300000)]

Other Threads:
  0x0000023b7a527e70 VMThread "VM Thread" [stack: 0x0000007a01300000,0x0000007a01400000] [id=15560]
  0x0000023b7b41e810 WatcherThread [stack: 0x0000007a02100000,0x0000007a02200000] [id=20612]
  0x0000023b606818a0 GCTaskThread "GC Thread#0" [stack: 0x0000007a00e00000,0x0000007a00f00000] [id=11928]
  0x0000023b7c0b3ba0 GCTaskThread "GC Thread#1" [stack: 0x0000007a01e00000,0x0000007a01f00000] [id=18268]
  0x0000023b7bf5b230 GCTaskThread "GC Thread#2" [stack: 0x0000007a02300000,0x0000007a02400000] [id=10268]
  0x0000023b7c0c7530 GCTaskThread "GC Thread#3" [stack: 0x0000007a02500000,0x0000007a02600000] [id=17312]
  0x0000023b7c0c7bf0 GCTaskThread "GC Thread#4" [stack: 0x0000007a02600000,0x0000007a02700000] [id=2424]
  0x0000023b7c0d06c0 GCTaskThread "GC Thread#5" [stack: 0x0000007a02700000,0x0000007a02800000] [id=21120]
  0x0000023b7bbceb20 GCTaskThread "GC Thread#6" [stack: 0x0000007a02800000,0x0000007a02900000] [id=11088]
  0x0000023b7bbcf330 GCTaskThread "GC Thread#7" [stack: 0x0000007a03900000,0x0000007a03a00000] [id=9656]
  0x0000023b60692b00 ConcurrentGCThread "G1 Main Marker" [stack: 0x0000007a00f00000,0x0000007a01000000] [id=12108]
  0x0000023b60693510 ConcurrentGCThread "G1 Conc#0" [stack: 0x0000007a01000000,0x0000007a01100000] [id=19256]
  0x0000023b7bbcf890 ConcurrentGCThread "G1 Conc#1" [stack: 0x0000007a02900000,0x0000007a02a00000] [id=19964]
  0x0000023b6071b110 ConcurrentGCThread "G1 Refine#0" [stack: 0x0000007a01100000,0x0000007a01200000] [id=20360]
  0x0000023b6071bb30 ConcurrentGCThread "G1 Service" [stack: 0x0000007a01200000,0x0000007a01300000] [id=21340]

Threads with active compile tasks:
C2 CompilerThread1     6628 3025       4       com.sun.javafx.css.StyleMap::getCascadingStyles (384 bytes)

VM state: not at safepoint (normal execution)

VM Mutex/Monitor currently owned by a thread: None

Heap address: 0x0000000082400000, size: 2012 MB, Compressed Oops mode: 32-bit

CDS archive(s) not mapped
Compressed class space mapped at: 0x0000000100000000-0x0000000140000000, reserved size: 1073741824
Narrow klass base: 0x0000000000000000, Narrow klass shift: 3, Narrow klass range: 0x140000000

GC Precious Log:
 CPUs: 8 total, 8 available
 Memory: 8044M
 Large Page Support: Disabled
 NUMA Support: Disabled
 Compressed Oops: Enabled (32-bit)
 Heap Region Size: 1M
 Heap Min Capacity: 8M
 Heap Initial Capacity: 126M
 Heap Max Capacity: 2012M
 Pre-touch: Disabled
 Parallel Workers: 8
 Concurrent Workers: 2
 Concurrent Refinement Workers: 8
 Periodic GC: Disabled

Heap:
 garbage-first heap   total 256000K, used 158844K [0x0000000082400000, 0x0000000100000000)
  region size 1024K, 23 young (23552K), 1 survivors (1024K)
 Metaspace       used 28071K, committed 28352K, reserved 1081344K
  class space    used 3438K, committed 3584K, reserved 1048576K

Heap Regions: E=young(eden), S=young(survivor), O=old, HS=humongous(starts), HC=humongous(continues), CS=collection set, F=free, OA=open archive, CA=closed archive, TAMS=top-at-mark-start (previous, next)
|   0|0x0000000082400000, 0x0000000082500000, 0x0000000082500000|100%|HS|  |TAMS 0x0000000082500000, 0x0000000082400000| Complete 
|   1|0x0000000082500000, 0x0000000082600000, 0x0000000082600000|100%|HS|  |TAMS 0x0000000082600000, 0x0000000082500000| Complete 
|   2|0x0000000082600000, 0x0000000082700000, 0x0000000082700000|100%|HS|  |TAMS 0x0000000082700000, 0x0000000082600000| Complete 
|   3|0x0000000082700000, 0x0000000082800000, 0x0000000082800000|100%|HC|  |TAMS 0x0000000082800000, 0x0000000082700000| Complete 
|   4|0x0000000082800000, 0x0000000082900000, 0x0000000082900000|100%|HC|  |TAMS 0x0000000082900000, 0x0000000082800000| Complete 
|   5|0x0000000082900000, 0x0000000082a00000, 0x0000000082a00000|100%|HC|  |TAMS 0x0000000082a00000, 0x0000000082900000| Complete 
|   6|0x0000000082a00000, 0x0000000082b00000, 0x0000000082b00000|100%|HC|  |TAMS 0x0000000082b00000, 0x0000000082a00000| Complete 
|   7|0x0000000082b00000, 0x0000000082c00000, 0x0000000082c00000|100%|HC|  |TAMS 0x0000000082c00000, 0x0000000082b00000| Complete 
|   8|0x0000000082c00000, 0x0000000082d00000, 0x0000000082d00000|100%|HC|  |TAMS 0x0000000082d00000, 0x0000000082c00000| Complete 
|   9|0x0000000082d00000, 0x0000000082e00000, 0x0000000082e00000|100%|HC|  |TAMS 0x0000000082e00000, 0x0000000082d00000| Complete 
|  10|0x0000000082e00000, 0x0000000082f00000, 0x0000000082f00000|100%|HC|  |TAMS 0x0000000082f00000, 0x0000000082e00000| Complete 
|  11|0x0000000082f00000, 0x0000000083000000, 0x0000000083000000|100%|HC|  |TAMS 0x0000000083000000, 0x0000000082f00000| Complete 
|  12|0x0000000083000000, 0x0000000083100000, 0x0000000083100000|100%|HC|  |TAMS 0x0000000083100000, 0x0000000083000000| Complete 
|  13|0x0000000083100000, 0x0000000083200000, 0x0000000083200000|100%|HS|  |TAMS 0x0000000083200000, 0x0000000083100000| Complete 
|  14|0x0000000083200000, 0x0000000083300000, 0x0000000083300000|100%|HC|  |TAMS 0x0000000083300000, 0x0000000083200000| Complete 
|  15|0x0000000083300000, 0x0000000083400000, 0x0000000083400000|100%|HS|  |TAMS 0x0000000083400000, 0x0000000083300000| Complete 
|  16|0x0000000083400000, 0x0000000083500000, 0x0000000083500000|100%|HC|  |TAMS 0x0000000083500000, 0x0000000083400000| Complete 
|  17|0x0000000083500000, 0x0000000083600000, 0x0000000083600000|100%|HS|  |TAMS 0x0000000083600000, 0x0000000083500000| Complete 
|  18|0x0000000083600000, 0x0000000083700000, 0x0000000083700000|100%|HS|  |TAMS 0x0000000083700000, 0x0000000083600000| Complete 
|  19|0x0000000083700000, 0x0000000083800000, 0x0000000083800000|100%|HC|  |TAMS 0x0000000083800000, 0x0000000083700000| Complete 
|  20|0x0000000083800000, 0x0000000083900000, 0x0000000083900000|100%|HS|  |TAMS 0x0000000083900000, 0x0000000083800000| Complete 
|  21|0x0000000083900000, 0x0000000083a00000, 0x0000000083a00000|100%|HC|  |TAMS 0x0000000083a00000, 0x0000000083900000| Complete 
|  22|0x0000000083a00000, 0x0000000083b00000, 0x0000000083b00000|100%|HS|  |TAMS 0x0000000083b00000, 0x0000000083a00000| Complete 
|  23|0x0000000083b00000, 0x0000000083c00000, 0x0000000083c00000|100%|HC|  |TAMS 0x0000000083c00000, 0x0000000083b00000| Complete 
|  24|0x0000000083c00000, 0x0000000083d00000, 0x0000000083d00000|100%|HC|  |TAMS 0x0000000083d00000, 0x0000000083c00000| Complete 
|  25|0x0000000083d00000, 0x0000000083e00000, 0x0000000083e00000|100%|HS|  |TAMS 0x0000000083e00000, 0x0000000083d00000| Complete 
|  26|0x0000000083e00000, 0x0000000083f00000, 0x0000000083f00000|100%|HC|  |TAMS 0x0000000083f00000, 0x0000000083e00000| Complete 
|  27|0x0000000083f00000, 0x0000000084000000, 0x0000000084000000|100%|HS|  |TAMS 0x0000000084000000, 0x0000000083f00000| Complete 
|  28|0x0000000084000000, 0x0000000084100000, 0x0000000084100000|100%|HC|  |TAMS 0x0000000084100000, 0x0000000084000000| Complete 
|  29|0x0000000084100000, 0x0000000084200000, 0x0000000084200000|100%|HC|  |TAMS 0x0000000084200000, 0x0000000084100000| Complete 
|  30|0x0000000084200000, 0x0000000084300000, 0x0000000084300000|100%|HS|  |TAMS 0x0000000084300000, 0x0000000084200000| Complete 
|  31|0x0000000084300000, 0x0000000084400000, 0x0000000084400000|100%|HS|  |TAMS 0x0000000084400000, 0x0000000084300000| Complete 
|  32|0x0000000084400000, 0x0000000084500000, 0x0000000084500000|100%|HC|  |TAMS 0x0000000084500000, 0x0000000084400000| Complete 
|  33|0x0000000084500000, 0x0000000084600000, 0x0000000084600000|100%|HS|  |TAMS 0x0000000084600000, 0x0000000084500000| Complete 
|  34|0x0000000084600000, 0x0000000084700000, 0x0000000084700000|100%|HS|  |TAMS 0x0000000084700000, 0x0000000084600000| Complete 
|  35|0x0000000084700000, 0x0000000084800000, 0x0000000084800000|100%|HC|  |TAMS 0x0000000084800000, 0x0000000084700000| Complete 
|  36|0x0000000084800000, 0x0000000084900000, 0x0000000084900000|100%|HC|  |TAMS 0x0000000084900000, 0x0000000084800000| Complete 
|  37|0x0000000084900000, 0x0000000084a00000, 0x0000000084a00000|100%|HC|  |TAMS 0x0000000084a00000, 0x0000000084900000| Complete 
|  38|0x0000000084a00000, 0x0000000084b00000, 0x0000000084b00000|100%|HS|  |TAMS 0x0000000084b00000, 0x0000000084a00000| Complete 
|  39|0x0000000084b00000, 0x0000000084c00000, 0x0000000084c00000|100%|HC|  |TAMS 0x0000000084c00000, 0x0000000084b00000| Complete 
|  40|0x0000000084c00000, 0x0000000084d00000, 0x0000000084d00000|100%|HC|  |TAMS 0x0000000084d00000, 0x0000000084c00000| Complete 
|  41|0x0000000084d00000, 0x0000000084e00000, 0x0000000084e00000|100%|HS|  |TAMS 0x0000000084e00000, 0x0000000084d00000| Complete 
|  42|0x0000000084e00000, 0x0000000084f00000, 0x0000000084f00000|100%|HC|  |TAMS 0x0000000084f00000, 0x0000000084e00000| Complete 
|  43|0x0000000084f00000, 0x0000000085000000, 0x0000000085000000|100%|HS|  |TAMS 0x0000000085000000, 0x0000000084f00000| Complete 
|  44|0x0000000085000000, 0x0000000085100000, 0x0000000085100000|100%|HC|  |TAMS 0x0000000085100000, 0x0000000085000000| Complete 
|  45|0x0000000085100000, 0x0000000085200000, 0x0000000085200000|100%|HS|  |TAMS 0x0000000085200000, 0x0000000085100000| Complete 
|  46|0x0000000085200000, 0x0000000085300000, 0x0000000085300000|100%|HS|  |TAMS 0x0000000085300000, 0x0000000085200000| Complete 
|  47|0x0000000085300000, 0x0000000085400000, 0x0000000085400000|100%|HS|  |TAMS 0x0000000085400000, 0x0000000085300000| Complete 
|  48|0x0000000085400000, 0x0000000085500000, 0x0000000085500000|100%|HC|  |TAMS 0x0000000085500000, 0x0000000085400000| Complete 
|  49|0x0000000085500000, 0x0000000085600000, 0x0000000085600000|100%|HS|  |TAMS 0x0000000085600000, 0x0000000085500000| Complete 
|  50|0x0000000085600000, 0x0000000085700000, 0x0000000085700000|100%|HS|  |TAMS 0x0000000085700000, 0x0000000085600000| Complete 
|  51|0x0000000085700000, 0x0000000085800000, 0x0000000085800000|100%|HC|  |TAMS 0x0000000085800000, 0x0000000085700000| Complete 
|  52|0x0000000085800000, 0x0000000085900000, 0x0000000085900000|100%|HC|  |TAMS 0x0000000085900000, 0x0000000085800000| Complete 
|  53|0x0000000085900000, 0x0000000085a00000, 0x0000000085a00000|100%|HC|  |TAMS 0x0000000085a00000, 0x0000000085900000| Complete 
|  54|0x0000000085a00000, 0x0000000085b00000, 0x0000000085b00000|100%|HC|  |TAMS 0x0000000085b00000, 0x0000000085a00000| Complete 
|  55|0x0000000085b00000, 0x0000000085c00000, 0x0000000085c00000|100%| O|  |TAMS 0x0000000085c00000, 0x0000000085b00000| Untracked 
|  56|0x0000000085c00000, 0x0000000085d00000, 0x0000000085d00000|100%| O|  |TAMS 0x0000000085d00000, 0x0000000085c00000| Untracked 
|  57|0x0000000085d00000, 0x0000000085e00000, 0x0000000085e00000|100%| O|  |TAMS 0x0000000085e00000, 0x0000000085d00000| Complete 
|  58|0x0000000085e00000, 0x0000000085f00000, 0x0000000085f00000|100%|HS|  |TAMS 0x0000000085f00000, 0x0000000085e00000| Complete 
|  59|0x0000000085f00000, 0x0000000086000000, 0x0000000086000000|100%|HC|  |TAMS 0x0000000086000000, 0x0000000085f00000| Complete 
|  60|0x0000000086000000, 0x0000000086100000, 0x0000000086100000|100%|HC|  |TAMS 0x0000000086100000, 0x0000000086000000| Complete 
|  61|0x0000000086100000, 0x0000000086200000, 0x0000000086200000|100%|HC|  |TAMS 0x0000000086200000, 0x0000000086100000| Complete 
|  62|0x0000000086200000, 0x0000000086300000, 0x0000000086300000|100%|HC|  |TAMS 0x0000000086300000, 0x0000000086200000| Complete 
|  63|0x0000000086300000, 0x0000000086400000, 0x0000000086400000|100%|HS|  |TAMS 0x0000000086300000, 0x0000000086300000| Complete 
|  64|0x0000000086400000, 0x0000000086500000, 0x0000000086500000|100%| O|  |TAMS 0x0000000086500000, 0x0000000086400000| Untracked 
|  65|0x0000000086500000, 0x0000000086600000, 0x0000000086600000|100%| O|  |TAMS 0x0000000086600000, 0x0000000086500000| Untracked 
|  66|0x0000000086600000, 0x0000000086700000, 0x0000000086700000|100%|HS|  |TAMS 0x0000000086700000, 0x0000000086600000| Complete 
|  67|0x0000000086700000, 0x0000000086800000, 0x0000000086800000|100%|HC|  |TAMS 0x0000000086800000, 0x0000000086700000| Complete 
|  68|0x0000000086800000, 0x0000000086900000, 0x0000000086900000|100%|HC|  |TAMS 0x0000000086900000, 0x0000000086800000| Complete 
|  69|0x0000000086900000, 0x0000000086a00000, 0x0000000086a00000|100%|HC|  |TAMS 0x0000000086a00000, 0x0000000086900000| Complete 
|  70|0x0000000086a00000, 0x0000000086b00000, 0x0000000086b00000|100%|HC|  |TAMS 0x0000000086b00000, 0x0000000086a00000| Complete 
|  71|0x0000000086b00000, 0x0000000086c00000, 0x0000000086c00000|100%|HS|  |TAMS 0x0000000086c00000, 0x0000000086b00000| Complete 
|  72|0x0000000086c00000, 0x0000000086d00000, 0x0000000086d00000|100%|HS|  |TAMS 0x0000000086d00000, 0x0000000086c00000| Complete 
|  73|0x0000000086d00000, 0x0000000086e00000, 0x0000000086e00000|100%|HS|  |TAMS 0x0000000086e00000, 0x0000000086d00000| Complete 
|  74|0x0000000086e00000, 0x0000000086f00000, 0x0000000086f00000|100%|HC|  |TAMS 0x0000000086f00000, 0x0000000086e00000| Complete 
|  75|0x0000000086f00000, 0x0000000087000000, 0x0000000087000000|100%|HS|  |TAMS 0x0000000087000000, 0x0000000086f00000| Complete 
|  76|0x0000000087000000, 0x0000000087100000, 0x0000000087100000|100%|HC|  |TAMS 0x0000000087100000, 0x0000000087000000| Complete 
|  77|0x0000000087100000, 0x0000000087200000, 0x0000000087200000|100%|HS|  |TAMS 0x0000000087200000, 0x0000000087100000| Complete 
|  78|0x0000000087200000, 0x0000000087300000, 0x0000000087300000|100%|HS|  |TAMS 0x0000000087300000, 0x0000000087200000| Complete 
|  79|0x0000000087300000, 0x0000000087400000, 0x0000000087400000|100%|HC|  |TAMS 0x0000000087400000, 0x0000000087300000| Complete 
|  80|0x0000000087400000, 0x0000000087500000, 0x0000000087500000|100%|HS|  |TAMS 0x0000000087500000, 0x0000000087400000| Complete 
|  81|0x0000000087500000, 0x0000000087600000, 0x0000000087600000|100%|HC|  |TAMS 0x0000000087600000, 0x0000000087500000| Complete 
|  82|0x0000000087600000, 0x0000000087700000, 0x0000000087700000|100%|HC|  |TAMS 0x0000000087700000, 0x0000000087600000| Complete 
|  83|0x0000000087700000, 0x0000000087800000, 0x0000000087800000|100%|HC|  |TAMS 0x0000000087800000, 0x0000000087700000| Complete 
|  84|0x0000000087800000, 0x0000000087900000, 0x0000000087900000|100%|HC|  |TAMS 0x0000000087900000, 0x0000000087800000| Complete 
|  85|0x0000000087900000, 0x0000000087a00000, 0x0000000087a00000|100%|HC|  |TAMS 0x0000000087a00000, 0x0000000087900000| Complete 
|  86|0x0000000087a00000, 0x0000000087b00000, 0x0000000087b00000|100%| O|  |TAMS 0x0000000087b00000, 0x0000000087a00000| Untracked 
|  87|0x0000000087b00000, 0x0000000087c00000, 0x0000000087c00000|100%| O|  |TAMS 0x0000000087c00000, 0x0000000087b00000| Untracked 
|  88|0x0000000087c00000, 0x0000000087d00000, 0x0000000087d00000|100%| O|  |TAMS 0x0000000087d00000, 0x0000000087c00000| Untracked 
|  89|0x0000000087d00000, 0x0000000087dae400, 0x0000000087e00000| 68%| O|  |TAMS 0x0000000087dae400, 0x0000000087d00000| Untracked 
|  90|0x0000000087e00000, 0x0000000087f00000, 0x0000000087f00000|100%|HS|  |TAMS 0x0000000087e00000, 0x0000000087e00000| Complete 
|  91|0x0000000087f00000, 0x0000000088000000, 0x0000000088000000|100%|HC|  |TAMS 0x0000000087f00000, 0x0000000087f00000| Complete 
|  92|0x0000000088000000, 0x0000000088100000, 0x0000000088100000|100%|HS|  |TAMS 0x0000000088000000, 0x0000000088000000| Complete 
|  93|0x0000000088100000, 0x0000000088200000, 0x0000000088200000|100%|HC|  |TAMS 0x0000000088100000, 0x0000000088100000| Complete 
|  94|0x0000000088200000, 0x0000000088300000, 0x0000000088300000|100%|HC|  |TAMS 0x0000000088200000, 0x0000000088200000| Complete 
|  95|0x0000000088300000, 0x0000000088400000, 0x0000000088400000|100%|HC|  |TAMS 0x0000000088300000, 0x0000000088300000| Complete 
|  96|0x0000000088400000, 0x0000000088500000, 0x0000000088500000|100%|HC|  |TAMS 0x0000000088400000, 0x0000000088400000| Complete 
|  97|0x0000000088500000, 0x0000000088600000, 0x0000000088600000|100%|HC|  |TAMS 0x0000000088500000, 0x0000000088500000| Complete 
|  98|0x0000000088600000, 0x0000000088700000, 0x0000000088700000|100%|HS|  |TAMS 0x0000000088600000, 0x0000000088600000| Complete 
|  99|0x0000000088700000, 0x0000000088800000, 0x0000000088800000|100%|HC|  |TAMS 0x0000000088700000, 0x0000000088700000| Complete 
| 100|0x0000000088800000, 0x0000000088900000, 0x0000000088900000|100%|HC|  |TAMS 0x0000000088800000, 0x0000000088800000| Complete 
| 101|0x0000000088900000, 0x0000000088a00000, 0x0000000088a00000|100%|HC|  |TAMS 0x0000000088900000, 0x0000000088900000| Complete 
| 102|0x0000000088a00000, 0x0000000088b00000, 0x0000000088b00000|100%|HC|  |TAMS 0x0000000088a00000, 0x0000000088a00000| Complete 
| 103|0x0000000088b00000, 0x0000000088c00000, 0x0000000088c00000|100%|HC|  |TAMS 0x0000000088b00000, 0x0000000088b00000| Complete 
| 104|0x0000000088c00000, 0x0000000088d00000, 0x0000000088d00000|100%|HS|  |TAMS 0x0000000088c00000, 0x0000000088c00000| Complete 
| 105|0x0000000088d00000, 0x0000000088e00000, 0x0000000088e00000|100%|HC|  |TAMS 0x0000000088d00000, 0x0000000088d00000| Complete 
| 106|0x0000000088e00000, 0x0000000088f00000, 0x0000000088f00000|100%|HS|  |TAMS 0x0000000088e00000, 0x0000000088e00000| Complete 
| 107|0x0000000088f00000, 0x0000000089000000, 0x0000000089000000|100%|HC|  |TAMS 0x0000000088f00000, 0x0000000088f00000| Complete 
| 108|0x0000000089000000, 0x0000000089100000, 0x0000000089100000|100%|HC|  |TAMS 0x0000000089000000, 0x0000000089000000| Complete 
| 109|0x0000000089100000, 0x0000000089200000, 0x0000000089200000|100%|HC|  |TAMS 0x0000000089100000, 0x0000000089100000| Complete 
| 110|0x0000000089200000, 0x0000000089300000, 0x0000000089300000|100%|HC|  |TAMS 0x0000000089200000, 0x0000000089200000| Complete 
| 111|0x0000000089300000, 0x0000000089400000, 0x0000000089400000|100%|HC|  |TAMS 0x0000000089300000, 0x0000000089300000| Complete 
| 112|0x0000000089400000, 0x0000000089500000, 0x0000000089500000|100%|HS|  |TAMS 0x0000000089400000, 0x0000000089400000| Complete 
| 113|0x0000000089500000, 0x0000000089600000, 0x0000000089600000|100%|HC|  |TAMS 0x0000000089500000, 0x0000000089500000| Complete 
| 114|0x0000000089600000, 0x0000000089700000, 0x0000000089700000|100%|HC|  |TAMS 0x0000000089600000, 0x0000000089600000| Complete 
| 115|0x0000000089700000, 0x0000000089800000, 0x0000000089800000|100%|HC|  |TAMS 0x0000000089700000, 0x0000000089700000| Complete 
| 116|0x0000000089800000, 0x0000000089900000, 0x0000000089900000|100%|HC|  |TAMS 0x0000000089800000, 0x0000000089800000| Complete 
| 117|0x0000000089900000, 0x0000000089a00000, 0x0000000089a00000|100%|HC|  |TAMS 0x0000000089900000, 0x0000000089900000| Complete 
| 118|0x0000000089a00000, 0x0000000089b00000, 0x0000000089b00000|100%|HS|  |TAMS 0x0000000089a00000, 0x0000000089a00000| Complete 
| 119|0x0000000089b00000, 0x0000000089c00000, 0x0000000089c00000|100%|HC|  |TAMS 0x0000000089b00000, 0x0000000089b00000| Complete 
| 120|0x0000000089c00000, 0x0000000089d00000, 0x0000000089d00000|100%|HC|  |TAMS 0x0000000089c00000, 0x0000000089c00000| Complete 
| 121|0x0000000089d00000, 0x0000000089e00000, 0x0000000089e00000|100%|HS|  |TAMS 0x0000000089d00000, 0x0000000089d00000| Complete 
| 122|0x0000000089e00000, 0x0000000089e70d20, 0x0000000089f00000| 44%| S|CS|TAMS 0x0000000089e00000, 0x0000000089e00000| Complete 
| 123|0x0000000089f00000, 0x000000008a000000, 0x000000008a000000|100%|HS|  |TAMS 0x0000000089f00000, 0x0000000089f00000| Complete 
| 124|0x000000008a000000, 0x000000008a100000, 0x000000008a100000|100%|HC|  |TAMS 0x000000008a000000, 0x000000008a000000| Complete 
| 125|0x000000008a100000, 0x000000008a200000, 0x000000008a200000|100%|HC|  |TAMS 0x000000008a100000, 0x000000008a100000| Complete 
| 126|0x000000008a200000, 0x000000008a300000, 0x000000008a300000|100%|HC|  |TAMS 0x000000008a200000, 0x000000008a200000| Complete 
| 127|0x000000008a300000, 0x000000008a400000, 0x000000008a400000|100%|HC|  |TAMS 0x000000008a300000, 0x000000008a300000| Complete 
| 128|0x000000008a400000, 0x000000008a500000, 0x000000008a500000|100%|HC|  |TAMS 0x000000008a400000, 0x000000008a400000| Complete 
| 129|0x000000008a500000, 0x000000008a600000, 0x000000008a600000|100%|HS|  |TAMS 0x000000008a500000, 0x000000008a500000| Complete 
| 130|0x000000008a600000, 0x000000008a700000, 0x000000008a700000|100%|HC|  |TAMS 0x000000008a600000, 0x000000008a600000| Complete 
| 131|0x000000008a700000, 0x000000008a800000, 0x000000008a800000|100%|HS|  |TAMS 0x000000008a700000, 0x000000008a700000| Complete 
| 132|0x000000008a800000, 0x000000008a900000, 0x000000008a900000|100%|HC|  |TAMS 0x000000008a800000, 0x000000008a800000| Complete 
| 133|0x000000008a900000, 0x000000008aa00000, 0x000000008aa00000|100%|HS|  |TAMS 0x000000008a900000, 0x000000008a900000| Complete 
| 134|0x000000008aa00000, 0x000000008ab00000, 0x000000008ab00000|100%|HC|  |TAMS 0x000000008aa00000, 0x000000008aa00000| Complete 
| 135|0x000000008ab00000, 0x000000008ac00000, 0x000000008ac00000|100%|HC|  |TAMS 0x000000008ab00000, 0x000000008ab00000| Complete 
| 136|0x000000008ac00000, 0x000000008ac00000, 0x000000008ad00000|  0%| F|  |TAMS 0x000000008ac00000, 0x000000008ac00000| Untracked 
| 137|0x000000008ad00000, 0x000000008ad00000, 0x000000008ae00000|  0%| F|  |TAMS 0x000000008ad00000, 0x000000008ad00000| Untracked 
| 138|0x000000008ae00000, 0x000000008ae00000, 0x000000008af00000|  0%| F|  |TAMS 0x000000008ae00000, 0x000000008ae00000| Untracked 
| 139|0x000000008af00000, 0x000000008af00000, 0x000000008b000000|  0%| F|  |TAMS 0x000000008af00000, 0x000000008af00000| Untracked 
| 140|0x000000008b000000, 0x000000008b000000, 0x000000008b100000|  0%| F|  |TAMS 0x000000008b000000, 0x000000008b000000| Untracked 
| 141|0x000000008b100000, 0x000000008b100000, 0x000000008b200000|  0%| F|  |TAMS 0x000000008b100000, 0x000000008b100000| Untracked 
| 142|0x000000008b200000, 0x000000008b200000, 0x000000008b300000|  0%| F|  |TAMS 0x000000008b200000, 0x000000008b200000| Untracked 
| 143|0x000000008b300000, 0x000000008b300000, 0x000000008b400000|  0%| F|  |TAMS 0x000000008b300000, 0x000000008b300000| Untracked 
| 144|0x000000008b400000, 0x000000008b400000, 0x000000008b500000|  0%| F|  |TAMS 0x000000008b400000, 0x000000008b400000| Untracked 
| 145|0x000000008b500000, 0x000000008b500000, 0x000000008b600000|  0%| F|  |TAMS 0x000000008b500000, 0x000000008b500000| Untracked 
| 146|0x000000008b600000, 0x000000008b600000, 0x000000008b700000|  0%| F|  |TAMS 0x000000008b600000, 0x000000008b600000| Untracked 
| 147|0x000000008b700000, 0x000000008b700000, 0x000000008b800000|  0%| F|  |TAMS 0x000000008b700000, 0x000000008b700000| Untracked 
| 148|0x000000008b800000, 0x000000008b800000, 0x000000008b900000|  0%| F|  |TAMS 0x000000008b800000, 0x000000008b800000| Untracked 
| 149|0x000000008b900000, 0x000000008b900000, 0x000000008ba00000|  0%| F|  |TAMS 0x000000008b900000, 0x000000008b900000| Untracked 
| 150|0x000000008ba00000, 0x000000008ba00000, 0x000000008bb00000|  0%| F|  |TAMS 0x000000008ba00000, 0x000000008ba00000| Untracked 
| 151|0x000000008bb00000, 0x000000008bb00000, 0x000000008bc00000|  0%| F|  |TAMS 0x000000008bb00000, 0x000000008bb00000| Untracked 
| 152|0x000000008bc00000, 0x000000008bc00000, 0x000000008bd00000|  0%| F|  |TAMS 0x000000008bc00000, 0x000000008bc00000| Untracked 
| 153|0x000000008bd00000, 0x000000008bd00000, 0x000000008be00000|  0%| F|  |TAMS 0x000000008bd00000, 0x000000008bd00000| Untracked 
| 154|0x000000008be00000, 0x000000008be00000, 0x000000008bf00000|  0%| F|  |TAMS 0x000000008be00000, 0x000000008be00000| Untracked 
| 155|0x000000008bf00000, 0x000000008bf00000, 0x000000008c000000|  0%| F|  |TAMS 0x000000008bf00000, 0x000000008bf00000| Untracked 
| 156|0x000000008c000000, 0x000000008c000000, 0x000000008c100000|  0%| F|  |TAMS 0x000000008c000000, 0x000000008c000000| Untracked 
| 157|0x000000008c100000, 0x000000008c100000, 0x000000008c200000|  0%| F|  |TAMS 0x000000008c100000, 0x000000008c100000| Untracked 
| 158|0x000000008c200000, 0x000000008c200000, 0x000000008c300000|  0%| F|  |TAMS 0x000000008c200000, 0x000000008c200000| Untracked 
| 159|0x000000008c300000, 0x000000008c300000, 0x000000008c400000|  0%| F|  |TAMS 0x000000008c300000, 0x000000008c300000| Untracked 
| 160|0x000000008c400000, 0x000000008c400000, 0x000000008c500000|  0%| F|  |TAMS 0x000000008c400000, 0x000000008c400000| Untracked 
| 161|0x000000008c500000, 0x000000008c500000, 0x000000008c600000|  0%| F|  |TAMS 0x000000008c500000, 0x000000008c500000| Untracked 
| 162|0x000000008c600000, 0x000000008c600000, 0x000000008c700000|  0%| F|  |TAMS 0x000000008c600000, 0x000000008c600000| Untracked 
| 163|0x000000008c700000, 0x000000008c700000, 0x000000008c800000|  0%| F|  |TAMS 0x000000008c700000, 0x000000008c700000| Untracked 
| 164|0x000000008c800000, 0x000000008c800000, 0x000000008c900000|  0%| F|  |TAMS 0x000000008c800000, 0x000000008c800000| Untracked 
| 165|0x000000008c900000, 0x000000008c900000, 0x000000008ca00000|  0%| F|  |TAMS 0x000000008c900000, 0x000000008c900000| Untracked 
| 166|0x000000008ca00000, 0x000000008ca00000, 0x000000008cb00000|  0%| F|  |TAMS 0x000000008ca00000, 0x000000008ca00000| Untracked 
| 167|0x000000008cb00000, 0x000000008cb00000, 0x000000008cc00000|  0%| F|  |TAMS 0x000000008cb00000, 0x000000008cb00000| Untracked 
| 168|0x000000008cc00000, 0x000000008cc00000, 0x000000008cd00000|  0%| F|  |TAMS 0x000000008cc00000, 0x000000008cc00000| Untracked 
| 169|0x000000008cd00000, 0x000000008cd00000, 0x000000008ce00000|  0%| F|  |TAMS 0x000000008cd00000, 0x000000008cd00000| Untracked 
| 170|0x000000008ce00000, 0x000000008ce00000, 0x000000008cf00000|  0%| F|  |TAMS 0x000000008ce00000, 0x000000008ce00000| Untracked 
| 171|0x000000008cf00000, 0x000000008cf00000, 0x000000008d000000|  0%| F|  |TAMS 0x000000008cf00000, 0x000000008cf00000| Untracked 
| 172|0x000000008d000000, 0x000000008d000000, 0x000000008d100000|  0%| F|  |TAMS 0x000000008d000000, 0x000000008d000000| Untracked 
| 173|0x000000008d100000, 0x000000008d100000, 0x000000008d200000|  0%| F|  |TAMS 0x000000008d100000, 0x000000008d100000| Untracked 
| 174|0x000000008d200000, 0x000000008d200000, 0x000000008d300000|  0%| F|  |TAMS 0x000000008d200000, 0x000000008d200000| Untracked 
| 175|0x000000008d300000, 0x000000008d300000, 0x000000008d400000|  0%| F|  |TAMS 0x000000008d300000, 0x000000008d300000| Untracked 
| 176|0x000000008d400000, 0x000000008d400000, 0x000000008d500000|  0%| F|  |TAMS 0x000000008d400000, 0x000000008d400000| Untracked 
| 177|0x000000008d500000, 0x000000008d500000, 0x000000008d600000|  0%| F|  |TAMS 0x000000008d500000, 0x000000008d500000| Untracked 
| 178|0x000000008d600000, 0x000000008d600000, 0x000000008d700000|  0%| F|  |TAMS 0x000000008d600000, 0x000000008d600000| Untracked 
| 179|0x000000008d700000, 0x000000008d700000, 0x000000008d800000|  0%| F|  |TAMS 0x000000008d700000, 0x000000008d700000| Untracked 
| 180|0x000000008d800000, 0x000000008d800000, 0x000000008d900000|  0%| F|  |TAMS 0x000000008d800000, 0x000000008d800000| Untracked 
| 181|0x000000008d900000, 0x000000008d900000, 0x000000008da00000|  0%| F|  |TAMS 0x000000008d900000, 0x000000008d900000| Untracked 
| 182|0x000000008da00000, 0x000000008da00000, 0x000000008db00000|  0%| F|  |TAMS 0x000000008da00000, 0x000000008da00000| Untracked 
| 183|0x000000008db00000, 0x000000008db00000, 0x000000008dc00000|  0%| F|  |TAMS 0x000000008db00000, 0x000000008db00000| Untracked 
| 184|0x000000008dc00000, 0x000000008dc00000, 0x000000008dd00000|  0%| F|  |TAMS 0x000000008dc00000, 0x000000008dc00000| Untracked 
| 185|0x000000008dd00000, 0x000000008dd00000, 0x000000008de00000|  0%| F|  |TAMS 0x000000008dd00000, 0x000000008dd00000| Untracked 
| 186|0x000000008de00000, 0x000000008de00000, 0x000000008df00000|  0%| F|  |TAMS 0x000000008de00000, 0x000000008de00000| Untracked 
| 187|0x000000008df00000, 0x000000008df00000, 0x000000008e000000|  0%| F|  |TAMS 0x000000008df00000, 0x000000008df00000| Untracked 
| 188|0x000000008e000000, 0x000000008e000000, 0x000000008e100000|  0%| F|  |TAMS 0x000000008e000000, 0x000000008e000000| Untracked 
| 189|0x000000008e100000, 0x000000008e100000, 0x000000008e200000|  0%| F|  |TAMS 0x000000008e100000, 0x000000008e100000| Untracked 
| 190|0x000000008e200000, 0x000000008e200000, 0x000000008e300000|  0%| F|  |TAMS 0x000000008e200000, 0x000000008e200000| Untracked 
| 191|0x000000008e300000, 0x000000008e300000, 0x000000008e400000|  0%| F|  |TAMS 0x000000008e300000, 0x000000008e300000| Untracked 
| 192|0x000000008e400000, 0x000000008e400000, 0x000000008e500000|  0%| F|  |TAMS 0x000000008e400000, 0x000000008e400000| Untracked 
| 193|0x000000008e500000, 0x000000008e500000, 0x000000008e600000|  0%| F|  |TAMS 0x000000008e500000, 0x000000008e500000| Untracked 
| 194|0x000000008e600000, 0x000000008e600000, 0x000000008e700000|  0%| F|  |TAMS 0x000000008e600000, 0x000000008e600000| Untracked 
| 195|0x000000008e700000, 0x000000008e700000, 0x000000008e800000|  0%| F|  |TAMS 0x000000008e700000, 0x000000008e700000| Untracked 
| 196|0x000000008e800000, 0x000000008e800000, 0x000000008e900000|  0%| F|  |TAMS 0x000000008e800000, 0x000000008e800000| Untracked 
| 197|0x000000008e900000, 0x000000008e900000, 0x000000008ea00000|  0%| F|  |TAMS 0x000000008e900000, 0x000000008e900000| Untracked 
| 198|0x000000008ea00000, 0x000000008ea00000, 0x000000008eb00000|  0%| F|  |TAMS 0x000000008ea00000, 0x000000008ea00000| Untracked 
| 199|0x000000008eb00000, 0x000000008eb00000, 0x000000008ec00000|  0%| F|  |TAMS 0x000000008eb00000, 0x000000008eb00000| Untracked 
| 200|0x000000008ec00000, 0x000000008ec00000, 0x000000008ed00000|  0%| F|  |TAMS 0x000000008ec00000, 0x000000008ec00000| Untracked 
| 201|0x000000008ed00000, 0x000000008ed00000, 0x000000008ee00000|  0%| F|  |TAMS 0x000000008ed00000, 0x000000008ed00000| Untracked 
| 202|0x000000008ee00000, 0x000000008ee00000, 0x000000008ef00000|  0%| F|  |TAMS 0x000000008ee00000, 0x000000008ee00000| Untracked 
| 203|0x000000008ef00000, 0x000000008ef00000, 0x000000008f000000|  0%| F|  |TAMS 0x000000008ef00000, 0x000000008ef00000| Untracked 
| 204|0x000000008f000000, 0x000000008f000000, 0x000000008f100000|  0%| F|  |TAMS 0x000000008f000000, 0x000000008f000000| Untracked 
| 205|0x000000008f100000, 0x000000008f100000, 0x000000008f200000|  0%| F|  |TAMS 0x000000008f100000, 0x000000008f100000| Untracked 
| 206|0x000000008f200000, 0x000000008f200000, 0x000000008f300000|  0%| F|  |TAMS 0x000000008f200000, 0x000000008f200000| Untracked 
| 207|0x000000008f300000, 0x000000008f300000, 0x000000008f400000|  0%| F|  |TAMS 0x000000008f300000, 0x000000008f300000| Untracked 
| 208|0x000000008f400000, 0x000000008f400000, 0x000000008f500000|  0%| F|  |TAMS 0x000000008f400000, 0x000000008f400000| Untracked 
| 209|0x000000008f500000, 0x000000008f500000, 0x000000008f600000|  0%| F|  |TAMS 0x000000008f500000, 0x000000008f500000| Untracked 
| 210|0x000000008f600000, 0x000000008f600000, 0x000000008f700000|  0%| F|  |TAMS 0x000000008f600000, 0x000000008f600000| Untracked 
| 211|0x000000008f700000, 0x000000008f700000, 0x000000008f800000|  0%| F|  |TAMS 0x000000008f700000, 0x000000008f700000| Untracked 
| 212|0x000000008f800000, 0x000000008f800000, 0x000000008f900000|  0%| F|  |TAMS 0x000000008f800000, 0x000000008f800000| Untracked 
| 213|0x000000008f900000, 0x000000008f900000, 0x000000008fa00000|  0%| F|  |TAMS 0x000000008f900000, 0x000000008f900000| Untracked 
| 214|0x000000008fa00000, 0x000000008fa00000, 0x000000008fb00000|  0%| F|  |TAMS 0x000000008fa00000, 0x000000008fa00000| Untracked 
| 215|0x000000008fb00000, 0x000000008fb00000, 0x000000008fc00000|  0%| F|  |TAMS 0x000000008fb00000, 0x000000008fb00000| Untracked 
| 216|0x000000008fc00000, 0x000000008fc00000, 0x000000008fd00000|  0%| F|  |TAMS 0x000000008fc00000, 0x000000008fc00000| Untracked 
| 217|0x000000008fd00000, 0x000000008fd00000, 0x000000008fe00000|  0%| F|  |TAMS 0x000000008fd00000, 0x000000008fd00000| Untracked 
| 218|0x000000008fe00000, 0x000000008fe00000, 0x000000008ff00000|  0%| F|  |TAMS 0x000000008fe00000, 0x000000008fe00000| Untracked 
| 219|0x000000008ff00000, 0x000000008ff00000, 0x0000000090000000|  0%| F|  |TAMS 0x000000008ff00000, 0x000000008ff00000| Untracked 
| 220|0x0000000090000000, 0x0000000090000000, 0x0000000090100000|  0%| F|  |TAMS 0x0000000090000000, 0x0000000090000000| Untracked 
| 221|0x0000000090100000, 0x0000000090100000, 0x0000000090200000|  0%| F|  |TAMS 0x0000000090100000, 0x0000000090100000| Untracked 
| 222|0x0000000090200000, 0x0000000090200000, 0x0000000090300000|  0%| F|  |TAMS 0x0000000090200000, 0x0000000090200000| Untracked 
| 223|0x0000000090300000, 0x0000000090300000, 0x0000000090400000|  0%| F|  |TAMS 0x0000000090300000, 0x0000000090300000| Untracked 
| 224|0x0000000090400000, 0x0000000090400000, 0x0000000090500000|  0%| F|  |TAMS 0x0000000090400000, 0x0000000090400000| Untracked 
| 225|0x0000000090500000, 0x0000000090500000, 0x0000000090600000|  0%| F|  |TAMS 0x0000000090500000, 0x0000000090500000| Untracked 
| 226|0x0000000090600000, 0x0000000090600000, 0x0000000090700000|  0%| F|  |TAMS 0x0000000090600000, 0x0000000090600000| Untracked 
| 227|0x0000000090700000, 0x0000000090700000, 0x0000000090800000|  0%| F|  |TAMS 0x0000000090700000, 0x0000000090700000| Untracked 
| 228|0x0000000090800000, 0x0000000090900000, 0x0000000090900000|100%| E|  |TAMS 0x0000000090800000, 0x0000000090800000| Complete 
| 229|0x0000000090900000, 0x0000000090a00000, 0x0000000090a00000|100%| E|CS|TAMS 0x0000000090900000, 0x0000000090900000| Complete 
| 230|0x0000000090a00000, 0x0000000090b00000, 0x0000000090b00000|100%| E|CS|TAMS 0x0000000090a00000, 0x0000000090a00000| Complete 
| 231|0x0000000090b00000, 0x0000000090c00000, 0x0000000090c00000|100%| E|  |TAMS 0x0000000090b00000, 0x0000000090b00000| Complete 
| 232|0x0000000090c00000, 0x0000000090d00000, 0x0000000090d00000|100%| E|CS|TAMS 0x0000000090c00000, 0x0000000090c00000| Complete 
| 233|0x0000000090d00000, 0x0000000090e00000, 0x0000000090e00000|100%| E|CS|TAMS 0x0000000090d00000, 0x0000000090d00000| Complete 
| 234|0x0000000090e00000, 0x0000000090f00000, 0x0000000090f00000|100%| E|CS|TAMS 0x0000000090e00000, 0x0000000090e00000| Complete 
| 235|0x0000000090f00000, 0x0000000091000000, 0x0000000091000000|100%| E|CS|TAMS 0x0000000090f00000, 0x0000000090f00000| Complete 
| 236|0x0000000091000000, 0x0000000091100000, 0x0000000091100000|100%| E|CS|TAMS 0x0000000091000000, 0x0000000091000000| Complete 
| 237|0x0000000091100000, 0x0000000091200000, 0x0000000091200000|100%| E|CS|TAMS 0x0000000091100000, 0x0000000091100000| Complete 
| 238|0x0000000091200000, 0x0000000091300000, 0x0000000091300000|100%| E|CS|TAMS 0x0000000091200000, 0x0000000091200000| Complete 
| 239|0x0000000091300000, 0x0000000091400000, 0x0000000091400000|100%| E|CS|TAMS 0x0000000091300000, 0x0000000091300000| Complete 
| 240|0x0000000091400000, 0x0000000091500000, 0x0000000091500000|100%| E|CS|TAMS 0x0000000091400000, 0x0000000091400000| Complete 
| 241|0x0000000091500000, 0x0000000091600000, 0x0000000091600000|100%| E|CS|TAMS 0x0000000091500000, 0x0000000091500000| Complete 
| 242|0x0000000091600000, 0x0000000091700000, 0x0000000091700000|100%| E|CS|TAMS 0x0000000091600000, 0x0000000091600000| Complete 
| 243|0x0000000091700000, 0x0000000091800000, 0x0000000091800000|100%| E|CS|TAMS 0x0000000091700000, 0x0000000091700000| Complete 
| 244|0x0000000091800000, 0x0000000091900000, 0x0000000091900000|100%| E|CS|TAMS 0x0000000091800000, 0x0000000091800000| Complete 
| 245|0x0000000091900000, 0x0000000091a00000, 0x0000000091a00000|100%| E|CS|TAMS 0x0000000091900000, 0x0000000091900000| Complete 
| 246|0x0000000091a00000, 0x0000000091b00000, 0x0000000091b00000|100%| E|CS|TAMS 0x0000000091a00000, 0x0000000091a00000| Complete 
| 247|0x0000000091b00000, 0x0000000091c00000, 0x0000000091c00000|100%| E|CS|TAMS 0x0000000091b00000, 0x0000000091b00000| Complete 
| 248|0x0000000091c00000, 0x0000000091d00000, 0x0000000091d00000|100%| E|CS|TAMS 0x0000000091c00000, 0x0000000091c00000| Complete 
| 249|0x0000000091d00000, 0x0000000091e00000, 0x0000000091e00000|100%| E|CS|TAMS 0x0000000091d00000, 0x0000000091d00000| Complete 

Card table byte_map: [0x0000023b73420000,0x0000023b73810000] _byte_map_base: 0x0000023b7300e000

Marking Bits (Prev, Next): (CMBitMap*) 0x0000023b60681eb0, (CMBitMap*) 0x0000023b60681ef0
 Prev Bits: [0x0000023b73c00000, 0x0000023b75b70000)
 Next Bits: [0x0000023b75b70000, 0x0000023b77ae0000)

Polling page: 0x0000023b5e450000

Metaspace:

Usage:
  Non-class:     24.06 MB used.
      Class:      3.36 MB used.
       Both:     27.41 MB used.

Virtual space:
  Non-class space:       32.00 MB reserved,      24.19 MB ( 76%) committed,  4 nodes.
      Class space:        1.00 GB reserved,       3.50 MB ( <1%) committed,  1 nodes.
             Both:        1.03 GB reserved,      27.69 MB (  3%) committed. 

Chunk freelists:
   Non-Class:  3.61 MB
       Class:  428.00 KB
        Both:  4.03 MB

MaxMetaspaceSize: unlimited
CompressedClassSpaceSize: 1.00 GB
Initial GC threshold: 21.00 MB
Current GC threshold: 39.31 MB
CDS: off
MetaspaceReclaimPolicy: balanced
 - commit_granule_bytes: 65536.
 - commit_granule_words: 8192.
 - virtual_space_node_default_size: 1048576.
 - enlarge_chunks_in_place: 1.
 - new_chunks_are_fully_committed: 0.
 - uncommit_free_chunks: 1.
 - use_allocation_guard: 0.
 - handle_deallocations: 1.


Internal statistics:

num_allocs_failed_limit: 9.
num_arena_births: 264.
num_arena_deaths: 0.
num_vsnodes_births: 5.
num_vsnodes_deaths: 0.
num_space_committed: 443.
num_space_uncommitted: 0.
num_chunks_returned_to_freelist: 9.
num_chunks_taken_from_freelist: 848.
num_chunk_merges: 6.
num_chunk_splits: 545.
num_chunks_enlarged: 384.
num_purges: 0.
num_inconsistent_stats: 0.

CodeHeap 'non-profiled nmethods': size=120000Kb used=1393Kb max_used=1393Kb free=118606Kb
 bounds [0x0000023b6b7d0000, 0x0000023b6ba40000, 0x0000023b72d00000]
CodeHeap 'profiled nmethods': size=120000Kb used=5951Kb max_used=5951Kb free=114048Kb
 bounds [0x0000023b642a0000, 0x0000023b64870000, 0x0000023b6b7d0000]
CodeHeap 'non-nmethods': size=5760Kb used=1493Kb max_used=1583Kb free=4266Kb
 bounds [0x0000023b63d00000, 0x0000023b63f70000, 0x0000023b642a0000]
 total_blobs=4007 nmethods=3130 adapters=788
 compilation: enabled
              stopped_count=0, restarted_count=0
 full_count=0

Compilation events (20 events):
Event: 6.577 Thread 0x0000023b7b01a580 3132       3       com.sun.prism.impl.ps.BaseShaderContext::updatePaintShader (165 bytes)
Event: 6.578 Thread 0x0000023b7b01a580 nmethod 3132 0x0000023b6486ac90 code [0x0000023b6486aee0, 0x0000023b6486b7e8]
Event: 6.578 Thread 0x0000023b7b01a580 3133       3       com.sun.javafx.sg.prism.NGRegion::getPlatformPaint (13 bytes)
Event: 6.578 Thread 0x0000023b7b01a580 nmethod 3133 0x0000023b6486ba10 code [0x0000023b6486bbe0, 0x0000023b6486bf88]
Event: 6.578 Thread 0x0000023b7b01a580 3134       3       java.lang.Math::abs (14 bytes)
Event: 6.579 Thread 0x0000023b7b01a580 nmethod 3134 0x0000023b6486c110 code [0x0000023b6486c2a0, 0x0000023b6486c418]
Event: 6.579 Thread 0x0000023b7b01a580 3135       3       com.sun.prism.impl.ps.BaseShaderContext::getStockShaderIndex (57 bytes)
Event: 6.579 Thread 0x0000023b7b01a580 nmethod 3135 0x0000023b6486c490 code [0x0000023b6486c640, 0x0000023b6486c9f8]
Event: 6.579 Thread 0x0000023b7b01a580 3136       3       com.sun.prism.impl.GlyphCache::render (326 bytes)
Event: 6.582 Thread 0x0000023b7b01a580 nmethod 3136 0x0000023b6486cb10 code [0x0000023b6486ce40, 0x0000023b6486e428]
Event: 6.582 Thread 0x0000023b7b01a580 3137       3       com.sun.javafx.font.CompositeStrike::getQuantizedPosition (12 bytes)
Event: 6.582 Thread 0x0000023b7b01a580 nmethod 3137 0x0000023b6486ed90 code [0x0000023b6486ef40, 0x0000023b6486f158]
Event: 6.582 Thread 0x0000023b7b01a580 3138       3       com.sun.javafx.font.directwrite.DWFontStrike::getQuantizedPosition (151 bytes)
Event: 6.583 Thread 0x0000023b7b01a580 nmethod 3138 0x0000023b6486f290 code [0x0000023b6486f480, 0x0000023b6486f898]
Event: 6.583 Thread 0x0000023b7b01a580 3140       3       java.nio.Buffer::clear (20 bytes)
Event: 6.583 Thread 0x0000023b7b01a580 nmethod 3140 0x0000023b6486f990 code [0x0000023b6486fb20, 0x0000023b6486fc38]
Event: 6.601 Thread 0x0000023b7b018b80 nmethod 3125 0x0000023b6b92a910 code [0x0000023b6b92aaa0, 0x0000023b6b92b398]
Event: 6.601 Thread 0x0000023b7b018b80 3127       4       com.sun.javafx.geom.transform.AffineBase::transform (19 bytes)
Event: 6.602 Thread 0x0000023b7b018b80 nmethod 3127 0x0000023b6b92b810 code [0x0000023b6b92b9a0, 0x0000023b6b92ba48]
Event: 6.602 Thread 0x0000023b7b018b80 3141       4       com.sun.javafx.geom.RectBounds::isEmpty (30 bytes)

GC Heap History (12 events):
Event: 1.861 GC heap before
{Heap before GC invocations=0 (full 0):
 garbage-first heap   total 129024K, used 75776K [0x0000000082400000, 0x0000000100000000)
  region size 1024K, 21 young (21504K), 0 survivors (0K)
 Metaspace       used 13754K, committed 13952K, reserved 1064960K
  class space    used 1429K, committed 1536K, reserved 1048576K
}
Event: 1.867 GC heap after
{Heap after GC invocations=1 (full 0):
 garbage-first heap   total 129024K, used 61547K [0x0000000082400000, 0x0000000100000000)
  region size 1024K, 3 young (3072K), 3 survivors (3072K)
 Metaspace       used 13754K, committed 13952K, reserved 1064960K
  class space    used 1429K, committed 1536K, reserved 1048576K
}
Event: 1.942 GC heap before
{Heap before GC invocations=2 (full 0):
 garbage-first heap   total 129024K, used 66667K [0x0000000082400000, 0x0000000100000000)
  region size 1024K, 4 young (4096K), 3 survivors (3072K)
 Metaspace       used 13755K, committed 13952K, reserved 1064960K
  class space    used 1429K, committed 1536K, reserved 1048576K
}
Event: 1.945 GC heap after
{Heap after GC invocations=3 (full 0):
 garbage-first heap   total 129024K, used 67178K [0x0000000082400000, 0x0000000100000000)
  region size 1024K, 1 young (1024K), 1 survivors (1024K)
 Metaspace       used 13755K, committed 13952K, reserved 1064960K
  class space    used 1429K, committed 1536K, reserved 1048576K
}
Event: 2.004 GC heap before
{Heap before GC invocations=4 (full 0):
 garbage-first heap   total 129024K, used 72298K [0x0000000082400000, 0x0000000100000000)
  region size 1024K, 2 young (2048K), 1 survivors (1024K)
 Metaspace       used 13755K, committed 13952K, reserved 1064960K
  class space    used 1429K, committed 1536K, reserved 1048576K
}
Event: 2.005 GC heap after
{Heap after GC invocations=5 (full 0):
 garbage-first heap   total 129024K, used 72074K [0x0000000082400000, 0x0000000100000000)
  region size 1024K, 1 young (1024K), 1 survivors (1024K)
 Metaspace       used 13755K, committed 13952K, reserved 1064960K
  class space    used 1429K, committed 1536K, reserved 1048576K
}
Event: 2.933 GC heap before
{Heap before GC invocations=6 (full 0):
 garbage-first heap   total 129024K, used 112010K [0x0000000082400000, 0x0000000100000000)
  region size 1024K, 26 young (26624K), 1 survivors (1024K)
 Metaspace       used 23108K, committed 23296K, reserved 1073152K
  class space    used 2697K, committed 2816K, reserved 1048576K
}
Event: 2.938 GC heap after
{Heap after GC invocations=7 (full 0):
 garbage-first heap   total 129024K, used 91204K [0x0000000082400000, 0x0000000100000000)
  region size 1024K, 4 young (4096K), 4 survivors (4096K)
 Metaspace       used 23108K, committed 23296K, reserved 1073152K
  class space    used 2697K, committed 2816K, reserved 1048576K
}
Event: 2.991 GC heap before
{Heap before GC invocations=7 (full 0):
 garbage-first heap   total 129024K, used 92228K [0x0000000082400000, 0x0000000100000000)
  region size 1024K, 6 young (6144K), 4 survivors (4096K)
 Metaspace       used 23410K, committed 23616K, reserved 1073152K
  class space    used 2733K, committed 2816K, reserved 1048576K
}
Event: 2.998 GC heap after
{Heap after GC invocations=8 (full 0):
 garbage-first heap   total 129024K, used 91233K [0x0000000082400000, 0x0000000100000000)
  region size 1024K, 1 young (1024K), 1 survivors (1024K)
 Metaspace       used 23410K, committed 23616K, reserved 1073152K
  class space    used 2733K, committed 2816K, reserved 1048576K
}
Event: 3.042 GC heap before
{Heap before GC invocations=8 (full 0):
 garbage-first heap   total 129024K, used 92257K [0x0000000082400000, 0x0000000100000000)
  region size 1024K, 3 young (3072K), 1 survivors (1024K)
 Metaspace       used 23727K, committed 23936K, reserved 1073152K
  class space    used 2780K, committed 2880K, reserved 1048576K
}
Event: 3.045 GC heap after
{Heap after GC invocations=9 (full 0):
 garbage-first heap   total 256000K, used 91260K [0x0000000082400000, 0x0000000100000000)
  region size 1024K, 1 young (1024K), 1 survivors (1024K)
 Metaspace       used 23727K, committed 23936K, reserved 1073152K
  class space    used 2780K, committed 2880K, reserved 1048576K
}

Deoptimization events (20 events):
Event: 6.452 Thread 0x0000023b7ba408e0 Uncommon trap: trap_request=0xffffffde fr.pc=0x0000023b6b8d2f9c relative=0x0000000000004c9c
Event: 6.452 Thread 0x0000023b7ba408e0 Uncommon trap: reason=class_check action=maybe_recompile pc=0x0000023b6b8d2f9c method=com.sun.javafx.css.StyleMap.getCascadingStyles()Ljava/util/Map; @ 77 c2
Event: 6.452 Thread 0x0000023b7ba408e0 DEOPT PACKING pc=0x0000023b6b8d2f9c sp=0x0000007a02bfd360
Event: 6.452 Thread 0x0000023b7ba408e0 DEOPT UNPACKING pc=0x0000023b63d523a3 sp=0x0000007a02bfd370 mode 2
Event: 6.456 Thread 0x0000023b7ba408e0 Uncommon trap: trap_request=0xffffffde fr.pc=0x0000023b6b8d2f9c relative=0x0000000000004c9c
Event: 6.456 Thread 0x0000023b7ba408e0 Uncommon trap: reason=class_check action=maybe_recompile pc=0x0000023b6b8d2f9c method=com.sun.javafx.css.StyleMap.getCascadingStyles()Ljava/util/Map; @ 77 c2
Event: 6.456 Thread 0x0000023b7ba408e0 DEOPT PACKING pc=0x0000023b6b8d2f9c sp=0x0000007a02bfd1b0
Event: 6.456 Thread 0x0000023b7ba408e0 DEOPT UNPACKING pc=0x0000023b63d523a3 sp=0x0000007a02bfd1c0 mode 2
Event: 6.456 Thread 0x0000023b7ba408e0 Uncommon trap: trap_request=0xffffffde fr.pc=0x0000023b6b8d2f9c relative=0x0000000000004c9c
Event: 6.456 Thread 0x0000023b7ba408e0 Uncommon trap: reason=class_check action=maybe_recompile pc=0x0000023b6b8d2f9c method=com.sun.javafx.css.StyleMap.getCascadingStyles()Ljava/util/Map; @ 77 c2
Event: 6.457 Thread 0x0000023b7ba408e0 DEOPT PACKING pc=0x0000023b6b8d2f9c sp=0x0000007a02bfce50
Event: 6.457 Thread 0x0000023b7ba408e0 DEOPT UNPACKING pc=0x0000023b63d523a3 sp=0x0000007a02bfce60 mode 2
Event: 6.458 Thread 0x0000023b7ba408e0 Uncommon trap: trap_request=0xffffffde fr.pc=0x0000023b6b8d2f9c relative=0x0000000000004c9c
Event: 6.458 Thread 0x0000023b7ba408e0 Uncommon trap: reason=class_check action=maybe_recompile pc=0x0000023b6b8d2f9c method=com.sun.javafx.css.StyleMap.getCascadingStyles()Ljava/util/Map; @ 77 c2
Event: 6.458 Thread 0x0000023b7ba408e0 DEOPT PACKING pc=0x0000023b6b8d2f9c sp=0x0000007a02bfcf90
Event: 6.458 Thread 0x0000023b7ba408e0 DEOPT UNPACKING pc=0x0000023b63d523a3 sp=0x0000007a02bfcfa0 mode 2
Event: 6.505 Thread 0x0000023b7c10a7a0 Uncommon trap: trap_request=0xffffff45 fr.pc=0x0000023b6b911170 relative=0x00000000000000f0
Event: 6.505 Thread 0x0000023b7c10a7a0 Uncommon trap: reason=unstable_if action=reinterpret pc=0x0000023b6b911170 method=com.sun.marlin.Helpers.outcode(DD[D)I @ 57 c2
Event: 6.506 Thread 0x0000023b7c10a7a0 DEOPT PACKING pc=0x0000023b6b911170 sp=0x0000007a01ffce40
Event: 6.506 Thread 0x0000023b7c10a7a0 DEOPT UNPACKING pc=0x0000023b63d523a3 sp=0x0000007a01ffcdc0 mode 2

Classes unloaded (0 events):
No events

Classes redefined (0 events):
No events

Internal exceptions (20 events):
Event: 2.501 Thread 0x0000023b7ba408e0 Exception <a 'java/lang/ClassNotFoundException'{0x00000000897ddd80}: com/sun/glass/ui/win/themes_en> (0x00000000897ddd80) 
thrown [e:\jenkins\tmp\workspace\build\src\src\hotspot\share\prims\jni.cpp, line 535]
Event: 2.501 Thread 0x0000023b7ba408e0 Exception <a 'java/lang/ClassNotFoundException'{0x00000000897e5dc8}: com/sun/glass/ui/win/themes_en_US> (0x00000000897e5dc8) 
thrown [e:\jenkins\tmp\workspace\build\src\src\hotspot\share\prims\jni.cpp, line 535]
Event: 2.615 Thread 0x0000023b7ba408e0 Exception <a 'java/lang/NoSuchMethodError'{0x00000000892f5f48}: 'void java.lang.invoke.DirectMethodHandle$Holder.invokeStaticInit(java.lang.Object, java.lang.Object)'> (0x00000000892f5f48) 
thrown [e:\jenkins\tmp\workspace\build\src\src\hotspot\share\interpreter\linkResolver.cpp, line 766]
Event: 2.623 Thread 0x0000023b7ba408e0 Exception <a 'java/lang/NoSuchMethodError'{0x00000000891302a8}: 'void java.lang.invoke.DirectMethodHandle$Holder.invokeSpecial(java.lang.Object, java.lang.Object, java.lang.Object, java.lang.Object, java.lang.Object)'> (0x00000000891302a8) 
thrown [e:\jenkins\tmp\workspace\build\src\src\hotspot\share\interpreter\linkResolver.cpp, line 766]
Event: 2.831 Thread 0x0000023b7ba408e0 Exception <a 'java/lang/NoSuchMethodError'{0x0000000088b59f68}: 'java.lang.Object java.lang.invoke.DirectMethodHandle$Holder.newInvokeSpecial(java.lang.Object, java.lang.Object, int, int)'> (0x0000000088b59f68) 
thrown [e:\jenkins\tmp\workspace\build\src\src\hotspot\share\interpreter\linkResolver.cpp, line 766]
Event: 2.850 Thread 0x0000023b7c213880 Exception <a 'java/lang/NoSuchMethodError'{0x0000000088bf84f8}: 'java.lang.Object java.lang.invoke.DirectMethodHandle$Holder.newInvokeSpecial(java.lang.Object, java.lang.Object, java.lang.Object, int, int, int, int, int)'> (0x0000000088bf84f8) 
thrown [e:\jenkins\tmp\workspace\build\src\src\hotspot\share\interpreter\linkResolver.cpp, line 766]
Event: 2.912 Thread 0x0000023b7ba408e0 Exception <a 'java/lang/NoSuchMethodError'{0x00000000888528f0}: 'java.lang.Object java.lang.invoke.DirectMethodHandle$Holder.invokeInterface(java.lang.Object, java.lang.Object, java.lang.Object)'> (0x00000000888528f0) 
thrown [e:\jenkins\tmp\workspace\build\src\src\hotspot\share\interpreter\linkResolver.cpp, line 766]
Event: 2.912 Thread 0x0000023b7ba408e0 Exception <a 'java/lang/IncompatibleClassChangeError'{0x0000000088856278}: Found class java.lang.Object, but interface was expected> (0x0000000088856278) 
thrown [e:\jenkins\tmp\workspace\build\src\src\hotspot\share\interpreter\linkResolver.cpp, line 833]
Event: 2.982 Thread 0x0000023b7ba408e0 Implicit null exception at 0x0000023b6b7edd0f to 0x0000023b6b7edd89
Event: 3.050 Thread 0x0000023b7ba408e0 Exception <a 'java/lang/NoSuchMethodError'{0x0000000091df2990}: 'java.lang.Object java.lang.invoke.DirectMethodHandle$Holder.invokeSpecial(java.lang.Object, java.lang.Object, int, int, int, int, int, int, int, int, int, int, int, int, int, int, int, int)'> (0x0000000091df2990) 
thrown [e:\jenkins\tmp\workspace\build\src\src\hotspot\share\interpreter\linkResolver.cpp, line 766]
Event: 3.052 Thread 0x0000023b7c10a7a0 Exception <a 'java/lang/NoSuchMethodError'{0x0000000091c84bc8}: 'int java.lang.invoke.DirectMethodHandle$Holder.invokeStaticInit(java.lang.Object, java.lang.Object)'> (0x0000000091c84bc8) 
thrown [e:\jenkins\tmp\workspace\build\src\src\hotspot\share\interpreter\linkResolver.cpp, line 766]
Event: 3.220 Thread 0x0000023b7c1fc7d0 Exception <a 'java/lang/NoSuchMethodError'{0x0000000091d77640}: 'java.lang.Object java.lang.invoke.DirectMethodHandle$Holder.newInvokeSpecial(java.lang.Object, java.lang.Object, int, int, java.lang.Object)'> (0x0000000091d77640) 
thrown [e:\jenkins\tmp\workspace\build\src\src\hotspot\share\interpreter\linkResolver.cpp, line 766]
Event: 3.720 Thread 0x0000023b7ba408e0 Exception <a 'java/lang/NoSuchMethodError'{0x00000000918ed418}: 'long java.lang.invoke.DirectMethodHandle$Holder.invokeStatic(java.lang.Object, java.lang.Object, java.lang.Object)'> (0x00000000918ed418) 
thrown [e:\jenkins\tmp\workspace\build\src\src\hotspot\share\interpreter\linkResolver.cpp, line 766]
Event: 3.720 Thread 0x0000023b7ba408e0 Exception <a 'java/lang/NoSuchMethodError'{0x00000000918f0bc0}: 'long java.lang.invoke.DirectMethodHandle$Holder.invokeStaticInit(java.lang.Object, java.lang.Object, java.lang.Object)'> (0x00000000918f0bc0) 
thrown [e:\jenkins\tmp\workspace\build\src\src\hotspot\share\interpreter\linkResolver.cpp, line 766]
Event: 3.723 Thread 0x0000023b7ba408e0 Exception <a 'java/lang/NoSuchMethodError'{0x0000000091708de8}: 'java.lang.Object java.lang.invoke.DirectMethodHandle$Holder.newInvokeSpecial(java.lang.Object, java.lang.Object, long)'> (0x0000000091708de8) 
thrown [e:\jenkins\tmp\workspace\build\src\src\hotspot\share\interpreter\linkResolver.cpp, line 766]
Event: 3.723 Thread 0x0000023b7ba408e0 Exception <a 'java/lang/NoSuchMethodError'{0x000000009170c958}: 'java.lang.Object java.lang.invoke.Invokers$Holder.linkToTargetMethod(java.lang.Object, long, java.lang.Object)'> (0x000000009170c958) 
thrown [e:\jenkins\tmp\workspace\build\src\src\hotspot\share\interpreter\linkResolver.cpp, line 766]
Event: 4.695 Thread 0x0000023b7ba408e0 Exception <a 'java/lang/ClassNotFoundException'{0x0000000091497130}: com/sun/javafx/scene/control/skin/resources/controls> (0x0000000091497130) 
thrown [e:\jenkins\tmp\workspace\build\src\src\hotspot\share\prims\jni.cpp, line 535]
Event: 4.696 Thread 0x0000023b7ba408e0 Exception <a 'java/lang/ClassNotFoundException'{0x00000000914a50e0}: com/sun/javafx/scene/control/skin/resources/controls_en> (0x00000000914a50e0) 
thrown [e:\jenkins\tmp\workspace\build\src\src\hotspot\share\prims\jni.cpp, line 535]
Event: 4.697 Thread 0x0000023b7ba408e0 Exception <a 'java/lang/ClassNotFoundException'{0x00000000914a67e8}: com/sun/javafx/scene/control/skin/resources/controls_en_US> (0x00000000914a67e8) 
thrown [e:\jenkins\tmp\workspace\build\src\src\hotspot\share\prims\jni.cpp, line 535]
Event: 4.930 Thread 0x0000023b7c10a7a0 Exception <a 'java/lang/NoSuchMethodError'{0x0000000090d38c00}: 'java.lang.Object java.lang.invoke.DirectMethodHandle$Holder.invokeStaticInit(java.lang.Object, int)'> (0x0000000090d38c00) 
thrown [e:\jenkins\tmp\workspace\build\src\src\hotspot\share\interpreter\linkResolver.cpp, line 766]

VM Operations (20 events):
Event: 2.991 Executing VM operation: CollectForMetadataAllocation
Event: 2.998 Executing VM operation: CollectForMetadataAllocation done
Event: 3.042 Executing VM operation: CollectForMetadataAllocation
Event: 3.045 Executing VM operation: CollectForMetadataAllocation done
Event: 3.054 Executing VM operation: G1Concurrent
Event: 3.056 Executing VM operation: G1Concurrent done
Event: 3.061 Executing VM operation: G1Concurrent
Event: 3.062 Executing VM operation: G1Concurrent done
Event: 3.219 Executing VM operation: HandshakeAllThreads
Event: 3.219 Executing VM operation: HandshakeAllThreads done
Event: 4.219 Executing VM operation: Cleanup
Event: 4.219 Executing VM operation: Cleanup done
Event: 4.637 Executing VM operation: HandshakeAllThreads
Event: 4.637 Executing VM operation: HandshakeAllThreads done
Event: 4.734 Executing VM operation: HandshakeAllThreads
Event: 4.734 Executing VM operation: HandshakeAllThreads done
Event: 4.905 Executing VM operation: ICBufferFull
Event: 4.905 Executing VM operation: ICBufferFull done
Event: 6.445 Executing VM operation: ICBufferFull
Event: 6.445 Executing VM operation: ICBufferFull done

Events (20 events):
Event: 4.636 loading class java/util/LinkedHashMap$LinkedKeySet done
Event: 4.636 loading class java/util/LinkedHashMap$LinkedKeyIterator
Event: 4.636 loading class java/util/LinkedHashMap$LinkedKeyIterator done
Event: 4.861 loading class java/lang/FdLibm$Hypot
Event: 4.861 loading class java/lang/FdLibm$Hypot done
Event: 4.861 loading class java/lang/FdLibm
Event: 4.861 loading class java/lang/FdLibm done
Event: 5.999 loading class java/awt/KeyboardFocusManager$2
Event: 5.999 loading class java/awt/KeyboardFocusManager$2 done
Event: 5.999 loading class sun/awt/SunToolkit$1
Event: 5.999 loading class sun/awt/SunToolkit$1 done
Event: 6.077 loading class java/lang/TextArea
Event: 6.077 loading class java/lang/TextArea done
Event: 6.440 Thread 0x0000023b0418c030 Thread added: 0x0000023b0418c030
Event: 6.532 loading class java/lang/Throwable$WrappedPrintStream
Event: 6.532 loading class java/lang/Throwable$PrintStreamOrWriter
Event: 6.533 loading class java/lang/Throwable$PrintStreamOrWriter done
Event: 6.533 loading class java/lang/Throwable$WrappedPrintStream done
Event: 6.533 loading class java/lang/StackTraceElement$HashedModules
Event: 6.533 loading class java/lang/StackTraceElement$HashedModules done


Dynamic libraries:
0x00007ff754d90000 - 0x00007ff754d9e000 	C:\Users\Admin\Desktop\eclipse\plugins\org.eclipse.justj.openjdk.hotspot.jre.full.win32.x86_64_17.0.2.v20220201-1208\jre\bin\javaw.exe
0x00007ffa72fb0000 - 0x00007ffa731a7000 	C:\WINDOWS\SYSTEM32\ntdll.dll
0x00007ffa727c0000 - 0x00007ffa7287d000 	C:\WINDOWS\System32\KERNEL32.DLL
0x00007ffa70830000 - 0x00007ffa70afd000 	C:\WINDOWS\System32\KERNELBASE.dll
0x00007ffa70d40000 - 0x00007ffa70e40000 	C:\WINDOWS\System32\ucrtbase.dll
0x00007ffa3b7f0000 - 0x00007ffa3b808000 	C:\Users\Admin\Desktop\eclipse\plugins\org.eclipse.justj.openjdk.hotspot.jre.full.win32.x86_64_17.0.2.v20220201-1208\jre\bin\jli.dll
0x00007ffa3b7d0000 - 0x00007ffa3b7e9000 	C:\Users\Admin\Desktop\eclipse\plugins\org.eclipse.justj.openjdk.hotspot.jre.full.win32.x86_64_17.0.2.v20220201-1208\jre\bin\VCRUNTIME140.dll
0x00007ffa72a60000 - 0x00007ffa72c00000 	C:\WINDOWS\System32\USER32.dll
0x00007ffa5cda0000 - 0x00007ffa5d03a000 	C:\WINDOWS\WinSxS\amd64_microsoft.windows.common-controls_6595b64144ccf1df_6.0.19041.1110_none_60b5254171f9507e\COMCTL32.dll
0x00007ffa70b00000 - 0x00007ffa70b22000 	C:\WINDOWS\System32\win32u.dll
0x00007ffa716b0000 - 0x00007ffa7174e000 	C:\WINDOWS\System32\msvcrt.dll
0x00007ffa72900000 - 0x00007ffa7292a000 	C:\WINDOWS\System32\GDI32.dll
0x00007ffa706d0000 - 0x00007ffa707db000 	C:\WINDOWS\System32\gdi32full.dll
0x00007ffa70be0000 - 0x00007ffa70c7d000 	C:\WINDOWS\System32\msvcp_win.dll
0x00007ffa71110000 - 0x00007ffa71140000 	C:\WINDOWS\System32\IMM32.DLL
0x00007ffa5ac60000 - 0x00007ffa5ac6c000 	C:\Users\Admin\Desktop\eclipse\plugins\org.eclipse.justj.openjdk.hotspot.jre.full.win32.x86_64_17.0.2.v20220201-1208\jre\bin\vcruntime140_1.dll
0x00007ffa39710000 - 0x00007ffa397a1000 	C:\Users\Admin\Desktop\eclipse\plugins\org.eclipse.justj.openjdk.hotspot.jre.full.win32.x86_64_17.0.2.v20220201-1208\jre\bin\msvcp140.dll
0x00007ffa17d70000 - 0x00007ffa189b7000 	C:\Users\Admin\Desktop\eclipse\plugins\org.eclipse.justj.openjdk.hotspot.jre.full.win32.x86_64_17.0.2.v20220201-1208\jre\bin\server\jvm.dll
0x00007ffa71bc0000 - 0x00007ffa71c6e000 	C:\WINDOWS\System32\ADVAPI32.dll
0x00007ffa71010000 - 0x00007ffa710ac000 	C:\WINDOWS\System32\sechost.dll
0x00007ffa71250000 - 0x00007ffa71375000 	C:\WINDOWS\System32\RPCRT4.dll
0x00007ffa72880000 - 0x00007ffa72888000 	C:\WINDOWS\System32\PSAPI.DLL
0x00007ffa5e0e0000 - 0x00007ffa5e107000 	C:\WINDOWS\SYSTEM32\WINMM.dll
0x00007ffa6aba0000 - 0x00007ffa6abaa000 	C:\WINDOWS\SYSTEM32\VERSION.dll
0x00007ffa588d0000 - 0x00007ffa588d9000 	C:\WINDOWS\SYSTEM32\WSOCK32.dll
0x00007ffa72890000 - 0x00007ffa728fb000 	C:\WINDOWS\System32\WS2_32.dll
0x00007ffa6e770000 - 0x00007ffa6e782000 	C:\WINDOWS\SYSTEM32\kernel.appcore.dll
0x00007ffa5b860000 - 0x00007ffa5b86a000 	C:\Users\Admin\Desktop\eclipse\plugins\org.eclipse.justj.openjdk.hotspot.jre.full.win32.x86_64_17.0.2.v20220201-1208\jre\bin\jimage.dll
0x00007ffa6e4a0000 - 0x00007ffa6e684000 	C:\WINDOWS\SYSTEM32\DBGHELP.DLL
0x00007ffa54470000 - 0x00007ffa5449c000 	C:\WINDOWS\SYSTEM32\dbgcore.DLL
0x00007ffa70c80000 - 0x00007ffa70d02000 	C:\WINDOWS\System32\bcryptPrimitives.dll
0x00007ffa3b790000 - 0x00007ffa3b7b5000 	C:\Users\Admin\Desktop\eclipse\plugins\org.eclipse.justj.openjdk.hotspot.jre.full.win32.x86_64_17.0.2.v20220201-1208\jre\bin\java.dll
0x00007ffa3fd10000 - 0x00007ffa3fd28000 	C:\Users\Admin\Desktop\eclipse\plugins\org.eclipse.justj.openjdk.hotspot.jre.full.win32.x86_64_17.0.2.v20220201-1208\jre\bin\zip.dll
0x00007ffa72000000 - 0x00007ffa72744000 	C:\WINDOWS\System32\SHELL32.dll
0x00007ffa6e790000 - 0x00007ffa6ef24000 	C:\WINDOWS\SYSTEM32\windows.storage.dll
0x00007ffa72c00000 - 0x00007ffa72f54000 	C:\WINDOWS\System32\combase.dll
0x00007ffa700d0000 - 0x00007ffa700fc000 	C:\WINDOWS\SYSTEM32\Wldp.dll
0x00007ffa72930000 - 0x00007ffa729dd000 	C:\WINDOWS\System32\SHCORE.dll
0x00007ffa710b0000 - 0x00007ffa71105000 	C:\WINDOWS\System32\shlwapi.dll
0x00007ffa70610000 - 0x00007ffa7062f000 	C:\WINDOWS\SYSTEM32\profapi.dll
0x00007ffa3bef0000 - 0x00007ffa3bf09000 	C:\Users\Admin\Desktop\eclipse\plugins\org.eclipse.justj.openjdk.hotspot.jre.full.win32.x86_64_17.0.2.v20220201-1208\jre\bin\net.dll
0x00007ffa677b0000 - 0x00007ffa678ba000 	C:\WINDOWS\SYSTEM32\WINHTTP.dll
0x00007ffa6fe30000 - 0x00007ffa6fe9a000 	C:\WINDOWS\system32\mswsock.dll
0x00007ffa3b770000 - 0x00007ffa3b785000 	C:\Users\Admin\Desktop\eclipse\plugins\org.eclipse.justj.openjdk.hotspot.jre.full.win32.x86_64_17.0.2.v20220201-1208\jre\bin\nio.dll
0x00007ffa39580000 - 0x00007ffa3970e000 	C:\Users\Admin\Desktop\eclipse\plugins\org.eclipse.justj.openjdk.hotspot.jre.full.win32.x86_64_17.0.2.v20220201-1208\jre\bin\awt.dll
0x00007ffa71f10000 - 0x00007ffa71fdd000 	C:\WINDOWS\System32\OLEAUT32.dll
0x00007ffa6d710000 - 0x00007ffa6d7a0000 	C:\WINDOWS\SYSTEM32\apphelp.dll
0x00007ffa6df10000 - 0x00007ffa6df3f000 	C:\WINDOWS\system32\DWMAPI.DLL
0x00007ffa6dd20000 - 0x00007ffa6ddbe000 	C:\WINDOWS\system32\uxtheme.dll
0x00007ffa479e0000 - 0x00007ffa47b06000 	C:\WINDOWS\system32\opengl32.dll
0x00007ffa4b320000 - 0x00007ffa4b34c000 	C:\WINDOWS\SYSTEM32\GLU32.dll
0x00007ffa26040000 - 0x00007ffa26171000 	C:\ProgramData\A-Volute\A-Volute.SonicStudio3\Modules\ScheduledModules\x64\AudioDevProps2.dll
0x00007ffa71d00000 - 0x00007ffa71e2a000 	C:\WINDOWS\System32\ole32.dll
0x00007ffa71590000 - 0x00007ffa716a5000 	C:\WINDOWS\System32\MSCTF.dll
0x0000023b5e660000 - 0x0000023b5e663000 	D:\javafx-sdk-18.0.1\bin\api-ms-win-core-console-l1-1-0.dll
0x0000023b60590000 - 0x0000023b60593000 	D:\javafx-sdk-18.0.1\bin\api-ms-win-core-console-l1-2-0.dll
0x0000023b605a0000 - 0x0000023b605a3000 	D:\javafx-sdk-18.0.1\bin\api-ms-win-core-datetime-l1-1-0.dll
0x0000023b605c0000 - 0x0000023b605c3000 	D:\javafx-sdk-18.0.1\bin\api-ms-win-core-debug-l1-1-0.dll
0x0000023b605d0000 - 0x0000023b605d3000 	D:\javafx-sdk-18.0.1\bin\api-ms-win-core-errorhandling-l1-1-0.dll
0x0000023b605f0000 - 0x0000023b605f4000 	D:\javafx-sdk-18.0.1\bin\api-ms-win-core-file-l1-1-0.dll
0x0000023b60600000 - 0x0000023b60603000 	D:\javafx-sdk-18.0.1\bin\api-ms-win-core-file-l1-2-0.dll
0x0000023b60610000 - 0x0000023b60613000 	D:\javafx-sdk-18.0.1\bin\api-ms-win-core-file-l2-1-0.dll
0x0000023b7a7b0000 - 0x0000023b7a7b3000 	D:\javafx-sdk-18.0.1\bin\api-ms-win-core-handle-l1-1-0.dll
0x0000023b7a7c0000 - 0x0000023b7a7c3000 	D:\javafx-sdk-18.0.1\bin\api-ms-win-core-heap-l1-1-0.dll
0x0000023b7a7d0000 - 0x0000023b7a7d3000 	D:\javafx-sdk-18.0.1\bin\api-ms-win-core-interlocked-l1-1-0.dll
0x0000023b7a7e0000 - 0x0000023b7a7e3000 	D:\javafx-sdk-18.0.1\bin\api-ms-win-core-libraryloader-l1-1-0.dll
0x0000023b7a7f0000 - 0x0000023b7a7f3000 	D:\javafx-sdk-18.0.1\bin\api-ms-win-core-localization-l1-2-0.dll
0x0000023b7cbd0000 - 0x0000023b7cbd3000 	D:\javafx-sdk-18.0.1\bin\api-ms-win-core-memory-l1-1-0.dll
0x0000023b7cbe0000 - 0x0000023b7cbe3000 	D:\javafx-sdk-18.0.1\bin\api-ms-win-core-namedpipe-l1-1-0.dll
0x0000023b7cbf0000 - 0x0000023b7cbf3000 	D:\javafx-sdk-18.0.1\bin\api-ms-win-core-processenvironment-l1-1-0.dll
0x0000023b7d500000 - 0x0000023b7d503000 	D:\javafx-sdk-18.0.1\bin\api-ms-win-core-processthreads-l1-1-0.dll
0x0000023b7d510000 - 0x0000023b7d513000 	D:\javafx-sdk-18.0.1\bin\api-ms-win-core-processthreads-l1-1-1.dll
0x0000023b7d520000 - 0x0000023b7d523000 	D:\javafx-sdk-18.0.1\bin\api-ms-win-core-profile-l1-1-0.dll
0x0000023b7d530000 - 0x0000023b7d533000 	D:\javafx-sdk-18.0.1\bin\api-ms-win-core-rtlsupport-l1-1-0.dll
0x0000023b7d540000 - 0x0000023b7d543000 	D:\javafx-sdk-18.0.1\bin\api-ms-win-core-string-l1-1-0.dll
0x0000023b7d550000 - 0x0000023b7d553000 	D:\javafx-sdk-18.0.1\bin\api-ms-win-core-synch-l1-1-0.dll
0x0000023b7d560000 - 0x0000023b7d563000 	D:\javafx-sdk-18.0.1\bin\api-ms-win-core-synch-l1-2-0.dll
0x0000023b7d570000 - 0x0000023b7d573000 	D:\javafx-sdk-18.0.1\bin\api-ms-win-core-sysinfo-l1-1-0.dll
0x0000023b7d580000 - 0x0000023b7d583000 	D:\javafx-sdk-18.0.1\bin\api-ms-win-core-timezone-l1-1-0.dll
0x0000023b7d590000 - 0x0000023b7d593000 	D:\javafx-sdk-18.0.1\bin\api-ms-win-core-util-l1-1-0.dll
0x0000023b7d5a0000 - 0x0000023b7d5a3000 	D:\javafx-sdk-18.0.1\bin\api-ms-win-crt-conio-l1-1-0.dll
0x0000023b7d5b0000 - 0x0000023b7d5b4000 	D:\javafx-sdk-18.0.1\bin\api-ms-win-crt-convert-l1-1-0.dll
0x0000023b7d5c0000 - 0x0000023b7d5c3000 	D:\javafx-sdk-18.0.1\bin\api-ms-win-crt-environment-l1-1-0.dll
0x0000023b7d5d0000 - 0x0000023b7d5d3000 	D:\javafx-sdk-18.0.1\bin\api-ms-win-crt-filesystem-l1-1-0.dll
0x0000023b7d5e0000 - 0x0000023b7d5e3000 	D:\javafx-sdk-18.0.1\bin\api-ms-win-crt-heap-l1-1-0.dll
0x0000023b7d5f0000 - 0x0000023b7d5f3000 	D:\javafx-sdk-18.0.1\bin\api-ms-win-crt-locale-l1-1-0.dll
0x0000023b7d600000 - 0x0000023b7d605000 	D:\javafx-sdk-18.0.1\bin\api-ms-win-crt-math-l1-1-0.dll
0x0000023b7d610000 - 0x0000023b7d615000 	D:\javafx-sdk-18.0.1\bin\api-ms-win-crt-multibyte-l1-1-0.dll
0x0000023b7d620000 - 0x0000023b7d630000 	D:\javafx-sdk-18.0.1\bin\api-ms-win-crt-private-l1-1-0.dll
0x0000023b7d630000 - 0x0000023b7d633000 	D:\javafx-sdk-18.0.1\bin\api-ms-win-crt-process-l1-1-0.dll
0x0000023b7d640000 - 0x0000023b7d644000 	D:\javafx-sdk-18.0.1\bin\api-ms-win-crt-runtime-l1-1-0.dll
0x0000023b7d650000 - 0x0000023b7d654000 	D:\javafx-sdk-18.0.1\bin\api-ms-win-crt-stdio-l1-1-0.dll
0x0000023b7d660000 - 0x0000023b7d664000 	D:\javafx-sdk-18.0.1\bin\api-ms-win-crt-string-l1-1-0.dll
0x0000023b7d670000 - 0x0000023b7d673000 	D:\javafx-sdk-18.0.1\bin\api-ms-win-crt-time-l1-1-0.dll
0x0000023b7d680000 - 0x0000023b7d683000 	D:\javafx-sdk-18.0.1\bin\api-ms-win-crt-utility-l1-1-0.dll
0x00007ffa39400000 - 0x00007ffa394fc000 	D:\javafx-sdk-18.0.1\bin\ucrtbase.dll
0x00007ffa42f90000 - 0x00007ffa42faa000 	D:\javafx-sdk-18.0.1\bin\vcruntime140.dll
0x00007ffa5acc0000 - 0x00007ffa5accc000 	D:\javafx-sdk-18.0.1\bin\vcruntime140_1.dll
0x00007ffa38ff0000 - 0x00007ffa3907d000 	D:\javafx-sdk-18.0.1\bin\msvcp140.dll
0x00007ffa3ab00000 - 0x00007ffa3ab2c000 	D:\javafx-sdk-18.0.1\bin\prism_d3d.dll
0x00007ffa623e0000 - 0x00007ffa625af000 	C:\WINDOWS\system32\d3d9.dll
0x00007ffa39890000 - 0x00007ffa39a5d000 	C:\WINDOWS\System32\DriverStore\FileRepository\iigd_dch.inf_amd64_8dc03618ea16fa9b\igdumdim64.dll
0x00007ffa67690000 - 0x00007ffa677b0000 	C:\WINDOWS\System32\DriverStore\FileRepository\iigd_dch.inf_amd64_8dc03618ea16fa9b\igdgmm64.dll
0x00007ffa2f4c0000 - 0x00007ffa330d1000 	C:\WINDOWS\System32\DriverStore\FileRepository\iigd_dch.inf_amd64_8dc03618ea16fa9b\igd9dxva64.dll
0x00007ffa3aad0000 - 0x00007ffa3aafd000 	D:\javafx-sdk-18.0.1\bin\javafx_iio.dll
0x00007ffa39340000 - 0x00007ffa39382000 	D:\javafx-sdk-18.0.1\bin\glass.dll
0x00007ffa71e30000 - 0x00007ffa71f0b000 	C:\WINDOWS\System32\COMDLG32.dll
0x00007ffa5cd70000 - 0x00007ffa5cd91000 	C:\WINDOWS\System32\DriverStore\FileRepository\iigd_dch.inf_amd64_8dc03618ea16fa9b\igdinfo64.dll
0x00007ffa65090000 - 0x00007ffa673f0000 	C:\WINDOWS\System32\DriverStore\FileRepository\iigd_dch.inf_amd64_8dc03618ea16fa9b\igc64.dll
0x00007ffa687c0000 - 0x00007ffa687fb000 	C:\WINDOWS\SYSTEM32\dxcore.dll
0x00007ffa707e0000 - 0x00007ffa7082e000 	C:\WINDOWS\System32\cfgmgr32.dll
0x00007ffa38f60000 - 0x00007ffa38fe9000 	C:\Users\Admin\Desktop\eclipse\plugins\org.eclipse.justj.openjdk.hotspot.jre.full.win32.x86_64_17.0.2.v20220201-1208\jre\bin\freetype.dll
0x00007ffa25c70000 - 0x00007ffa25d18000 	C:\Users\Admin\Desktop\eclipse\plugins\org.eclipse.justj.openjdk.hotspot.jre.full.win32.x86_64_17.0.2.v20220201-1208\jre\bin\fontmanager.dll
0x00007ffa622e0000 - 0x00007ffa623d9000 	C:\WINDOWS\SYSTEM32\textinputframework.dll
0x00007ffa6d400000 - 0x00007ffa6d4f2000 	C:\WINDOWS\System32\CoreMessaging.dll
0x00007ffa6cd20000 - 0x00007ffa6d07e000 	C:\WINDOWS\System32\CoreUIComponents.dll
0x00007ffa6bbc0000 - 0x00007ffa6bd14000 	C:\WINDOWS\SYSTEM32\wintypes.dll
0x00007ffa6f390000 - 0x00007ffa6f3c3000 	C:\WINDOWS\SYSTEM32\ntmarta.dll
0x00007ffa3acb0000 - 0x00007ffa3acc4000 	D:\javafx-sdk-18.0.1\bin\javafx_font.dll
0x00007ffa5fb70000 - 0x00007ffa5fdef000 	C:\WINDOWS\SYSTEM32\dwrite.dll
0x00007ffa71140000 - 0x00007ffa711e9000 	C:\WINDOWS\System32\clbcatq.dll
0x00007ffa69f10000 - 0x00007ffa6a0c4000 	C:\WINDOWS\SYSTEM32\WindowsCodecs.dll
0x00007ffa70d10000 - 0x00007ffa70d37000 	C:\WINDOWS\System32\bcrypt.dll
0x00007ffa435d0000 - 0x00007ffa4360e000 	C:\WINDOWS\system32\dataexchange.dll
0x00007ffa6cb10000 - 0x00007ffa6ccf4000 	C:\WINDOWS\system32\dcomp.dll
0x00007ffa6c2e0000 - 0x00007ffa6c543000 	C:\WINDOWS\system32\d3d11.dll
0x00007ffa6ef90000 - 0x00007ffa6f083000 	C:\WINDOWS\system32\dxgi.dll
0x00007ffa6a0d0000 - 0x00007ffa6a2d0000 	C:\WINDOWS\system32\twinapi.appcore.dll

dbghelp: loaded successfully - version: 4.0.5 - missing functions: none
symbol engine: initialized successfully - sym options: 0x614 - pdb path: .;C:\Users\Admin\Desktop\eclipse\plugins\org.eclipse.justj.openjdk.hotspot.jre.full.win32.x86_64_17.0.2.v20220201-1208\jre\bin;C:\WINDOWS\SYSTEM32;C:\WINDOWS\WinSxS\amd64_microsoft.windows.common-controls_6595b64144ccf1df_6.0.19041.1110_none_60b5254171f9507e;C:\Users\Admin\Desktop\eclipse\plugins\org.eclipse.justj.openjdk.hotspot.jre.full.win32.x86_64_17.0.2.v20220201-1208\jre\bin\server;C:\ProgramData\A-Volute\A-Volute.SonicStudio3\Modules\ScheduledModules\x64;D:\javafx-sdk-18.0.1\bin;C:\WINDOWS\System32\DriverStore\FileRepository\iigd_dch.inf_amd64_8dc03618ea16fa9b

VM Arguments:
jvm_args: --module-path=D:\javafx-sdk-18.0.1\lib --add-modules=javafx.controls,javafx.fxml --add-modules=javafx.web,javafx.media,javafx.swing -Dfile.encoding=Cp1252 -XX:+ShowCodeDetailsInExceptionMessages 
java_command: hust.soict.globalict.VirusMain
java_class_path (initial): C:\Users\Admin\Desktop\2021 - 2\OOLT.ICT.20212.Team06\Virus\bin;D:\javafx-sdk-18.0.1\lib\javafx.base.jar;D:\javafx-sdk-18.0.1\lib\javafx.controls.jar;D:\javafx-sdk-18.0.1\lib\javafx.fxml.jar;D:\javafx-sdk-18.0.1\lib\javafx.graphics.jar;D:\javafx-sdk-18.0.1\lib\javafx.media.jar;D:\javafx-sdk-18.0.1\lib\javafx.swing.jar;D:\javafx-sdk-18.0.1\lib\javafx.web.jar;D:\javafx-sdk-18.0.1\lib\javafx-swt.jar
Launcher Type: SUN_STANDARD

[Global flags]
     intx CICompilerCount                          = 4                                         {product} {ergonomic}
     uint ConcGCThreads                            = 2                                         {product} {ergonomic}
     uint G1ConcRefinementThreads                  = 8                                         {product} {ergonomic}
   size_t G1HeapRegionSize                         = 1048576                                   {product} {ergonomic}
    uintx GCDrainStackTargetSize                   = 64                                        {product} {ergonomic}
   size_t InitialHeapSize                          = 132120576                                 {product} {ergonomic}
   size_t MarkStackSize                            = 4194304                                   {product} {ergonomic}
   size_t MaxHeapSize                              = 2109734912                                {product} {ergonomic}
   size_t MaxNewSize                               = 1265631232                                {product} {ergonomic}
   size_t MinHeapDeltaBytes                        = 1048576                                   {product} {ergonomic}
   size_t MinHeapSize                              = 8388608                                   {product} {ergonomic}
    uintx NonNMethodCodeHeapSize                   = 5839372                                {pd product} {ergonomic}
    uintx NonProfiledCodeHeapSize                  = 122909434                              {pd product} {ergonomic}
    uintx ProfiledCodeHeapSize                     = 122909434                              {pd product} {ergonomic}
    uintx ReservedCodeCacheSize                    = 251658240                              {pd product} {ergonomic}
     bool SegmentedCodeCache                       = true                                      {product} {ergonomic}
     bool ShowCodeDetailsInExceptionMessages       = true                                   {manageable} {command line}
   size_t SoftMaxHeapSize                          = 2109734912                             {manageable} {ergonomic}
     bool UseCompressedClassPointers               = true                           {product lp64_product} {ergonomic}
     bool UseCompressedOops                        = true                           {product lp64_product} {ergonomic}
     bool UseG1GC                                  = true                                      {product} {ergonomic}
     bool UseLargePagesIndividualAllocation        = false                                  {pd product} {ergonomic}

Logging:
Log output configuration:
 #0: stdout all=warning uptime,level,tags
 #1: stderr all=off uptime,level,tags

Environment Variables:
JAVA_HOME=C:\Program Files\Java\jre1.8.0_331
CLASSPATH=C:\Program Files\Java\jre1.8.0_331\bin
PATH=C:/Users/Admin/Desktop/eclipse//plugins/org.eclipse.justj.openjdk.hotspot.jre.full.win32.x86_64_17.0.2.v20220201-1208/jre/bin/server;C:/Users/Admin/Desktop/eclipse//plugins/org.eclipse.justj.openjdk.hotspot.jre.full.win32.x86_64_17.0.2.v20220201-1208/jre/bin;C:\Program Files (x86)\Common Files\Oracle\Java\javapath;C:\Windows\system32;C:\Windows;C:\Windows\System32\Wbem;C:\Windows\System32\WindowsPowerShell\v1.0\;C:\Windows\System32\OpenSSH\;C:\Program Files (x86)\NVIDIA Corporation\PhysX\Common;C:\Program Files\NVIDIA Corporation\NVIDIA NvDLISR;C:\Program Files\Microsoft VS Code\bin;C:\ninja;C:\Users\Admin\Desktop\mingw\bin;C:\Program Files\CMake\bin;C:\WINDOWS\system32;C:\WINDOWS;C:\WINDOWS\System32\Wbem;C:\WINDOWS\System32\WindowsPowerShell\v1.0\;C:\WINDOWS\System32\OpenSSH\;C:\Program Files\Java\jre1.8.0_331\bin;C:\Program Files\Git\cmd;C:\Program Files\Docker\Docker\resources\bin;C:\ProgramData\DockerDesktop\version-bin;C:\Program Files\nodejs\;C:\Program Files (x86)\ZeroTier\One\;C:\Users\Admin\AppData\Local\Microsoft\WindowsApps;C:\Users\Admin\AppData\Roaming\npm;C:\Users\Admin\AppData\Local\GitHubDesktop\bin;D:\IntelliJ IDEA 2022.1.2\bin;;C:\Users\Admin\Desktop\eclipse;
USERNAME=Admin
OS=Windows_NT
PROCESSOR_IDENTIFIER=Intel64 Family 6 Model 158 Stepping 13, GenuineIntel



---------------  S Y S T E M  ---------------

OS:
 Windows 10 , 64 bit Build 19041 (10.0.19041.1741)
OS uptime: 0 days 1:28 hours
Hyper-V role detected

CPU: total 8 (initial active 8) (4 cores per cpu, 2 threads per core) family 6 model 158 stepping 13 microcode 0xd2, cx8, cmov, fxsr, ht, mmx, 3dnowpref, sse, sse2, sse3, ssse3, sse4.1, sse4.2, popcnt, lzcnt, tsc, tscinvbit, avx, avx2, aes, erms, clmul, bmi1, bmi2, adx, fma, vzeroupper, clflush, clflushopt, hv

Memory: 4k page, system-wide physical 8044M (421M free)
TotalPageFile size 25226M (AvailPageFile size 3M)
current process WorkingSet (physical memory assigned to process): 389M, peak: 389M
current process commit charge ("private bytes"): 531M, peak: 536M

vm_info: OpenJDK 64-Bit Server VM (17.0.2+8) for windows-amd64 JRE (17.0.2+8), built on Jan 20 2022 04:52:34 by "" with MS VC++ 16.7 (VS2019)

END.
