#
# There is insufficient memory for the Java Runtime Environment to continue.
# Native memory allocation (mmap) failed to map 418381824 bytes for G1 virtual space
# Possible reasons:
#   The system is out of physical RAM or swap space
#   The process is running with CompressedOops enabled, and the Java Heap may be blocking the growth of the native heap
# Possible solutions:
#   Reduce memory load on the system
#   Increase physical memory or swap space
#   Check if swap backing store is full
#   Decrease Java heap size (-Xmx/-Xms)
#   Decrease number of Java threads
#   Decrease Java thread stack sizes (-Xss)
#   Set larger code cache with -XX:ReservedCodeCacheSize=
#   JVM is running with Unscaled Compressed Oops mode in which the Java heap is
#     placed in the first 4GB address space. The Java Heap base address is the
#     maximum limit for the native heap growth. Please use -XX:HeapBaseMinAddress
#     to set the Java Heap base and to place the Java Heap above 4GB virtual address.
# This output file may be truncated or incomplete.
#
#  Out of Memory Error (os_windows.cpp:3532), pid=21980, tid=13336
#
# JRE version: OpenJDK Runtime Environment Temurin-17.0.2+8 (17.0.2+8) (build 17.0.2+8)
# Java VM: OpenJDK 64-Bit Server VM Temurin-17.0.2+8 (17.0.2+8, mixed mode, tiered, compressed oops, compressed class ptrs, g1 gc, windows-amd64)
# No core dump will be written. Minidumps are not enabled by default on client versions of Windows
#

---------------  S U M M A R Y ------------

Command Line: --module-path=D:\javafx-sdk-18.0.1\lib --add-modules=javafx.controls,javafx.fxml --add-modules=javafx.web,javafx.media,javafx.swing -Dfile.encoding=Cp1252 -XX:+ShowCodeDetailsInExceptionMessages hust.soict.globalict.VirusMain

Host: Intel(R) Core(TM) i5-9300H CPU @ 2.40GHz, 8 cores, 7G,  Windows 10 , 64 bit Build 19041 (10.0.19041.1806)
Time: Sat Jul 16 00:30:54 2022 SE Asia Standard Time elapsed time: 4.754704 seconds (0d 0h 0m 4s)

---------------  T H R E A D  ---------------

Current thread (0x000002da369413f0):  VMThread "VM Thread" [stack: 0x000000de96b00000,0x000000de96c00000] [id=13336]

Stack: [0x000000de96b00000,0x000000de96c00000]
Native frames: (J=compiled Java code, j=interpreted, Vv=VM code, C=native code)
V  [jvm.dll+0x67564a]
V  [jvm.dll+0x82fc04]
V  [jvm.dll+0x8313ae]
V  [jvm.dll+0x831a13]
V  [jvm.dll+0x245235]
V  [jvm.dll+0x672539]
V  [jvm.dll+0x666e82]
V  [jvm.dll+0x30401b]
V  [jvm.dll+0x30b566]
V  [jvm.dll+0x35b1fe]
V  [jvm.dll+0x35b42f]
V  [jvm.dll+0x2daf58]
V  [jvm.dll+0x2d920c]
V  [jvm.dll+0x2d87dc]
V  [jvm.dll+0x31c941]
V  [jvm.dll+0x835ebb]
V  [jvm.dll+0x836bf4]
V  [jvm.dll+0x83710c]
V  [jvm.dll+0x8374e4]
V  [jvm.dll+0x8375b0]
V  [jvm.dll+0x7dff2a]
V  [jvm.dll+0x6744d5]
C  [ucrtbase.dll+0x21bb2]
C  [KERNEL32.DLL+0x17034]
C  [ntdll.dll+0x52651]

VM_Operation (0x000000de97efd710): G1TryInitiateConcMark, mode: safepoint, requested by thread 0x000002da38101850


---------------  P R O C E S S  ---------------

Threads class SMR info:
_java_thread_list=0x000002da40e743e0, length=23, elements={
0x000002da369460e0, 0x000002da369476f0, 0x000002da369a19b0, 0x000002da369a4580,
0x000002da3741af50, 0x000002da3741ee00, 0x000002da37420a20, 0x000002da37421c60,
0x000002da3742ce30, 0x000002da37573b30, 0x000002da37718480, 0x000002da3789ba40,
0x000002da37ffe610, 0x000002da37ffeae0, 0x000002da38593050, 0x000002da3823b200,
0x000002da38101850, 0x000002da37cb6870, 0x000002da37cb7bb0, 0x000002da37cb76e0,
0x000002da37cb6d40, 0x000002da37cb7210, 0x000002da37cb8080
}

Java Threads: ( => current thread )
  0x000002da369460e0 JavaThread "Reference Handler" daemon [_thread_blocked, id=22156, stack(0x000000de96c00000,0x000000de96d00000)]
  0x000002da369476f0 JavaThread "Finalizer" daemon [_thread_blocked, id=11644, stack(0x000000de96d00000,0x000000de96e00000)]
  0x000002da369a19b0 JavaThread "Signal Dispatcher" daemon [_thread_blocked, id=14448, stack(0x000000de96e00000,0x000000de96f00000)]
  0x000002da369a4580 JavaThread "Attach Listener" daemon [_thread_blocked, id=21832, stack(0x000000de96f00000,0x000000de97000000)]
  0x000002da3741af50 JavaThread "Service Thread" daemon [_thread_blocked, id=12860, stack(0x000000de97000000,0x000000de97100000)]
  0x000002da3741ee00 JavaThread "Monitor Deflation Thread" daemon [_thread_blocked, id=21528, stack(0x000000de97100000,0x000000de97200000)]
  0x000002da37420a20 JavaThread "C2 CompilerThread0" daemon [_thread_blocked, id=22776, stack(0x000000de97200000,0x000000de97300000)]
  0x000002da37421c60 JavaThread "C1 CompilerThread0" daemon [_thread_blocked, id=22768, stack(0x000000de97300000,0x000000de97400000)]
  0x000002da3742ce30 JavaThread "Sweeper thread" daemon [_thread_blocked, id=22784, stack(0x000000de97400000,0x000000de97500000)]
  0x000002da37573b30 JavaThread "Common-Cleaner" daemon [_thread_blocked, id=22556, stack(0x000000de97500000,0x000000de97600000)]
  0x000002da37718480 JavaThread "Notification Thread" daemon [_thread_blocked, id=21536, stack(0x000000de97800000,0x000000de97900000)]
  0x000002da3789ba40 JavaThread "Java2D Disposer" daemon [_thread_blocked, id=20092, stack(0x000000de97a00000,0x000000de97b00000)]
  0x000002da37ffe610 JavaThread "AWT-Shutdown" [_thread_blocked, id=16196, stack(0x000000de97b00000,0x000000de97c00000)]
  0x000002da37ffeae0 JavaThread "AWT-Windows" daemon [_thread_blocked, id=22624, stack(0x000000de97c00000,0x000000de97d00000)]
  0x000002da38593050 JavaThread "QuantumRenderer-0" daemon [_thread_blocked, id=22592, stack(0x000000de97700000,0x000000de97800000)]
  0x000002da3823b200 JavaThread "InvokeLaterDispatcher" daemon [_thread_blocked, id=21724, stack(0x000000de97d00000,0x000000de97e00000)]
  0x000002da38101850 JavaThread "JavaFX Application Thread" [_thread_blocked, id=23412, stack(0x000000de97e00000,0x000000de97f00000)]
  0x000002da37cb6870 JavaThread "AWT-EventQueue-0" [_thread_blocked, id=22804, stack(0x000000de98300000,0x000000de98400000)]
  0x000002da37cb7bb0 JavaThread "Thread-1" daemon [_thread_blocked, id=22808, stack(0x000000de98200000,0x000000de98300000)]
  0x000002da37cb76e0 JavaThread "DestroyJavaVM" [_thread_blocked, id=5396, stack(0x000000de96500000,0x000000de96600000)]
  0x000002da37cb6d40 JavaThread "Image Fetcher 0" daemon [_thread_blocked, id=22728, stack(0x000000de98a00000,0x000000de98b00000)]
  0x000002da37cb7210 JavaThread "Prism Font Disposer" daemon [_thread_blocked, id=22388, stack(0x000000de98f00000,0x000000de99000000)]
  0x000002da37cb8080 JavaThread "Cleaner-0" daemon [_thread_blocked, id=22980, stack(0x000000de99100000,0x000000de99200000)]

Other Threads:
=>0x000002da369413f0 VMThread "VM Thread" [stack: 0x000000de96b00000,0x000000de96c00000] [id=13336]
  0x000002da1cadb170 WatcherThread [stack: 0x000000de97900000,0x000000de97a00000] [id=18624]
  0x000002da1cac2bd0 GCTaskThread "GC Thread#0" [stack: 0x000000de96600000,0x000000de96700000] [id=6264]
  0x000002da38653050 GCTaskThread "GC Thread#1" [stack: 0x000000de97600000,0x000000de97700000] [id=21736]
  0x000002da386505b0 GCTaskThread "GC Thread#2" [stack: 0x000000de98400000,0x000000de98500000] [id=22820]
  0x000002da38650860 GCTaskThread "GC Thread#3" [stack: 0x000000de98500000,0x000000de98600000] [id=17200]
  0x000002da38670060 GCTaskThread "GC Thread#4" [stack: 0x000000de98600000,0x000000de98700000] [id=19728]
  0x000002da38672dd0 GCTaskThread "GC Thread#5" [stack: 0x000000de98700000,0x000000de98800000] [id=4408]
  0x000002da3867b8a0 GCTaskThread "GC Thread#6" [stack: 0x000000de98800000,0x000000de98900000] [id=23068]
  0x000002da3867bb50 GCTaskThread "GC Thread#7" [stack: 0x000000de98900000,0x000000de98a00000] [id=23044]
  0x000002da1cad3e30 ConcurrentGCThread "G1 Main Marker" [stack: 0x000000de96700000,0x000000de96800000] [id=3876]
  0x000002da1cad4840 ConcurrentGCThread "G1 Conc#0" [stack: 0x000000de96800000,0x000000de96900000] [id=9712]
  0x000002da38faaaa0 ConcurrentGCThread "G1 Conc#1" [stack: 0x000000de98b00000,0x000000de98c00000] [id=22972]
  0x000002da367c0090 ConcurrentGCThread "G1 Refine#0" [stack: 0x000000de96900000,0x000000de96a00000] [id=20180]
  0x000002da367c0ab0 ConcurrentGCThread "G1 Service" [stack: 0x000000de96a00000,0x000000de96b00000] [id=21936]

Threads with active compile tasks:

VM state: at safepoint (normal execution)

VM Mutex/Monitor currently owned by a thread:  ([mutex/lock_event])
[0x000002da1ca7c850] Threads_lock - owner thread: 0x000002da369413f0
[0x000002da1ca7c610] Heap_lock - owner thread: 0x000002da38101850

Heap address: 0x0000000082400000, size: 2012 MB, Compressed Oops mode: 32-bit

CDS archive(s) not mapped
Compressed class space mapped at: 0x0000000100000000-0x0000000140000000, reserved size: 1073741824
Narrow klass base: 0x0000000000000000, Narrow klass shift: 3, Narrow klass range: 0x140000000

GC Precious Log:
 CPUs: 8 total, 8 available
 Memory: 8044M
 Large Page Support: Disabled
 NUMA Support: Disabled
 Compressed Oops: Enabled (32-bit)
 Heap Region Size: 1M
 Heap Min Capacity: 8M
 Heap Initial Capacity: 126M
 Heap Max Capacity: 2012M
 Pre-touch: Disabled
 Parallel Workers: 8
 Concurrent Workers: 2
 Concurrent Refinement Workers: 8
 Periodic GC: Disabled

Heap:
 garbage-first heap   total 297984K, used 140413K [0x0000000082400000, 0x0000000100000000)
  region size 1024K, 6 young (6144K), 6 survivors (6144K)
 Metaspace       used 27736K, committed 28032K, reserved 1081344K
  class space    used 3427K, committed 3584K, reserved 1048576K

Heap Regions: E=young(eden), S=young(survivor), O=old, HS=humongous(starts), HC=humongous(continues), CS=collection set, F=free, OA=open archive, CA=closed archive, TAMS=top-at-mark-start (previous, next)
|   0|0x0000000082400000, 0x0000000082500000, 0x0000000082500000|100%|HS|  |TAMS 0x0000000082400000, 0x0000000082500000| Complete 
|   1|0x0000000082500000, 0x0000000082600000, 0x0000000082600000|100%|HC|  |TAMS 0x0000000082500000, 0x0000000082600000| Complete 
|   2|0x0000000082600000, 0x0000000082700000, 0x0000000082700000|100%|HC|  |TAMS 0x0000000082600000, 0x0000000082700000| Complete 
|   3|0x0000000082700000, 0x0000000082700000, 0x0000000082800000|  0%| F|  |TAMS 0x0000000082700000, 0x0000000082700000| Untracked 
|   4|0x0000000082800000, 0x0000000082800000, 0x0000000082900000|  0%| F|  |TAMS 0x0000000082800000, 0x0000000082800000| Untracked 
|   5|0x0000000082900000, 0x0000000082900000, 0x0000000082a00000|  0%| F|  |TAMS 0x0000000082900000, 0x0000000082900000| Untracked 
|   6|0x0000000082a00000, 0x0000000082b00000, 0x0000000082b00000|100%| O|  |TAMS 0x0000000082b00000, 0x0000000082b00000| Untracked 
|   7|0x0000000082b00000, 0x0000000082c00000, 0x0000000082c00000|100%|HS|  |TAMS 0x0000000082c00000, 0x0000000082c00000| Complete 
|   8|0x0000000082c00000, 0x0000000082d00000, 0x0000000082d00000|100%|HS|  |TAMS 0x0000000082d00000, 0x0000000082d00000| Complete 
|   9|0x0000000082d00000, 0x0000000082e00000, 0x0000000082e00000|100%|HS|  |TAMS 0x0000000082e00000, 0x0000000082e00000| Complete 
|  10|0x0000000082e00000, 0x0000000082f00000, 0x0000000082f00000|100%|HC|  |TAMS 0x0000000082f00000, 0x0000000082f00000| Complete 
|  11|0x0000000082f00000, 0x0000000083000000, 0x0000000083000000|100%|HC|  |TAMS 0x0000000083000000, 0x0000000083000000| Complete 
|  12|0x0000000083000000, 0x0000000083100000, 0x0000000083100000|100%|HC|  |TAMS 0x0000000083100000, 0x0000000083100000| Complete 
|  13|0x0000000083100000, 0x0000000083200000, 0x0000000083200000|100%|HC|  |TAMS 0x0000000083200000, 0x0000000083200000| Complete 
|  14|0x0000000083200000, 0x0000000083300000, 0x0000000083300000|100%|HC|  |TAMS 0x0000000083300000, 0x0000000083300000| Complete 
|  15|0x0000000083300000, 0x0000000083400000, 0x0000000083400000|100%|HC|  |TAMS 0x0000000083400000, 0x0000000083400000| Complete 
|  16|0x0000000083400000, 0x0000000083500000, 0x0000000083500000|100%|HC|  |TAMS 0x0000000083500000, 0x0000000083500000| Complete 
|  17|0x0000000083500000, 0x0000000083600000, 0x0000000083600000|100%|HC|  |TAMS 0x0000000083600000, 0x0000000083600000| Complete 
|  18|0x0000000083600000, 0x0000000083700000, 0x0000000083700000|100%|HC|  |TAMS 0x0000000083700000, 0x0000000083700000| Complete 
|  19|0x0000000083700000, 0x0000000083800000, 0x0000000083800000|100%|HC|  |TAMS 0x0000000083800000, 0x0000000083800000| Complete 
|  20|0x0000000083800000, 0x0000000083900000, 0x0000000083900000|100%|HS|  |TAMS 0x0000000083900000, 0x0000000083900000| Complete 
|  21|0x0000000083900000, 0x0000000083a00000, 0x0000000083a00000|100%|HC|  |TAMS 0x0000000083a00000, 0x0000000083a00000| Complete 
|  22|0x0000000083a00000, 0x0000000083b00000, 0x0000000083b00000|100%|HS|  |TAMS 0x0000000083b00000, 0x0000000083b00000| Complete 
|  23|0x0000000083b00000, 0x0000000083c00000, 0x0000000083c00000|100%|HC|  |TAMS 0x0000000083c00000, 0x0000000083c00000| Complete 
|  24|0x0000000083c00000, 0x0000000083d00000, 0x0000000083d00000|100%|HS|  |TAMS 0x0000000083d00000, 0x0000000083d00000| Complete 
|  25|0x0000000083d00000, 0x0000000083e00000, 0x0000000083e00000|100%|HS|  |TAMS 0x0000000083e00000, 0x0000000083e00000| Complete 
|  26|0x0000000083e00000, 0x0000000083f00000, 0x0000000083f00000|100%|HC|  |TAMS 0x0000000083f00000, 0x0000000083f00000| Complete 
|  27|0x0000000083f00000, 0x0000000084000000, 0x0000000084000000|100%|HS|  |TAMS 0x0000000084000000, 0x0000000084000000| Complete 
|  28|0x0000000084000000, 0x0000000084100000, 0x0000000084100000|100%|HC|  |TAMS 0x0000000084100000, 0x0000000084100000| Complete 
|  29|0x0000000084100000, 0x0000000084200000, 0x0000000084200000|100%|HS|  |TAMS 0x0000000084200000, 0x0000000084200000| Complete 
|  30|0x0000000084200000, 0x0000000084300000, 0x0000000084300000|100%|HC|  |TAMS 0x0000000084300000, 0x0000000084300000| Complete 
|  31|0x0000000084300000, 0x0000000084400000, 0x0000000084400000|100%|HC|  |TAMS 0x0000000084400000, 0x0000000084400000| Complete 
|  32|0x0000000084400000, 0x0000000084500000, 0x0000000084500000|100%|HS|  |TAMS 0x0000000084500000, 0x0000000084500000| Complete 
|  33|0x0000000084500000, 0x0000000084600000, 0x0000000084600000|100%|HC|  |TAMS 0x0000000084600000, 0x0000000084600000| Complete 
|  34|0x0000000084600000, 0x0000000084700000, 0x0000000084700000|100%|HS|  |TAMS 0x0000000084700000, 0x0000000084700000| Complete 
|  35|0x0000000084700000, 0x0000000084800000, 0x0000000084800000|100%|HC|  |TAMS 0x0000000084800000, 0x0000000084800000| Complete 
|  36|0x0000000084800000, 0x0000000084900000, 0x0000000084900000|100%|HC|  |TAMS 0x0000000084900000, 0x0000000084900000| Complete 
|  37|0x0000000084900000, 0x0000000084a00000, 0x0000000084a00000|100%|HS|  |TAMS 0x0000000084a00000, 0x0000000084a00000| Complete 
|  38|0x0000000084a00000, 0x0000000084b00000, 0x0000000084b00000|100%|HS|  |TAMS 0x0000000084b00000, 0x0000000084b00000| Complete 
|  39|0x0000000084b00000, 0x0000000084c00000, 0x0000000084c00000|100%|HC|  |TAMS 0x0000000084c00000, 0x0000000084c00000| Complete 
|  40|0x0000000084c00000, 0x0000000084d00000, 0x0000000084d00000|100%|HS|  |TAMS 0x0000000084d00000, 0x0000000084d00000| Complete 
|  41|0x0000000084d00000, 0x0000000084e00000, 0x0000000084e00000|100%|HS|  |TAMS 0x0000000084e00000, 0x0000000084e00000| Complete 
|  42|0x0000000084e00000, 0x0000000084f00000, 0x0000000084f00000|100%|HC|  |TAMS 0x0000000084f00000, 0x0000000084f00000| Complete 
|  43|0x0000000084f00000, 0x0000000085000000, 0x0000000085000000|100%|HC|  |TAMS 0x0000000085000000, 0x0000000085000000| Complete 
|  44|0x0000000085000000, 0x0000000085100000, 0x0000000085100000|100%|HC|  |TAMS 0x0000000085100000, 0x0000000085100000| Complete 
|  45|0x0000000085100000, 0x0000000085200000, 0x0000000085200000|100%|HS|  |TAMS 0x0000000085200000, 0x0000000085200000| Complete 
|  46|0x0000000085200000, 0x0000000085300000, 0x0000000085300000|100%|HC|  |TAMS 0x0000000085300000, 0x0000000085300000| Complete 
|  47|0x0000000085300000, 0x0000000085400000, 0x0000000085400000|100%|HC|  |TAMS 0x0000000085400000, 0x0000000085400000| Complete 
|  48|0x0000000085400000, 0x0000000085500000, 0x0000000085500000|100%|HS|  |TAMS 0x0000000085500000, 0x0000000085500000| Complete 
|  49|0x0000000085500000, 0x0000000085600000, 0x0000000085600000|100%|HC|  |TAMS 0x0000000085600000, 0x0000000085600000| Complete 
|  50|0x0000000085600000, 0x0000000085700000, 0x0000000085700000|100%|HS|  |TAMS 0x0000000085700000, 0x0000000085700000| Complete 
|  51|0x0000000085700000, 0x0000000085800000, 0x0000000085800000|100%|HC|  |TAMS 0x0000000085800000, 0x0000000085800000| Complete 
|  52|0x0000000085800000, 0x0000000085900000, 0x0000000085900000|100%|HS|  |TAMS 0x0000000085900000, 0x0000000085900000| Complete 
|  53|0x0000000085900000, 0x0000000085a00000, 0x0000000085a00000|100%|HS|  |TAMS 0x0000000085a00000, 0x0000000085a00000| Complete 
|  54|0x0000000085a00000, 0x0000000085b00000, 0x0000000085b00000|100%|HS|  |TAMS 0x0000000085b00000, 0x0000000085b00000| Complete 
|  55|0x0000000085b00000, 0x0000000085c00000, 0x0000000085c00000|100%|HC|  |TAMS 0x0000000085c00000, 0x0000000085c00000| Complete 
|  56|0x0000000085c00000, 0x0000000085d00000, 0x0000000085d00000|100%| O|  |TAMS 0x0000000085d00000, 0x0000000085d00000| Untracked 
|  57|0x0000000085d00000, 0x0000000085e00000, 0x0000000085e00000|100%| O|  |TAMS 0x0000000085e00000, 0x0000000085e00000| Untracked 
|  58|0x0000000085e00000, 0x0000000085f00000, 0x0000000085f00000|100%| O|  |TAMS 0x0000000085f00000, 0x0000000085f00000| Untracked 
|  59|0x0000000085f00000, 0x0000000086000000, 0x0000000086000000|100%| O|  |TAMS 0x0000000086000000, 0x0000000086000000| Untracked 
|  60|0x0000000086000000, 0x0000000086100000, 0x0000000086100000|100%|HS|  |TAMS 0x0000000086100000, 0x0000000086100000| Complete 
|  61|0x0000000086100000, 0x0000000086200000, 0x0000000086200000|100%| O|  |TAMS 0x0000000086200000, 0x0000000086200000| Untracked 
|  62|0x0000000086200000, 0x0000000086300000, 0x0000000086300000|100%| O|  |TAMS 0x0000000086300000, 0x0000000086300000| Untracked 
|  63|0x0000000086300000, 0x00000000863e0800, 0x0000000086400000| 87%| O|  |TAMS 0x00000000863e0800, 0x00000000863e0800| Untracked 
|  64|0x0000000086400000, 0x0000000086500000, 0x0000000086500000|100%|HS|  |TAMS 0x0000000086500000, 0x0000000086500000| Complete 
|  65|0x0000000086500000, 0x0000000086600000, 0x0000000086600000|100%|HC|  |TAMS 0x0000000086600000, 0x0000000086600000| Complete 
|  66|0x0000000086600000, 0x0000000086700000, 0x0000000086700000|100%|HC|  |TAMS 0x0000000086700000, 0x0000000086700000| Complete 
|  67|0x0000000086700000, 0x0000000086800000, 0x0000000086800000|100%|HC|  |TAMS 0x0000000086800000, 0x0000000086800000| Complete 
|  68|0x0000000086800000, 0x0000000086900000, 0x0000000086900000|100%|HC|  |TAMS 0x0000000086900000, 0x0000000086900000| Complete 
|  69|0x0000000086900000, 0x0000000086a00000, 0x0000000086a00000|100%|HS|  |TAMS 0x0000000086a00000, 0x0000000086a00000| Complete 
|  70|0x0000000086a00000, 0x0000000086b00000, 0x0000000086b00000|100%|HC|  |TAMS 0x0000000086b00000, 0x0000000086b00000| Complete 
|  71|0x0000000086b00000, 0x0000000086c00000, 0x0000000086c00000|100%|HS|  |TAMS 0x0000000086c00000, 0x0000000086c00000| Complete 
|  72|0x0000000086c00000, 0x0000000086d00000, 0x0000000086d00000|100%|HC|  |TAMS 0x0000000086d00000, 0x0000000086d00000| Complete 
|  73|0x0000000086d00000, 0x0000000086e00000, 0x0000000086e00000|100%|HC|  |TAMS 0x0000000086e00000, 0x0000000086e00000| Complete 
|  74|0x0000000086e00000, 0x0000000086f00000, 0x0000000086f00000|100%|HC|  |TAMS 0x0000000086f00000, 0x0000000086f00000| Complete 
|  75|0x0000000086f00000, 0x0000000087000000, 0x0000000087000000|100%|HC|  |TAMS 0x0000000087000000, 0x0000000087000000| Complete 
|  76|0x0000000087000000, 0x0000000087100000, 0x0000000087100000|100%|HS|  |TAMS 0x0000000087100000, 0x0000000087100000| Complete 
|  77|0x0000000087100000, 0x0000000087200000, 0x0000000087200000|100%|HC|  |TAMS 0x0000000087200000, 0x0000000087200000| Complete 
|  78|0x0000000087200000, 0x0000000087300000, 0x0000000087300000|100%|HC|  |TAMS 0x0000000087300000, 0x0000000087300000| Complete 
|  79|0x0000000087300000, 0x0000000087400000, 0x0000000087400000|100%|HC|  |TAMS 0x0000000087400000, 0x0000000087400000| Complete 
|  80|0x0000000087400000, 0x0000000087500000, 0x0000000087500000|100%|HC|  |TAMS 0x0000000087500000, 0x0000000087500000| Complete 
|  81|0x0000000087500000, 0x0000000087600000, 0x0000000087600000|100%|HS|  |TAMS 0x0000000087600000, 0x0000000087600000| Complete 
|  82|0x0000000087600000, 0x0000000087700000, 0x0000000087700000|100%|HS|  |TAMS 0x0000000087700000, 0x0000000087700000| Complete 
|  83|0x0000000087700000, 0x0000000087800000, 0x0000000087800000|100%|HC|  |TAMS 0x0000000087800000, 0x0000000087800000| Complete 
|  84|0x0000000087800000, 0x0000000087900000, 0x0000000087900000|100%|HS|  |TAMS 0x0000000087900000, 0x0000000087900000| Complete 
|  85|0x0000000087900000, 0x0000000087a00000, 0x0000000087a00000|100%|HS|  |TAMS 0x0000000087a00000, 0x0000000087a00000| Complete 
|  86|0x0000000087a00000, 0x0000000087b00000, 0x0000000087b00000|100%|HC|  |TAMS 0x0000000087b00000, 0x0000000087b00000| Complete 
|  87|0x0000000087b00000, 0x0000000087c00000, 0x0000000087c00000|100%|HS|  |TAMS 0x0000000087c00000, 0x0000000087c00000| Complete 
|  88|0x0000000087c00000, 0x0000000087d00000, 0x0000000087d00000|100%|HC|  |TAMS 0x0000000087d00000, 0x0000000087d00000| Complete 
|  89|0x0000000087d00000, 0x0000000087e00000, 0x0000000087e00000|100%|HS|  |TAMS 0x0000000087e00000, 0x0000000087e00000| Complete 
|  90|0x0000000087e00000, 0x0000000087f00000, 0x0000000087f00000|100%|HS|  |TAMS 0x0000000087f00000, 0x0000000087f00000| Complete 
|  91|0x0000000087f00000, 0x0000000088000000, 0x0000000088000000|100%|HC|  |TAMS 0x0000000088000000, 0x0000000088000000| Complete 
|  92|0x0000000088000000, 0x0000000088100000, 0x0000000088100000|100%|HS|  |TAMS 0x0000000088100000, 0x0000000088100000| Complete 
|  93|0x0000000088100000, 0x0000000088200000, 0x0000000088200000|100%|HC|  |TAMS 0x0000000088200000, 0x0000000088200000| Complete 
|  94|0x0000000088200000, 0x0000000088300000, 0x0000000088300000|100%|HC|  |TAMS 0x0000000088300000, 0x0000000088300000| Complete 
|  95|0x0000000088300000, 0x0000000088400000, 0x0000000088400000|100%|HC|  |TAMS 0x0000000088400000, 0x0000000088400000| Complete 
|  96|0x0000000088400000, 0x0000000088500000, 0x0000000088500000|100%|HC|  |TAMS 0x0000000088500000, 0x0000000088500000| Complete 
|  97|0x0000000088500000, 0x0000000088600000, 0x0000000088600000|100%|HC|  |TAMS 0x0000000088600000, 0x0000000088600000| Complete 
|  98|0x0000000088600000, 0x0000000088700000, 0x0000000088700000|100%|HS|  |TAMS 0x0000000088700000, 0x0000000088700000| Complete 
|  99|0x0000000088700000, 0x0000000088800000, 0x0000000088800000|100%|HC|  |TAMS 0x0000000088800000, 0x0000000088800000| Complete 
| 100|0x0000000088800000, 0x0000000088900000, 0x0000000088900000|100%|HC|  |TAMS 0x0000000088900000, 0x0000000088900000| Complete 
| 101|0x0000000088900000, 0x0000000088a00000, 0x0000000088a00000|100%|HC|  |TAMS 0x0000000088a00000, 0x0000000088a00000| Complete 
| 102|0x0000000088a00000, 0x0000000088b00000, 0x0000000088b00000|100%|HC|  |TAMS 0x0000000088b00000, 0x0000000088b00000| Complete 
| 103|0x0000000088b00000, 0x0000000088c00000, 0x0000000088c00000|100%|HC|  |TAMS 0x0000000088c00000, 0x0000000088c00000| Complete 
| 104|0x0000000088c00000, 0x0000000088d00000, 0x0000000088d00000|100%|HS|  |TAMS 0x0000000088d00000, 0x0000000088d00000| Complete 
| 105|0x0000000088d00000, 0x0000000088e00000, 0x0000000088e00000|100%|HC|  |TAMS 0x0000000088e00000, 0x0000000088e00000| Complete 
| 106|0x0000000088e00000, 0x0000000088f00000, 0x0000000088f00000|100%|HC|  |TAMS 0x0000000088f00000, 0x0000000088f00000| Complete 
| 107|0x0000000088f00000, 0x0000000089000000, 0x0000000089000000|100%|HC|  |TAMS 0x0000000089000000, 0x0000000089000000| Complete 
| 108|0x0000000089000000, 0x0000000089100000, 0x0000000089100000|100%|HC|  |TAMS 0x0000000089100000, 0x0000000089100000| Complete 
| 109|0x0000000089100000, 0x0000000089200000, 0x0000000089200000|100%|HC|  |TAMS 0x0000000089200000, 0x0000000089200000| Complete 
| 110|0x0000000089200000, 0x0000000089300000, 0x0000000089300000|100%|HS|  |TAMS 0x0000000089300000, 0x0000000089300000| Complete 
| 111|0x0000000089300000, 0x0000000089400000, 0x0000000089400000|100%|HS|  |TAMS 0x0000000089400000, 0x0000000089400000| Complete 
| 112|0x0000000089400000, 0x0000000089500000, 0x0000000089500000|100%|HS|  |TAMS 0x0000000089500000, 0x0000000089500000| Complete 
| 113|0x0000000089500000, 0x0000000089600000, 0x0000000089600000|100%|HC|  |TAMS 0x0000000089600000, 0x0000000089600000| Complete 
| 114|0x0000000089600000, 0x0000000089700000, 0x0000000089700000|100%|HC|  |TAMS 0x0000000089700000, 0x0000000089700000| Complete 
| 115|0x0000000089700000, 0x0000000089800000, 0x0000000089800000|100%|HC|  |TAMS 0x0000000089800000, 0x0000000089800000| Complete 
| 116|0x0000000089800000, 0x0000000089900000, 0x0000000089900000|100%|HC|  |TAMS 0x0000000089900000, 0x0000000089900000| Complete 
| 117|0x0000000089900000, 0x0000000089a00000, 0x0000000089a00000|100%|HC|  |TAMS 0x0000000089a00000, 0x0000000089a00000| Complete 
| 118|0x0000000089a00000, 0x0000000089b00000, 0x0000000089b00000|100%|HC|  |TAMS 0x0000000089b00000, 0x0000000089b00000| Complete 
| 119|0x0000000089b00000, 0x0000000089c00000, 0x0000000089c00000|100%|HC|  |TAMS 0x0000000089c00000, 0x0000000089c00000| Complete 
| 120|0x0000000089c00000, 0x0000000089d00000, 0x0000000089d00000|100%|HC|  |TAMS 0x0000000089d00000, 0x0000000089d00000| Complete 
| 121|0x0000000089d00000, 0x0000000089e00000, 0x0000000089e00000|100%|HC|  |TAMS 0x0000000089e00000, 0x0000000089e00000| Complete 
| 122|0x0000000089e00000, 0x0000000089f00000, 0x0000000089f00000|100%|HC|  |TAMS 0x0000000089f00000, 0x0000000089f00000| Complete 
| 123|0x0000000089f00000, 0x000000008a000000, 0x000000008a000000|100%|HS|  |TAMS 0x000000008a000000, 0x000000008a000000| Complete 
| 124|0x000000008a000000, 0x000000008a100000, 0x000000008a100000|100%|HC|  |TAMS 0x000000008a100000, 0x000000008a100000| Complete 
| 125|0x000000008a100000, 0x000000008a200000, 0x000000008a200000|100%|HS|  |TAMS 0x000000008a200000, 0x000000008a200000| Complete 
| 126|0x000000008a200000, 0x000000008a300000, 0x000000008a300000|100%|HC|  |TAMS 0x000000008a300000, 0x000000008a300000| Complete 
| 127|0x000000008a300000, 0x000000008a400000, 0x000000008a400000|100%|HS|  |TAMS 0x000000008a400000, 0x000000008a400000| Complete 
| 128|0x000000008a400000, 0x000000008a500000, 0x000000008a500000|100%|HS|  |TAMS 0x000000008a500000, 0x000000008a500000| Complete 
| 129|0x000000008a500000, 0x000000008a600000, 0x000000008a600000|100%|HC|  |TAMS 0x000000008a600000, 0x000000008a600000| Complete 
| 130|0x000000008a600000, 0x000000008a700000, 0x000000008a700000|100%|HS|  |TAMS 0x000000008a700000, 0x000000008a700000| Complete 
| 131|0x000000008a700000, 0x000000008a800000, 0x000000008a800000|100%|HC|  |TAMS 0x000000008a800000, 0x000000008a800000| Complete 
| 132|0x000000008a800000, 0x000000008a900000, 0x000000008a900000|100%|HC|  |TAMS 0x000000008a900000, 0x000000008a900000| Complete 
| 133|0x000000008a900000, 0x000000008aa00000, 0x000000008aa00000|100%|HS|  |TAMS 0x000000008a900000, 0x000000008aa00000| Complete 
| 134|0x000000008aa00000, 0x000000008ab00000, 0x000000008ab00000|100%|HC|  |TAMS 0x000000008aa00000, 0x000000008ab00000| Complete 
| 135|0x000000008ab00000, 0x000000008ab00000, 0x000000008ac00000|  0%| F|  |TAMS 0x000000008ab00000, 0x000000008ab00000| Untracked 
| 136|0x000000008ac00000, 0x000000008ac00000, 0x000000008ad00000|  0%| F|  |TAMS 0x000000008ac00000, 0x000000008ac00000| Untracked 
| 137|0x000000008ad00000, 0x000000008ad00000, 0x000000008ae00000|  0%| F|  |TAMS 0x000000008ad00000, 0x000000008ad00000| Untracked 
| 138|0x000000008ae00000, 0x000000008ae00000, 0x000000008af00000|  0%| F|  |TAMS 0x000000008ae00000, 0x000000008ae00000| Untracked 
| 139|0x000000008af00000, 0x000000008af00000, 0x000000008b000000|  0%| F|  |TAMS 0x000000008af00000, 0x000000008af00000| Untracked 
| 140|0x000000008b000000, 0x000000008b000000, 0x000000008b100000|  0%| F|  |TAMS 0x000000008b000000, 0x000000008b000000| Untracked 
| 141|0x000000008b100000, 0x000000008b100000, 0x000000008b200000|  0%| F|  |TAMS 0x000000008b100000, 0x000000008b100000| Untracked 
| 142|0x000000008b200000, 0x000000008b200000, 0x000000008b300000|  0%| F|  |TAMS 0x000000008b200000, 0x000000008b200000| Untracked 
| 143|0x000000008b300000, 0x000000008b300000, 0x000000008b400000|  0%| F|  |TAMS 0x000000008b300000, 0x000000008b300000| Untracked 
| 144|0x000000008b400000, 0x000000008b400000, 0x000000008b500000|  0%| F|  |TAMS 0x000000008b400000, 0x000000008b400000| Untracked 
| 145|0x000000008b500000, 0x000000008b500000, 0x000000008b600000|  0%| F|  |TAMS 0x000000008b500000, 0x000000008b500000| Untracked 
| 146|0x000000008b600000, 0x000000008b600000, 0x000000008b700000|  0%| F|  |TAMS 0x000000008b600000, 0x000000008b600000| Untracked 
| 147|0x000000008b700000, 0x000000008b700000, 0x000000008b800000|  0%| F|  |TAMS 0x000000008b700000, 0x000000008b700000| Untracked 
| 148|0x000000008b800000, 0x000000008b800000, 0x000000008b900000|  0%| F|  |TAMS 0x000000008b800000, 0x000000008b800000| Untracked 
| 149|0x000000008b900000, 0x000000008b900000, 0x000000008ba00000|  0%| F|  |TAMS 0x000000008b900000, 0x000000008b900000| Untracked 
| 150|0x000000008ba00000, 0x000000008ba00000, 0x000000008bb00000|  0%| F|  |TAMS 0x000000008ba00000, 0x000000008ba00000| Untracked 
| 151|0x000000008bb00000, 0x000000008bb00000, 0x000000008bc00000|  0%| F|  |TAMS 0x000000008bb00000, 0x000000008bb00000| Untracked 
| 152|0x000000008bc00000, 0x000000008bc00000, 0x000000008bd00000|  0%| F|  |TAMS 0x000000008bc00000, 0x000000008bc00000| Untracked 
| 153|0x000000008bd00000, 0x000000008bd00000, 0x000000008be00000|  0%| F|  |TAMS 0x000000008bd00000, 0x000000008bd00000| Untracked 
| 154|0x000000008be00000, 0x000000008be00000, 0x000000008bf00000|  0%| F|  |TAMS 0x000000008be00000, 0x000000008be00000| Untracked 
| 155|0x000000008bf00000, 0x000000008bf00000, 0x000000008c000000|  0%| F|  |TAMS 0x000000008bf00000, 0x000000008bf00000| Untracked 
| 156|0x000000008c000000, 0x000000008c000000, 0x000000008c100000|  0%| F|  |TAMS 0x000000008c000000, 0x000000008c000000| Untracked 
| 157|0x000000008c100000, 0x000000008c100000, 0x000000008c200000|  0%| F|  |TAMS 0x000000008c100000, 0x000000008c100000| Untracked 
| 158|0x000000008c200000, 0x000000008c200000, 0x000000008c300000|  0%| F|  |TAMS 0x000000008c200000, 0x000000008c200000| Untracked 
| 159|0x000000008c300000, 0x000000008c300000, 0x000000008c400000|  0%| F|  |TAMS 0x000000008c300000, 0x000000008c300000| Untracked 
| 160|0x000000008c400000, 0x000000008c400000, 0x000000008c500000|  0%| F|  |TAMS 0x000000008c400000, 0x000000008c400000| Untracked 
| 161|0x000000008c500000, 0x000000008c500000, 0x000000008c600000|  0%| F|  |TAMS 0x000000008c500000, 0x000000008c500000| Untracked 
| 162|0x000000008c600000, 0x000000008c600000, 0x000000008c700000|  0%| F|  |TAMS 0x000000008c600000, 0x000000008c600000| Untracked 
| 163|0x000000008c700000, 0x000000008c700000, 0x000000008c800000|  0%| F|  |TAMS 0x000000008c700000, 0x000000008c700000| Untracked 
| 164|0x000000008c800000, 0x000000008c800000, 0x000000008c900000|  0%| F|  |TAMS 0x000000008c800000, 0x000000008c800000| Untracked 
| 165|0x000000008c900000, 0x000000008c900000, 0x000000008ca00000|  0%| F|  |TAMS 0x000000008c900000, 0x000000008c900000| Untracked 
| 166|0x000000008ca00000, 0x000000008ca00000, 0x000000008cb00000|  0%| F|  |TAMS 0x000000008ca00000, 0x000000008ca00000| Untracked 
| 167|0x000000008cb00000, 0x000000008cb00000, 0x000000008cc00000|  0%| F|  |TAMS 0x000000008cb00000, 0x000000008cb00000| Untracked 
| 168|0x000000008cc00000, 0x000000008cc00000, 0x000000008cd00000|  0%| F|  |TAMS 0x000000008cc00000, 0x000000008cc00000| Untracked 
| 169|0x000000008cd00000, 0x000000008cd00000, 0x000000008ce00000|  0%| F|  |TAMS 0x000000008cd00000, 0x000000008cd00000| Untracked 
| 170|0x000000008ce00000, 0x000000008ce00000, 0x000000008cf00000|  0%| F|  |TAMS 0x000000008ce00000, 0x000000008ce00000| Untracked 
| 171|0x000000008cf00000, 0x000000008cf00000, 0x000000008d000000|  0%| F|  |TAMS 0x000000008cf00000, 0x000000008cf00000| Untracked 
| 172|0x000000008d000000, 0x000000008d000000, 0x000000008d100000|  0%| F|  |TAMS 0x000000008d000000, 0x000000008d000000| Untracked 
| 173|0x000000008d100000, 0x000000008d100000, 0x000000008d200000|  0%| F|  |TAMS 0x000000008d100000, 0x000000008d100000| Untracked 
| 174|0x000000008d200000, 0x000000008d200000, 0x000000008d300000|  0%| F|  |TAMS 0x000000008d200000, 0x000000008d200000| Untracked 
| 175|0x000000008d300000, 0x000000008d300000, 0x000000008d400000|  0%| F|  |TAMS 0x000000008d300000, 0x000000008d300000| Untracked 
| 176|0x000000008d400000, 0x000000008d400000, 0x000000008d500000|  0%| F|  |TAMS 0x000000008d400000, 0x000000008d400000| Untracked 
| 177|0x000000008d500000, 0x000000008d500000, 0x000000008d600000|  0%| F|  |TAMS 0x000000008d500000, 0x000000008d500000| Untracked 
| 178|0x000000008d600000, 0x000000008d600000, 0x000000008d700000|  0%| F|  |TAMS 0x000000008d600000, 0x000000008d600000| Untracked 
| 179|0x000000008d700000, 0x000000008d700000, 0x000000008d800000|  0%| F|  |TAMS 0x000000008d700000, 0x000000008d700000| Untracked 
| 180|0x000000008d800000, 0x000000008d800000, 0x000000008d900000|  0%| F|  |TAMS 0x000000008d800000, 0x000000008d800000| Untracked 
| 181|0x000000008d900000, 0x000000008d900000, 0x000000008da00000|  0%| F|  |TAMS 0x000000008d900000, 0x000000008d900000| Untracked 
| 182|0x000000008da00000, 0x000000008da00000, 0x000000008db00000|  0%| F|  |TAMS 0x000000008da00000, 0x000000008da00000| Untracked 
| 183|0x000000008db00000, 0x000000008db00000, 0x000000008dc00000|  0%| F|  |TAMS 0x000000008db00000, 0x000000008db00000| Untracked 
| 184|0x000000008dc00000, 0x000000008dc00000, 0x000000008dd00000|  0%| F|  |TAMS 0x000000008dc00000, 0x000000008dc00000| Untracked 
| 185|0x000000008dd00000, 0x000000008dd00000, 0x000000008de00000|  0%| F|  |TAMS 0x000000008dd00000, 0x000000008dd00000| Untracked 
| 186|0x000000008de00000, 0x000000008de00000, 0x000000008df00000|  0%| F|  |TAMS 0x000000008de00000, 0x000000008de00000| Untracked 
| 187|0x000000008df00000, 0x000000008df00000, 0x000000008e000000|  0%| F|  |TAMS 0x000000008df00000, 0x000000008df00000| Untracked 
| 188|0x000000008e000000, 0x000000008e000000, 0x000000008e100000|  0%| F|  |TAMS 0x000000008e000000, 0x000000008e000000| Untracked 
| 189|0x000000008e100000, 0x000000008e100000, 0x000000008e200000|  0%| F|  |TAMS 0x000000008e100000, 0x000000008e100000| Untracked 
| 190|0x000000008e200000, 0x000000008e200000, 0x000000008e300000|  0%| F|  |TAMS 0x000000008e200000, 0x000000008e200000| Untracked 
| 191|0x000000008e300000, 0x000000008e300000, 0x000000008e400000|  0%| F|  |TAMS 0x000000008e300000, 0x000000008e300000| Untracked 
| 192|0x000000008e400000, 0x000000008e400000, 0x000000008e500000|  0%| F|  |TAMS 0x000000008e400000, 0x000000008e400000| Untracked 
| 193|0x000000008e500000, 0x000000008e500000, 0x000000008e600000|  0%| F|  |TAMS 0x000000008e500000, 0x000000008e500000| Untracked 
| 194|0x000000008e600000, 0x000000008e600000, 0x000000008e700000|  0%| F|  |TAMS 0x000000008e600000, 0x000000008e600000| Untracked 
| 195|0x000000008e700000, 0x000000008e700000, 0x000000008e800000|  0%| F|  |TAMS 0x000000008e700000, 0x000000008e700000| Untracked 
| 196|0x000000008e800000, 0x000000008e800000, 0x000000008e900000|  0%| F|  |TAMS 0x000000008e800000, 0x000000008e800000| Untracked 
| 197|0x000000008e900000, 0x000000008e900000, 0x000000008ea00000|  0%| F|  |TAMS 0x000000008e900000, 0x000000008e900000| Untracked 
| 198|0x000000008ea00000, 0x000000008ea00000, 0x000000008eb00000|  0%| F|  |TAMS 0x000000008ea00000, 0x000000008ea00000| Untracked 
| 199|0x000000008eb00000, 0x000000008eb00000, 0x000000008ec00000|  0%| F|  |TAMS 0x000000008eb00000, 0x000000008eb00000| Untracked 
| 200|0x000000008ec00000, 0x000000008ec00000, 0x000000008ed00000|  0%| F|  |TAMS 0x000000008ec00000, 0x000000008ec00000| Untracked 
| 201|0x000000008ed00000, 0x000000008ed00000, 0x000000008ee00000|  0%| F|  |TAMS 0x000000008ed00000, 0x000000008ed00000| Untracked 
| 202|0x000000008ee00000, 0x000000008ee00000, 0x000000008ef00000|  0%| F|  |TAMS 0x000000008ee00000, 0x000000008ee00000| Untracked 
| 203|0x000000008ef00000, 0x000000008ef00000, 0x000000008f000000|  0%| F|  |TAMS 0x000000008ef00000, 0x000000008ef00000| Untracked 
| 204|0x000000008f000000, 0x000000008f000000, 0x000000008f100000|  0%| F|  |TAMS 0x000000008f000000, 0x000000008f000000| Untracked 
| 205|0x000000008f100000, 0x000000008f100000, 0x000000008f200000|  0%| F|  |TAMS 0x000000008f100000, 0x000000008f100000| Untracked 
| 206|0x000000008f200000, 0x000000008f200000, 0x000000008f300000|  0%| F|  |TAMS 0x000000008f200000, 0x000000008f200000| Untracked 
| 207|0x000000008f300000, 0x000000008f300000, 0x000000008f400000|  0%| F|  |TAMS 0x000000008f300000, 0x000000008f300000| Untracked 
| 208|0x000000008f400000, 0x000000008f400000, 0x000000008f500000|  0%| F|  |TAMS 0x000000008f400000, 0x000000008f400000| Untracked 
| 209|0x000000008f500000, 0x000000008f500000, 0x000000008f600000|  0%| F|  |TAMS 0x000000008f500000, 0x000000008f500000| Untracked 
| 210|0x000000008f600000, 0x000000008f600000, 0x000000008f700000|  0%| F|  |TAMS 0x000000008f600000, 0x000000008f600000| Untracked 
| 211|0x000000008f700000, 0x000000008f700000, 0x000000008f800000|  0%| F|  |TAMS 0x000000008f700000, 0x000000008f700000| Untracked 
| 212|0x000000008f800000, 0x000000008f800000, 0x000000008f900000|  0%| F|  |TAMS 0x000000008f800000, 0x000000008f800000| Untracked 
| 213|0x000000008f900000, 0x000000008f900000, 0x000000008fa00000|  0%| F|  |TAMS 0x000000008f900000, 0x000000008f900000| Untracked 
| 214|0x000000008fa00000, 0x000000008fa00000, 0x000000008fb00000|  0%| F|  |TAMS 0x000000008fa00000, 0x000000008fa00000| Untracked 
| 215|0x000000008fb00000, 0x000000008fb00000, 0x000000008fc00000|  0%| F|  |TAMS 0x000000008fb00000, 0x000000008fb00000| Untracked 
| 216|0x000000008fc00000, 0x000000008fc00000, 0x000000008fd00000|  0%| F|  |TAMS 0x000000008fc00000, 0x000000008fc00000| Untracked 
| 217|0x000000008fd00000, 0x000000008fd00000, 0x000000008fe00000|  0%| F|  |TAMS 0x000000008fd00000, 0x000000008fd00000| Untracked 
| 218|0x000000008fe00000, 0x000000008fe00000, 0x000000008ff00000|  0%| F|  |TAMS 0x000000008fe00000, 0x000000008fe00000| Untracked 
| 219|0x000000008ff00000, 0x000000008ff00000, 0x0000000090000000|  0%| F|  |TAMS 0x000000008ff00000, 0x000000008ff00000| Untracked 
| 220|0x0000000090000000, 0x0000000090000000, 0x0000000090100000|  0%| F|  |TAMS 0x0000000090000000, 0x0000000090000000| Untracked 
| 221|0x0000000090100000, 0x0000000090100000, 0x0000000090200000|  0%| F|  |TAMS 0x0000000090100000, 0x0000000090100000| Untracked 
| 222|0x0000000090200000, 0x0000000090200000, 0x0000000090300000|  0%| F|  |TAMS 0x0000000090200000, 0x0000000090200000| Untracked 
| 223|0x0000000090300000, 0x0000000090300000, 0x0000000090400000|  0%| F|  |TAMS 0x0000000090300000, 0x0000000090300000| Untracked 
| 224|0x0000000090400000, 0x0000000090400000, 0x0000000090500000|  0%| F|  |TAMS 0x0000000090400000, 0x0000000090400000| Untracked 
| 225|0x0000000090500000, 0x0000000090500000, 0x0000000090600000|  0%| F|  |TAMS 0x0000000090500000, 0x0000000090500000| Untracked 
| 226|0x0000000090600000, 0x0000000090600000, 0x0000000090700000|  0%| F|  |TAMS 0x0000000090600000, 0x0000000090600000| Untracked 
| 227|0x0000000090700000, 0x0000000090700000, 0x0000000090800000|  0%| F|  |TAMS 0x0000000090700000, 0x0000000090700000| Untracked 
| 228|0x0000000090800000, 0x0000000090800000, 0x0000000090900000|  0%| F|  |TAMS 0x0000000090800000, 0x0000000090800000| Untracked 
| 229|0x0000000090900000, 0x0000000090900000, 0x0000000090a00000|  0%| F|  |TAMS 0x0000000090900000, 0x0000000090900000| Untracked 
| 230|0x0000000090a00000, 0x0000000090a00000, 0x0000000090b00000|  0%| F|  |TAMS 0x0000000090a00000, 0x0000000090a00000| Untracked 
| 231|0x0000000090b00000, 0x0000000090b00000, 0x0000000090c00000|  0%| F|  |TAMS 0x0000000090b00000, 0x0000000090b00000| Untracked 
| 232|0x0000000090c00000, 0x0000000090c00000, 0x0000000090d00000|  0%| F|  |TAMS 0x0000000090c00000, 0x0000000090c00000| Untracked 
| 233|0x0000000090d00000, 0x0000000090d00000, 0x0000000090e00000|  0%| F|  |TAMS 0x0000000090d00000, 0x0000000090d00000| Untracked 
| 234|0x0000000090e00000, 0x0000000090e00000, 0x0000000090f00000|  0%| F|  |TAMS 0x0000000090e00000, 0x0000000090e00000| Untracked 
| 235|0x0000000090f00000, 0x0000000090f00000, 0x0000000091000000|  0%| F|  |TAMS 0x0000000090f00000, 0x0000000090f00000| Untracked 
| 236|0x0000000091000000, 0x0000000091000000, 0x0000000091100000|  0%| F|  |TAMS 0x0000000091000000, 0x0000000091000000| Untracked 
| 237|0x0000000091100000, 0x0000000091100000, 0x0000000091200000|  0%| F|  |TAMS 0x0000000091100000, 0x0000000091100000| Untracked 
| 238|0x0000000091200000, 0x0000000091200000, 0x0000000091300000|  0%| F|  |TAMS 0x0000000091200000, 0x0000000091200000| Untracked 
| 239|0x0000000091300000, 0x0000000091300000, 0x0000000091400000|  0%| F|  |TAMS 0x0000000091300000, 0x0000000091300000| Untracked 
| 240|0x0000000091400000, 0x0000000091400000, 0x0000000091500000|  0%| F|  |TAMS 0x0000000091400000, 0x0000000091400000| Untracked 
| 241|0x0000000091500000, 0x0000000091500000, 0x0000000091600000|  0%| F|  |TAMS 0x0000000091500000, 0x0000000091500000| Untracked 
| 242|0x0000000091600000, 0x0000000091600000, 0x0000000091700000|  0%| F|  |TAMS 0x0000000091600000, 0x0000000091600000| Untracked 
| 243|0x0000000091700000, 0x0000000091700000, 0x0000000091800000|  0%| F|  |TAMS 0x0000000091700000, 0x0000000091700000| Untracked 
| 244|0x0000000091800000, 0x0000000091800000, 0x0000000091900000|  0%| F|  |TAMS 0x0000000091800000, 0x0000000091800000| Untracked 
| 245|0x0000000091900000, 0x0000000091900000, 0x0000000091a00000|  0%| F|  |TAMS 0x0000000091900000, 0x0000000091900000| Untracked 
| 246|0x0000000091a00000, 0x0000000091a00000, 0x0000000091b00000|  0%| F|  |TAMS 0x0000000091a00000, 0x0000000091a00000| Untracked 
| 247|0x0000000091b00000, 0x0000000091b00000, 0x0000000091c00000|  0%| F|  |TAMS 0x0000000091b00000, 0x0000000091b00000| Untracked 
| 248|0x0000000091c00000, 0x0000000091c00000, 0x0000000091d00000|  0%| F|  |TAMS 0x0000000091c00000, 0x0000000091c00000| Untracked 
| 249|0x0000000091d00000, 0x0000000091d00000, 0x0000000091e00000|  0%| F|  |TAMS 0x0000000091d00000, 0x0000000091d00000| Untracked 
| 250|0x0000000091e00000, 0x0000000091e00000, 0x0000000091f00000|  0%| F|  |TAMS 0x0000000091e00000, 0x0000000091e00000| Untracked 
| 251|0x0000000091f00000, 0x0000000091f00000, 0x0000000092000000|  0%| F|  |TAMS 0x0000000091f00000, 0x0000000091f00000| Untracked 
| 252|0x0000000092000000, 0x0000000092000000, 0x0000000092100000|  0%| F|  |TAMS 0x0000000092000000, 0x0000000092000000| Untracked 
| 253|0x0000000092100000, 0x0000000092100000, 0x0000000092200000|  0%| F|  |TAMS 0x0000000092100000, 0x0000000092100000| Untracked 
| 254|0x0000000092200000, 0x0000000092200000, 0x0000000092300000|  0%| F|  |TAMS 0x0000000092200000, 0x0000000092200000| Untracked 
| 255|0x0000000092300000, 0x0000000092300000, 0x0000000092400000|  0%| F|  |TAMS 0x0000000092300000, 0x0000000092300000| Untracked 
| 256|0x0000000092400000, 0x0000000092400000, 0x0000000092500000|  0%| F|  |TAMS 0x0000000092400000, 0x0000000092400000| Untracked 
| 257|0x0000000092500000, 0x0000000092500000, 0x0000000092600000|  0%| F|  |TAMS 0x0000000092500000, 0x0000000092500000| Untracked 
| 258|0x0000000092600000, 0x0000000092600000, 0x0000000092700000|  0%| F|  |TAMS 0x0000000092600000, 0x0000000092600000| Untracked 
| 259|0x0000000092700000, 0x0000000092700000, 0x0000000092800000|  0%| F|  |TAMS 0x0000000092700000, 0x0000000092700000| Untracked 
| 260|0x0000000092800000, 0x0000000092800000, 0x0000000092900000|  0%| F|  |TAMS 0x0000000092800000, 0x0000000092800000| Untracked 
| 261|0x0000000092900000, 0x0000000092900000, 0x0000000092a00000|  0%| F|  |TAMS 0x0000000092900000, 0x0000000092900000| Untracked 
| 262|0x0000000092a00000, 0x0000000092a00000, 0x0000000092b00000|  0%| F|  |TAMS 0x0000000092a00000, 0x0000000092a00000| Untracked 
| 263|0x0000000092b00000, 0x0000000092b00000, 0x0000000092c00000|  0%| F|  |TAMS 0x0000000092b00000, 0x0000000092b00000| Untracked 
| 264|0x0000000092c00000, 0x0000000092c00000, 0x0000000092d00000|  0%| F|  |TAMS 0x0000000092c00000, 0x0000000092c00000| Untracked 
| 265|0x0000000092d00000, 0x0000000092d00000, 0x0000000092e00000|  0%| F|  |TAMS 0x0000000092d00000, 0x0000000092d00000| Untracked 
| 266|0x0000000092e00000, 0x0000000092e00000, 0x0000000092f00000|  0%| F|  |TAMS 0x0000000092e00000, 0x0000000092e00000| Untracked 
| 267|0x0000000092f00000, 0x0000000092f00000, 0x0000000093000000|  0%| F|  |TAMS 0x0000000092f00000, 0x0000000092f00000| Untracked 
| 268|0x0000000093000000, 0x0000000093000000, 0x0000000093100000|  0%| F|  |TAMS 0x0000000093000000, 0x0000000093000000| Untracked 
| 269|0x0000000093100000, 0x0000000093100000, 0x0000000093200000|  0%| F|  |TAMS 0x0000000093100000, 0x0000000093100000| Untracked 
| 270|0x0000000093200000, 0x0000000093200000, 0x0000000093300000|  0%| F|  |TAMS 0x0000000093200000, 0x0000000093200000| Untracked 
| 271|0x0000000093300000, 0x0000000093300000, 0x0000000093400000|  0%| F|  |TAMS 0x0000000093300000, 0x0000000093300000| Untracked 
| 272|0x0000000093400000, 0x0000000093400000, 0x0000000093500000|  0%| F|  |TAMS 0x0000000093400000, 0x0000000093400000| Untracked 
| 273|0x0000000093500000, 0x0000000093500000, 0x0000000093600000|  0%| F|  |TAMS 0x0000000093500000, 0x0000000093500000| Untracked 
| 274|0x0000000093600000, 0x0000000093600000, 0x0000000093700000|  0%| F|  |TAMS 0x0000000093600000, 0x0000000093600000| Untracked 
| 275|0x0000000093700000, 0x0000000093700000, 0x0000000093800000|  0%| F|  |TAMS 0x0000000093700000, 0x0000000093700000| Untracked 
| 276|0x0000000093800000, 0x0000000093800000, 0x0000000093900000|  0%| F|  |TAMS 0x0000000093800000, 0x0000000093800000| Untracked 
| 277|0x0000000093900000, 0x0000000093900000, 0x0000000093a00000|  0%| F|  |TAMS 0x0000000093900000, 0x0000000093900000| Untracked 
| 278|0x0000000093a00000, 0x0000000093a3ed30, 0x0000000093b00000| 24%| S|CS|TAMS 0x0000000093a00000, 0x0000000093a00000| Complete 
| 279|0x0000000093b00000, 0x0000000093c00000, 0x0000000093c00000|100%| S|CS|TAMS 0x0000000093b00000, 0x0000000093b00000| Complete 
| 280|0x0000000093c00000, 0x0000000093d00000, 0x0000000093d00000|100%| S|CS|TAMS 0x0000000093c00000, 0x0000000093c00000| Complete 
| 281|0x0000000093d00000, 0x0000000093e00000, 0x0000000093e00000|100%| S|CS|TAMS 0x0000000093d00000, 0x0000000093d00000| Complete 
| 282|0x0000000093e00000, 0x0000000093f00000, 0x0000000093f00000|100%| S|CS|TAMS 0x0000000093e00000, 0x0000000093e00000| Complete 
| 283|0x0000000093f00000, 0x0000000094000000, 0x0000000094000000|100%| S|CS|TAMS 0x0000000093f00000, 0x0000000093f00000| Complete 
| 284|0x0000000094000000, 0x0000000094000000, 0x0000000094100000|  0%| F|  |TAMS 0x0000000094000000, 0x0000000094000000| Untracked 
| 285|0x0000000094100000, 0x0000000094100000, 0x0000000094200000|  0%| F|  |TAMS 0x0000000094100000, 0x0000000094100000| Untracked 
| 286|0x0000000094200000, 0x0000000094200000, 0x0000000094300000|  0%| F|  |TAMS 0x0000000094200000, 0x0000000094200000| Untracked 
| 287|0x0000000094300000, 0x0000000094300000, 0x0000000094400000|  0%| F|  |TAMS 0x0000000094300000, 0x0000000094300000| Untracked 
| 288|0x0000000094400000, 0x0000000094400000, 0x0000000094500000|  0%| F|  |TAMS 0x0000000094400000, 0x0000000094400000| Untracked 
| 289|0x0000000094500000, 0x0000000094500000, 0x0000000094600000|  0%| F|  |TAMS 0x0000000094500000, 0x0000000094500000| Untracked 
| 290|0x0000000094600000, 0x0000000094600000, 0x0000000094700000|  0%| F|  |TAMS 0x0000000094600000, 0x0000000094600000| Untracked 

Card table byte_map: [0x000002da2f860000,0x000002da2fc50000] _byte_map_base: 0x000002da2f44e000

Marking Bits (Prev, Next): (CMBitMap*) 0x000002da1cac3220, (CMBitMap*) 0x000002da1cac31e0
 Prev Bits: [0x000002da31fb0000, 0x000002da33f20000)
 Next Bits: [0x000002da30040000, 0x000002da31fb0000)

Polling page: 0x000002da1aa30000

Metaspace:

Usage:
  Non-class:     23.74 MB used.
      Class:      3.35 MB used.
       Both:     27.09 MB used.

Virtual space:
  Non-class space:       32.00 MB reserved,      23.88 MB ( 75%) committed,  4 nodes.
      Class space:        1.00 GB reserved,       3.50 MB ( <1%) committed,  1 nodes.
             Both:        1.03 GB reserved,      27.38 MB (  3%) committed. 

Chunk freelists:
   Non-Class:  3.73 MB
       Class:  428.00 KB
        Both:  4.15 MB

MaxMetaspaceSize: unlimited
CompressedClassSpaceSize: 1.00 GB
Initial GC threshold: 21.00 MB
Current GC threshold: 45.62 MB
CDS: off
MetaspaceReclaimPolicy: balanced
 - commit_granule_bytes: 65536.
 - commit_granule_words: 8192.
 - virtual_space_node_default_size: 1048576.
 - enlarge_chunks_in_place: 1.
 - new_chunks_are_fully_committed: 0.
 - uncommit_free_chunks: 1.
 - use_allocation_guard: 0.
 - handle_deallocations: 1.


Internal statistics:

num_allocs_failed_limit: 0.
num_arena_births: 264.
num_arena_deaths: 0.
num_vsnodes_births: 5.
num_vsnodes_deaths: 0.
num_space_committed: 438.
num_space_uncommitted: 0.
num_chunks_returned_to_freelist: 0.
num_chunks_taken_from_freelist: 832.
num_chunk_merges: 0.
num_chunk_splits: 538.
num_chunks_enlarged: 392.
num_purges: 0.
num_inconsistent_stats: 0.

CodeHeap 'non-profiled nmethods': size=120000Kb used=1372Kb max_used=1372Kb free=118627Kb
 bounds [0x000002da27c10000, 0x000002da27e80000, 0x000002da2f140000]
CodeHeap 'profiled nmethods': size=120000Kb used=5280Kb max_used=5280Kb free=114719Kb
 bounds [0x000002da206e0000, 0x000002da20c10000, 0x000002da27c10000]
CodeHeap 'non-nmethods': size=5760Kb used=1488Kb max_used=1560Kb free=4271Kb
 bounds [0x000002da20140000, 0x000002da203b0000, 0x000002da206e0000]
 total_blobs=3822 nmethods=2947 adapters=786
 compilation: enabled
              stopped_count=0, restarted_count=0
 full_count=0

Compilation events (20 events):
Event: 4.666 Thread 0x000002da37420a20 2939  s    4       java.io.BufferedInputStream::read (113 bytes)
Event: 4.668 Thread 0x000002da37421c60 2940       3       com.sun.javafx.collections.ListListenerHelper::addListener (33 bytes)
Event: 4.668 Thread 0x000002da37421c60 nmethod 2940 0x000002da20c03010 code [0x000002da20c03200, 0x000002da20c03738]
Event: 4.668 Thread 0x000002da37421c60 2941       3       com.sun.javafx.collections.ListListenerHelper::<init> (5 bytes)
Event: 4.672 Thread 0x000002da37421c60 nmethod 2941 0x000002da20c03910 code [0x000002da20c03ac0, 0x000002da20c03c78]
Event: 4.672 Thread 0x000002da37421c60 2942       3       javafx.scene.Node::getNodeOrientation (24 bytes)
Event: 4.673 Thread 0x000002da37421c60 nmethod 2942 0x000002da20c03d90 code [0x000002da20c03f60, 0x000002da20c043c8]
Event: 4.690 Thread 0x000002da37420a20 nmethod 2939 0x000002da27d64410 code [0x000002da27d64660, 0x000002da27d661f0]
Event: 4.693 Thread 0x000002da37421c60 2943       3       java.awt.LightweightDispatcher::dispatchEvent (73 bytes)
Event: 4.693 Thread 0x000002da37421c60 nmethod 2943 0x000002da20c04510 code [0x000002da20c04700, 0x000002da20c04e48]
Event: 4.708 Thread 0x000002da37421c60 2944       3       java.awt.Window::dispatchEventImpl (23 bytes)
Event: 4.709 Thread 0x000002da37421c60 nmethod 2944 0x000002da20c05010 code [0x000002da20c05200, 0x000002da20c058f8]
Event: 4.709 Thread 0x000002da37421c60 2945       3       javafx.scene.Node::layoutBoundsChanged (47 bytes)
Event: 4.712 Thread 0x000002da37421c60 nmethod 2945 0x000002da20c05a90 code [0x000002da20c05cc0, 0x000002da20c06428]
Event: 4.724 Thread 0x000002da37420a20 2946       4       javax.swing.JComponent::contains (27 bytes)
Event: 4.725 Thread 0x000002da37420a20 nmethod 2946 0x000002da27d66e10 code [0x000002da27d66fa0, 0x000002da27d67138]
Event: 4.733 Thread 0x000002da37421c60 2947       3       sun.awt.NullComponentPeer::handleEvent (1 bytes)
Event: 4.733 Thread 0x000002da37421c60 nmethod 2947 0x000002da20c06710 code [0x000002da20c068a0, 0x000002da20c069b8]
Event: 4.749 Thread 0x000002da37421c60 2948       3       sun.awt.windows.WComponentPeer::handleEvent (173 bytes)
Event: 4.749 Thread 0x000002da37421c60 nmethod 2948 0x000002da20c06a90 code [0x000002da20c06d00, 0x000002da20c07fa8]

GC Heap History (20 events):
Event: 1.608 GC heap after
{Heap after GC invocations=12 (full 0):
 garbage-first heap   total 206848K, used 83201K [0x0000000082400000, 0x0000000100000000)
  region size 1024K, 1 young (1024K), 1 survivors (1024K)
 Metaspace       used 20726K, committed 20928K, reserved 1073152K
  class space    used 2267K, committed 2368K, reserved 1048576K
}
Event: 1.659 GC heap before
{Heap before GC invocations=12 (full 0):
 garbage-first heap   total 206848K, used 93441K [0x0000000082400000, 0x0000000100000000)
  region size 1024K, 3 young (3072K), 1 survivors (1024K)
 Metaspace       used 20732K, committed 20992K, reserved 1073152K
  class space    used 2268K, committed 2368K, reserved 1048576K
}
Event: 1.660 GC heap after
{Heap after GC invocations=13 (full 0):
 garbage-first heap   total 206848K, used 92576K [0x0000000082400000, 0x0000000100000000)
  region size 1024K, 1 young (1024K), 1 survivors (1024K)
 Metaspace       used 20732K, committed 20992K, reserved 1073152K
  class space    used 2268K, committed 2368K, reserved 1048576K
}
Event: 1.672 GC heap before
{Heap before GC invocations=13 (full 0):
 garbage-first heap   total 206848K, used 94624K [0x0000000082400000, 0x0000000100000000)
  region size 1024K, 2 young (2048K), 1 survivors (1024K)
 Metaspace       used 20732K, committed 20992K, reserved 1073152K
  class space    used 2268K, committed 2368K, reserved 1048576K
}
Event: 1.673 GC heap after
{Heap after GC invocations=14 (full 0):
 garbage-first heap   total 206848K, used 94624K [0x0000000082400000, 0x0000000100000000)
  region size 1024K, 1 young (1024K), 1 survivors (1024K)
 Metaspace       used 20732K, committed 20992K, reserved 1073152K
  class space    used 2268K, committed 2368K, reserved 1048576K
}
Event: 1.862 GC heap before
{Heap before GC invocations=15 (full 0):
 garbage-first heap   total 206848K, used 111008K [0x0000000082400000, 0x0000000100000000)
  region size 1024K, 16 young (16384K), 1 survivors (1024K)
 Metaspace       used 24482K, committed 24704K, reserved 1073152K
  class space    used 2873K, committed 3008K, reserved 1048576K
}
Event: 1.864 GC heap after
{Heap after GC invocations=16 (full 0):
 garbage-first heap   total 206848K, used 91845K [0x0000000082400000, 0x0000000100000000)
  region size 1024K, 2 young (2048K), 2 survivors (2048K)
 Metaspace       used 24482K, committed 24704K, reserved 1073152K
  class space    used 2873K, committed 3008K, reserved 1048576K
}
Event: 1.908 GC heap before
{Heap before GC invocations=16 (full 0):
 garbage-first heap   total 206848K, used 94917K [0x0000000082400000, 0x0000000100000000)
  region size 1024K, 4 young (4096K), 2 survivors (2048K)
 Metaspace       used 24652K, committed 24896K, reserved 1073152K
  class space    used 2889K, committed 3008K, reserved 1048576K
}
Event: 1.909 GC heap after
{Heap after GC invocations=17 (full 0):
 garbage-first heap   total 206848K, used 94330K [0x0000000082400000, 0x0000000100000000)
  region size 1024K, 3 young (3072K), 3 survivors (3072K)
 Metaspace       used 24652K, committed 24896K, reserved 1073152K
  class space    used 2889K, committed 3008K, reserved 1048576K
}
Event: 1.914 GC heap before
{Heap before GC invocations=17 (full 0):
 garbage-first heap   total 206848K, used 101498K [0x0000000082400000, 0x0000000100000000)
  region size 1024K, 5 young (5120K), 3 survivors (3072K)
 Metaspace       used 24665K, committed 24896K, reserved 1073152K
  class space    used 2890K, committed 3008K, reserved 1048576K
}
Event: 1.916 GC heap after
{Heap after GC invocations=18 (full 0):
 garbage-first heap   total 297984K, used 100070K [0x0000000082400000, 0x0000000100000000)
  region size 1024K, 2 young (2048K), 2 survivors (2048K)
 Metaspace       used 24665K, committed 24896K, reserved 1073152K
  class space    used 2890K, committed 3008K, reserved 1048576K
}
Event: 4.669 GC heap before
{Heap before GC invocations=18 (full 0):
 garbage-first heap   total 297984K, used 151270K [0x0000000082400000, 0x0000000100000000)
  region size 1024K, 19 young (19456K), 2 survivors (2048K)
 Metaspace       used 27721K, committed 28032K, reserved 1081344K
  class space    used 3427K, committed 3584K, reserved 1048576K
}
Event: 4.672 GC heap after
{Heap after GC invocations=19 (full 0):
 garbage-first heap   total 297984K, used 135816K [0x0000000082400000, 0x0000000100000000)
  region size 1024K, 5 young (5120K), 5 survivors (5120K)
 Metaspace       used 27721K, committed 28032K, reserved 1081344K
  class space    used 3427K, committed 3584K, reserved 1048576K
}
Event: 4.686 GC heap before
{Heap before GC invocations=19 (full 0):
 garbage-first heap   total 297984K, used 138888K [0x0000000082400000, 0x0000000100000000)
  region size 1024K, 7 young (7168K), 5 survivors (5120K)
 Metaspace       used 27721K, committed 28032K, reserved 1081344K
  class space    used 3427K, committed 3584K, reserved 1048576K
}
Event: 4.689 GC heap after
{Heap after GC invocations=20 (full 0):
 garbage-first heap   total 297984K, used 137747K [0x0000000082400000, 0x0000000100000000)
  region size 1024K, 5 young (5120K), 5 survivors (5120K)
 Metaspace       used 27721K, committed 28032K, reserved 1081344K
  class space    used 3427K, committed 3584K, reserved 1048576K
}
Event: 4.709 GC heap before
{Heap before GC invocations=20 (full 0):
 garbage-first heap   total 297984K, used 141843K [0x0000000082400000, 0x0000000100000000)
  region size 1024K, 7 young (7168K), 5 survivors (5120K)
 Metaspace       used 27731K, committed 28032K, reserved 1081344K
  class space    used 3427K, committed 3584K, reserved 1048576K
}
Event: 4.711 GC heap after
{Heap after GC invocations=21 (full 0):
 garbage-first heap   total 297984K, used 141453K [0x0000000082400000, 0x0000000100000000)
  region size 1024K, 6 young (6144K), 6 survivors (6144K)
 Metaspace       used 27731K, committed 28032K, reserved 1081344K
  class space    used 3427K, committed 3584K, reserved 1048576K
}
Event: 4.726 GC heap before
{Heap before GC invocations=22 (full 0):
 garbage-first heap   total 297984K, used 138381K [0x0000000082400000, 0x0000000100000000)
  region size 1024K, 8 young (8192K), 6 survivors (6144K)
 Metaspace       used 27731K, committed 28032K, reserved 1081344K
  class space    used 3427K, committed 3584K, reserved 1048576K
}
Event: 4.729 GC heap after
{Heap after GC invocations=23 (full 0):
 garbage-first heap   total 297984K, used 137090K [0x0000000082400000, 0x0000000100000000)
  region size 1024K, 5 young (5120K), 5 survivors (5120K)
 Metaspace       used 27731K, committed 28032K, reserved 1081344K
  class space    used 3427K, committed 3584K, reserved 1048576K
}
Event: 4.750 GC heap before
{Heap before GC invocations=23 (full 0):
 garbage-first heap   total 297984K, used 141186K [0x0000000082400000, 0x0000000100000000)
  region size 1024K, 7 young (7168K), 5 survivors (5120K)
 Metaspace       used 27736K, committed 28032K, reserved 1081344K
  class space    used 3427K, committed 3584K, reserved 1048576K
}

Deoptimization events (20 events):
Event: 3.453 Thread 0x000002da38101850 Uncommon trap: trap_request=0xffffff45 fr.pc=0x000002da27d0cf5c relative=0x000000000000005c
Event: 3.453 Thread 0x000002da38101850 Uncommon trap: reason=unstable_if action=reinterpret pc=0x000002da27d0cf5c method=java.util.Objects.equals(Ljava/lang/Object;Ljava/lang/Object;)Z @ 6 c2
Event: 3.453 Thread 0x000002da38101850 DEOPT PACKING pc=0x000002da27d0cf5c sp=0x000000de97efd4f0
Event: 3.453 Thread 0x000002da38101850 DEOPT UNPACKING pc=0x000002da201923a3 sp=0x000000de97efd490 mode 2
Event: 3.563 Thread 0x000002da38593050 DEOPT PACKING pc=0x000002da20a1ad4e sp=0x000000de977fd850
Event: 3.564 Thread 0x000002da38593050 DEOPT UNPACKING pc=0x000002da20192b43 sp=0x000000de977fcd10 mode 0
Event: 3.564 Thread 0x000002da38593050 DEOPT PACKING pc=0x000002da20a2bdc2 sp=0x000000de977fd980
Event: 3.564 Thread 0x000002da38593050 DEOPT UNPACKING pc=0x000002da20192b43 sp=0x000000de977fcdb8 mode 0
Event: 3.565 Thread 0x000002da38593050 DEOPT PACKING pc=0x000002da20a2bdc2 sp=0x000000de977fde10
Event: 3.565 Thread 0x000002da38593050 DEOPT UNPACKING pc=0x000002da20192b43 sp=0x000000de977fd248 mode 0
Event: 3.566 Thread 0x000002da38593050 DEOPT PACKING pc=0x000002da20a1ad4e sp=0x000000de977fdce0
Event: 3.566 Thread 0x000002da38593050 DEOPT UNPACKING pc=0x000002da20192b43 sp=0x000000de977fd1a0 mode 0
Event: 3.568 Thread 0x000002da38593050 DEOPT PACKING pc=0x000002da20a2bdc2 sp=0x000000de977fde10
Event: 3.568 Thread 0x000002da38593050 DEOPT UNPACKING pc=0x000002da20192b43 sp=0x000000de977fd248 mode 0
Event: 3.570 Thread 0x000002da38593050 DEOPT PACKING pc=0x000002da20a2bdc2 sp=0x000000de977fde10
Event: 3.570 Thread 0x000002da38593050 DEOPT UNPACKING pc=0x000002da20192b43 sp=0x000000de977fd248 mode 0
Event: 3.571 Thread 0x000002da38593050 DEOPT PACKING pc=0x000002da20a1ad4e sp=0x000000de977fdce0
Event: 3.571 Thread 0x000002da38593050 DEOPT UNPACKING pc=0x000002da20192b43 sp=0x000000de977fd1a0 mode 0
Event: 3.572 Thread 0x000002da38593050 DEOPT PACKING pc=0x000002da20a1ad4e sp=0x000000de977fdce0
Event: 3.572 Thread 0x000002da38593050 DEOPT UNPACKING pc=0x000002da20192b43 sp=0x000000de977fd1a0 mode 0

Classes unloaded (0 events):
No events

Classes redefined (0 events):
No events

Internal exceptions (20 events):
Event: 0.858 Thread 0x000002da38101850 Exception <a 'java/lang/ClassNotFoundException'{0x0000000089e05138}: com/sun/glass/ui/win/themes_en> (0x0000000089e05138) 
thrown [e:\jenkins\tmp\workspace\build\src\src\hotspot\share\prims\jni.cpp, line 535]
Event: 0.858 Thread 0x000002da38101850 Exception <a 'java/lang/ClassNotFoundException'{0x0000000089e0d180}: com/sun/glass/ui/win/themes_en_US> (0x0000000089e0d180) 
thrown [e:\jenkins\tmp\workspace\build\src\src\hotspot\share\prims\jni.cpp, line 535]
Event: 0.906 Thread 0x000002da38101850 Exception <a 'java/lang/NoSuchMethodError'{0x00000000899277e0}: 'void java.lang.invoke.DirectMethodHandle$Holder.invokeStaticInit(java.lang.Object, java.lang.Object)'> (0x00000000899277e0) 
thrown [e:\jenkins\tmp\workspace\build\src\src\hotspot\share\interpreter\linkResolver.cpp, line 766]
Event: 0.909 Thread 0x000002da38101850 Exception <a 'java/lang/NoSuchMethodError'{0x0000000089961178}: 'void java.lang.invoke.DirectMethodHandle$Holder.invokeSpecial(java.lang.Object, java.lang.Object, java.lang.Object, java.lang.Object, java.lang.Object)'> (0x0000000089961178) 
thrown [e:\jenkins\tmp\workspace\build\src\src\hotspot\share\interpreter\linkResolver.cpp, line 766]
Event: 1.733 Thread 0x000002da38101850 Exception <a 'java/lang/NoSuchMethodError'{0x000000008e770400}: 'java.lang.Object java.lang.invoke.DirectMethodHandle$Holder.newInvokeSpecial(java.lang.Object, java.lang.Object, int, int)'> (0x000000008e770400) 
thrown [e:\jenkins\tmp\workspace\build\src\src\hotspot\share\interpreter\linkResolver.cpp, line 766]
Event: 1.742 Thread 0x000002da37cb6d40 Exception <a 'java/lang/NoSuchMethodError'{0x000000008e68f3c8}: 'java.lang.Object java.lang.invoke.DirectMethodHandle$Holder.newInvokeSpecial(java.lang.Object, java.lang.Object, java.lang.Object, int, int, int, int, int)'> (0x000000008e68f3c8) 
thrown [e:\jenkins\tmp\workspace\build\src\src\hotspot\share\interpreter\linkResolver.cpp, line 766]
Event: 1.771 Thread 0x000002da38101850 Exception <a 'java/lang/NoSuchMethodError'{0x000000008e4d02b0}: 'java.lang.Object java.lang.invoke.DirectMethodHandle$Holder.invokeInterface(java.lang.Object, java.lang.Object, java.lang.Object)'> (0x000000008e4d02b0) 
thrown [e:\jenkins\tmp\workspace\build\src\src\hotspot\share\interpreter\linkResolver.cpp, line 766]
Event: 1.771 Thread 0x000002da38101850 Exception <a 'java/lang/IncompatibleClassChangeError'{0x000000008e4d3c38}: Found class java.lang.Object, but interface was expected> (0x000000008e4d3c38) 
thrown [e:\jenkins\tmp\workspace\build\src\src\hotspot\share\interpreter\linkResolver.cpp, line 833]
Event: 1.801 Thread 0x000002da38101850 Implicit null exception at 0x000002da27c2f28f to 0x000002da27c2f309
Event: 1.831 Thread 0x000002da38101850 Exception <a 'java/lang/NoSuchMethodError'{0x000000008e1690c8}: 'java.lang.Object java.lang.invoke.DirectMethodHandle$Holder.invokeSpecial(java.lang.Object, java.lang.Object, int, int, int, int, int, int, int, int, int, int, int, int, int, int, int, int)'> (0x000000008e1690c8) 
thrown [e:\jenkins\tmp\workspace\build\src\src\hotspot\share\interpreter\linkResolver.cpp, line 766]
Event: 1.831 Thread 0x000002da38593050 Exception <a 'java/lang/NoSuchMethodError'{0x000000008e19a7b8}: 'int java.lang.invoke.DirectMethodHandle$Holder.invokeStaticInit(java.lang.Object, java.lang.Object)'> (0x000000008e19a7b8) 
thrown [e:\jenkins\tmp\workspace\build\src\src\hotspot\share\interpreter\linkResolver.cpp, line 766]
Event: 1.920 Thread 0x000002da37cb6870 Exception <a 'java/lang/NoSuchMethodError'{0x0000000094687c20}: 'java.lang.Object java.lang.invoke.DirectMethodHandle$Holder.newInvokeSpecial(java.lang.Object, java.lang.Object, int, int, java.lang.Object)'> (0x0000000094687c20) 
thrown [e:\jenkins\tmp\workspace\build\src\src\hotspot\share\interpreter\linkResolver.cpp, line 766]
Event: 2.675 Thread 0x000002da38101850 Exception <a 'java/lang/NoSuchMethodError'{0x0000000094344f00}: 'long java.lang.invoke.DirectMethodHandle$Holder.invokeStatic(java.lang.Object, java.lang.Object, java.lang.Object)'> (0x0000000094344f00) 
thrown [e:\jenkins\tmp\workspace\build\src\src\hotspot\share\interpreter\linkResolver.cpp, line 766]
Event: 2.675 Thread 0x000002da38101850 Exception <a 'java/lang/NoSuchMethodError'{0x00000000943486a8}: 'long java.lang.invoke.DirectMethodHandle$Holder.invokeStaticInit(java.lang.Object, java.lang.Object, java.lang.Object)'> (0x00000000943486a8) 
thrown [e:\jenkins\tmp\workspace\build\src\src\hotspot\share\interpreter\linkResolver.cpp, line 766]
Event: 2.676 Thread 0x000002da38101850 Exception <a 'java/lang/NoSuchMethodError'{0x00000000943602b0}: 'java.lang.Object java.lang.invoke.DirectMethodHandle$Holder.newInvokeSpecial(java.lang.Object, java.lang.Object, long)'> (0x00000000943602b0) 
thrown [e:\jenkins\tmp\workspace\build\src\src\hotspot\share\interpreter\linkResolver.cpp, line 766]
Event: 2.677 Thread 0x000002da38101850 Exception <a 'java/lang/NoSuchMethodError'{0x0000000094363e20}: 'java.lang.Object java.lang.invoke.Invokers$Holder.linkToTargetMethod(java.lang.Object, long, java.lang.Object)'> (0x0000000094363e20) 
thrown [e:\jenkins\tmp\workspace\build\src\src\hotspot\share\interpreter\linkResolver.cpp, line 766]
Event: 3.340 Thread 0x000002da38101850 Exception <a 'java/lang/ClassNotFoundException'{0x00000000940d8f40}: com/sun/javafx/scene/control/skin/resources/controls> (0x00000000940d8f40) 
thrown [e:\jenkins\tmp\workspace\build\src\src\hotspot\share\prims\jni.cpp, line 535]
Event: 3.341 Thread 0x000002da38101850 Exception <a 'java/lang/ClassNotFoundException'{0x00000000940e6ef0}: com/sun/javafx/scene/control/skin/resources/controls_en> (0x00000000940e6ef0) 
thrown [e:\jenkins\tmp\workspace\build\src\src\hotspot\share\prims\jni.cpp, line 535]
Event: 3.341 Thread 0x000002da38101850 Exception <a 'java/lang/ClassNotFoundException'{0x00000000940e85f8}: com/sun/javafx/scene/control/skin/resources/controls_en_US> (0x00000000940e85f8) 
thrown [e:\jenkins\tmp\workspace\build\src\src\hotspot\share\prims\jni.cpp, line 535]
Event: 3.511 Thread 0x000002da38593050 Exception <a 'java/lang/NoSuchMethodError'{0x0000000093808218}: 'java.lang.Object java.lang.invoke.DirectMethodHandle$Holder.invokeStaticInit(java.lang.Object, int)'> (0x0000000093808218) 
thrown [e:\jenkins\tmp\workspace\build\src\src\hotspot\share\interpreter\linkResolver.cpp, line 766]

VM Operations (20 events):
Event: 3.305 Executing VM operation: Cleanup done
Event: 3.367 Executing VM operation: HandshakeAllThreads
Event: 3.367 Executing VM operation: HandshakeAllThreads done
Event: 3.502 Executing VM operation: HandshakeAllThreads
Event: 3.502 Executing VM operation: HandshakeAllThreads done
Event: 3.957 Executing VM operation: ICBufferFull
Event: 3.957 Executing VM operation: ICBufferFull done
Event: 4.668 Executing VM operation: G1TryInitiateConcMark
Event: 4.672 Executing VM operation: G1TryInitiateConcMark done
Event: 4.686 Executing VM operation: G1TryInitiateConcMark
Event: 4.689 Executing VM operation: G1TryInitiateConcMark done
Event: 4.709 Executing VM operation: G1TryInitiateConcMark
Event: 4.711 Executing VM operation: G1TryInitiateConcMark done
Event: 4.716 Executing VM operation: G1Concurrent
Event: 4.717 Executing VM operation: G1Concurrent done
Event: 4.719 Executing VM operation: G1Concurrent
Event: 4.719 Executing VM operation: G1Concurrent done
Event: 4.726 Executing VM operation: G1TryInitiateConcMark
Event: 4.729 Executing VM operation: G1TryInitiateConcMark done
Event: 4.750 Executing VM operation: G1TryInitiateConcMark

Events (20 events):
Event: 3.302 loading class java/util/NavigableSet
Event: 3.302 loading class java/util/SortedSet
Event: 3.302 loading class java/util/SortedSet done
Event: 3.302 loading class java/util/NavigableSet done
Event: 3.302 loading class java/util/TreeSet done
Event: 3.304 loading class java/util/TreeMap$KeySet
Event: 3.304 loading class java/util/TreeMap$KeySet done
Event: 3.304 loading class java/util/TreeMap$KeyIterator
Event: 3.304 loading class java/util/TreeMap$KeyIterator done
Event: 3.304 loading class java/util/LinkedHashMap$LinkedKeySet
Event: 3.304 loading class java/util/LinkedHashMap$LinkedKeySet done
Event: 3.304 loading class java/util/LinkedHashMap$LinkedKeyIterator
Event: 3.304 loading class java/util/LinkedHashMap$LinkedKeyIterator done
Event: 3.354 Thread 0x000002da38e12c80 Thread added: 0x000002da38e12c80
Event: 3.459 loading class java/lang/FdLibm$Hypot
Event: 3.459 loading class java/lang/FdLibm$Hypot done
Event: 3.459 loading class java/lang/FdLibm
Event: 3.460 loading class java/lang/FdLibm done
Event: 3.788 Thread 0x000002da38e12c80 Thread exited: 0x000002da38e12c80
Event: 3.820 Thread 0x000002da38d49ca0 Thread exited: 0x000002da38d49ca0


Dynamic libraries:
0x00007ff6e2800000 - 0x00007ff6e280e000 	C:\Users\Admin\Desktop\eclipse\plugins\org.eclipse.justj.openjdk.hotspot.jre.full.win32.x86_64_17.0.2.v20220201-1208\jre\bin\javaw.exe
0x00007ff837090000 - 0x00007ff837288000 	C:\WINDOWS\SYSTEM32\ntdll.dll
0x00007ff8367c0000 - 0x00007ff83687d000 	C:\WINDOWS\System32\KERNEL32.DLL
0x00007ff834ce0000 - 0x00007ff834fae000 	C:\WINDOWS\System32\KERNELBASE.dll
0x00007ff834860000 - 0x00007ff834960000 	C:\WINDOWS\System32\ucrtbase.dll
0x00007ff82f760000 - 0x00007ff82f779000 	C:\Users\Admin\Desktop\eclipse\plugins\org.eclipse.justj.openjdk.hotspot.jre.full.win32.x86_64_17.0.2.v20220201-1208\jre\bin\VCRUNTIME140.dll
0x00007ff82f780000 - 0x00007ff82f798000 	C:\Users\Admin\Desktop\eclipse\plugins\org.eclipse.justj.openjdk.hotspot.jre.full.win32.x86_64_17.0.2.v20220201-1208\jre\bin\jli.dll
0x00007ff8350f0000 - 0x00007ff835290000 	C:\WINDOWS\System32\USER32.dll
0x00007ff820e60000 - 0x00007ff8210fa000 	C:\WINDOWS\WinSxS\amd64_microsoft.windows.common-controls_6595b64144ccf1df_6.0.19041.1110_none_60b5254171f9507e\COMCTL32.dll
0x00007ff834fb0000 - 0x00007ff834fd2000 	C:\WINDOWS\System32\win32u.dll
0x00007ff835b00000 - 0x00007ff835b9e000 	C:\WINDOWS\System32\msvcrt.dll
0x00007ff836950000 - 0x00007ff83697a000 	C:\WINDOWS\System32\GDI32.dll
0x00007ff834fe0000 - 0x00007ff8350eb000 	C:\WINDOWS\System32\gdi32full.dll
0x00007ff834ac0000 - 0x00007ff834b5d000 	C:\WINDOWS\System32\msvcp_win.dll
0x00007ff835c80000 - 0x00007ff835cb0000 	C:\WINDOWS\System32\IMM32.DLL
0x00007ff82f720000 - 0x00007ff82f72c000 	C:\Users\Admin\Desktop\eclipse\plugins\org.eclipse.justj.openjdk.hotspot.jre.full.win32.x86_64_17.0.2.v20220201-1208\jre\bin\vcruntime140_1.dll
0x00007ff813f20000 - 0x00007ff813fb1000 	C:\Users\Admin\Desktop\eclipse\plugins\org.eclipse.justj.openjdk.hotspot.jre.full.win32.x86_64_17.0.2.v20220201-1208\jre\bin\msvcp140.dll
0x00007fffd4190000 - 0x00007fffd4dd7000 	C:\Users\Admin\Desktop\eclipse\plugins\org.eclipse.justj.openjdk.hotspot.jre.full.win32.x86_64_17.0.2.v20220201-1208\jre\bin\server\jvm.dll
0x00007ff836fa0000 - 0x00007ff83704e000 	C:\WINDOWS\System32\ADVAPI32.dll
0x00007ff8366a0000 - 0x00007ff83673c000 	C:\WINDOWS\System32\sechost.dll
0x00007ff835fe0000 - 0x00007ff836105000 	C:\WINDOWS\System32\RPCRT4.dll
0x00007ff8361c0000 - 0x00007ff8361c8000 	C:\WINDOWS\System32\PSAPI.DLL
0x00007ff82de20000 - 0x00007ff82de2a000 	C:\WINDOWS\SYSTEM32\VERSION.dll
0x00007ff81cbe0000 - 0x00007ff81cbe9000 	C:\WINDOWS\SYSTEM32\WSOCK32.dll
0x00007ff821930000 - 0x00007ff821957000 	C:\WINDOWS\SYSTEM32\WINMM.dll
0x00007ff836750000 - 0x00007ff8367bb000 	C:\WINDOWS\System32\WS2_32.dll
0x00007ff832850000 - 0x00007ff832862000 	C:\WINDOWS\SYSTEM32\kernel.appcore.dll
0x00007ffffaf30000 - 0x00007ffffaf3a000 	C:\Users\Admin\Desktop\eclipse\plugins\org.eclipse.justj.openjdk.hotspot.jre.full.win32.x86_64_17.0.2.v20220201-1208\jre\bin\jimage.dll
0x00007ff8323f0000 - 0x00007ff8325d4000 	C:\WINDOWS\SYSTEM32\DBGHELP.DLL
0x00007ff81bfb0000 - 0x00007ff81bfdc000 	C:\WINDOWS\SYSTEM32\dbgcore.DLL
0x00007ff834c50000 - 0x00007ff834cd2000 	C:\WINDOWS\System32\bcryptPrimitives.dll
0x00007ffff1290000 - 0x00007ffff12b5000 	C:\Users\Admin\Desktop\eclipse\plugins\org.eclipse.justj.openjdk.hotspot.jre.full.win32.x86_64_17.0.2.v20220201-1208\jre\bin\java.dll
0x00007ffff15f0000 - 0x00007ffff1608000 	C:\Users\Admin\Desktop\eclipse\plugins\org.eclipse.justj.openjdk.hotspot.jre.full.win32.x86_64_17.0.2.v20220201-1208\jre\bin\zip.dll
0x00007ff835290000 - 0x00007ff8359d4000 	C:\WINDOWS\System32\SHELL32.dll
0x00007ff832870000 - 0x00007ff833004000 	C:\WINDOWS\SYSTEM32\windows.storage.dll
0x00007ff836260000 - 0x00007ff8365b4000 	C:\WINDOWS\System32\combase.dll
0x00007ff834210000 - 0x00007ff834240000 	C:\WINDOWS\SYSTEM32\Wldp.dll
0x00007ff836110000 - 0x00007ff8361bd000 	C:\WINDOWS\System32\SHCORE.dll
0x00007ff835c20000 - 0x00007ff835c75000 	C:\WINDOWS\System32\shlwapi.dll
0x00007ff8346f0000 - 0x00007ff83470f000 	C:\WINDOWS\SYSTEM32\profapi.dll
0x00007ffff1550000 - 0x00007ffff1569000 	C:\Users\Admin\Desktop\eclipse\plugins\org.eclipse.justj.openjdk.hotspot.jre.full.win32.x86_64_17.0.2.v20220201-1208\jre\bin\net.dll
0x00007ff829340000 - 0x00007ff82944a000 	C:\WINDOWS\SYSTEM32\WINHTTP.dll
0x00007ff833f20000 - 0x00007ff833f8a000 	C:\WINDOWS\system32\mswsock.dll
0x00007fffe3180000 - 0x00007fffe3195000 	C:\Users\Admin\Desktop\eclipse\plugins\org.eclipse.justj.openjdk.hotspot.jre.full.win32.x86_64_17.0.2.v20220201-1208\jre\bin\nio.dll
0x00007fffe18b0000 - 0x00007fffe1a3e000 	C:\Users\Admin\Desktop\eclipse\plugins\org.eclipse.justj.openjdk.hotspot.jre.full.win32.x86_64_17.0.2.v20220201-1208\jre\bin\awt.dll
0x00007ff835d70000 - 0x00007ff835e3d000 	C:\WINDOWS\System32\OLEAUT32.dll
0x00007ff831850000 - 0x00007ff8318e0000 	C:\WINDOWS\SYSTEM32\apphelp.dll
0x00007ff831ff0000 - 0x00007ff83201f000 	C:\WINDOWS\system32\DWMAPI.DLL
0x00007ff831e00000 - 0x00007ff831e9e000 	C:\WINDOWS\system32\uxtheme.dll
0x00007ff8135e0000 - 0x00007ff813707000 	C:\WINDOWS\system32\opengl32.dll
0x00007ff814b00000 - 0x00007ff814b2c000 	C:\WINDOWS\SYSTEM32\GLU32.dll
0x00007fffdff60000 - 0x00007fffe0091000 	C:\ProgramData\A-Volute\A-Volute.SonicStudio3\Modules\ScheduledModules\x64\AudioDevProps2.dll
0x00007ff835ea0000 - 0x00007ff835fca000 	C:\WINDOWS\System32\ole32.dll
0x00007ff8359e0000 - 0x00007ff835af5000 	C:\WINDOWS\System32\MSCTF.dll
0x000002da36bf0000 - 0x000002da36bf3000 	D:\javafx-sdk-18.0.1\bin\api-ms-win-core-console-l1-1-0.dll
0x000002da38fd0000 - 0x000002da38fd3000 	D:\javafx-sdk-18.0.1\bin\api-ms-win-core-console-l1-2-0.dll
0x000002da38fe0000 - 0x000002da38fe3000 	D:\javafx-sdk-18.0.1\bin\api-ms-win-core-datetime-l1-1-0.dll
0x000002da38ff0000 - 0x000002da38ff3000 	D:\javafx-sdk-18.0.1\bin\api-ms-win-core-debug-l1-1-0.dll
0x000002da39c50000 - 0x000002da39c53000 	D:\javafx-sdk-18.0.1\bin\api-ms-win-core-errorhandling-l1-1-0.dll
0x000002da39c60000 - 0x000002da39c64000 	D:\javafx-sdk-18.0.1\bin\api-ms-win-core-file-l1-1-0.dll
0x000002da39c70000 - 0x000002da39c73000 	D:\javafx-sdk-18.0.1\bin\api-ms-win-core-file-l1-2-0.dll
0x000002da39c80000 - 0x000002da39c83000 	D:\javafx-sdk-18.0.1\bin\api-ms-win-core-file-l2-1-0.dll
0x000002da39c90000 - 0x000002da39c93000 	D:\javafx-sdk-18.0.1\bin\api-ms-win-core-handle-l1-1-0.dll
0x000002da39ca0000 - 0x000002da39ca3000 	D:\javafx-sdk-18.0.1\bin\api-ms-win-core-heap-l1-1-0.dll
0x000002da39cb0000 - 0x000002da39cb3000 	D:\javafx-sdk-18.0.1\bin\api-ms-win-core-interlocked-l1-1-0.dll
0x000002da39cc0000 - 0x000002da39cc3000 	D:\javafx-sdk-18.0.1\bin\api-ms-win-core-libraryloader-l1-1-0.dll
0x000002da39cd0000 - 0x000002da39cd3000 	D:\javafx-sdk-18.0.1\bin\api-ms-win-core-localization-l1-2-0.dll
0x000002da39ce0000 - 0x000002da39ce3000 	D:\javafx-sdk-18.0.1\bin\api-ms-win-core-memory-l1-1-0.dll
0x000002da39cf0000 - 0x000002da39cf3000 	D:\javafx-sdk-18.0.1\bin\api-ms-win-core-namedpipe-l1-1-0.dll
0x000002da39d00000 - 0x000002da39d03000 	D:\javafx-sdk-18.0.1\bin\api-ms-win-core-processenvironment-l1-1-0.dll
0x000002da39d10000 - 0x000002da39d13000 	D:\javafx-sdk-18.0.1\bin\api-ms-win-core-processthreads-l1-1-0.dll
0x000002da39d20000 - 0x000002da39d23000 	D:\javafx-sdk-18.0.1\bin\api-ms-win-core-processthreads-l1-1-1.dll
0x000002da39d30000 - 0x000002da39d33000 	D:\javafx-sdk-18.0.1\bin\api-ms-win-core-profile-l1-1-0.dll
0x000002da39d40000 - 0x000002da39d43000 	D:\javafx-sdk-18.0.1\bin\api-ms-win-core-rtlsupport-l1-1-0.dll
0x000002da39d50000 - 0x000002da39d53000 	D:\javafx-sdk-18.0.1\bin\api-ms-win-core-string-l1-1-0.dll
0x000002da39d70000 - 0x000002da39d73000 	D:\javafx-sdk-18.0.1\bin\api-ms-win-core-synch-l1-1-0.dll
0x000002da39d80000 - 0x000002da39d83000 	D:\javafx-sdk-18.0.1\bin\api-ms-win-core-synch-l1-2-0.dll
0x000002da39d90000 - 0x000002da39d93000 	D:\javafx-sdk-18.0.1\bin\api-ms-win-core-sysinfo-l1-1-0.dll
0x000002da39da0000 - 0x000002da39da3000 	D:\javafx-sdk-18.0.1\bin\api-ms-win-core-timezone-l1-1-0.dll
0x000002da39db0000 - 0x000002da39db3000 	D:\javafx-sdk-18.0.1\bin\api-ms-win-core-util-l1-1-0.dll
0x000002da39dc0000 - 0x000002da39dc3000 	D:\javafx-sdk-18.0.1\bin\api-ms-win-crt-conio-l1-1-0.dll
0x000002da39dd0000 - 0x000002da39dd4000 	D:\javafx-sdk-18.0.1\bin\api-ms-win-crt-convert-l1-1-0.dll
0x000002da39de0000 - 0x000002da39de3000 	D:\javafx-sdk-18.0.1\bin\api-ms-win-crt-environment-l1-1-0.dll
0x000002da39df0000 - 0x000002da39df3000 	D:\javafx-sdk-18.0.1\bin\api-ms-win-crt-filesystem-l1-1-0.dll
0x000002da39e00000 - 0x000002da39e03000 	D:\javafx-sdk-18.0.1\bin\api-ms-win-crt-heap-l1-1-0.dll
0x000002da39e10000 - 0x000002da39e13000 	D:\javafx-sdk-18.0.1\bin\api-ms-win-crt-locale-l1-1-0.dll
0x000002da39e20000 - 0x000002da39e25000 	D:\javafx-sdk-18.0.1\bin\api-ms-win-crt-math-l1-1-0.dll
0x000002da39e30000 - 0x000002da39e35000 	D:\javafx-sdk-18.0.1\bin\api-ms-win-crt-multibyte-l1-1-0.dll
0x000002da39e40000 - 0x000002da39e50000 	D:\javafx-sdk-18.0.1\bin\api-ms-win-crt-private-l1-1-0.dll
0x000002da39e50000 - 0x000002da39e53000 	D:\javafx-sdk-18.0.1\bin\api-ms-win-crt-process-l1-1-0.dll
0x000002da39e60000 - 0x000002da39e64000 	D:\javafx-sdk-18.0.1\bin\api-ms-win-crt-runtime-l1-1-0.dll
0x000002da39e70000 - 0x000002da39e74000 	D:\javafx-sdk-18.0.1\bin\api-ms-win-crt-stdio-l1-1-0.dll
0x000002da39e80000 - 0x000002da39e84000 	D:\javafx-sdk-18.0.1\bin\api-ms-win-crt-string-l1-1-0.dll
0x000002da39e90000 - 0x000002da39e93000 	D:\javafx-sdk-18.0.1\bin\api-ms-win-crt-time-l1-1-0.dll
0x000002da3a690000 - 0x000002da3a693000 	D:\javafx-sdk-18.0.1\bin\api-ms-win-crt-utility-l1-1-0.dll
0x00007ff804200000 - 0x00007ff8042fc000 	D:\javafx-sdk-18.0.1\bin\ucrtbase.dll
0x00007ff82f700000 - 0x00007ff82f71a000 	D:\javafx-sdk-18.0.1\bin\vcruntime140.dll
0x00007ff82f020000 - 0x00007ff82f02c000 	D:\javafx-sdk-18.0.1\bin\vcruntime140_1.dll
0x00007ff806710000 - 0x00007ff80679d000 	D:\javafx-sdk-18.0.1\bin\msvcp140.dll
0x00007ff823e30000 - 0x00007ff823e5c000 	D:\javafx-sdk-18.0.1\bin\prism_d3d.dll
0x00007ff825e70000 - 0x00007ff82603f000 	C:\WINDOWS\system32\d3d9.dll
0x00007fffd5b30000 - 0x00007fffd5cfd000 	C:\WINDOWS\System32\DriverStore\FileRepository\iigd_dch.inf_amd64_8dc03618ea16fa9b\igdumdim64.dll
0x00007ff82d650000 - 0x00007ff82d770000 	C:\WINDOWS\System32\DriverStore\FileRepository\iigd_dch.inf_amd64_8dc03618ea16fa9b\igdgmm64.dll
0x00007ffff3120000 - 0x00007ffff6d31000 	C:\WINDOWS\System32\DriverStore\FileRepository\iigd_dch.inf_amd64_8dc03618ea16fa9b\igd9dxva64.dll
0x00007ff807250000 - 0x00007ff807292000 	D:\javafx-sdk-18.0.1\bin\glass.dll
0x00007ff8365c0000 - 0x00007ff83669a000 	C:\WINDOWS\System32\COMDLG32.dll
0x00007ff81f140000 - 0x00007ff81f161000 	C:\WINDOWS\System32\DriverStore\FileRepository\iigd_dch.inf_amd64_8dc03618ea16fa9b\igdinfo64.dll
0x00007ff829450000 - 0x00007ff82b7b0000 	C:\WINDOWS\System32\DriverStore\FileRepository\iigd_dch.inf_amd64_8dc03618ea16fa9b\igc64.dll
0x00007ff82d9f0000 - 0x00007ff82da2b000 	C:\WINDOWS\SYSTEM32\dxcore.dll
0x00007ff834c00000 - 0x00007ff834c4e000 	C:\WINDOWS\System32\cfgmgr32.dll
0x00007ff8013b0000 - 0x00007ff801439000 	C:\Users\Admin\Desktop\eclipse\plugins\org.eclipse.justj.openjdk.hotspot.jre.full.win32.x86_64_17.0.2.v20220201-1208\jre\bin\freetype.dll
0x00007ffffcfd0000 - 0x00007ffffd078000 	C:\Users\Admin\Desktop\eclipse\plugins\org.eclipse.justj.openjdk.hotspot.jre.full.win32.x86_64_17.0.2.v20220201-1208\jre\bin\fontmanager.dll
0x00007ff826300000 - 0x00007ff8263f9000 	C:\WINDOWS\SYSTEM32\textinputframework.dll
0x00007ff830e00000 - 0x00007ff83115e000 	C:\WINDOWS\System32\CoreUIComponents.dll
0x00007ff8314e0000 - 0x00007ff8315d2000 	C:\WINDOWS\System32\CoreMessaging.dll
0x00007ff82fcc0000 - 0x00007ff82fe14000 	C:\WINDOWS\SYSTEM32\wintypes.dll
0x00007ff833470000 - 0x00007ff8334a3000 	C:\WINDOWS\SYSTEM32\ntmarta.dll
0x00007ff823e10000 - 0x00007ff823e24000 	D:\javafx-sdk-18.0.1\bin\javafx_font.dll
0x00007ff822de0000 - 0x00007ff82305f000 	C:\WINDOWS\SYSTEM32\dwrite.dll
0x00007ff813d10000 - 0x00007ff813d3d000 	D:\javafx-sdk-18.0.1\bin\javafx_iio.dll
0x00007ff8368a0000 - 0x00007ff836949000 	C:\WINDOWS\System32\clbcatq.dll
0x00007ff82e180000 - 0x00007ff82e334000 	C:\WINDOWS\SYSTEM32\WindowsCodecs.dll
0x00007ff834bd0000 - 0x00007ff834bf7000 	C:\WINDOWS\System32\bcrypt.dll
0x00007ff802a30000 - 0x00007ff802a6e000 	C:\WINDOWS\system32\dataexchange.dll
0x00007ff8303e0000 - 0x00007ff830643000 	C:\WINDOWS\system32\d3d11.dll
0x00007ff830c10000 - 0x00007ff830df4000 	C:\WINDOWS\system32\dcomp.dll
0x00007ff833070000 - 0x00007ff833163000 	C:\WINDOWS\system32\dxgi.dll
0x00007ff82e340000 - 0x00007ff82e540000 	C:\WINDOWS\system32\twinapi.appcore.dll

dbghelp: loaded successfully - version: 4.0.5 - missing functions: none
symbol engine: initialized successfully - sym options: 0x614 - pdb path: .;C:\Users\Admin\Desktop\eclipse\plugins\org.eclipse.justj.openjdk.hotspot.jre.full.win32.x86_64_17.0.2.v20220201-1208\jre\bin;C:\WINDOWS\SYSTEM32;C:\WINDOWS\WinSxS\amd64_microsoft.windows.common-controls_6595b64144ccf1df_6.0.19041.1110_none_60b5254171f9507e;C:\Users\Admin\Desktop\eclipse\plugins\org.eclipse.justj.openjdk.hotspot.jre.full.win32.x86_64_17.0.2.v20220201-1208\jre\bin\server;C:\ProgramData\A-Volute\A-Volute.SonicStudio3\Modules\ScheduledModules\x64;D:\javafx-sdk-18.0.1\bin;C:\WINDOWS\System32\DriverStore\FileRepository\iigd_dch.inf_amd64_8dc03618ea16fa9b

VM Arguments:
jvm_args: --module-path=D:\javafx-sdk-18.0.1\lib --add-modules=javafx.controls,javafx.fxml --add-modules=javafx.web,javafx.media,javafx.swing -Dfile.encoding=Cp1252 -XX:+ShowCodeDetailsInExceptionMessages 
java_command: hust.soict.globalict.VirusMain
java_class_path (initial): C:\Users\Admin\Desktop\2021 - 2\OOLT.ICT.20212.Team06\Virus\bin;D:\javafx-sdk-18.0.1\lib\javafx.base.jar;D:\javafx-sdk-18.0.1\lib\javafx.controls.jar;D:\javafx-sdk-18.0.1\lib\javafx.fxml.jar;D:\javafx-sdk-18.0.1\lib\javafx.graphics.jar;D:\javafx-sdk-18.0.1\lib\javafx.media.jar;D:\javafx-sdk-18.0.1\lib\javafx.swing.jar;D:\javafx-sdk-18.0.1\lib\javafx.web.jar;D:\javafx-sdk-18.0.1\lib\javafx-swt.jar
Launcher Type: SUN_STANDARD

[Global flags]
     intx CICompilerCount                          = 4                                         {product} {ergonomic}
     uint ConcGCThreads                            = 2                                         {product} {ergonomic}
     uint G1ConcRefinementThreads                  = 8                                         {product} {ergonomic}
   size_t G1HeapRegionSize                         = 1048576                                   {product} {ergonomic}
    uintx GCDrainStackTargetSize                   = 64                                        {product} {ergonomic}
   size_t InitialHeapSize                          = 132120576                                 {product} {ergonomic}
   size_t MarkStackSize                            = 4194304                                   {product} {ergonomic}
   size_t MaxHeapSize                              = 2109734912                                {product} {ergonomic}
   size_t MaxNewSize                               = 1265631232                                {product} {ergonomic}
   size_t MinHeapDeltaBytes                        = 1048576                                   {product} {ergonomic}
   size_t MinHeapSize                              = 8388608                                   {product} {ergonomic}
    uintx NonNMethodCodeHeapSize                   = 5839372                                {pd product} {ergonomic}
    uintx NonProfiledCodeHeapSize                  = 122909434                              {pd product} {ergonomic}
    uintx ProfiledCodeHeapSize                     = 122909434                              {pd product} {ergonomic}
    uintx ReservedCodeCacheSize                    = 251658240                              {pd product} {ergonomic}
     bool SegmentedCodeCache                       = true                                      {product} {ergonomic}
     bool ShowCodeDetailsInExceptionMessages       = true                                   {manageable} {command line}
   size_t SoftMaxHeapSize                          = 2109734912                             {manageable} {ergonomic}
     bool UseCompressedClassPointers               = true                           {product lp64_product} {ergonomic}
     bool UseCompressedOops                        = true                           {product lp64_product} {ergonomic}
     bool UseG1GC                                  = true                                      {product} {ergonomic}
     bool UseLargePagesIndividualAllocation        = false                                  {pd product} {ergonomic}

Logging:
Log output configuration:
 #0: stdout all=warning uptime,level,tags
 #1: stderr all=off uptime,level,tags

Environment Variables:
JAVA_HOME=C:\Program Files\Java\jre1.8.0_331
CLASSPATH=C:\Program Files\Java\jre1.8.0_331\bin
PATH=C:/Users/Admin/Desktop/eclipse//plugins/org.eclipse.justj.openjdk.hotspot.jre.full.win32.x86_64_17.0.2.v20220201-1208/jre/bin/server;C:/Users/Admin/Desktop/eclipse//plugins/org.eclipse.justj.openjdk.hotspot.jre.full.win32.x86_64_17.0.2.v20220201-1208/jre/bin;C:\Program Files (x86)\Common Files\Oracle\Java\javapath;C:\Windows\system32;C:\Windows;C:\Windows\System32\Wbem;C:\Windows\System32\WindowsPowerShell\v1.0\;C:\Windows\System32\OpenSSH\;C:\Program Files (x86)\NVIDIA Corporation\PhysX\Common;C:\Program Files\NVIDIA Corporation\NVIDIA NvDLISR;C:\Program Files\Microsoft VS Code\bin;C:\ninja;C:\Users\Admin\Desktop\mingw\bin;C:\Program Files\CMake\bin;C:\WINDOWS\system32;C:\WINDOWS;C:\WINDOWS\System32\Wbem;C:\WINDOWS\System32\WindowsPowerShell\v1.0\;C:\WINDOWS\System32\OpenSSH\;C:\Program Files\Java\jre1.8.0_331\bin;C:\Program Files\Git\cmd;C:\Program Files\Docker\Docker\resources\bin;C:\ProgramData\DockerDesktop\version-bin;C:\Program Files\nodejs\;C:\Program Files (x86)\ZeroTier\One\;C:\Users\Admin\AppData\Local\Microsoft\WindowsApps;C:\Users\Admin\AppData\Roaming\npm;C:\Users\Admin\AppData\Local\GitHubDesktop\bin;D:\IntelliJ IDEA 2022.1.2\bin;;C:\Users\Admin\Desktop\eclipse;
USERNAME=Admin
OS=Windows_NT
PROCESSOR_IDENTIFIER=Intel64 Family 6 Model 158 Stepping 13, GenuineIntel



---------------  S Y S T E M  ---------------

OS:
 Windows 10 , 64 bit Build 19041 (10.0.19041.1806)
OS uptime: 0 days 2:49 hours
Hyper-V role detected

CPU: total 8 (initial active 8) (4 cores per cpu, 2 threads per core) family 6 model 158 stepping 13 microcode 0xd2, cx8, cmov, fxsr, ht, mmx, 3dnowpref, sse, sse2, sse3, ssse3, sse4.1, sse4.2, popcnt, lzcnt, tsc, tscinvbit, avx, avx2, aes, erms, clmul, bmi1, bmi2, adx, fma, vzeroupper, clflush, clflushopt, hv

Memory: 4k page, system-wide physical 8044M (587M free)
TotalPageFile size 32620M (AvailPageFile size 77M)
current process WorkingSet (physical memory assigned to process): 387M, peak: 387M
current process commit charge ("private bytes"): 554M, peak: 953M

vm_info: OpenJDK 64-Bit Server VM (17.0.2+8) for windows-amd64 JRE (17.0.2+8), built on Jan 20 2022 04:52:34 by "" with MS VC++ 16.7 (VS2019)

END.
