#
# There is insufficient memory for the Java Runtime Environment to continue.
# Native memory allocation (malloc) failed to allocate 1585456 bytes for Chunk::new
# Possible reasons:
#   The system is out of physical RAM or swap space
#   The process is running with CompressedOops enabled, and the Java Heap may be blocking the growth of the native heap
# Possible solutions:
#   Reduce memory load on the system
#   Increase physical memory or swap space
#   Check if swap backing store is full
#   Decrease Java heap size (-Xmx/-Xms)
#   Decrease number of Java threads
#   Decrease Java thread stack sizes (-Xss)
#   Set larger code cache with -XX:ReservedCodeCacheSize=
#   JVM is running with Unscaled Compressed Oops mode in which the Java heap is
#     placed in the first 4GB address space. The Java Heap base address is the
#     maximum limit for the native heap growth. Please use -XX:HeapBaseMinAddress
#     to set the Java Heap base and to place the Java Heap above 4GB virtual address.
# This output file may be truncated or incomplete.
#
#  Out of Memory Error (arena.cpp:189), pid=20916, tid=21112
#
# JRE version: OpenJDK Runtime Environment Temurin-17.0.2+8 (17.0.2+8) (build 17.0.2+8)
# Java VM: OpenJDK 64-Bit Server VM Temurin-17.0.2+8 (17.0.2+8, mixed mode, tiered, compressed oops, compressed class ptrs, g1 gc, windows-amd64)
# No core dump will be written. Minidumps are not enabled by default on client versions of Windows
#

---------------  S U M M A R Y ------------

Command Line: --module-path=D:\javafx-sdk-18.0.1\lib --add-modules=javafx.controls,javafx.fxml --add-modules=javafx.web,javafx.media,javafx.swing -Dfile.encoding=Cp1252 -XX:+ShowCodeDetailsInExceptionMessages hust.soict.globalict.VirusMain

Host: Intel(R) Core(TM) i5-9300H CPU @ 2.40GHz, 8 cores, 7G,  Windows 10 , 64 bit Build 19041 (10.0.19041.1741)
Time: Sun Jul  3 15:28:28 2022 SE Asia Standard Time elapsed time: 6.419185 seconds (0d 0h 0m 6s)

---------------  T H R E A D  ---------------

Current thread (0x000001e43b797fd0):  JavaThread "C2 CompilerThread1" daemon [_thread_in_native, id=21112, stack(0x000000d01fa00000,0x000000d01fb00000)]


Current CompileTask:
C2:   6419 2784 %     4       com.sun.marlin.Renderer::_endRendering @ 1910 (2473 bytes)

Stack: [0x000000d01fa00000,0x000000d01fb00000]
Native frames: (J=compiled Java code, j=interpreted, Vv=VM code, C=native code)
V  [jvm.dll+0x67564a]
V  [jvm.dll+0x82fc04]
V  [jvm.dll+0x8313ae]
V  [jvm.dll+0x831a13]
V  [jvm.dll+0x245235]
V  [jvm.dll+0xabd7b]
V  [jvm.dll+0xac30c]
V  [jvm.dll+0x3631a2]
V  [jvm.dll+0x1bb702]
V  [jvm.dll+0x218229]
V  [jvm.dll+0x2174f1]
V  [jvm.dll+0x1a3a8d]
V  [jvm.dll+0x226ef8]
V  [jvm.dll+0x22503c]
V  [jvm.dll+0x7e596b]
V  [jvm.dll+0x7dff2a]
V  [jvm.dll+0x6744d5]
C  [ucrtbase.dll+0x21bb2]
C  [KERNEL32.DLL+0x17034]
C  [ntdll.dll+0x52651]


---------------  P R O C E S S  ---------------

Threads class SMR info:
_java_thread_list=0x000001e43b5a26a0, length=24, elements={
0x000001e43845a120, 0x000001e43843f6b0, 0x000001e43848c7a0, 0x000001e43848e810,
0x000001e43901ec70, 0x000001e439022a30, 0x000001e439024970, 0x000001e439025bb0,
0x000001e439029d40, 0x000001e439195350, 0x000001e4393fe660, 0x000001e439814ae0,
0x000001e4396ff8e0, 0x000001e4396c81e0, 0x000001e439a03ae0, 0x000001e439a043c0,
0x000001e439bf6a50, 0x000001e439bfe8e0, 0x000001e43b37d010, 0x000001e43b37ecf0,
0x000001e43b37f1c0, 0x000001e43b380500, 0x000001e43b37d4e0, 0x000001e43b797fd0
}

Java Threads: ( => current thread )
  0x000001e43845a120 JavaThread "Reference Handler" daemon [_thread_blocked, id=20784, stack(0x000000d01d500000,0x000000d01d600000)]
  0x000001e43843f6b0 JavaThread "Finalizer" daemon [_thread_blocked, id=19444, stack(0x000000d01d600000,0x000000d01d700000)]
  0x000001e43848c7a0 JavaThread "Signal Dispatcher" daemon [_thread_blocked, id=12384, stack(0x000000d01d700000,0x000000d01d800000)]
  0x000001e43848e810 JavaThread "Attach Listener" daemon [_thread_blocked, id=10476, stack(0x000000d01d800000,0x000000d01d900000)]
  0x000001e43901ec70 JavaThread "Service Thread" daemon [_thread_blocked, id=20068, stack(0x000000d01d900000,0x000000d01da00000)]
  0x000001e439022a30 JavaThread "Monitor Deflation Thread" daemon [_thread_blocked, id=11480, stack(0x000000d01da00000,0x000000d01db00000)]
  0x000001e439024970 JavaThread "C2 CompilerThread0" daemon [_thread_blocked, id=21428, stack(0x000000d01db00000,0x000000d01dc00000)]
  0x000001e439025bb0 JavaThread "C1 CompilerThread0" daemon [_thread_blocked, id=21048, stack(0x000000d01dc00000,0x000000d01dd00000)]
  0x000001e439029d40 JavaThread "Sweeper thread" daemon [_thread_blocked, id=11440, stack(0x000000d01dd00000,0x000000d01de00000)]
  0x000001e439195350 JavaThread "Common-Cleaner" daemon [_thread_blocked, id=13996, stack(0x000000d01de00000,0x000000d01df00000)]
  0x000001e4393fe660 JavaThread "Notification Thread" daemon [_thread_blocked, id=1508, stack(0x000000d01e000000,0x000000d01e100000)]
  0x000001e439814ae0 JavaThread "Java2D Disposer" daemon [_thread_blocked, id=5636, stack(0x000000d01e200000,0x000000d01e300000)]
  0x000001e4396ff8e0 JavaThread "AWT-Windows" daemon [_thread_in_native, id=20172, stack(0x000000d01e400000,0x000000d01e500000)]
  0x000001e4396c81e0 JavaThread "QuantumRenderer-0" daemon [_thread_blocked, id=15628, stack(0x000000d01df00000,0x000000d01e000000)]
  0x000001e439a03ae0 JavaThread "InvokeLaterDispatcher" daemon [_thread_blocked, id=11408, stack(0x000000d01eb00000,0x000000d01ec00000)]
  0x000001e439a043c0 JavaThread "JavaFX Application Thread" [_thread_in_native, id=15476, stack(0x000000d01ec00000,0x000000d01ed00000)]
  0x000001e439bf6a50 JavaThread "AWT-Shutdown" [_thread_blocked, id=17116, stack(0x000000d01f100000,0x000000d01f200000)]
  0x000001e439bfe8e0 JavaThread "AWT-EventQueue-0" [_thread_blocked, id=10412, stack(0x000000d01f200000,0x000000d01f300000)]
  0x000001e43b37d010 JavaThread "Thread-1" daemon [_thread_in_native, id=20308, stack(0x000000d01f000000,0x000000d01f100000)]
  0x000001e43b37ecf0 JavaThread "DestroyJavaVM" [_thread_blocked, id=9592, stack(0x000000d01ce00000,0x000000d01cf00000)]
  0x000001e43b37f1c0 JavaThread "Image Fetcher 0" daemon [_thread_blocked, id=20904, stack(0x000000d01f300000,0x000000d01f400000)]
  0x000001e43b380500 JavaThread "Prism Font Disposer" daemon [_thread_blocked, id=14520, stack(0x000000d01f700000,0x000000d01f800000)]
  0x000001e43b37d4e0 JavaThread "Cleaner-0" daemon [_thread_blocked, id=17868, stack(0x000000d01f900000,0x000000d01fa00000)]
=>0x000001e43b797fd0 JavaThread "C2 CompilerThread1" daemon [_thread_in_native, id=21112, stack(0x000000d01fa00000,0x000000d01fb00000)]

Other Threads:
  0x000001e43841f1b0 VMThread "VM Thread" [stack: 0x000000d01d400000,0x000000d01d500000] [id=6828]
  0x000001e41e5c9790 WatcherThread [stack: 0x000000d01e100000,0x000000d01e200000] [id=20672]
  0x000001e41e5b0a40 GCTaskThread "GC Thread#0" [stack: 0x000000d01cf00000,0x000000d01d000000] [id=9656]
  0x000001e439902140 GCTaskThread "GC Thread#1" [stack: 0x000000d01e300000,0x000000d01e400000] [id=18604]
  0x000001e4399023f0 GCTaskThread "GC Thread#2" [stack: 0x000000d01e500000,0x000000d01e600000] [id=20356]
  0x000001e4398f4160 GCTaskThread "GC Thread#3" [stack: 0x000000d01e600000,0x000000d01e700000] [id=8484]
  0x000001e4398f4820 GCTaskThread "GC Thread#4" [stack: 0x000000d01e700000,0x000000d01e800000] [id=16480]
  0x000001e4398f4ad0 GCTaskThread "GC Thread#5" [stack: 0x000000d01e800000,0x000000d01e900000] [id=4644]
  0x000001e4398f8420 GCTaskThread "GC Thread#6" [stack: 0x000000d01e900000,0x000000d01ea00000] [id=13264]
  0x000001e4399ea640 GCTaskThread "GC Thread#7" [stack: 0x000000d01f800000,0x000000d01f900000] [id=20196]
  0x000001e41e5c1ca0 ConcurrentGCThread "G1 Main Marker" [stack: 0x000000d01d000000,0x000000d01d100000] [id=19576]
  0x000001e41e5c26b0 ConcurrentGCThread "G1 Conc#0" [stack: 0x000000d01d100000,0x000000d01d200000] [id=19748]
  0x000001e4399e9620 ConcurrentGCThread "G1 Conc#1" [stack: 0x000000d01ea00000,0x000000d01eb00000] [id=20844]
  0x000001e41e64ace0 ConcurrentGCThread "G1 Refine#0" [stack: 0x000000d01d200000,0x000000d01d300000] [id=20268]
  0x000001e41e64b700 ConcurrentGCThread "G1 Service" [stack: 0x000000d01d300000,0x000000d01d400000] [id=15560]

Threads with active compile tasks:
C2 CompilerThread1     6461 2784 %     4       com.sun.marlin.Renderer::_endRendering @ 1910 (2473 bytes)

VM state: not at safepoint (normal execution)

VM Mutex/Monitor currently owned by a thread: None

Heap address: 0x0000000082400000, size: 2012 MB, Compressed Oops mode: 32-bit

CDS archive(s) not mapped
Compressed class space mapped at: 0x0000000100000000-0x0000000140000000, reserved size: 1073741824
Narrow klass base: 0x0000000000000000, Narrow klass shift: 3, Narrow klass range: 0x140000000

GC Precious Log:
 CPUs: 8 total, 8 available
 Memory: 8044M
 Large Page Support: Disabled
 NUMA Support: Disabled
 Compressed Oops: Enabled (32-bit)
 Heap Region Size: 1M
 Heap Min Capacity: 8M
 Heap Initial Capacity: 126M
 Heap Max Capacity: 2012M
 Pre-touch: Disabled
 Parallel Workers: 8
 Concurrent Workers: 2
 Concurrent Refinement Workers: 8
 Periodic GC: Disabled

Heap:
 garbage-first heap   total 237568K, used 115752K [0x0000000082400000, 0x0000000100000000)
  region size 1024K, 6 young (6144K), 3 survivors (3072K)
 Metaspace       used 27612K, committed 27904K, reserved 1081344K
  class space    used 3426K, committed 3584K, reserved 1048576K

Heap Regions: E=young(eden), S=young(survivor), O=old, HS=humongous(starts), HC=humongous(continues), CS=collection set, F=free, OA=open archive, CA=closed archive, TAMS=top-at-mark-start (previous, next)
|   0|0x0000000082400000, 0x0000000082500000, 0x0000000082500000|100%|HS|  |TAMS 0x0000000082500000, 0x0000000082500000| Complete 
|   1|0x0000000082500000, 0x0000000082600000, 0x0000000082600000|100%|HS|  |TAMS 0x0000000082600000, 0x0000000082600000| Complete 
|   2|0x0000000082600000, 0x0000000082700000, 0x0000000082700000|100%|HS|  |TAMS 0x0000000082700000, 0x0000000082700000| Complete 
|   3|0x0000000082700000, 0x0000000082800000, 0x0000000082800000|100%|HC|  |TAMS 0x0000000082800000, 0x0000000082800000| Complete 
|   4|0x0000000082800000, 0x0000000082900000, 0x0000000082900000|100%|HC|  |TAMS 0x0000000082900000, 0x0000000082900000| Complete 
|   5|0x0000000082900000, 0x0000000082a00000, 0x0000000082a00000|100%|HC|  |TAMS 0x0000000082a00000, 0x0000000082a00000| Complete 
|   6|0x0000000082a00000, 0x0000000082b00000, 0x0000000082b00000|100%|HC|  |TAMS 0x0000000082b00000, 0x0000000082b00000| Complete 
|   7|0x0000000082b00000, 0x0000000082c00000, 0x0000000082c00000|100%|HC|  |TAMS 0x0000000082c00000, 0x0000000082c00000| Complete 
|   8|0x0000000082c00000, 0x0000000082d00000, 0x0000000082d00000|100%|HC|  |TAMS 0x0000000082d00000, 0x0000000082d00000| Complete 
|   9|0x0000000082d00000, 0x0000000082e00000, 0x0000000082e00000|100%|HC|  |TAMS 0x0000000082e00000, 0x0000000082e00000| Complete 
|  10|0x0000000082e00000, 0x0000000082f00000, 0x0000000082f00000|100%|HC|  |TAMS 0x0000000082f00000, 0x0000000082f00000| Complete 
|  11|0x0000000082f00000, 0x0000000083000000, 0x0000000083000000|100%|HC|  |TAMS 0x0000000083000000, 0x0000000083000000| Complete 
|  12|0x0000000083000000, 0x0000000083100000, 0x0000000083100000|100%|HC|  |TAMS 0x0000000083100000, 0x0000000083100000| Complete 
|  13|0x0000000083100000, 0x0000000083200000, 0x0000000083200000|100%|HS|  |TAMS 0x0000000083200000, 0x0000000083200000| Complete 
|  14|0x0000000083200000, 0x0000000083300000, 0x0000000083300000|100%|HC|  |TAMS 0x0000000083300000, 0x0000000083300000| Complete 
|  15|0x0000000083300000, 0x0000000083400000, 0x0000000083400000|100%|HS|  |TAMS 0x0000000083400000, 0x0000000083400000| Complete 
|  16|0x0000000083400000, 0x0000000083500000, 0x0000000083500000|100%|HC|  |TAMS 0x0000000083500000, 0x0000000083500000| Complete 
|  17|0x0000000083500000, 0x0000000083600000, 0x0000000083600000|100%|HS|  |TAMS 0x0000000083600000, 0x0000000083600000| Complete 
|  18|0x0000000083600000, 0x0000000083700000, 0x0000000083700000|100%|HS|  |TAMS 0x0000000083700000, 0x0000000083700000| Complete 
|  19|0x0000000083700000, 0x0000000083800000, 0x0000000083800000|100%|HC|  |TAMS 0x0000000083800000, 0x0000000083800000| Complete 
|  20|0x0000000083800000, 0x0000000083900000, 0x0000000083900000|100%|HS|  |TAMS 0x0000000083900000, 0x0000000083900000| Complete 
|  21|0x0000000083900000, 0x0000000083a00000, 0x0000000083a00000|100%|HC|  |TAMS 0x0000000083a00000, 0x0000000083a00000| Complete 
|  22|0x0000000083a00000, 0x0000000083b00000, 0x0000000083b00000|100%|HS|  |TAMS 0x0000000083b00000, 0x0000000083b00000| Complete 
|  23|0x0000000083b00000, 0x0000000083c00000, 0x0000000083c00000|100%|HC|  |TAMS 0x0000000083c00000, 0x0000000083c00000| Complete 
|  24|0x0000000083c00000, 0x0000000083d00000, 0x0000000083d00000|100%|HC|  |TAMS 0x0000000083d00000, 0x0000000083d00000| Complete 
|  25|0x0000000083d00000, 0x0000000083e00000, 0x0000000083e00000|100%|HS|  |TAMS 0x0000000083e00000, 0x0000000083e00000| Complete 
|  26|0x0000000083e00000, 0x0000000083f00000, 0x0000000083f00000|100%|HC|  |TAMS 0x0000000083f00000, 0x0000000083f00000| Complete 
|  27|0x0000000083f00000, 0x0000000084000000, 0x0000000084000000|100%|HS|  |TAMS 0x0000000084000000, 0x0000000084000000| Complete 
|  28|0x0000000084000000, 0x0000000084100000, 0x0000000084100000|100%|HC|  |TAMS 0x0000000084100000, 0x0000000084100000| Complete 
|  29|0x0000000084100000, 0x0000000084200000, 0x0000000084200000|100%|HC|  |TAMS 0x0000000084200000, 0x0000000084200000| Complete 
|  30|0x0000000084200000, 0x0000000084300000, 0x0000000084300000|100%|HS|  |TAMS 0x0000000084300000, 0x0000000084300000| Complete 
|  31|0x0000000084300000, 0x0000000084400000, 0x0000000084400000|100%|HS|  |TAMS 0x0000000084400000, 0x0000000084400000| Complete 
|  32|0x0000000084400000, 0x0000000084500000, 0x0000000084500000|100%|HC|  |TAMS 0x0000000084500000, 0x0000000084500000| Complete 
|  33|0x0000000084500000, 0x0000000084600000, 0x0000000084600000|100%|HS|  |TAMS 0x0000000084600000, 0x0000000084600000| Complete 
|  34|0x0000000084600000, 0x0000000084700000, 0x0000000084700000|100%|HS|  |TAMS 0x0000000084700000, 0x0000000084700000| Complete 
|  35|0x0000000084700000, 0x0000000084800000, 0x0000000084800000|100%|HC|  |TAMS 0x0000000084800000, 0x0000000084800000| Complete 
|  36|0x0000000084800000, 0x0000000084900000, 0x0000000084900000|100%|HC|  |TAMS 0x0000000084900000, 0x0000000084900000| Complete 
|  37|0x0000000084900000, 0x0000000084a00000, 0x0000000084a00000|100%|HC|  |TAMS 0x0000000084a00000, 0x0000000084a00000| Complete 
|  38|0x0000000084a00000, 0x0000000084b00000, 0x0000000084b00000|100%|HS|  |TAMS 0x0000000084b00000, 0x0000000084b00000| Complete 
|  39|0x0000000084b00000, 0x0000000084c00000, 0x0000000084c00000|100%|HC|  |TAMS 0x0000000084c00000, 0x0000000084c00000| Complete 
|  40|0x0000000084c00000, 0x0000000084d00000, 0x0000000084d00000|100%|HC|  |TAMS 0x0000000084d00000, 0x0000000084d00000| Complete 
|  41|0x0000000084d00000, 0x0000000084e00000, 0x0000000084e00000|100%|HS|  |TAMS 0x0000000084e00000, 0x0000000084e00000| Complete 
|  42|0x0000000084e00000, 0x0000000084f00000, 0x0000000084f00000|100%|HC|  |TAMS 0x0000000084f00000, 0x0000000084f00000| Complete 
|  43|0x0000000084f00000, 0x0000000085000000, 0x0000000085000000|100%|HS|  |TAMS 0x0000000085000000, 0x0000000085000000| Complete 
|  44|0x0000000085000000, 0x0000000085100000, 0x0000000085100000|100%|HC|  |TAMS 0x0000000085100000, 0x0000000085100000| Complete 
|  45|0x0000000085100000, 0x0000000085200000, 0x0000000085200000|100%|HS|  |TAMS 0x0000000085200000, 0x0000000085200000| Complete 
|  46|0x0000000085200000, 0x0000000085300000, 0x0000000085300000|100%|HS|  |TAMS 0x0000000085300000, 0x0000000085300000| Complete 
|  47|0x0000000085300000, 0x0000000085400000, 0x0000000085400000|100%|HS|  |TAMS 0x0000000085400000, 0x0000000085400000| Complete 
|  48|0x0000000085400000, 0x0000000085500000, 0x0000000085500000|100%|HC|  |TAMS 0x0000000085500000, 0x0000000085500000| Complete 
|  49|0x0000000085500000, 0x0000000085600000, 0x0000000085600000|100%|HS|  |TAMS 0x0000000085600000, 0x0000000085600000| Complete 
|  50|0x0000000085600000, 0x0000000085700000, 0x0000000085700000|100%|HS|  |TAMS 0x0000000085700000, 0x0000000085700000| Complete 
|  51|0x0000000085700000, 0x0000000085800000, 0x0000000085800000|100%|HC|  |TAMS 0x0000000085800000, 0x0000000085800000| Complete 
|  52|0x0000000085800000, 0x0000000085900000, 0x0000000085900000|100%|HC|  |TAMS 0x0000000085900000, 0x0000000085900000| Complete 
|  53|0x0000000085900000, 0x0000000085a00000, 0x0000000085a00000|100%|HC|  |TAMS 0x0000000085a00000, 0x0000000085a00000| Complete 
|  54|0x0000000085a00000, 0x0000000085b00000, 0x0000000085b00000|100%|HC|  |TAMS 0x0000000085b00000, 0x0000000085b00000| Complete 
|  55|0x0000000085b00000, 0x0000000085b00000, 0x0000000085c00000|  0%| F|  |TAMS 0x0000000085b00000, 0x0000000085b00000| Untracked 
|  56|0x0000000085c00000, 0x0000000085d00000, 0x0000000085d00000|100%| O|  |TAMS 0x0000000085d00000, 0x0000000085d00000| Untracked 
|  57|0x0000000085d00000, 0x0000000085e00000, 0x0000000085e00000|100%| O|  |TAMS 0x0000000085e00000, 0x0000000085e00000| Untracked 
|  58|0x0000000085e00000, 0x0000000085f00000, 0x0000000085f00000|100%|HS|  |TAMS 0x0000000085f00000, 0x0000000085f00000| Complete 
|  59|0x0000000085f00000, 0x0000000086000000, 0x0000000086000000|100%|HC|  |TAMS 0x0000000086000000, 0x0000000086000000| Complete 
|  60|0x0000000086000000, 0x0000000086100000, 0x0000000086100000|100%|HC|  |TAMS 0x0000000086100000, 0x0000000086100000| Complete 
|  61|0x0000000086100000, 0x0000000086200000, 0x0000000086200000|100%|HC|  |TAMS 0x0000000086200000, 0x0000000086200000| Complete 
|  62|0x0000000086200000, 0x0000000086300000, 0x0000000086300000|100%|HC|  |TAMS 0x0000000086300000, 0x0000000086300000| Complete 
|  63|0x0000000086300000, 0x0000000086400000, 0x0000000086400000|100%| O|  |TAMS 0x0000000086400000, 0x0000000086400000| Untracked 
|  64|0x0000000086400000, 0x0000000086500000, 0x0000000086500000|100%| O|  |TAMS 0x0000000086500000, 0x0000000086500000| Untracked 
|  65|0x0000000086500000, 0x0000000086600000, 0x0000000086600000|100%| O|  |TAMS 0x0000000086600000, 0x0000000086600000| Untracked 
|  66|0x0000000086600000, 0x0000000086700000, 0x0000000086700000|100%|HS|  |TAMS 0x0000000086700000, 0x0000000086700000| Complete 
|  67|0x0000000086700000, 0x0000000086800000, 0x0000000086800000|100%|HC|  |TAMS 0x0000000086800000, 0x0000000086800000| Complete 
|  68|0x0000000086800000, 0x0000000086900000, 0x0000000086900000|100%|HC|  |TAMS 0x0000000086900000, 0x0000000086900000| Complete 
|  69|0x0000000086900000, 0x0000000086a00000, 0x0000000086a00000|100%|HC|  |TAMS 0x0000000086a00000, 0x0000000086a00000| Complete 
|  70|0x0000000086a00000, 0x0000000086b00000, 0x0000000086b00000|100%|HC|  |TAMS 0x0000000086b00000, 0x0000000086b00000| Complete 
|  71|0x0000000086b00000, 0x0000000086c00000, 0x0000000086c00000|100%|HS|  |TAMS 0x0000000086c00000, 0x0000000086c00000| Complete 
|  72|0x0000000086c00000, 0x0000000086d00000, 0x0000000086d00000|100%|HS|  |TAMS 0x0000000086d00000, 0x0000000086d00000| Complete 
|  73|0x0000000086d00000, 0x0000000086e00000, 0x0000000086e00000|100%|HS|  |TAMS 0x0000000086e00000, 0x0000000086e00000| Complete 
|  74|0x0000000086e00000, 0x0000000086f00000, 0x0000000086f00000|100%|HC|  |TAMS 0x0000000086f00000, 0x0000000086f00000| Complete 
|  75|0x0000000086f00000, 0x0000000087000000, 0x0000000087000000|100%|HS|  |TAMS 0x0000000087000000, 0x0000000087000000| Complete 
|  76|0x0000000087000000, 0x0000000087100000, 0x0000000087100000|100%|HC|  |TAMS 0x0000000087100000, 0x0000000087100000| Complete 
|  77|0x0000000087100000, 0x0000000087200000, 0x0000000087200000|100%|HS|  |TAMS 0x0000000087200000, 0x0000000087200000| Complete 
|  78|0x0000000087200000, 0x0000000087300000, 0x0000000087300000|100%|HS|  |TAMS 0x0000000087300000, 0x0000000087300000| Complete 
|  79|0x0000000087300000, 0x0000000087400000, 0x0000000087400000|100%|HC|  |TAMS 0x0000000087400000, 0x0000000087400000| Complete 
|  80|0x0000000087400000, 0x0000000087500000, 0x0000000087500000|100%|HS|  |TAMS 0x0000000087500000, 0x0000000087500000| Complete 
|  81|0x0000000087500000, 0x0000000087600000, 0x0000000087600000|100%|HC|  |TAMS 0x0000000087600000, 0x0000000087600000| Complete 
|  82|0x0000000087600000, 0x0000000087700000, 0x0000000087700000|100%|HC|  |TAMS 0x0000000087700000, 0x0000000087700000| Complete 
|  83|0x0000000087700000, 0x0000000087800000, 0x0000000087800000|100%|HC|  |TAMS 0x0000000087800000, 0x0000000087800000| Complete 
|  84|0x0000000087800000, 0x0000000087900000, 0x0000000087900000|100%|HC|  |TAMS 0x0000000087900000, 0x0000000087900000| Complete 
|  85|0x0000000087900000, 0x0000000087a00000, 0x0000000087a00000|100%|HC|  |TAMS 0x0000000087a00000, 0x0000000087a00000| Complete 
|  86|0x0000000087a00000, 0x0000000087b00000, 0x0000000087b00000|100%| O|  |TAMS 0x0000000087b00000, 0x0000000087b00000| Untracked 
|  87|0x0000000087b00000, 0x0000000087c00000, 0x0000000087c00000|100%| O|  |TAMS 0x0000000087c00000, 0x0000000087c00000| Untracked 
|  88|0x0000000087c00000, 0x0000000087d00000, 0x0000000087d00000|100%| O|  |TAMS 0x0000000087d00000, 0x0000000087d00000| Untracked 
|  89|0x0000000087d00000, 0x0000000087d89200, 0x0000000087e00000| 53%| O|  |TAMS 0x0000000087d89200, 0x0000000087d89200| Untracked 
|  90|0x0000000087e00000, 0x0000000087e00000, 0x0000000087f00000|  0%| F|  |TAMS 0x0000000087e00000, 0x0000000087e00000| Untracked 
|  91|0x0000000087f00000, 0x0000000087f00000, 0x0000000088000000|  0%| F|  |TAMS 0x0000000087f00000, 0x0000000087f00000| Untracked 
|  92|0x0000000088000000, 0x0000000088100000, 0x0000000088100000|100%|HS|  |TAMS 0x0000000088000000, 0x0000000088100000| Complete 
|  93|0x0000000088100000, 0x0000000088200000, 0x0000000088200000|100%|HC|  |TAMS 0x0000000088100000, 0x0000000088200000| Complete 
|  94|0x0000000088200000, 0x0000000088300000, 0x0000000088300000|100%|HC|  |TAMS 0x0000000088200000, 0x0000000088300000| Complete 
|  95|0x0000000088300000, 0x0000000088400000, 0x0000000088400000|100%|HC|  |TAMS 0x0000000088300000, 0x0000000088400000| Complete 
|  96|0x0000000088400000, 0x0000000088500000, 0x0000000088500000|100%|HC|  |TAMS 0x0000000088400000, 0x0000000088500000| Complete 
|  97|0x0000000088500000, 0x0000000088600000, 0x0000000088600000|100%|HC|  |TAMS 0x0000000088500000, 0x0000000088600000| Complete 
|  98|0x0000000088600000, 0x0000000088700000, 0x0000000088700000|100%|HS|  |TAMS 0x0000000088600000, 0x0000000088700000| Complete 
|  99|0x0000000088700000, 0x0000000088800000, 0x0000000088800000|100%|HC|  |TAMS 0x0000000088700000, 0x0000000088800000| Complete 
| 100|0x0000000088800000, 0x0000000088900000, 0x0000000088900000|100%|HC|  |TAMS 0x0000000088800000, 0x0000000088900000| Complete 
| 101|0x0000000088900000, 0x0000000088a00000, 0x0000000088a00000|100%|HC|  |TAMS 0x0000000088900000, 0x0000000088a00000| Complete 
| 102|0x0000000088a00000, 0x0000000088b00000, 0x0000000088b00000|100%|HC|  |TAMS 0x0000000088a00000, 0x0000000088b00000| Complete 
| 103|0x0000000088b00000, 0x0000000088c00000, 0x0000000088c00000|100%|HC|  |TAMS 0x0000000088b00000, 0x0000000088c00000| Complete 
| 104|0x0000000088c00000, 0x0000000088d00000, 0x0000000088d00000|100%|HS|  |TAMS 0x0000000088c00000, 0x0000000088d00000| Complete 
| 105|0x0000000088d00000, 0x0000000088e00000, 0x0000000088e00000|100%|HC|  |TAMS 0x0000000088d00000, 0x0000000088e00000| Complete 
| 106|0x0000000088e00000, 0x0000000088f00000, 0x0000000088f00000|100%|HS|  |TAMS 0x0000000088e00000, 0x0000000088e00000| Complete 
| 107|0x0000000088f00000, 0x0000000089000000, 0x0000000089000000|100%|HC|  |TAMS 0x0000000088f00000, 0x0000000088f00000| Complete 
| 108|0x0000000089000000, 0x0000000089100000, 0x0000000089100000|100%|HC|  |TAMS 0x0000000089000000, 0x0000000089000000| Complete 
| 109|0x0000000089100000, 0x0000000089200000, 0x0000000089200000|100%|HC|  |TAMS 0x0000000089100000, 0x0000000089100000| Complete 
| 110|0x0000000089200000, 0x0000000089300000, 0x0000000089300000|100%|HC|  |TAMS 0x0000000089200000, 0x0000000089200000| Complete 
| 111|0x0000000089300000, 0x0000000089400000, 0x0000000089400000|100%|HC|  |TAMS 0x0000000089300000, 0x0000000089300000| Complete 
| 112|0x0000000089400000, 0x0000000089400000, 0x0000000089500000|  0%| F|  |TAMS 0x0000000089400000, 0x0000000089400000| Untracked 
| 113|0x0000000089500000, 0x0000000089500000, 0x0000000089600000|  0%| F|  |TAMS 0x0000000089500000, 0x0000000089500000| Untracked 
| 114|0x0000000089600000, 0x0000000089600000, 0x0000000089700000|  0%| F|  |TAMS 0x0000000089600000, 0x0000000089600000| Untracked 
| 115|0x0000000089700000, 0x0000000089700000, 0x0000000089800000|  0%| F|  |TAMS 0x0000000089700000, 0x0000000089700000| Untracked 
| 116|0x0000000089800000, 0x0000000089800000, 0x0000000089900000|  0%| F|  |TAMS 0x0000000089800000, 0x0000000089800000| Untracked 
| 117|0x0000000089900000, 0x0000000089900000, 0x0000000089a00000|  0%| F|  |TAMS 0x0000000089900000, 0x0000000089900000| Untracked 
| 118|0x0000000089a00000, 0x0000000089a00000, 0x0000000089b00000|  0%| F|  |TAMS 0x0000000089a00000, 0x0000000089a00000| Untracked 
| 119|0x0000000089b00000, 0x0000000089b00000, 0x0000000089c00000|  0%| F|  |TAMS 0x0000000089b00000, 0x0000000089b00000| Untracked 
| 120|0x0000000089c00000, 0x0000000089c00000, 0x0000000089d00000|  0%| F|  |TAMS 0x0000000089c00000, 0x0000000089c00000| Untracked 
| 121|0x0000000089d00000, 0x0000000089d00000, 0x0000000089e00000|  0%| F|  |TAMS 0x0000000089d00000, 0x0000000089d00000| Untracked 
| 122|0x0000000089e00000, 0x0000000089e00000, 0x0000000089f00000|  0%| F|  |TAMS 0x0000000089e00000, 0x0000000089e00000| Untracked 
| 123|0x0000000089f00000, 0x0000000089f00000, 0x000000008a000000|  0%| F|  |TAMS 0x0000000089f00000, 0x0000000089f00000| Untracked 
| 124|0x000000008a000000, 0x000000008a000000, 0x000000008a100000|  0%| F|  |TAMS 0x000000008a000000, 0x000000008a000000| Untracked 
| 125|0x000000008a100000, 0x000000008a100000, 0x000000008a200000|  0%| F|  |TAMS 0x000000008a100000, 0x000000008a100000| Untracked 
| 126|0x000000008a200000, 0x000000008a200000, 0x000000008a300000|  0%| F|  |TAMS 0x000000008a200000, 0x000000008a200000| Untracked 
| 127|0x000000008a300000, 0x000000008a300000, 0x000000008a400000|  0%| F|  |TAMS 0x000000008a300000, 0x000000008a300000| Untracked 
| 128|0x000000008a400000, 0x000000008a400000, 0x000000008a500000|  0%| F|  |TAMS 0x000000008a400000, 0x000000008a400000| Untracked 
| 129|0x000000008a500000, 0x000000008a500000, 0x000000008a600000|  0%| F|  |TAMS 0x000000008a500000, 0x000000008a500000| Untracked 
| 130|0x000000008a600000, 0x000000008a600000, 0x000000008a700000|  0%| F|  |TAMS 0x000000008a600000, 0x000000008a600000| Untracked 
| 131|0x000000008a700000, 0x000000008a700000, 0x000000008a800000|  0%| F|  |TAMS 0x000000008a700000, 0x000000008a700000| Untracked 
| 132|0x000000008a800000, 0x000000008a800000, 0x000000008a900000|  0%| F|  |TAMS 0x000000008a800000, 0x000000008a800000| Untracked 
| 133|0x000000008a900000, 0x000000008a900000, 0x000000008aa00000|  0%| F|  |TAMS 0x000000008a900000, 0x000000008a900000| Untracked 
| 134|0x000000008aa00000, 0x000000008aa00000, 0x000000008ab00000|  0%| F|  |TAMS 0x000000008aa00000, 0x000000008aa00000| Untracked 
| 135|0x000000008ab00000, 0x000000008ab00000, 0x000000008ac00000|  0%| F|  |TAMS 0x000000008ab00000, 0x000000008ab00000| Untracked 
| 136|0x000000008ac00000, 0x000000008ac00000, 0x000000008ad00000|  0%| F|  |TAMS 0x000000008ac00000, 0x000000008ac00000| Untracked 
| 137|0x000000008ad00000, 0x000000008ad00000, 0x000000008ae00000|  0%| F|  |TAMS 0x000000008ad00000, 0x000000008ad00000| Untracked 
| 138|0x000000008ae00000, 0x000000008ae00000, 0x000000008af00000|  0%| F|  |TAMS 0x000000008ae00000, 0x000000008ae00000| Untracked 
| 139|0x000000008af00000, 0x000000008af00000, 0x000000008b000000|  0%| F|  |TAMS 0x000000008af00000, 0x000000008af00000| Untracked 
| 140|0x000000008b000000, 0x000000008b000000, 0x000000008b100000|  0%| F|  |TAMS 0x000000008b000000, 0x000000008b000000| Untracked 
| 141|0x000000008b100000, 0x000000008b100000, 0x000000008b200000|  0%| F|  |TAMS 0x000000008b100000, 0x000000008b100000| Untracked 
| 142|0x000000008b200000, 0x000000008b200000, 0x000000008b300000|  0%| F|  |TAMS 0x000000008b200000, 0x000000008b200000| Untracked 
| 143|0x000000008b300000, 0x000000008b300000, 0x000000008b400000|  0%| F|  |TAMS 0x000000008b300000, 0x000000008b300000| Untracked 
| 144|0x000000008b400000, 0x000000008b400000, 0x000000008b500000|  0%| F|  |TAMS 0x000000008b400000, 0x000000008b400000| Untracked 
| 145|0x000000008b500000, 0x000000008b500000, 0x000000008b600000|  0%| F|  |TAMS 0x000000008b500000, 0x000000008b500000| Untracked 
| 146|0x000000008b600000, 0x000000008b600000, 0x000000008b700000|  0%| F|  |TAMS 0x000000008b600000, 0x000000008b600000| Untracked 
| 147|0x000000008b700000, 0x000000008b700000, 0x000000008b800000|  0%| F|  |TAMS 0x000000008b700000, 0x000000008b700000| Untracked 
| 148|0x000000008b800000, 0x000000008b800000, 0x000000008b900000|  0%| F|  |TAMS 0x000000008b800000, 0x000000008b800000| Untracked 
| 149|0x000000008b900000, 0x000000008b900000, 0x000000008ba00000|  0%| F|  |TAMS 0x000000008b900000, 0x000000008b900000| Untracked 
| 150|0x000000008ba00000, 0x000000008ba00000, 0x000000008bb00000|  0%| F|  |TAMS 0x000000008ba00000, 0x000000008ba00000| Untracked 
| 151|0x000000008bb00000, 0x000000008bb00000, 0x000000008bc00000|  0%| F|  |TAMS 0x000000008bb00000, 0x000000008bb00000| Untracked 
| 152|0x000000008bc00000, 0x000000008bc00000, 0x000000008bd00000|  0%| F|  |TAMS 0x000000008bc00000, 0x000000008bc00000| Untracked 
| 153|0x000000008bd00000, 0x000000008bd00000, 0x000000008be00000|  0%| F|  |TAMS 0x000000008bd00000, 0x000000008bd00000| Untracked 
| 154|0x000000008be00000, 0x000000008be00000, 0x000000008bf00000|  0%| F|  |TAMS 0x000000008be00000, 0x000000008be00000| Untracked 
| 155|0x000000008bf00000, 0x000000008bf00000, 0x000000008c000000|  0%| F|  |TAMS 0x000000008bf00000, 0x000000008bf00000| Untracked 
| 156|0x000000008c000000, 0x000000008c000000, 0x000000008c100000|  0%| F|  |TAMS 0x000000008c000000, 0x000000008c000000| Untracked 
| 157|0x000000008c100000, 0x000000008c100000, 0x000000008c200000|  0%| F|  |TAMS 0x000000008c100000, 0x000000008c100000| Untracked 
| 158|0x000000008c200000, 0x000000008c200000, 0x000000008c300000|  0%| F|  |TAMS 0x000000008c200000, 0x000000008c200000| Untracked 
| 159|0x000000008c300000, 0x000000008c300000, 0x000000008c400000|  0%| F|  |TAMS 0x000000008c300000, 0x000000008c300000| Untracked 
| 160|0x000000008c400000, 0x000000008c400000, 0x000000008c500000|  0%| F|  |TAMS 0x000000008c400000, 0x000000008c400000| Untracked 
| 161|0x000000008c500000, 0x000000008c500000, 0x000000008c600000|  0%| F|  |TAMS 0x000000008c500000, 0x000000008c500000| Untracked 
| 162|0x000000008c600000, 0x000000008c600000, 0x000000008c700000|  0%| F|  |TAMS 0x000000008c600000, 0x000000008c600000| Untracked 
| 163|0x000000008c700000, 0x000000008c700000, 0x000000008c800000|  0%| F|  |TAMS 0x000000008c700000, 0x000000008c700000| Untracked 
| 164|0x000000008c800000, 0x000000008c800000, 0x000000008c900000|  0%| F|  |TAMS 0x000000008c800000, 0x000000008c800000| Untracked 
| 165|0x000000008c900000, 0x000000008c900000, 0x000000008ca00000|  0%| F|  |TAMS 0x000000008c900000, 0x000000008c900000| Untracked 
| 166|0x000000008ca00000, 0x000000008ca00000, 0x000000008cb00000|  0%| F|  |TAMS 0x000000008ca00000, 0x000000008ca00000| Untracked 
| 167|0x000000008cb00000, 0x000000008cb00000, 0x000000008cc00000|  0%| F|  |TAMS 0x000000008cb00000, 0x000000008cb00000| Untracked 
| 168|0x000000008cc00000, 0x000000008cc00000, 0x000000008cd00000|  0%| F|  |TAMS 0x000000008cc00000, 0x000000008cc00000| Untracked 
| 169|0x000000008cd00000, 0x000000008cd00000, 0x000000008ce00000|  0%| F|  |TAMS 0x000000008cd00000, 0x000000008cd00000| Untracked 
| 170|0x000000008ce00000, 0x000000008ce00000, 0x000000008cf00000|  0%| F|  |TAMS 0x000000008ce00000, 0x000000008ce00000| Untracked 
| 171|0x000000008cf00000, 0x000000008cf00000, 0x000000008d000000|  0%| F|  |TAMS 0x000000008cf00000, 0x000000008cf00000| Untracked 
| 172|0x000000008d000000, 0x000000008d000000, 0x000000008d100000|  0%| F|  |TAMS 0x000000008d000000, 0x000000008d000000| Untracked 
| 173|0x000000008d100000, 0x000000008d100000, 0x000000008d200000|  0%| F|  |TAMS 0x000000008d100000, 0x000000008d100000| Untracked 
| 174|0x000000008d200000, 0x000000008d200000, 0x000000008d300000|  0%| F|  |TAMS 0x000000008d200000, 0x000000008d200000| Untracked 
| 175|0x000000008d300000, 0x000000008d300000, 0x000000008d400000|  0%| F|  |TAMS 0x000000008d300000, 0x000000008d300000| Untracked 
| 176|0x000000008d400000, 0x000000008d400000, 0x000000008d500000|  0%| F|  |TAMS 0x000000008d400000, 0x000000008d400000| Untracked 
| 177|0x000000008d500000, 0x000000008d500000, 0x000000008d600000|  0%| F|  |TAMS 0x000000008d500000, 0x000000008d500000| Untracked 
| 178|0x000000008d600000, 0x000000008d600000, 0x000000008d700000|  0%| F|  |TAMS 0x000000008d600000, 0x000000008d600000| Untracked 
| 179|0x000000008d700000, 0x000000008d700000, 0x000000008d800000|  0%| F|  |TAMS 0x000000008d700000, 0x000000008d700000| Untracked 
| 180|0x000000008d800000, 0x000000008d800000, 0x000000008d900000|  0%| F|  |TAMS 0x000000008d800000, 0x000000008d800000| Untracked 
| 181|0x000000008d900000, 0x000000008d900000, 0x000000008da00000|  0%| F|  |TAMS 0x000000008d900000, 0x000000008d900000| Untracked 
| 182|0x000000008da00000, 0x000000008da00000, 0x000000008db00000|  0%| F|  |TAMS 0x000000008da00000, 0x000000008da00000| Untracked 
| 183|0x000000008db00000, 0x000000008db00000, 0x000000008dc00000|  0%| F|  |TAMS 0x000000008db00000, 0x000000008db00000| Untracked 
| 184|0x000000008dc00000, 0x000000008dc00000, 0x000000008dd00000|  0%| F|  |TAMS 0x000000008dc00000, 0x000000008dc00000| Untracked 
| 185|0x000000008dd00000, 0x000000008dd00000, 0x000000008de00000|  0%| F|  |TAMS 0x000000008dd00000, 0x000000008dd00000| Untracked 
| 186|0x000000008de00000, 0x000000008de00000, 0x000000008df00000|  0%| F|  |TAMS 0x000000008de00000, 0x000000008de00000| Untracked 
| 187|0x000000008df00000, 0x000000008df00000, 0x000000008e000000|  0%| F|  |TAMS 0x000000008df00000, 0x000000008df00000| Untracked 
| 188|0x000000008e000000, 0x000000008e000000, 0x000000008e100000|  0%| F|  |TAMS 0x000000008e000000, 0x000000008e000000| Untracked 
| 189|0x000000008e100000, 0x000000008e100000, 0x000000008e200000|  0%| F|  |TAMS 0x000000008e100000, 0x000000008e100000| Untracked 
| 190|0x000000008e200000, 0x000000008e200000, 0x000000008e300000|  0%| F|  |TAMS 0x000000008e200000, 0x000000008e200000| Untracked 
| 191|0x000000008e300000, 0x000000008e300000, 0x000000008e400000|  0%| F|  |TAMS 0x000000008e300000, 0x000000008e300000| Untracked 
| 192|0x000000008e400000, 0x000000008e400000, 0x000000008e500000|  0%| F|  |TAMS 0x000000008e400000, 0x000000008e400000| Untracked 
| 193|0x000000008e500000, 0x000000008e500000, 0x000000008e600000|  0%| F|  |TAMS 0x000000008e500000, 0x000000008e500000| Untracked 
| 194|0x000000008e600000, 0x000000008e600000, 0x000000008e700000|  0%| F|  |TAMS 0x000000008e600000, 0x000000008e600000| Untracked 
| 195|0x000000008e700000, 0x000000008e700000, 0x000000008e800000|  0%| F|  |TAMS 0x000000008e700000, 0x000000008e700000| Untracked 
| 196|0x000000008e800000, 0x000000008e800000, 0x000000008e900000|  0%| F|  |TAMS 0x000000008e800000, 0x000000008e800000| Untracked 
| 197|0x000000008e900000, 0x000000008e900000, 0x000000008ea00000|  0%| F|  |TAMS 0x000000008e900000, 0x000000008e900000| Untracked 
| 198|0x000000008ea00000, 0x000000008ea00000, 0x000000008eb00000|  0%| F|  |TAMS 0x000000008ea00000, 0x000000008ea00000| Untracked 
| 199|0x000000008eb00000, 0x000000008eb00000, 0x000000008ec00000|  0%| F|  |TAMS 0x000000008eb00000, 0x000000008eb00000| Untracked 
| 200|0x000000008ec00000, 0x000000008ec00000, 0x000000008ed00000|  0%| F|  |TAMS 0x000000008ec00000, 0x000000008ec00000| Untracked 
| 201|0x000000008ed00000, 0x000000008ed00000, 0x000000008ee00000|  0%| F|  |TAMS 0x000000008ed00000, 0x000000008ed00000| Untracked 
| 202|0x000000008ee00000, 0x000000008ee00000, 0x000000008ef00000|  0%| F|  |TAMS 0x000000008ee00000, 0x000000008ee00000| Untracked 
| 203|0x000000008ef00000, 0x000000008ef00000, 0x000000008f000000|  0%| F|  |TAMS 0x000000008ef00000, 0x000000008ef00000| Untracked 
| 204|0x000000008f000000, 0x000000008f000000, 0x000000008f100000|  0%| F|  |TAMS 0x000000008f000000, 0x000000008f000000| Untracked 
| 205|0x000000008f100000, 0x000000008f100000, 0x000000008f200000|  0%| F|  |TAMS 0x000000008f100000, 0x000000008f100000| Untracked 
| 206|0x000000008f200000, 0x000000008f200000, 0x000000008f300000|  0%| F|  |TAMS 0x000000008f200000, 0x000000008f200000| Untracked 
| 207|0x000000008f300000, 0x000000008f300000, 0x000000008f400000|  0%| F|  |TAMS 0x000000008f300000, 0x000000008f300000| Untracked 
| 208|0x000000008f400000, 0x000000008f400000, 0x000000008f500000|  0%| F|  |TAMS 0x000000008f400000, 0x000000008f400000| Untracked 
| 209|0x000000008f500000, 0x000000008f500000, 0x000000008f600000|  0%| F|  |TAMS 0x000000008f500000, 0x000000008f500000| Untracked 
| 210|0x000000008f600000, 0x000000008f600000, 0x000000008f700000|  0%| F|  |TAMS 0x000000008f600000, 0x000000008f600000| Untracked 
| 211|0x000000008f700000, 0x000000008f700000, 0x000000008f800000|  0%| F|  |TAMS 0x000000008f700000, 0x000000008f700000| Untracked 
| 212|0x000000008f800000, 0x000000008f800000, 0x000000008f900000|  0%| F|  |TAMS 0x000000008f800000, 0x000000008f800000| Untracked 
| 213|0x000000008f900000, 0x000000008f900000, 0x000000008fa00000|  0%| F|  |TAMS 0x000000008f900000, 0x000000008f900000| Untracked 
| 214|0x000000008fa00000, 0x000000008fa80f98, 0x000000008fb00000| 50%| S|CS|TAMS 0x000000008fa00000, 0x000000008fa00000| Complete 
| 215|0x000000008fb00000, 0x000000008fc00000, 0x000000008fc00000|100%| S|CS|TAMS 0x000000008fb00000, 0x000000008fb00000| Complete 
| 216|0x000000008fc00000, 0x000000008fd00000, 0x000000008fd00000|100%| S|CS|TAMS 0x000000008fc00000, 0x000000008fc00000| Complete 
| 217|0x000000008fd00000, 0x000000008fd00000, 0x000000008fe00000|  0%| F|  |TAMS 0x000000008fd00000, 0x000000008fd00000| Untracked 
| 218|0x000000008fe00000, 0x000000008fe00000, 0x000000008ff00000|  0%| F|  |TAMS 0x000000008fe00000, 0x000000008fe00000| Untracked 
| 219|0x000000008ff00000, 0x000000008ff00000, 0x0000000090000000|  0%| F|  |TAMS 0x000000008ff00000, 0x000000008ff00000| Untracked 
| 220|0x0000000090000000, 0x0000000090000000, 0x0000000090100000|  0%| F|  |TAMS 0x0000000090000000, 0x0000000090000000| Untracked 
| 221|0x0000000090100000, 0x0000000090100000, 0x0000000090200000|  0%| F|  |TAMS 0x0000000090100000, 0x0000000090100000| Untracked 
| 222|0x0000000090200000, 0x0000000090200000, 0x0000000090300000|  0%| F|  |TAMS 0x0000000090200000, 0x0000000090200000| Untracked 
| 223|0x0000000090300000, 0x0000000090300000, 0x0000000090400000|  0%| F|  |TAMS 0x0000000090300000, 0x0000000090300000| Untracked 
| 224|0x0000000090400000, 0x0000000090400000, 0x0000000090500000|  0%| F|  |TAMS 0x0000000090400000, 0x0000000090400000| Untracked 
| 225|0x0000000090500000, 0x0000000090500000, 0x0000000090600000|  0%| F|  |TAMS 0x0000000090500000, 0x0000000090500000| Untracked 
| 226|0x0000000090600000, 0x0000000090600000, 0x0000000090700000|  0%| F|  |TAMS 0x0000000090600000, 0x0000000090600000| Untracked 
| 227|0x0000000090700000, 0x0000000090700000, 0x0000000090800000|  0%| F|  |TAMS 0x0000000090700000, 0x0000000090700000| Untracked 
| 228|0x0000000090800000, 0x0000000090800000, 0x0000000090900000|  0%| F|  |TAMS 0x0000000090800000, 0x0000000090800000| Untracked 
| 229|0x0000000090900000, 0x0000000090900800, 0x0000000090a00000|  0%| E|  |TAMS 0x0000000090900000, 0x0000000090900000| Complete 
| 230|0x0000000090a00000, 0x0000000090b00000, 0x0000000090b00000|100%| E|CS|TAMS 0x0000000090a00000, 0x0000000090a00000| Complete 
| 231|0x0000000090b00000, 0x0000000090c00000, 0x0000000090c00000|100%| E|CS|TAMS 0x0000000090b00000, 0x0000000090b00000| Complete 

Card table byte_map: [0x000001e431350000,0x000001e431740000] _byte_map_base: 0x000001e430f3e000

Marking Bits (Prev, Next): (CMBitMap*) 0x000001e41e5b1090, (CMBitMap*) 0x000001e41e5b1050
 Prev Bits: [0x000001e433aa0000, 0x000001e435a10000)
 Next Bits: [0x000001e431b30000, 0x000001e433aa0000)

Polling page: 0x000001e41c580000

Metaspace:

Usage:
  Non-class:     23.62 MB used.
      Class:      3.35 MB used.
       Both:     26.97 MB used.

Virtual space:
  Non-class space:       32.00 MB reserved,      23.75 MB ( 74%) committed,  4 nodes.
      Class space:        1.00 GB reserved,       3.50 MB ( <1%) committed,  1 nodes.
             Both:        1.03 GB reserved,      27.25 MB (  3%) committed. 

Chunk freelists:
   Non-Class:  3.84 MB
       Class:  446.00 KB
        Both:  4.28 MB

MaxMetaspaceSize: unlimited
CompressedClassSpaceSize: 1.00 GB
Initial GC threshold: 21.00 MB
Current GC threshold: 39.19 MB
CDS: off
MetaspaceReclaimPolicy: balanced
 - commit_granule_bytes: 65536.
 - commit_granule_words: 8192.
 - virtual_space_node_default_size: 1048576.
 - enlarge_chunks_in_place: 1.
 - new_chunks_are_fully_committed: 0.
 - uncommit_free_chunks: 1.
 - use_allocation_guard: 0.
 - handle_deallocations: 1.


Internal statistics:

num_allocs_failed_limit: 9.
num_arena_births: 260.
num_arena_deaths: 0.
num_vsnodes_births: 5.
num_vsnodes_deaths: 0.
num_space_committed: 436.
num_space_uncommitted: 0.
num_chunks_returned_to_freelist: 9.
num_chunks_taken_from_freelist: 818.
num_chunk_merges: 6.
num_chunk_splits: 538.
num_chunks_enlarged: 380.
num_purges: 0.
num_inconsistent_stats: 0.

CodeHeap 'non-profiled nmethods': size=120000Kb used=1118Kb max_used=1118Kb free=118881Kb
 bounds [0x000001e429700000, 0x000001e429970000, 0x000001e430c30000]
CodeHeap 'profiled nmethods': size=120000Kb used=4939Kb max_used=4939Kb free=115061Kb
 bounds [0x000001e4221d0000, 0x000001e4226b0000, 0x000001e429700000]
CodeHeap 'non-nmethods': size=5760Kb used=1496Kb max_used=1566Kb free=4263Kb
 bounds [0x000001e421c30000, 0x000001e421ea0000, 0x000001e4221d0000]
 total_blobs=3668 nmethods=2793 adapters=787
 compilation: enabled
              stopped_count=0, restarted_count=0
 full_count=0

Compilation events (20 events):
Event: 6.281 Thread 0x000001e439024970 nmethod 2783% 0x000001e429816210 code [0x000001e4298163a0, 0x000001e429816ad8]
Event: 6.281 Thread 0x000001e439024970 2789       4       com.sun.marlin.FloatMath::ceil_int (29 bytes)
Event: 6.281 Thread 0x000001e439025bb0 nmethod 2799 0x000001e422697a10 code [0x000001e422697d80, 0x000001e422699958]
Event: 6.282 Thread 0x000001e439024970 nmethod 2789 0x000001e429816f10 code [0x000001e429817080, 0x000001e429817138]
Event: 6.282 Thread 0x000001e439024970 2788       4       com.sun.javafx.geom.Path2D$Iterator::next (35 bytes)
Event: 6.283 Thread 0x000001e439024970 nmethod 2788 0x000001e429817210 code [0x000001e4298173a0, 0x000001e429817498]
Event: 6.299 Thread 0x000001e439025bb0 2801       3       com.sun.javafx.geom.transform.Translate2D::transform (48 bytes)
Event: 6.299 Thread 0x000001e439025bb0 nmethod 2801 0x000001e42269a310 code [0x000001e42269a4c0, 0x000001e42269a778]
Event: 6.315 Thread 0x000001e439025bb0 2802       3       com.sun.javafx.event.CompositeEventDispatcher::dispatchCapturingEvent (35 bytes)
Event: 6.315 Thread 0x000001e439025bb0 nmethod 2802 0x000001e42269a910 code [0x000001e42269aae0, 0x000001e42269af18]
Event: 6.323 Thread 0x000001e439025bb0 2803       3       com.sun.javafx.geom.transform.Identity::inverseDeltaTransform (20 bytes)
Event: 6.324 Thread 0x000001e439025bb0 nmethod 2803 0x000001e42269b090 code [0x000001e42269b260, 0x000001e42269b618]
Event: 6.378 Thread 0x000001e439025bb0 2804       3       java.awt.EventQueue::getPriority (78 bytes)
Event: 6.379 Thread 0x000001e439025bb0 nmethod 2804 0x000001e42269b810 code [0x000001e42269b9e0, 0x000001e42269bff8]
Event: 6.379 Thread 0x000001e439025bb0 2805       3       java.awt.EventQueue::postEvent (172 bytes)
Event: 6.380 Thread 0x000001e439025bb0 nmethod 2805 0x000001e42269c110 code [0x000001e42269c440, 0x000001e42269d7d8]
Event: 6.387 Thread 0x000001e439025bb0 2806       3       com.sun.javafx.event.BasicEventDispatcher::dispatchEvent (44 bytes)
Event: 6.387 Thread 0x000001e439025bb0 nmethod 2806 0x000001e42269de10 code [0x000001e42269e000, 0x000001e42269e568]
Event: 6.403 Thread 0x000001e439025bb0 2808       3       javafx.scene.Parent::getOrderedChildren (36 bytes)
Event: 6.403 Thread 0x000001e439025bb0 nmethod 2808 0x000001e42269e710 code [0x000001e42269e8e0, 0x000001e42269ecc8]

GC Heap History (14 events):
Event: 2.417 GC heap before
{Heap before GC invocations=0 (full 0):
 garbage-first heap   total 129024K, used 75776K [0x0000000082400000, 0x0000000100000000)
  region size 1024K, 21 young (21504K), 0 survivors (0K)
 Metaspace       used 13772K, committed 13952K, reserved 1064960K
  class space    used 1428K, committed 1536K, reserved 1048576K
}
Event: 2.424 GC heap after
{Heap after GC invocations=1 (full 0):
 garbage-first heap   total 129024K, used 61639K [0x0000000082400000, 0x0000000100000000)
  region size 1024K, 3 young (3072K), 3 survivors (3072K)
 Metaspace       used 13772K, committed 13952K, reserved 1064960K
  class space    used 1428K, committed 1536K, reserved 1048576K
}
Event: 2.502 GC heap before
{Heap before GC invocations=2 (full 0):
 garbage-first heap   total 129024K, used 66759K [0x0000000082400000, 0x0000000100000000)
  region size 1024K, 4 young (4096K), 3 survivors (3072K)
 Metaspace       used 13773K, committed 13952K, reserved 1064960K
  class space    used 1428K, committed 1536K, reserved 1048576K
}
Event: 2.505 GC heap after
{Heap after GC invocations=3 (full 0):
 garbage-first heap   total 129024K, used 67054K [0x0000000082400000, 0x0000000100000000)
  region size 1024K, 1 young (1024K), 1 survivors (1024K)
 Metaspace       used 13773K, committed 13952K, reserved 1064960K
  class space    used 1428K, committed 1536K, reserved 1048576K
}
Event: 3.387 GC heap before
{Heap before GC invocations=4 (full 0):
 garbage-first heap   total 129024K, used 112110K [0x0000000082400000, 0x0000000100000000)
  region size 1024K, 26 young (26624K), 1 survivors (1024K)
 Metaspace       used 23098K, committed 23296K, reserved 1073152K
  class space    used 2695K, committed 2816K, reserved 1048576K
}
Event: 3.391 GC heap after
{Heap after GC invocations=5 (full 0):
 garbage-first heap   total 129024K, used 90904K [0x0000000082400000, 0x0000000100000000)
  region size 1024K, 4 young (4096K), 4 survivors (4096K)
 Metaspace       used 23098K, committed 23296K, reserved 1073152K
  class space    used 2695K, committed 2816K, reserved 1048576K
}
Event: 3.443 GC heap before
{Heap before GC invocations=5 (full 0):
 garbage-first heap   total 129024K, used 90904K [0x0000000082400000, 0x0000000100000000)
  region size 1024K, 6 young (6144K), 4 survivors (4096K)
 Metaspace       used 23404K, committed 23616K, reserved 1073152K
  class space    used 2730K, committed 2816K, reserved 1048576K
}
Event: 3.447 GC heap after
{Heap after GC invocations=6 (full 0):
 garbage-first heap   total 129024K, used 91160K [0x0000000082400000, 0x0000000100000000)
  region size 1024K, 1 young (1024K), 1 survivors (1024K)
 Metaspace       used 23404K, committed 23616K, reserved 1073152K
  class space    used 2730K, committed 2816K, reserved 1048576K
}
Event: 3.484 GC heap before
{Heap before GC invocations=6 (full 0):
 garbage-first heap   total 129024K, used 92184K [0x0000000082400000, 0x0000000100000000)
  region size 1024K, 3 young (3072K), 1 survivors (1024K)
 Metaspace       used 23725K, committed 23936K, reserved 1073152K
  class space    used 2781K, committed 2880K, reserved 1048576K
}
Event: 3.486 GC heap after
{Heap after GC invocations=7 (full 0):
 garbage-first heap   total 129024K, used 91113K [0x0000000082400000, 0x0000000100000000)
  region size 1024K, 1 young (1024K), 1 survivors (1024K)
 Metaspace       used 23725K, committed 23936K, reserved 1073152K
  class space    used 2781K, committed 2880K, reserved 1048576K
}
Event: 3.553 GC heap before
{Heap before GC invocations=8 (full 0):
 garbage-first heap   total 155648K, used 93161K [0x0000000082400000, 0x0000000100000000)
  region size 1024K, 4 young (4096K), 1 survivors (1024K)
 Metaspace       used 24351K, committed 24640K, reserved 1073152K
  class space    used 2857K, committed 3008K, reserved 1048576K
}
Event: 3.555 GC heap after
{Heap after GC invocations=9 (full 0):
 garbage-first heap   total 237568K, used 91537K [0x0000000082400000, 0x0000000100000000)
  region size 1024K, 1 young (1024K), 1 survivors (1024K)
 Metaspace       used 24351K, committed 24640K, reserved 1073152K
  class space    used 2857K, committed 3008K, reserved 1048576K
}
Event: 5.578 GC heap before
{Heap before GC invocations=9 (full 0):
 garbage-first heap   total 237568K, used 122257K [0x0000000082400000, 0x0000000100000000)
  region size 1024K, 16 young (16384K), 1 survivors (1024K)
 Metaspace       used 27467K, committed 27776K, reserved 1081344K
  class space    used 3425K, committed 3584K, reserved 1048576K
}
Event: 5.581 GC heap after
{Heap after GC invocations=10 (full 0):
 garbage-first heap   total 237568K, used 107560K [0x0000000082400000, 0x0000000100000000)
  region size 1024K, 3 young (3072K), 3 survivors (3072K)
 Metaspace       used 27467K, committed 27776K, reserved 1081344K
  class space    used 3425K, committed 3584K, reserved 1048576K
}

Deoptimization events (20 events):
Event: 5.393 Thread 0x000001e439a043c0 Uncommon trap: trap_request=0xffffffde fr.pc=0x000001e4297d8adc relative=0x00000000000008bc
Event: 5.393 Thread 0x000001e439a043c0 Uncommon trap: reason=class_check action=maybe_recompile pc=0x000001e4297d8adc method=javafx.scene.CssStyleHelper.getStyle(Ljavafx/css/Styleable;Ljava/lang/String;Lcom/sun/javafx/css/StyleMap;Ljava/util/Set;)Lcom/sun/javafx/css/CascadingStyle; @ 140 c2
Event: 5.393 Thread 0x000001e439a043c0 DEOPT PACKING pc=0x000001e4297d8adc sp=0x000000d01ecfd0f0
Event: 5.393 Thread 0x000001e439a043c0 DEOPT UNPACKING pc=0x000001e421c823a3 sp=0x000000d01ecfd050 mode 2
Event: 5.445 Thread 0x000001e439a043c0 Uncommon trap: trap_request=0xffffff45 fr.pc=0x000001e4297800dc relative=0x000000000000005c
Event: 5.445 Thread 0x000001e439a043c0 Uncommon trap: reason=unstable_if action=reinterpret pc=0x000001e4297800dc method=java.util.Objects.equals(Ljava/lang/Object;Ljava/lang/Object;)Z @ 6 c2
Event: 5.445 Thread 0x000001e439a043c0 DEOPT PACKING pc=0x000001e4297800dc sp=0x000000d01ecfd720
Event: 5.445 Thread 0x000001e439a043c0 DEOPT UNPACKING pc=0x000001e421c823a3 sp=0x000000d01ecfd6c0 mode 2
Event: 5.508 Thread 0x000001e4396c81e0 Uncommon trap: trap_request=0xffffff45 fr.pc=0x000001e4297c948c relative=0x000000000000478c
Event: 5.508 Thread 0x000001e4396c81e0 Uncommon trap: reason=unstable_if action=reinterpret pc=0x000001e4297c948c method=com.sun.marlin.MaskMarlinAlphaConsumer.setAndClearRelativeAlphas([IIII)V @ 69 c2
Event: 5.508 Thread 0x000001e4396c81e0 DEOPT PACKING pc=0x000001e4297c948c sp=0x000000d01dffd710
Event: 5.508 Thread 0x000001e4396c81e0 DEOPT UNPACKING pc=0x000001e421c823a3 sp=0x000000d01dffd480 mode 2
Event: 5.508 Thread 0x000001e4396c81e0 Uncommon trap: trap_request=0xffffff45 fr.pc=0x000001e4297b33bc relative=0x0000000000005b7c
Event: 5.508 Thread 0x000001e4396c81e0 Uncommon trap: reason=unstable_if action=reinterpret pc=0x000001e4297b33bc method=com.sun.marlin.MaskMarlinAlphaConsumer.setAndClearRelativeAlphas([IIII)V @ 69 c2
Event: 5.508 Thread 0x000001e4396c81e0 DEOPT PACKING pc=0x000001e4297b33bc sp=0x000000d01dffd680
Event: 5.508 Thread 0x000001e4396c81e0 DEOPT UNPACKING pc=0x000001e421c823a3 sp=0x000000d01dffd480 mode 2
Event: 5.511 Thread 0x000001e4396c81e0 DEOPT PACKING pc=0x000001e4224d466b sp=0x000000d01dffd4b0
Event: 5.511 Thread 0x000001e4396c81e0 DEOPT UNPACKING pc=0x000001e421c82b43 sp=0x000000d01dffc878 mode 0
Event: 6.255 Thread 0x000001e4396c81e0 DEOPT PACKING pc=0x000001e42263a1d1 sp=0x000000d01dffdc70
Event: 6.255 Thread 0x000001e4396c81e0 DEOPT UNPACKING pc=0x000001e421c82b43 sp=0x000000d01dffd0a8 mode 0

Classes unloaded (0 events):
No events

Classes redefined (0 events):
No events

Internal exceptions (20 events):
Event: 3.042 Thread 0x000001e439a043c0 Exception <a 'java/lang/ClassNotFoundException'{0x00000000897e2f98}: com/sun/glass/ui/win/themes_en> (0x00000000897e2f98) 
thrown [e:\jenkins\tmp\workspace\build\src\src\hotspot\share\prims\jni.cpp, line 535]
Event: 3.043 Thread 0x000001e439a043c0 Exception <a 'java/lang/ClassNotFoundException'{0x00000000897eafe0}: com/sun/glass/ui/win/themes_en_US> (0x00000000897eafe0) 
thrown [e:\jenkins\tmp\workspace\build\src\src\hotspot\share\prims\jni.cpp, line 535]
Event: 3.132 Thread 0x000001e439a043c0 Exception <a 'java/lang/NoSuchMethodError'{0x00000000892f8e18}: 'void java.lang.invoke.DirectMethodHandle$Holder.invokeStaticInit(java.lang.Object, java.lang.Object)'> (0x00000000892f8e18) 
thrown [e:\jenkins\tmp\workspace\build\src\src\hotspot\share\interpreter\linkResolver.cpp, line 766]
Event: 3.138 Thread 0x000001e439a043c0 Exception <a 'java/lang/NoSuchMethodError'{0x0000000089132990}: 'void java.lang.invoke.DirectMethodHandle$Holder.invokeSpecial(java.lang.Object, java.lang.Object, java.lang.Object, java.lang.Object, java.lang.Object)'> (0x0000000089132990) 
thrown [e:\jenkins\tmp\workspace\build\src\src\hotspot\share\interpreter\linkResolver.cpp, line 766]
Event: 3.286 Thread 0x000001e439a043c0 Exception <a 'java/lang/NoSuchMethodError'{0x0000000088b1a498}: 'java.lang.Object java.lang.invoke.DirectMethodHandle$Holder.newInvokeSpecial(java.lang.Object, java.lang.Object, int, int)'> (0x0000000088b1a498) 
thrown [e:\jenkins\tmp\workspace\build\src\src\hotspot\share\interpreter\linkResolver.cpp, line 766]
Event: 3.302 Thread 0x000001e43b37f1c0 Exception <a 'java/lang/NoSuchMethodError'{0x0000000088bd9df8}: 'java.lang.Object java.lang.invoke.DirectMethodHandle$Holder.newInvokeSpecial(java.lang.Object, java.lang.Object, java.lang.Object, int, int, int, int, int)'> (0x0000000088bd9df8) 
thrown [e:\jenkins\tmp\workspace\build\src\src\hotspot\share\interpreter\linkResolver.cpp, line 766]
Event: 3.366 Thread 0x000001e439a043c0 Exception <a 'java/lang/NoSuchMethodError'{0x0000000088833f10}: 'java.lang.Object java.lang.invoke.DirectMethodHandle$Holder.invokeInterface(java.lang.Object, java.lang.Object, java.lang.Object)'> (0x0000000088833f10) 
thrown [e:\jenkins\tmp\workspace\build\src\src\hotspot\share\interpreter\linkResolver.cpp, line 766]
Event: 3.366 Thread 0x000001e439a043c0 Exception <a 'java/lang/IncompatibleClassChangeError'{0x0000000088837898}: Found class java.lang.Object, but interface was expected> (0x0000000088837898) 
thrown [e:\jenkins\tmp\workspace\build\src\src\hotspot\share\interpreter\linkResolver.cpp, line 833]
Event: 3.430 Thread 0x000001e439a043c0 Implicit null exception at 0x000001e42971de0f to 0x000001e42971de89
Event: 3.488 Thread 0x000001e4396c81e0 Exception <a 'java/lang/NoSuchMethodError'{0x000000008a129d88}: 'int java.lang.invoke.DirectMethodHandle$Holder.invokeStaticInit(java.lang.Object, java.lang.Object)'> (0x000000008a129d88) 
thrown [e:\jenkins\tmp\workspace\build\src\src\hotspot\share\interpreter\linkResolver.cpp, line 766]
Event: 3.653 Thread 0x000001e439bfe8e0 Exception <a 'java/lang/NoSuchMethodError'{0x0000000090bea498}: 'java.lang.Object java.lang.invoke.DirectMethodHandle$Holder.newInvokeSpecial(java.lang.Object, java.lang.Object, int, int, java.lang.Object)'> (0x0000000090bea498) 
thrown [e:\jenkins\tmp\workspace\build\src\src\hotspot\share\interpreter\linkResolver.cpp, line 766]
Event: 4.008 Thread 0x000001e439a043c0 Exception <a 'java/lang/NoSuchMethodError'{0x0000000090981530}: 'java.lang.Object java.lang.invoke.DirectMethodHandle$Holder.invokeSpecial(java.lang.Object, java.lang.Object, int, int, int, int, int, int, int, int, int, int, int, int, int, int, int, int)'> (0x0000000090981530) 
thrown [e:\jenkins\tmp\workspace\build\src\src\hotspot\share\interpreter\linkResolver.cpp, line 766]
Event: 4.511 Thread 0x000001e439a043c0 Exception <a 'java/lang/NoSuchMethodError'{0x00000000908f3830}: 'long java.lang.invoke.DirectMethodHandle$Holder.invokeStatic(java.lang.Object, java.lang.Object, java.lang.Object)'> (0x00000000908f3830) 
thrown [e:\jenkins\tmp\workspace\build\src\src\hotspot\share\interpreter\linkResolver.cpp, line 766]
Event: 4.511 Thread 0x000001e439a043c0 Exception <a 'java/lang/NoSuchMethodError'{0x00000000908f6fd8}: 'long java.lang.invoke.DirectMethodHandle$Holder.invokeStaticInit(java.lang.Object, java.lang.Object, java.lang.Object)'> (0x00000000908f6fd8) 
thrown [e:\jenkins\tmp\workspace\build\src\src\hotspot\share\interpreter\linkResolver.cpp, line 766]
Event: 4.514 Thread 0x000001e439a043c0 Exception <a 'java/lang/NoSuchMethodError'{0x000000009070f118}: 'java.lang.Object java.lang.invoke.DirectMethodHandle$Holder.newInvokeSpecial(java.lang.Object, java.lang.Object, long)'> (0x000000009070f118) 
thrown [e:\jenkins\tmp\workspace\build\src\src\hotspot\share\interpreter\linkResolver.cpp, line 766]
Event: 4.515 Thread 0x000001e439a043c0 Exception <a 'java/lang/NoSuchMethodError'{0x0000000090712c88}: 'java.lang.Object java.lang.invoke.Invokers$Holder.linkToTargetMethod(java.lang.Object, long, java.lang.Object)'> (0x0000000090712c88) 
thrown [e:\jenkins\tmp\workspace\build\src\src\hotspot\share\interpreter\linkResolver.cpp, line 766]
Event: 5.296 Thread 0x000001e439a043c0 Exception <a 'java/lang/ClassNotFoundException'{0x000000009049eea0}: com/sun/javafx/scene/control/skin/resources/controls> (0x000000009049eea0) 
thrown [e:\jenkins\tmp\workspace\build\src\src\hotspot\share\prims\jni.cpp, line 535]
Event: 5.297 Thread 0x000001e439a043c0 Exception <a 'java/lang/ClassNotFoundException'{0x00000000904ace50}: com/sun/javafx/scene/control/skin/resources/controls_en> (0x00000000904ace50) 
thrown [e:\jenkins\tmp\workspace\build\src\src\hotspot\share\prims\jni.cpp, line 535]
Event: 5.298 Thread 0x000001e439a043c0 Exception <a 'java/lang/ClassNotFoundException'{0x00000000904ae558}: com/sun/javafx/scene/control/skin/resources/controls_en_US> (0x00000000904ae558) 
thrown [e:\jenkins\tmp\workspace\build\src\src\hotspot\share\prims\jni.cpp, line 535]
Event: 5.527 Thread 0x000001e4396c81e0 Exception <a 'java/lang/NoSuchMethodError'{0x000000008fefc110}: 'java.lang.Object java.lang.invoke.DirectMethodHandle$Holder.invokeStaticInit(java.lang.Object, int)'> (0x000000008fefc110) 
thrown [e:\jenkins\tmp\workspace\build\src\src\hotspot\share\interpreter\linkResolver.cpp, line 766]

VM Operations (20 events):
Event: 3.484 Executing VM operation: CollectForMetadataAllocation
Event: 3.486 Executing VM operation: CollectForMetadataAllocation done
Event: 3.497 Executing VM operation: G1Concurrent
Event: 3.499 Executing VM operation: G1Concurrent done
Event: 3.503 Executing VM operation: G1Concurrent
Event: 3.504 Executing VM operation: G1Concurrent done
Event: 3.553 Executing VM operation: G1TryInitiateConcMark
Event: 3.555 Executing VM operation: G1TryInitiateConcMark done
Event: 4.556 Executing VM operation: Cleanup
Event: 4.556 Executing VM operation: Cleanup done
Event: 5.248 Executing VM operation: HandshakeAllThreads
Event: 5.248 Executing VM operation: HandshakeAllThreads done
Event: 5.334 Executing VM operation: HandshakeAllThreads
Event: 5.334 Executing VM operation: HandshakeAllThreads done
Event: 5.463 Executing VM operation: ICBufferFull
Event: 5.463 Executing VM operation: ICBufferFull done
Event: 5.507 Executing VM operation: HandshakeAllThreads
Event: 5.507 Executing VM operation: HandshakeAllThreads done
Event: 5.578 Executing VM operation: G1TryInitiateConcMark
Event: 5.582 Executing VM operation: G1TryInitiateConcMark done

Events (20 events):
Event: 5.243 loading class java/util/TreeSet done
Event: 5.246 loading class java/util/TreeMap$KeySet
Event: 5.247 loading class java/util/TreeMap$KeySet done
Event: 5.247 loading class java/util/TreeMap$KeyIterator
Event: 5.247 loading class java/util/TreeMap$KeyIterator done
Event: 5.247 loading class java/util/LinkedHashMap$LinkedKeySet
Event: 5.247 loading class java/util/LinkedHashMap$LinkedKeySet done
Event: 5.247 loading class java/util/LinkedHashMap$LinkedKeyIterator
Event: 5.247 loading class java/util/LinkedHashMap$LinkedKeyIterator done
Event: 5.453 loading class java/lang/FdLibm$Hypot
Event: 5.453 loading class java/lang/FdLibm$Hypot done
Event: 5.453 loading class java/lang/FdLibm
Event: 5.453 loading class java/lang/FdLibm done
Event: 5.601 loading class java/lang/Throwable$WrappedPrintStream
Event: 5.602 loading class java/lang/Throwable$PrintStreamOrWriter
Event: 5.602 loading class java/lang/Throwable$PrintStreamOrWriter done
Event: 5.602 loading class java/lang/Throwable$WrappedPrintStream done
Event: 5.602 loading class java/lang/StackTraceElement$HashedModules
Event: 5.602 loading class java/lang/StackTraceElement$HashedModules done
Event: 6.260 Thread 0x000001e43b797fd0 Thread added: 0x000001e43b797fd0


Dynamic libraries:
0x00007ff754d90000 - 0x00007ff754d9e000 	C:\Users\Admin\Desktop\eclipse\plugins\org.eclipse.justj.openjdk.hotspot.jre.full.win32.x86_64_17.0.2.v20220201-1208\jre\bin\javaw.exe
0x00007ffa72fb0000 - 0x00007ffa731a7000 	C:\WINDOWS\SYSTEM32\ntdll.dll
0x00007ffa727c0000 - 0x00007ffa7287d000 	C:\WINDOWS\System32\KERNEL32.DLL
0x00007ffa70830000 - 0x00007ffa70afd000 	C:\WINDOWS\System32\KERNELBASE.dll
0x00007ffa70d40000 - 0x00007ffa70e40000 	C:\WINDOWS\System32\ucrtbase.dll
0x00007ffa3b7f0000 - 0x00007ffa3b808000 	C:\Users\Admin\Desktop\eclipse\plugins\org.eclipse.justj.openjdk.hotspot.jre.full.win32.x86_64_17.0.2.v20220201-1208\jre\bin\jli.dll
0x00007ffa3b7d0000 - 0x00007ffa3b7e9000 	C:\Users\Admin\Desktop\eclipse\plugins\org.eclipse.justj.openjdk.hotspot.jre.full.win32.x86_64_17.0.2.v20220201-1208\jre\bin\VCRUNTIME140.dll
0x00007ffa72a60000 - 0x00007ffa72c00000 	C:\WINDOWS\System32\USER32.dll
0x00007ffa5cda0000 - 0x00007ffa5d03a000 	C:\WINDOWS\WinSxS\amd64_microsoft.windows.common-controls_6595b64144ccf1df_6.0.19041.1110_none_60b5254171f9507e\COMCTL32.dll
0x00007ffa70b00000 - 0x00007ffa70b22000 	C:\WINDOWS\System32\win32u.dll
0x00007ffa716b0000 - 0x00007ffa7174e000 	C:\WINDOWS\System32\msvcrt.dll
0x00007ffa72900000 - 0x00007ffa7292a000 	C:\WINDOWS\System32\GDI32.dll
0x00007ffa706d0000 - 0x00007ffa707db000 	C:\WINDOWS\System32\gdi32full.dll
0x00007ffa70be0000 - 0x00007ffa70c7d000 	C:\WINDOWS\System32\msvcp_win.dll
0x00007ffa71110000 - 0x00007ffa71140000 	C:\WINDOWS\System32\IMM32.DLL
0x00007ffa5ac60000 - 0x00007ffa5ac6c000 	C:\Users\Admin\Desktop\eclipse\plugins\org.eclipse.justj.openjdk.hotspot.jre.full.win32.x86_64_17.0.2.v20220201-1208\jre\bin\vcruntime140_1.dll
0x00007ffa39710000 - 0x00007ffa397a1000 	C:\Users\Admin\Desktop\eclipse\plugins\org.eclipse.justj.openjdk.hotspot.jre.full.win32.x86_64_17.0.2.v20220201-1208\jre\bin\msvcp140.dll
0x00007ffa17d70000 - 0x00007ffa189b7000 	C:\Users\Admin\Desktop\eclipse\plugins\org.eclipse.justj.openjdk.hotspot.jre.full.win32.x86_64_17.0.2.v20220201-1208\jre\bin\server\jvm.dll
0x00007ffa71bc0000 - 0x00007ffa71c6e000 	C:\WINDOWS\System32\ADVAPI32.dll
0x00007ffa71010000 - 0x00007ffa710ac000 	C:\WINDOWS\System32\sechost.dll
0x00007ffa71250000 - 0x00007ffa71375000 	C:\WINDOWS\System32\RPCRT4.dll
0x00007ffa72880000 - 0x00007ffa72888000 	C:\WINDOWS\System32\PSAPI.DLL
0x00007ffa588d0000 - 0x00007ffa588d9000 	C:\WINDOWS\SYSTEM32\WSOCK32.dll
0x00007ffa5e0e0000 - 0x00007ffa5e107000 	C:\WINDOWS\SYSTEM32\WINMM.dll
0x00007ffa72890000 - 0x00007ffa728fb000 	C:\WINDOWS\System32\WS2_32.dll
0x00007ffa6aba0000 - 0x00007ffa6abaa000 	C:\WINDOWS\SYSTEM32\VERSION.dll
0x00007ffa6e770000 - 0x00007ffa6e782000 	C:\WINDOWS\SYSTEM32\kernel.appcore.dll
0x00007ffa5b860000 - 0x00007ffa5b86a000 	C:\Users\Admin\Desktop\eclipse\plugins\org.eclipse.justj.openjdk.hotspot.jre.full.win32.x86_64_17.0.2.v20220201-1208\jre\bin\jimage.dll
0x00007ffa6e4a0000 - 0x00007ffa6e684000 	C:\WINDOWS\SYSTEM32\DBGHELP.DLL
0x00007ffa54470000 - 0x00007ffa5449c000 	C:\WINDOWS\SYSTEM32\dbgcore.DLL
0x00007ffa70c80000 - 0x00007ffa70d02000 	C:\WINDOWS\System32\bcryptPrimitives.dll
0x00007ffa3b790000 - 0x00007ffa3b7b5000 	C:\Users\Admin\Desktop\eclipse\plugins\org.eclipse.justj.openjdk.hotspot.jre.full.win32.x86_64_17.0.2.v20220201-1208\jre\bin\java.dll
0x00007ffa3fd10000 - 0x00007ffa3fd28000 	C:\Users\Admin\Desktop\eclipse\plugins\org.eclipse.justj.openjdk.hotspot.jre.full.win32.x86_64_17.0.2.v20220201-1208\jre\bin\zip.dll
0x00007ffa72000000 - 0x00007ffa72744000 	C:\WINDOWS\System32\SHELL32.dll
0x00007ffa6e790000 - 0x00007ffa6ef24000 	C:\WINDOWS\SYSTEM32\windows.storage.dll
0x00007ffa72c00000 - 0x00007ffa72f54000 	C:\WINDOWS\System32\combase.dll
0x00007ffa700d0000 - 0x00007ffa700fc000 	C:\WINDOWS\SYSTEM32\Wldp.dll
0x00007ffa72930000 - 0x00007ffa729dd000 	C:\WINDOWS\System32\SHCORE.dll
0x00007ffa710b0000 - 0x00007ffa71105000 	C:\WINDOWS\System32\shlwapi.dll
0x00007ffa70610000 - 0x00007ffa7062f000 	C:\WINDOWS\SYSTEM32\profapi.dll
0x00007ffa3bef0000 - 0x00007ffa3bf09000 	C:\Users\Admin\Desktop\eclipse\plugins\org.eclipse.justj.openjdk.hotspot.jre.full.win32.x86_64_17.0.2.v20220201-1208\jre\bin\net.dll
0x00007ffa677b0000 - 0x00007ffa678ba000 	C:\WINDOWS\SYSTEM32\WINHTTP.dll
0x00007ffa6fe30000 - 0x00007ffa6fe9a000 	C:\WINDOWS\system32\mswsock.dll
0x00007ffa3b770000 - 0x00007ffa3b785000 	C:\Users\Admin\Desktop\eclipse\plugins\org.eclipse.justj.openjdk.hotspot.jre.full.win32.x86_64_17.0.2.v20220201-1208\jre\bin\nio.dll
0x00007ffa39580000 - 0x00007ffa3970e000 	C:\Users\Admin\Desktop\eclipse\plugins\org.eclipse.justj.openjdk.hotspot.jre.full.win32.x86_64_17.0.2.v20220201-1208\jre\bin\awt.dll
0x00007ffa71f10000 - 0x00007ffa71fdd000 	C:\WINDOWS\System32\OLEAUT32.dll
0x00007ffa6d710000 - 0x00007ffa6d7a0000 	C:\WINDOWS\SYSTEM32\apphelp.dll
0x00007ffa6df10000 - 0x00007ffa6df3f000 	C:\WINDOWS\system32\DWMAPI.DLL
0x00007ffa6dd20000 - 0x00007ffa6ddbe000 	C:\WINDOWS\system32\uxtheme.dll
0x00007ffa479e0000 - 0x00007ffa47b06000 	C:\WINDOWS\system32\opengl32.dll
0x00007ffa4b320000 - 0x00007ffa4b34c000 	C:\WINDOWS\SYSTEM32\GLU32.dll
0x00007ffa26040000 - 0x00007ffa26171000 	C:\ProgramData\A-Volute\A-Volute.SonicStudio3\Modules\ScheduledModules\x64\AudioDevProps2.dll
0x00007ffa71d00000 - 0x00007ffa71e2a000 	C:\WINDOWS\System32\ole32.dll
0x00007ffa71590000 - 0x00007ffa716a5000 	C:\WINDOWS\System32\MSCTF.dll
0x000001e438700000 - 0x000001e438703000 	D:\javafx-sdk-18.0.1\bin\api-ms-win-core-console-l1-1-0.dll
0x000001e438710000 - 0x000001e438713000 	D:\javafx-sdk-18.0.1\bin\api-ms-win-core-console-l1-2-0.dll
0x000001e438720000 - 0x000001e438723000 	D:\javafx-sdk-18.0.1\bin\api-ms-win-core-datetime-l1-1-0.dll
0x000001e438780000 - 0x000001e438783000 	D:\javafx-sdk-18.0.1\bin\api-ms-win-core-debug-l1-1-0.dll
0x000001e438790000 - 0x000001e438793000 	D:\javafx-sdk-18.0.1\bin\api-ms-win-core-errorhandling-l1-1-0.dll
0x000001e4387a0000 - 0x000001e4387a4000 	D:\javafx-sdk-18.0.1\bin\api-ms-win-core-file-l1-1-0.dll
0x000001e4387b0000 - 0x000001e4387b3000 	D:\javafx-sdk-18.0.1\bin\api-ms-win-core-file-l1-2-0.dll
0x000001e4387c0000 - 0x000001e4387c3000 	D:\javafx-sdk-18.0.1\bin\api-ms-win-core-file-l2-1-0.dll
0x000001e4387d0000 - 0x000001e4387d3000 	D:\javafx-sdk-18.0.1\bin\api-ms-win-core-handle-l1-1-0.dll
0x000001e4387e0000 - 0x000001e4387e3000 	D:\javafx-sdk-18.0.1\bin\api-ms-win-core-heap-l1-1-0.dll
0x000001e4387f0000 - 0x000001e4387f3000 	D:\javafx-sdk-18.0.1\bin\api-ms-win-core-interlocked-l1-1-0.dll
0x000001e43a500000 - 0x000001e43a503000 	D:\javafx-sdk-18.0.1\bin\api-ms-win-core-libraryloader-l1-1-0.dll
0x000001e43a510000 - 0x000001e43a513000 	D:\javafx-sdk-18.0.1\bin\api-ms-win-core-localization-l1-2-0.dll
0x000001e43a520000 - 0x000001e43a523000 	D:\javafx-sdk-18.0.1\bin\api-ms-win-core-memory-l1-1-0.dll
0x000001e43a530000 - 0x000001e43a533000 	D:\javafx-sdk-18.0.1\bin\api-ms-win-core-namedpipe-l1-1-0.dll
0x000001e43a540000 - 0x000001e43a543000 	D:\javafx-sdk-18.0.1\bin\api-ms-win-core-processenvironment-l1-1-0.dll
0x000001e43a550000 - 0x000001e43a553000 	D:\javafx-sdk-18.0.1\bin\api-ms-win-core-processthreads-l1-1-0.dll
0x000001e43a560000 - 0x000001e43a563000 	D:\javafx-sdk-18.0.1\bin\api-ms-win-core-processthreads-l1-1-1.dll
0x000001e43a570000 - 0x000001e43a573000 	D:\javafx-sdk-18.0.1\bin\api-ms-win-core-profile-l1-1-0.dll
0x000001e43a580000 - 0x000001e43a583000 	D:\javafx-sdk-18.0.1\bin\api-ms-win-core-rtlsupport-l1-1-0.dll
0x000001e43a590000 - 0x000001e43a593000 	D:\javafx-sdk-18.0.1\bin\api-ms-win-core-string-l1-1-0.dll
0x000001e43a5a0000 - 0x000001e43a5a3000 	D:\javafx-sdk-18.0.1\bin\api-ms-win-core-synch-l1-1-0.dll
0x000001e43a5b0000 - 0x000001e43a5b3000 	D:\javafx-sdk-18.0.1\bin\api-ms-win-core-synch-l1-2-0.dll
0x000001e43b100000 - 0x000001e43b103000 	D:\javafx-sdk-18.0.1\bin\api-ms-win-core-sysinfo-l1-1-0.dll
0x000001e43b110000 - 0x000001e43b113000 	D:\javafx-sdk-18.0.1\bin\api-ms-win-core-timezone-l1-1-0.dll
0x000001e43b120000 - 0x000001e43b123000 	D:\javafx-sdk-18.0.1\bin\api-ms-win-core-util-l1-1-0.dll
0x000001e43b130000 - 0x000001e43b133000 	D:\javafx-sdk-18.0.1\bin\api-ms-win-crt-conio-l1-1-0.dll
0x000001e43b140000 - 0x000001e43b144000 	D:\javafx-sdk-18.0.1\bin\api-ms-win-crt-convert-l1-1-0.dll
0x000001e43b150000 - 0x000001e43b153000 	D:\javafx-sdk-18.0.1\bin\api-ms-win-crt-environment-l1-1-0.dll
0x000001e43b160000 - 0x000001e43b163000 	D:\javafx-sdk-18.0.1\bin\api-ms-win-crt-filesystem-l1-1-0.dll
0x000001e43b170000 - 0x000001e43b173000 	D:\javafx-sdk-18.0.1\bin\api-ms-win-crt-heap-l1-1-0.dll
0x000001e43b180000 - 0x000001e43b183000 	D:\javafx-sdk-18.0.1\bin\api-ms-win-crt-locale-l1-1-0.dll
0x000001e43b190000 - 0x000001e43b195000 	D:\javafx-sdk-18.0.1\bin\api-ms-win-crt-math-l1-1-0.dll
0x000001e43b1a0000 - 0x000001e43b1a5000 	D:\javafx-sdk-18.0.1\bin\api-ms-win-crt-multibyte-l1-1-0.dll
0x000001e43b1b0000 - 0x000001e43b1c0000 	D:\javafx-sdk-18.0.1\bin\api-ms-win-crt-private-l1-1-0.dll
0x000001e43b1c0000 - 0x000001e43b1c3000 	D:\javafx-sdk-18.0.1\bin\api-ms-win-crt-process-l1-1-0.dll
0x000001e43b1d0000 - 0x000001e43b1d4000 	D:\javafx-sdk-18.0.1\bin\api-ms-win-crt-runtime-l1-1-0.dll
0x000001e43b1e0000 - 0x000001e43b1e4000 	D:\javafx-sdk-18.0.1\bin\api-ms-win-crt-stdio-l1-1-0.dll
0x000001e43b1f0000 - 0x000001e43b1f4000 	D:\javafx-sdk-18.0.1\bin\api-ms-win-crt-string-l1-1-0.dll
0x000001e43b200000 - 0x000001e43b203000 	D:\javafx-sdk-18.0.1\bin\api-ms-win-crt-time-l1-1-0.dll
0x000001e43b210000 - 0x000001e43b213000 	D:\javafx-sdk-18.0.1\bin\api-ms-win-crt-utility-l1-1-0.dll
0x00007ffa39400000 - 0x00007ffa394fc000 	D:\javafx-sdk-18.0.1\bin\ucrtbase.dll
0x00007ffa42f90000 - 0x00007ffa42faa000 	D:\javafx-sdk-18.0.1\bin\vcruntime140.dll
0x00007ffa5acc0000 - 0x00007ffa5accc000 	D:\javafx-sdk-18.0.1\bin\vcruntime140_1.dll
0x00007ffa38ff0000 - 0x00007ffa3907d000 	D:\javafx-sdk-18.0.1\bin\msvcp140.dll
0x00007ffa3ab00000 - 0x00007ffa3ab2c000 	D:\javafx-sdk-18.0.1\bin\prism_d3d.dll
0x00007ffa623e0000 - 0x00007ffa625af000 	C:\WINDOWS\system32\d3d9.dll
0x00007ffa39890000 - 0x00007ffa39a5d000 	C:\WINDOWS\System32\DriverStore\FileRepository\iigd_dch.inf_amd64_8dc03618ea16fa9b\igdumdim64.dll
0x00007ffa67690000 - 0x00007ffa677b0000 	C:\WINDOWS\System32\DriverStore\FileRepository\iigd_dch.inf_amd64_8dc03618ea16fa9b\igdgmm64.dll
0x00007ffa2f4c0000 - 0x00007ffa330d1000 	C:\WINDOWS\System32\DriverStore\FileRepository\iigd_dch.inf_amd64_8dc03618ea16fa9b\igd9dxva64.dll
0x00007ffa3aad0000 - 0x00007ffa3aafd000 	D:\javafx-sdk-18.0.1\bin\javafx_iio.dll
0x00007ffa39340000 - 0x00007ffa39382000 	D:\javafx-sdk-18.0.1\bin\glass.dll
0x00007ffa71e30000 - 0x00007ffa71f0b000 	C:\WINDOWS\System32\COMDLG32.dll
0x00007ffa5cd70000 - 0x00007ffa5cd91000 	C:\WINDOWS\System32\DriverStore\FileRepository\iigd_dch.inf_amd64_8dc03618ea16fa9b\igdinfo64.dll
0x00007ffa65090000 - 0x00007ffa673f0000 	C:\WINDOWS\System32\DriverStore\FileRepository\iigd_dch.inf_amd64_8dc03618ea16fa9b\igc64.dll
0x00007ffa687c0000 - 0x00007ffa687fb000 	C:\WINDOWS\SYSTEM32\dxcore.dll
0x00007ffa707e0000 - 0x00007ffa7082e000 	C:\WINDOWS\System32\cfgmgr32.dll
0x00007ffa38f60000 - 0x00007ffa38fe9000 	C:\Users\Admin\Desktop\eclipse\plugins\org.eclipse.justj.openjdk.hotspot.jre.full.win32.x86_64_17.0.2.v20220201-1208\jre\bin\freetype.dll
0x00007ffa25c70000 - 0x00007ffa25d18000 	C:\Users\Admin\Desktop\eclipse\plugins\org.eclipse.justj.openjdk.hotspot.jre.full.win32.x86_64_17.0.2.v20220201-1208\jre\bin\fontmanager.dll
0x00007ffa622e0000 - 0x00007ffa623d9000 	C:\WINDOWS\SYSTEM32\textinputframework.dll
0x00007ffa6d400000 - 0x00007ffa6d4f2000 	C:\WINDOWS\System32\CoreMessaging.dll
0x00007ffa6cd20000 - 0x00007ffa6d07e000 	C:\WINDOWS\System32\CoreUIComponents.dll
0x00007ffa6f390000 - 0x00007ffa6f3c3000 	C:\WINDOWS\SYSTEM32\ntmarta.dll
0x00007ffa6bbc0000 - 0x00007ffa6bd14000 	C:\WINDOWS\SYSTEM32\wintypes.dll
0x00007ffa3acb0000 - 0x00007ffa3acc4000 	D:\javafx-sdk-18.0.1\bin\javafx_font.dll
0x00007ffa5fb70000 - 0x00007ffa5fdef000 	C:\WINDOWS\SYSTEM32\dwrite.dll
0x00007ffa71140000 - 0x00007ffa711e9000 	C:\WINDOWS\System32\clbcatq.dll
0x00007ffa69f10000 - 0x00007ffa6a0c4000 	C:\WINDOWS\SYSTEM32\WindowsCodecs.dll
0x00007ffa70d10000 - 0x00007ffa70d37000 	C:\WINDOWS\System32\bcrypt.dll
0x00007ffa435d0000 - 0x00007ffa4360e000 	C:\WINDOWS\system32\dataexchange.dll
0x00007ffa6cb10000 - 0x00007ffa6ccf4000 	C:\WINDOWS\system32\dcomp.dll
0x00007ffa6c2e0000 - 0x00007ffa6c543000 	C:\WINDOWS\system32\d3d11.dll
0x00007ffa6ef90000 - 0x00007ffa6f083000 	C:\WINDOWS\system32\dxgi.dll
0x00007ffa6a0d0000 - 0x00007ffa6a2d0000 	C:\WINDOWS\system32\twinapi.appcore.dll

dbghelp: loaded successfully - version: 4.0.5 - missing functions: none
symbol engine: initialized successfully - sym options: 0x614 - pdb path: .;C:\Users\Admin\Desktop\eclipse\plugins\org.eclipse.justj.openjdk.hotspot.jre.full.win32.x86_64_17.0.2.v20220201-1208\jre\bin;C:\WINDOWS\SYSTEM32;C:\WINDOWS\WinSxS\amd64_microsoft.windows.common-controls_6595b64144ccf1df_6.0.19041.1110_none_60b5254171f9507e;C:\Users\Admin\Desktop\eclipse\plugins\org.eclipse.justj.openjdk.hotspot.jre.full.win32.x86_64_17.0.2.v20220201-1208\jre\bin\server;C:\ProgramData\A-Volute\A-Volute.SonicStudio3\Modules\ScheduledModules\x64;D:\javafx-sdk-18.0.1\bin;C:\WINDOWS\System32\DriverStore\FileRepository\iigd_dch.inf_amd64_8dc03618ea16fa9b

VM Arguments:
jvm_args: --module-path=D:\javafx-sdk-18.0.1\lib --add-modules=javafx.controls,javafx.fxml --add-modules=javafx.web,javafx.media,javafx.swing -Dfile.encoding=Cp1252 -XX:+ShowCodeDetailsInExceptionMessages 
java_command: hust.soict.globalict.VirusMain
java_class_path (initial): C:\Users\Admin\Desktop\2021 - 2\OOLT.ICT.20212.Team06\Virus\bin;D:\javafx-sdk-18.0.1\lib\javafx.base.jar;D:\javafx-sdk-18.0.1\lib\javafx.controls.jar;D:\javafx-sdk-18.0.1\lib\javafx.fxml.jar;D:\javafx-sdk-18.0.1\lib\javafx.graphics.jar;D:\javafx-sdk-18.0.1\lib\javafx.media.jar;D:\javafx-sdk-18.0.1\lib\javafx.swing.jar;D:\javafx-sdk-18.0.1\lib\javafx.web.jar;D:\javafx-sdk-18.0.1\lib\javafx-swt.jar
Launcher Type: SUN_STANDARD

[Global flags]
     intx CICompilerCount                          = 4                                         {product} {ergonomic}
     uint ConcGCThreads                            = 2                                         {product} {ergonomic}
     uint G1ConcRefinementThreads                  = 8                                         {product} {ergonomic}
   size_t G1HeapRegionSize                         = 1048576                                   {product} {ergonomic}
    uintx GCDrainStackTargetSize                   = 64                                        {product} {ergonomic}
   size_t InitialHeapSize                          = 132120576                                 {product} {ergonomic}
   size_t MarkStackSize                            = 4194304                                   {product} {ergonomic}
   size_t MaxHeapSize                              = 2109734912                                {product} {ergonomic}
   size_t MaxNewSize                               = 1265631232                                {product} {ergonomic}
   size_t MinHeapDeltaBytes                        = 1048576                                   {product} {ergonomic}
   size_t MinHeapSize                              = 8388608                                   {product} {ergonomic}
    uintx NonNMethodCodeHeapSize                   = 5839372                                {pd product} {ergonomic}
    uintx NonProfiledCodeHeapSize                  = 122909434                              {pd product} {ergonomic}
    uintx ProfiledCodeHeapSize                     = 122909434                              {pd product} {ergonomic}
    uintx ReservedCodeCacheSize                    = 251658240                              {pd product} {ergonomic}
     bool SegmentedCodeCache                       = true                                      {product} {ergonomic}
     bool ShowCodeDetailsInExceptionMessages       = true                                   {manageable} {command line}
   size_t SoftMaxHeapSize                          = 2109734912                             {manageable} {ergonomic}
     bool UseCompressedClassPointers               = true                           {product lp64_product} {ergonomic}
     bool UseCompressedOops                        = true                           {product lp64_product} {ergonomic}
     bool UseG1GC                                  = true                                      {product} {ergonomic}
     bool UseLargePagesIndividualAllocation        = false                                  {pd product} {ergonomic}

Logging:
Log output configuration:
 #0: stdout all=warning uptime,level,tags
 #1: stderr all=off uptime,level,tags

Environment Variables:
JAVA_HOME=C:\Program Files\Java\jre1.8.0_331
CLASSPATH=C:\Program Files\Java\jre1.8.0_331\bin
PATH=C:/Users/Admin/Desktop/eclipse//plugins/org.eclipse.justj.openjdk.hotspot.jre.full.win32.x86_64_17.0.2.v20220201-1208/jre/bin/server;C:/Users/Admin/Desktop/eclipse//plugins/org.eclipse.justj.openjdk.hotspot.jre.full.win32.x86_64_17.0.2.v20220201-1208/jre/bin;C:\Program Files (x86)\Common Files\Oracle\Java\javapath;C:\Windows\system32;C:\Windows;C:\Windows\System32\Wbem;C:\Windows\System32\WindowsPowerShell\v1.0\;C:\Windows\System32\OpenSSH\;C:\Program Files (x86)\NVIDIA Corporation\PhysX\Common;C:\Program Files\NVIDIA Corporation\NVIDIA NvDLISR;C:\Program Files\Microsoft VS Code\bin;C:\ninja;C:\Users\Admin\Desktop\mingw\bin;C:\Program Files\CMake\bin;C:\WINDOWS\system32;C:\WINDOWS;C:\WINDOWS\System32\Wbem;C:\WINDOWS\System32\WindowsPowerShell\v1.0\;C:\WINDOWS\System32\OpenSSH\;C:\Program Files\Java\jre1.8.0_331\bin;C:\Program Files\Git\cmd;C:\Program Files\Docker\Docker\resources\bin;C:\ProgramData\DockerDesktop\version-bin;C:\Program Files\nodejs\;C:\Program Files (x86)\ZeroTier\One\;C:\Users\Admin\AppData\Local\Microsoft\WindowsApps;C:\Users\Admin\AppData\Roaming\npm;C:\Users\Admin\AppData\Local\GitHubDesktop\bin;D:\IntelliJ IDEA 2022.1.2\bin;;C:\Users\Admin\Desktop\eclipse;
USERNAME=Admin
OS=Windows_NT
PROCESSOR_IDENTIFIER=Intel64 Family 6 Model 158 Stepping 13, GenuineIntel



---------------  S Y S T E M  ---------------

OS:
 Windows 10 , 64 bit Build 19041 (10.0.19041.1741)
OS uptime: 0 days 1:27 hours
Hyper-V role detected

CPU: total 8 (initial active 8) (4 cores per cpu, 2 threads per core) family 6 model 158 stepping 13 microcode 0xd2, cx8, cmov, fxsr, ht, mmx, 3dnowpref, sse, sse2, sse3, ssse3, sse4.1, sse4.2, popcnt, lzcnt, tsc, tscinvbit, avx, avx2, aes, erms, clmul, bmi1, bmi2, adx, fma, vzeroupper, clflush, clflushopt, hv

Memory: 4k page, system-wide physical 8044M (441M free)
TotalPageFile size 25226M (AvailPageFile size 5M)
current process WorkingSet (physical memory assigned to process): 342M, peak: 342M
current process commit charge ("private bytes"): 476M, peak: 478M

vm_info: OpenJDK 64-Bit Server VM (17.0.2+8) for windows-amd64 JRE (17.0.2+8), built on Jan 20 2022 04:52:34 by "" with MS VC++ 16.7 (VS2019)

END.
