#
# There is insufficient memory for the Java Runtime Environment to continue.
# Native memory allocation (mmap) failed to map 91226112 bytes for G1 virtual space
# Possible reasons:
#   The system is out of physical RAM or swap space
#   The process is running with CompressedOops enabled, and the Java Heap may be blocking the growth of the native heap
# Possible solutions:
#   Reduce memory load on the system
#   Increase physical memory or swap space
#   Check if swap backing store is full
#   Decrease Java heap size (-Xmx/-Xms)
#   Decrease number of Java threads
#   Decrease Java thread stack sizes (-Xss)
#   Set larger code cache with -XX:ReservedCodeCacheSize=
#   JVM is running with Unscaled Compressed Oops mode in which the Java heap is
#     placed in the first 4GB address space. The Java Heap base address is the
#     maximum limit for the native heap growth. Please use -XX:HeapBaseMinAddress
#     to set the Java Heap base and to place the Java Heap above 4GB virtual address.
# This output file may be truncated or incomplete.
#
#  Out of Memory Error (os_windows.cpp:3532), pid=7884, tid=14800
#
# JRE version: OpenJDK Runtime Environment Temurin-17.0.2+8 (17.0.2+8) (build 17.0.2+8)
# Java VM: OpenJDK 64-Bit Server VM Temurin-17.0.2+8 (17.0.2+8, mixed mode, tiered, compressed oops, compressed class ptrs, g1 gc, windows-amd64)
# No core dump will be written. Minidumps are not enabled by default on client versions of Windows
#

---------------  S U M M A R Y ------------

Command Line: --module-path=D:\javafx-sdk-18.0.1\lib --add-modules=javafx.controls,javafx.fxml --add-modules=javafx.web,javafx.media,javafx.swing -Dfile.encoding=Cp1252 -XX:+ShowCodeDetailsInExceptionMessages hust.soict.globalict.VirusMain

Host: Intel(R) Core(TM) i5-9300H CPU @ 2.40GHz, 8 cores, 7G,  Windows 10 , 64 bit Build 19041 (10.0.19041.1741)
Time: Sun Jul  3 15:29:16 2022 SE Asia Standard Time elapsed time: 8.732314 seconds (0d 0h 0m 8s)

---------------  T H R E A D  ---------------

Current thread (0x000001ba80a247b0):  VMThread "VM Thread" [stack: 0x00000078cd400000,0x00000078cd500000] [id=14800]

Stack: [0x00000078cd400000,0x00000078cd500000]
Native frames: (J=compiled Java code, j=interpreted, Vv=VM code, C=native code)
V  [jvm.dll+0x67564a]
V  [jvm.dll+0x82fc04]
V  [jvm.dll+0x8313ae]
V  [jvm.dll+0x831a13]
V  [jvm.dll+0x245235]
V  [jvm.dll+0x672539]
V  [jvm.dll+0x666e82]
V  [jvm.dll+0x30401b]
V  [jvm.dll+0x30b566]
V  [jvm.dll+0x35b1fe]
V  [jvm.dll+0x35b42f]
V  [jvm.dll+0x2daf58]
V  [jvm.dll+0x2ddfe6]
V  [jvm.dll+0x2e8698]
V  [jvm.dll+0x31c830]
V  [jvm.dll+0x835ebb]
V  [jvm.dll+0x836bf4]
V  [jvm.dll+0x83710c]
V  [jvm.dll+0x8374e4]
V  [jvm.dll+0x8375b0]
V  [jvm.dll+0x7dff2a]
V  [jvm.dll+0x6744d5]
C  [ucrtbase.dll+0x21bb2]
C  [KERNEL32.DLL+0x17034]
C  [ntdll.dll+0x52651]

VM_Operation (0x00000078cd0ff7f0): G1Concurrent, mode: safepoint, requested by thread 0x000001bae6b31650


---------------  P R O C E S S  ---------------

Threads class SMR info:
_java_thread_list=0x000001ba82bb5e30, length=22, elements={
0x000001ba80a27470, 0x000001ba80a28560, 0x000001ba80a871d0, 0x000001ba8140ccc0,
0x000001ba8140d670, 0x000001ba8140fcb0, 0x000001ba8141e5e0, 0x000001ba81420f00,
0x000001ba8142c3f0, 0x000001ba81493860, 0x000001ba819f8bd0, 0x000001ba81720990,
0x000001ba81cd04e0, 0x000001ba829a09c0, 0x000001ba8229ddf0, 0x000001ba8274d630,
0x000001ba8274cc90, 0x000001ba8274f310, 0x000001ba8274f7e0, 0x000001ba8274c2f0,
0x000001ba8274d160, 0x000001ba8274e4a0
}

Java Threads: ( => current thread )
  0x000001ba80a27470 JavaThread "Reference Handler" daemon [_thread_blocked, id=13140, stack(0x00000078cd500000,0x00000078cd600000)]
  0x000001ba80a28560 JavaThread "Finalizer" daemon [_thread_blocked, id=5592, stack(0x00000078cd600000,0x00000078cd700000)]
  0x000001ba80a871d0 JavaThread "Signal Dispatcher" daemon [_thread_blocked, id=6100, stack(0x00000078cd700000,0x00000078cd800000)]
  0x000001ba8140ccc0 JavaThread "Attach Listener" daemon [_thread_blocked, id=13504, stack(0x00000078cd800000,0x00000078cd900000)]
  0x000001ba8140d670 JavaThread "Service Thread" daemon [_thread_blocked, id=21464, stack(0x00000078cd900000,0x00000078cda00000)]
  0x000001ba8140fcb0 JavaThread "Monitor Deflation Thread" daemon [_thread_blocked, id=7920, stack(0x00000078cda00000,0x00000078cdb00000)]
  0x000001ba8141e5e0 JavaThread "C2 CompilerThread0" daemon [_thread_blocked, id=684, stack(0x00000078cdb00000,0x00000078cdc00000)]
  0x000001ba81420f00 JavaThread "C1 CompilerThread0" daemon [_thread_blocked, id=9656, stack(0x00000078cdc00000,0x00000078cdd00000)]
  0x000001ba8142c3f0 JavaThread "Sweeper thread" daemon [_thread_blocked, id=19576, stack(0x00000078cdd00000,0x00000078cde00000)]
  0x000001ba81493860 JavaThread "Common-Cleaner" daemon [_thread_blocked, id=19748, stack(0x00000078cde00000,0x00000078cdf00000)]
  0x000001ba819f8bd0 JavaThread "Notification Thread" daemon [_thread_blocked, id=6828, stack(0x00000078ce100000,0x00000078ce200000)]
  0x000001ba81720990 JavaThread "Java2D Disposer" daemon [_thread_blocked, id=19444, stack(0x00000078ce000000,0x00000078ce100000)]
  0x000001ba81cd04e0 JavaThread "AWT-Windows" daemon [_thread_blocked, id=10476, stack(0x00000078ce400000,0x00000078ce500000)]
  0x000001ba829a09c0 JavaThread "QuantumRenderer-0" daemon [_thread_blocked, id=20068, stack(0x00000078cdf00000,0x00000078ce000000)]
  0x000001ba8229ddf0 JavaThread "InvokeLaterDispatcher" daemon [_thread_blocked, id=11288, stack(0x00000078ceb00000,0x00000078cec00000)]
  0x000001ba8274d630 JavaThread "JavaFX Application Thread" [_thread_blocked, id=20872, stack(0x00000078cec00000,0x00000078ced00000)]
  0x000001ba8274cc90 JavaThread "AWT-Shutdown" [_thread_blocked, id=20928, stack(0x00000078cf100000,0x00000078cf200000)]
  0x000001ba8274f310 JavaThread "AWT-EventQueue-0" [_thread_blocked, id=20224, stack(0x00000078cf200000,0x00000078cf300000)]
  0x000001ba8274f7e0 JavaThread "Thread-1" daemon [_thread_blocked, id=1352, stack(0x00000078cf000000,0x00000078cf100000)]
  0x000001ba8274c2f0 JavaThread "DestroyJavaVM" [_thread_blocked, id=14172, stack(0x00000078cce00000,0x00000078ccf00000)]
  0x000001ba8274d160 JavaThread "Prism Font Disposer" daemon [_thread_blocked, id=10856, stack(0x00000078cf500000,0x00000078cf600000)]
  0x000001ba8274e4a0 JavaThread "Cleaner-0" daemon [_thread_blocked, id=9796, stack(0x00000078cfa00000,0x00000078cfb00000)]

Other Threads:
=>0x000001ba80a247b0 VMThread "VM Thread" [stack: 0x00000078cd400000,0x00000078cd500000] [id=14800]
  0x000001bae6b3cf80 WatcherThread [stack: 0x00000078ce200000,0x00000078ce300000] [id=20784]
  0x000001bae6b203f0 GCTaskThread "GC Thread#0" [stack: 0x00000078ccf00000,0x00000078cd000000] [id=19140]
  0x000001ba81f6b320 GCTaskThread "GC Thread#1" [stack: 0x00000078ce300000,0x00000078ce400000] [id=21112]
  0x000001ba81f6bb30 GCTaskThread "GC Thread#2" [stack: 0x00000078ce500000,0x00000078ce600000] [id=3828]
  0x000001ba81f6b880 GCTaskThread "GC Thread#3" [stack: 0x00000078ce600000,0x00000078ce700000] [id=6128]
  0x000001ba81f6c340 GCTaskThread "GC Thread#4" [stack: 0x00000078ce700000,0x00000078ce800000] [id=2468]
  0x000001ba81f6bde0 GCTaskThread "GC Thread#5" [stack: 0x00000078ce800000,0x00000078ce900000] [id=15772]
  0x000001ba81f6c090 GCTaskThread "GC Thread#6" [stack: 0x00000078ce900000,0x00000078cea00000] [id=10984]
  0x000001ba82ca4380 GCTaskThread "GC Thread#7" [stack: 0x00000078cf900000,0x00000078cfa00000] [id=1272]
  0x000001bae6b31650 ConcurrentGCThread "G1 Main Marker" [stack: 0x00000078cd000000,0x00000078cd100000] [id=20096]
  0x000001bae6b32060 ConcurrentGCThread "G1 Conc#0" [stack: 0x00000078cd100000,0x00000078cd200000] [id=9948]
  0x000001ba81f6c5f0 ConcurrentGCThread "G1 Conc#1" [stack: 0x00000078cea00000,0x00000078ceb00000] [id=20428]
  0x000001bae6baff10 ConcurrentGCThread "G1 Refine#0" [stack: 0x00000078cd200000,0x00000078cd300000] [id=19000]
  0x000001bae6bb0930 ConcurrentGCThread "G1 Service" [stack: 0x00000078cd300000,0x00000078cd400000] [id=10732]

Threads with active compile tasks:

VM state: at safepoint (normal execution)

VM Mutex/Monitor currently owned by a thread:  ([mutex/lock_event])
[0x000001bae484e2e0] Threads_lock - owner thread: 0x000001ba80a247b0
[0x000001bae484e0a0] Heap_lock - owner thread: 0x000001bae6b31650

Heap address: 0x0000000082400000, size: 2012 MB, Compressed Oops mode: 32-bit

CDS archive(s) not mapped
Compressed class space mapped at: 0x0000000100000000-0x0000000140000000, reserved size: 1073741824
Narrow klass base: 0x0000000000000000, Narrow klass shift: 3, Narrow klass range: 0x140000000

GC Precious Log:
 CPUs: 8 total, 8 available
 Memory: 8044M
 Large Page Support: Disabled
 NUMA Support: Disabled
 Compressed Oops: Enabled (32-bit)
 Heap Region Size: 1M
 Heap Min Capacity: 8M
 Heap Initial Capacity: 126M
 Heap Max Capacity: 2012M
 Pre-touch: Disabled
 Parallel Workers: 8
 Concurrent Workers: 2
 Concurrent Refinement Workers: 8
 Periodic GC: Disabled

Heap:
 garbage-first heap   total 160768K, used 146983K [0x0000000082400000, 0x0000000100000000)
  region size 1024K, 2 young (2048K), 1 survivors (1024K)
 Metaspace       used 28160K, committed 28416K, reserved 1081344K
  class space    used 3441K, committed 3584K, reserved 1048576K

Heap Regions: E=young(eden), S=young(survivor), O=old, HS=humongous(starts), HC=humongous(continues), CS=collection set, F=free, OA=open archive, CA=closed archive, TAMS=top-at-mark-start (previous, next)
|   0|0x0000000082400000, 0x0000000082500000, 0x0000000082500000|100%|HS|  |TAMS 0x0000000082500000, 0x0000000082400000| Complete 
|   1|0x0000000082500000, 0x0000000082600000, 0x0000000082600000|100%|HS|  |TAMS 0x0000000082600000, 0x0000000082500000| Complete 
|   2|0x0000000082600000, 0x0000000082700000, 0x0000000082700000|100%|HS|  |TAMS 0x0000000082700000, 0x0000000082600000| Complete 
|   3|0x0000000082700000, 0x0000000082800000, 0x0000000082800000|100%|HC|  |TAMS 0x0000000082800000, 0x0000000082700000| Complete 
|   4|0x0000000082800000, 0x0000000082900000, 0x0000000082900000|100%|HC|  |TAMS 0x0000000082900000, 0x0000000082800000| Complete 
|   5|0x0000000082900000, 0x0000000082a00000, 0x0000000082a00000|100%|HC|  |TAMS 0x0000000082a00000, 0x0000000082900000| Complete 
|   6|0x0000000082a00000, 0x0000000082b00000, 0x0000000082b00000|100%|HC|  |TAMS 0x0000000082b00000, 0x0000000082a00000| Complete 
|   7|0x0000000082b00000, 0x0000000082c00000, 0x0000000082c00000|100%|HC|  |TAMS 0x0000000082c00000, 0x0000000082b00000| Complete 
|   8|0x0000000082c00000, 0x0000000082d00000, 0x0000000082d00000|100%|HC|  |TAMS 0x0000000082d00000, 0x0000000082c00000| Complete 
|   9|0x0000000082d00000, 0x0000000082e00000, 0x0000000082e00000|100%|HC|  |TAMS 0x0000000082e00000, 0x0000000082d00000| Complete 
|  10|0x0000000082e00000, 0x0000000082f00000, 0x0000000082f00000|100%|HC|  |TAMS 0x0000000082f00000, 0x0000000082e00000| Complete 
|  11|0x0000000082f00000, 0x0000000083000000, 0x0000000083000000|100%|HC|  |TAMS 0x0000000083000000, 0x0000000082f00000| Complete 
|  12|0x0000000083000000, 0x0000000083100000, 0x0000000083100000|100%|HC|  |TAMS 0x0000000083100000, 0x0000000083000000| Complete 
|  13|0x0000000083100000, 0x0000000083200000, 0x0000000083200000|100%|HS|  |TAMS 0x0000000083200000, 0x0000000083100000| Complete 
|  14|0x0000000083200000, 0x0000000083300000, 0x0000000083300000|100%|HC|  |TAMS 0x0000000083300000, 0x0000000083200000| Complete 
|  15|0x0000000083300000, 0x0000000083400000, 0x0000000083400000|100%|HS|  |TAMS 0x0000000083400000, 0x0000000083300000| Complete 
|  16|0x0000000083400000, 0x0000000083500000, 0x0000000083500000|100%|HC|  |TAMS 0x0000000083500000, 0x0000000083400000| Complete 
|  17|0x0000000083500000, 0x0000000083600000, 0x0000000083600000|100%|HS|  |TAMS 0x0000000083600000, 0x0000000083500000| Complete 
|  18|0x0000000083600000, 0x0000000083700000, 0x0000000083700000|100%|HS|  |TAMS 0x0000000083700000, 0x0000000083600000| Complete 
|  19|0x0000000083700000, 0x0000000083800000, 0x0000000083800000|100%|HC|  |TAMS 0x0000000083800000, 0x0000000083700000| Complete 
|  20|0x0000000083800000, 0x0000000083900000, 0x0000000083900000|100%|HS|  |TAMS 0x0000000083900000, 0x0000000083800000| Complete 
|  21|0x0000000083900000, 0x0000000083a00000, 0x0000000083a00000|100%|HC|  |TAMS 0x0000000083a00000, 0x0000000083900000| Complete 
|  22|0x0000000083a00000, 0x0000000083b00000, 0x0000000083b00000|100%|HS|  |TAMS 0x0000000083b00000, 0x0000000083a00000| Complete 
|  23|0x0000000083b00000, 0x0000000083c00000, 0x0000000083c00000|100%|HC|  |TAMS 0x0000000083c00000, 0x0000000083b00000| Complete 
|  24|0x0000000083c00000, 0x0000000083d00000, 0x0000000083d00000|100%|HC|  |TAMS 0x0000000083d00000, 0x0000000083c00000| Complete 
|  25|0x0000000083d00000, 0x0000000083e00000, 0x0000000083e00000|100%|HS|  |TAMS 0x0000000083e00000, 0x0000000083d00000| Complete 
|  26|0x0000000083e00000, 0x0000000083f00000, 0x0000000083f00000|100%|HC|  |TAMS 0x0000000083f00000, 0x0000000083e00000| Complete 
|  27|0x0000000083f00000, 0x0000000084000000, 0x0000000084000000|100%|HS|  |TAMS 0x0000000084000000, 0x0000000083f00000| Complete 
|  28|0x0000000084000000, 0x0000000084100000, 0x0000000084100000|100%|HC|  |TAMS 0x0000000084100000, 0x0000000084000000| Complete 
|  29|0x0000000084100000, 0x0000000084200000, 0x0000000084200000|100%|HC|  |TAMS 0x0000000084200000, 0x0000000084100000| Complete 
|  30|0x0000000084200000, 0x0000000084300000, 0x0000000084300000|100%|HS|  |TAMS 0x0000000084300000, 0x0000000084200000| Complete 
|  31|0x0000000084300000, 0x0000000084400000, 0x0000000084400000|100%|HS|  |TAMS 0x0000000084400000, 0x0000000084300000| Complete 
|  32|0x0000000084400000, 0x0000000084500000, 0x0000000084500000|100%|HC|  |TAMS 0x0000000084500000, 0x0000000084400000| Complete 
|  33|0x0000000084500000, 0x0000000084600000, 0x0000000084600000|100%|HS|  |TAMS 0x0000000084600000, 0x0000000084500000| Complete 
|  34|0x0000000084600000, 0x0000000084700000, 0x0000000084700000|100%|HS|  |TAMS 0x0000000084700000, 0x0000000084600000| Complete 
|  35|0x0000000084700000, 0x0000000084800000, 0x0000000084800000|100%|HC|  |TAMS 0x0000000084800000, 0x0000000084700000| Complete 
|  36|0x0000000084800000, 0x0000000084900000, 0x0000000084900000|100%|HC|  |TAMS 0x0000000084900000, 0x0000000084800000| Complete 
|  37|0x0000000084900000, 0x0000000084a00000, 0x0000000084a00000|100%|HC|  |TAMS 0x0000000084a00000, 0x0000000084900000| Complete 
|  38|0x0000000084a00000, 0x0000000084b00000, 0x0000000084b00000|100%|HS|  |TAMS 0x0000000084b00000, 0x0000000084a00000| Complete 
|  39|0x0000000084b00000, 0x0000000084c00000, 0x0000000084c00000|100%|HC|  |TAMS 0x0000000084c00000, 0x0000000084b00000| Complete 
|  40|0x0000000084c00000, 0x0000000084d00000, 0x0000000084d00000|100%|HC|  |TAMS 0x0000000084d00000, 0x0000000084c00000| Complete 
|  41|0x0000000084d00000, 0x0000000084e00000, 0x0000000084e00000|100%|HS|  |TAMS 0x0000000084e00000, 0x0000000084d00000| Complete 
|  42|0x0000000084e00000, 0x0000000084f00000, 0x0000000084f00000|100%|HC|  |TAMS 0x0000000084f00000, 0x0000000084e00000| Complete 
|  43|0x0000000084f00000, 0x0000000085000000, 0x0000000085000000|100%|HS|  |TAMS 0x0000000085000000, 0x0000000084f00000| Complete 
|  44|0x0000000085000000, 0x0000000085100000, 0x0000000085100000|100%|HC|  |TAMS 0x0000000085100000, 0x0000000085000000| Complete 
|  45|0x0000000085100000, 0x0000000085200000, 0x0000000085200000|100%|HS|  |TAMS 0x0000000085200000, 0x0000000085100000| Complete 
|  46|0x0000000085200000, 0x0000000085300000, 0x0000000085300000|100%|HS|  |TAMS 0x0000000085300000, 0x0000000085200000| Complete 
|  47|0x0000000085300000, 0x0000000085400000, 0x0000000085400000|100%|HS|  |TAMS 0x0000000085400000, 0x0000000085300000| Complete 
|  48|0x0000000085400000, 0x0000000085500000, 0x0000000085500000|100%|HC|  |TAMS 0x0000000085500000, 0x0000000085400000| Complete 
|  49|0x0000000085500000, 0x0000000085600000, 0x0000000085600000|100%|HS|  |TAMS 0x0000000085600000, 0x0000000085500000| Complete 
|  50|0x0000000085600000, 0x0000000085700000, 0x0000000085700000|100%|HS|  |TAMS 0x0000000085700000, 0x0000000085600000| Complete 
|  51|0x0000000085700000, 0x0000000085800000, 0x0000000085800000|100%|HC|  |TAMS 0x0000000085800000, 0x0000000085700000| Complete 
|  52|0x0000000085800000, 0x0000000085900000, 0x0000000085900000|100%|HC|  |TAMS 0x0000000085900000, 0x0000000085800000| Complete 
|  53|0x0000000085900000, 0x0000000085a00000, 0x0000000085a00000|100%|HC|  |TAMS 0x0000000085a00000, 0x0000000085900000| Complete 
|  54|0x0000000085a00000, 0x0000000085b00000, 0x0000000085b00000|100%|HC|  |TAMS 0x0000000085b00000, 0x0000000085a00000| Complete 
|  55|0x0000000085b00000, 0x0000000085c00000, 0x0000000085c00000|100%| O|  |TAMS 0x0000000085c00000, 0x0000000085b00000| Untracked 
|  56|0x0000000085c00000, 0x0000000085d00000, 0x0000000085d00000|100%| O|  |TAMS 0x0000000085d00000, 0x0000000085c00000| Updating 
|  57|0x0000000085d00000, 0x0000000085e00000, 0x0000000085e00000|100%| O|  |TAMS 0x0000000085e00000, 0x0000000085d00000| Untracked 
|  58|0x0000000085e00000, 0x0000000085f00000, 0x0000000085f00000|100%|HS|  |TAMS 0x0000000085f00000, 0x0000000085e00000| Complete 
|  59|0x0000000085f00000, 0x0000000086000000, 0x0000000086000000|100%|HC|  |TAMS 0x0000000086000000, 0x0000000085f00000| Complete 
|  60|0x0000000086000000, 0x0000000086100000, 0x0000000086100000|100%|HC|  |TAMS 0x0000000086100000, 0x0000000086000000| Complete 
|  61|0x0000000086100000, 0x0000000086200000, 0x0000000086200000|100%|HC|  |TAMS 0x0000000086200000, 0x0000000086100000| Complete 
|  62|0x0000000086200000, 0x0000000086300000, 0x0000000086300000|100%|HC|  |TAMS 0x0000000086300000, 0x0000000086200000| Complete 
|  63|0x0000000086300000, 0x0000000086400000, 0x0000000086400000|100%| O|  |TAMS 0x0000000086400000, 0x0000000086300000| Untracked 
|  64|0x0000000086400000, 0x0000000086484600, 0x0000000086500000| 51%| O|  |TAMS 0x0000000086400000, 0x0000000086400000| Updating 
|  65|0x0000000086500000, 0x0000000086600000, 0x0000000086600000|100%| O|  |TAMS 0x0000000086600000, 0x0000000086500000| Untracked 
|  66|0x0000000086600000, 0x0000000086700000, 0x0000000086700000|100%|HS|  |TAMS 0x0000000086700000, 0x0000000086600000| Complete 
|  67|0x0000000086700000, 0x0000000086800000, 0x0000000086800000|100%|HC|  |TAMS 0x0000000086800000, 0x0000000086700000| Complete 
|  68|0x0000000086800000, 0x0000000086900000, 0x0000000086900000|100%|HC|  |TAMS 0x0000000086900000, 0x0000000086800000| Complete 
|  69|0x0000000086900000, 0x0000000086a00000, 0x0000000086a00000|100%|HC|  |TAMS 0x0000000086a00000, 0x0000000086900000| Complete 
|  70|0x0000000086a00000, 0x0000000086b00000, 0x0000000086b00000|100%|HC|  |TAMS 0x0000000086b00000, 0x0000000086a00000| Complete 
|  71|0x0000000086b00000, 0x0000000086c00000, 0x0000000086c00000|100%|HS|  |TAMS 0x0000000086c00000, 0x0000000086b00000| Complete 
|  72|0x0000000086c00000, 0x0000000086d00000, 0x0000000086d00000|100%|HS|  |TAMS 0x0000000086d00000, 0x0000000086c00000| Complete 
|  73|0x0000000086d00000, 0x0000000086e00000, 0x0000000086e00000|100%|HS|  |TAMS 0x0000000086e00000, 0x0000000086d00000| Complete 
|  74|0x0000000086e00000, 0x0000000086f00000, 0x0000000086f00000|100%|HC|  |TAMS 0x0000000086f00000, 0x0000000086e00000| Complete 
|  75|0x0000000086f00000, 0x0000000087000000, 0x0000000087000000|100%|HS|  |TAMS 0x0000000087000000, 0x0000000086f00000| Complete 
|  76|0x0000000087000000, 0x0000000087100000, 0x0000000087100000|100%|HC|  |TAMS 0x0000000087100000, 0x0000000087000000| Complete 
|  77|0x0000000087100000, 0x0000000087200000, 0x0000000087200000|100%|HS|  |TAMS 0x0000000087200000, 0x0000000087100000| Complete 
|  78|0x0000000087200000, 0x0000000087300000, 0x0000000087300000|100%|HS|  |TAMS 0x0000000087300000, 0x0000000087200000| Complete 
|  79|0x0000000087300000, 0x0000000087400000, 0x0000000087400000|100%|HC|  |TAMS 0x0000000087400000, 0x0000000087300000| Complete 
|  80|0x0000000087400000, 0x0000000087400000, 0x0000000087500000|  0%| F|  |TAMS 0x0000000087400000, 0x0000000087400000| Untracked 
|  81|0x0000000087500000, 0x0000000087500000, 0x0000000087600000|  0%| F|  |TAMS 0x0000000087500000, 0x0000000087500000| Untracked 
|  82|0x0000000087600000, 0x0000000087600000, 0x0000000087700000|  0%| F|  |TAMS 0x0000000087600000, 0x0000000087600000| Untracked 
|  83|0x0000000087700000, 0x0000000087700000, 0x0000000087800000|  0%| F|  |TAMS 0x0000000087700000, 0x0000000087700000| Untracked 
|  84|0x0000000087800000, 0x0000000087800000, 0x0000000087900000|  0%| F|  |TAMS 0x0000000087800000, 0x0000000087800000| Untracked 
|  85|0x0000000087900000, 0x0000000087900000, 0x0000000087a00000|  0%| F|  |TAMS 0x0000000087900000, 0x0000000087900000| Untracked 
|  86|0x0000000087a00000, 0x0000000087b00000, 0x0000000087b00000|100%| O|  |TAMS 0x0000000087b00000, 0x0000000087a00000| Untracked 
|  87|0x0000000087b00000, 0x0000000087c00000, 0x0000000087c00000|100%| O|  |TAMS 0x0000000087c00000, 0x0000000087b00000| Untracked 
|  88|0x0000000087c00000, 0x0000000087d00000, 0x0000000087d00000|100%| O|  |TAMS 0x0000000087d00000, 0x0000000087c00000| Untracked 
|  89|0x0000000087d00000, 0x0000000087e00000, 0x0000000087e00000|100%| O|  |TAMS 0x0000000087e00000, 0x0000000087d00000| Untracked 
|  90|0x0000000087e00000, 0x0000000087f00000, 0x0000000087f00000|100%|HS|  |TAMS 0x0000000087f00000, 0x0000000087e00000| Complete 
|  91|0x0000000087f00000, 0x0000000088000000, 0x0000000088000000|100%|HC|  |TAMS 0x0000000088000000, 0x0000000087f00000| Complete 
|  92|0x0000000088000000, 0x0000000088100000, 0x0000000088100000|100%|HS|  |TAMS 0x0000000088100000, 0x0000000088000000| Complete 
|  93|0x0000000088100000, 0x0000000088200000, 0x0000000088200000|100%|HC|  |TAMS 0x0000000088200000, 0x0000000088100000| Complete 
|  94|0x0000000088200000, 0x0000000088300000, 0x0000000088300000|100%|HC|  |TAMS 0x0000000088300000, 0x0000000088200000| Complete 
|  95|0x0000000088300000, 0x0000000088400000, 0x0000000088400000|100%|HC|  |TAMS 0x0000000088400000, 0x0000000088300000| Complete 
|  96|0x0000000088400000, 0x0000000088500000, 0x0000000088500000|100%|HC|  |TAMS 0x0000000088500000, 0x0000000088400000| Complete 
|  97|0x0000000088500000, 0x0000000088600000, 0x0000000088600000|100%|HC|  |TAMS 0x0000000088600000, 0x0000000088500000| Complete 
|  98|0x0000000088600000, 0x0000000088700000, 0x0000000088700000|100%|HS|  |TAMS 0x0000000088700000, 0x0000000088600000| Complete 
|  99|0x0000000088700000, 0x0000000088800000, 0x0000000088800000|100%|HC|  |TAMS 0x0000000088800000, 0x0000000088700000| Complete 
| 100|0x0000000088800000, 0x0000000088900000, 0x0000000088900000|100%|HC|  |TAMS 0x0000000088900000, 0x0000000088800000| Complete 
| 101|0x0000000088900000, 0x0000000088a00000, 0x0000000088a00000|100%|HC|  |TAMS 0x0000000088a00000, 0x0000000088900000| Complete 
| 102|0x0000000088a00000, 0x0000000088b00000, 0x0000000088b00000|100%|HC|  |TAMS 0x0000000088b00000, 0x0000000088a00000| Complete 
| 103|0x0000000088b00000, 0x0000000088c00000, 0x0000000088c00000|100%|HC|  |TAMS 0x0000000088c00000, 0x0000000088b00000| Complete 
| 104|0x0000000088c00000, 0x0000000088d00000, 0x0000000088d00000|100%|HS|  |TAMS 0x0000000088d00000, 0x0000000088c00000| Complete 
| 105|0x0000000088d00000, 0x0000000088e00000, 0x0000000088e00000|100%|HC|  |TAMS 0x0000000088e00000, 0x0000000088d00000| Complete 
| 106|0x0000000088e00000, 0x0000000088f00000, 0x0000000088f00000|100%|HS|  |TAMS 0x0000000088f00000, 0x0000000088e00000| Complete 
| 107|0x0000000088f00000, 0x0000000089000000, 0x0000000089000000|100%|HC|  |TAMS 0x0000000089000000, 0x0000000088f00000| Complete 
| 108|0x0000000089000000, 0x0000000089100000, 0x0000000089100000|100%|HC|  |TAMS 0x0000000089100000, 0x0000000089000000| Complete 
| 109|0x0000000089100000, 0x0000000089200000, 0x0000000089200000|100%|HC|  |TAMS 0x0000000089200000, 0x0000000089100000| Complete 
| 110|0x0000000089200000, 0x0000000089300000, 0x0000000089300000|100%|HC|  |TAMS 0x0000000089300000, 0x0000000089200000| Complete 
| 111|0x0000000089300000, 0x0000000089400000, 0x0000000089400000|100%|HC|  |TAMS 0x0000000089400000, 0x0000000089300000| Complete 
| 112|0x0000000089400000, 0x0000000089500000, 0x0000000089500000|100%|HS|  |TAMS 0x0000000089500000, 0x0000000089400000| Complete 
| 113|0x0000000089500000, 0x0000000089600000, 0x0000000089600000|100%|HC|  |TAMS 0x0000000089600000, 0x0000000089500000| Complete 
| 114|0x0000000089600000, 0x0000000089700000, 0x0000000089700000|100%|HC|  |TAMS 0x0000000089700000, 0x0000000089600000| Complete 
| 115|0x0000000089700000, 0x0000000089800000, 0x0000000089800000|100%|HC|  |TAMS 0x0000000089800000, 0x0000000089700000| Complete 
| 116|0x0000000089800000, 0x0000000089900000, 0x0000000089900000|100%|HC|  |TAMS 0x0000000089900000, 0x0000000089800000| Complete 
| 117|0x0000000089900000, 0x0000000089a00000, 0x0000000089a00000|100%|HC|  |TAMS 0x0000000089a00000, 0x0000000089900000| Complete 
| 118|0x0000000089a00000, 0x0000000089b00000, 0x0000000089b00000|100%|HS|  |TAMS 0x0000000089b00000, 0x0000000089a00000| Complete 
| 119|0x0000000089b00000, 0x0000000089c00000, 0x0000000089c00000|100%|HC|  |TAMS 0x0000000089c00000, 0x0000000089b00000| Complete 
| 120|0x0000000089c00000, 0x0000000089d00000, 0x0000000089d00000|100%|HC|  |TAMS 0x0000000089d00000, 0x0000000089c00000| Complete 
| 121|0x0000000089d00000, 0x0000000089e00000, 0x0000000089e00000|100%|HC|  |TAMS 0x0000000089e00000, 0x0000000089d00000| Complete 
| 122|0x0000000089e00000, 0x0000000089f00000, 0x0000000089f00000|100%|HC|  |TAMS 0x0000000089f00000, 0x0000000089e00000| Complete 
| 123|0x0000000089f00000, 0x000000008a000000, 0x000000008a000000|100%|HC|  |TAMS 0x000000008a000000, 0x0000000089f00000| Complete 
| 124|0x000000008a000000, 0x000000008a100000, 0x000000008a100000|100%|HS|  |TAMS 0x000000008a100000, 0x000000008a000000| Complete 
| 125|0x000000008a100000, 0x000000008a200000, 0x000000008a200000|100%|HC|  |TAMS 0x000000008a200000, 0x000000008a100000| Complete 
| 126|0x000000008a200000, 0x000000008a300000, 0x000000008a300000|100%|HC|  |TAMS 0x000000008a300000, 0x000000008a200000| Complete 
| 127|0x000000008a300000, 0x000000008a400000, 0x000000008a400000|100%|HS|  |TAMS 0x000000008a400000, 0x000000008a300000| Complete 
| 128|0x000000008a400000, 0x000000008a500000, 0x000000008a500000|100%|HC|  |TAMS 0x000000008a500000, 0x000000008a400000| Complete 
| 129|0x000000008a500000, 0x000000008a600000, 0x000000008a600000|100%|HS|  |TAMS 0x000000008a600000, 0x000000008a500000| Complete 
| 130|0x000000008a600000, 0x000000008a700000, 0x000000008a700000|100%|HS|  |TAMS 0x000000008a700000, 0x000000008a600000| Complete 
| 131|0x000000008a700000, 0x000000008a800000, 0x000000008a800000|100%|HC|  |TAMS 0x000000008a800000, 0x000000008a700000| Complete 
| 132|0x000000008a800000, 0x000000008a900000, 0x000000008a900000|100%|HC|  |TAMS 0x000000008a900000, 0x000000008a800000| Complete 
| 133|0x000000008a900000, 0x000000008aa00000, 0x000000008aa00000|100%|HS|  |TAMS 0x000000008aa00000, 0x000000008a900000| Complete 
| 134|0x000000008aa00000, 0x000000008ab00000, 0x000000008ab00000|100%| O|  |TAMS 0x000000008ab00000, 0x000000008aa00000| Updating 
| 135|0x000000008ab00000, 0x000000008ac00000, 0x000000008ac00000|100%| O|  |TAMS 0x000000008ac00000, 0x000000008ab00000| Untracked 
| 136|0x000000008ac00000, 0x000000008ac00000, 0x000000008ad00000|  0%| F|  |TAMS 0x000000008ac00000, 0x000000008ac00000| Untracked 
| 137|0x000000008ad00000, 0x000000008ad00000, 0x000000008ae00000|  0%| F|  |TAMS 0x000000008ad00000, 0x000000008ad00000| Untracked 
| 138|0x000000008ae00000, 0x000000008af00000, 0x000000008af00000|100%|HS|  |TAMS 0x000000008af00000, 0x000000008ae00000| Complete 
| 139|0x000000008af00000, 0x000000008b000000, 0x000000008b000000|100%|HC|  |TAMS 0x000000008b000000, 0x000000008af00000| Complete 
| 140|0x000000008b000000, 0x000000008b100000, 0x000000008b100000|100%|HC|  |TAMS 0x000000008b100000, 0x000000008b000000| Complete 
| 141|0x000000008b100000, 0x000000008b200000, 0x000000008b200000|100%|HC|  |TAMS 0x000000008b200000, 0x000000008b100000| Complete 
| 142|0x000000008b200000, 0x000000008b300000, 0x000000008b300000|100%|HC|  |TAMS 0x000000008b300000, 0x000000008b200000| Complete 
| 143|0x000000008b300000, 0x000000008b400000, 0x000000008b400000|100%|HC|  |TAMS 0x000000008b400000, 0x000000008b300000| Complete 
| 144|0x000000008b400000, 0x000000008b500000, 0x000000008b500000|100%| O|  |TAMS 0x000000008b500000, 0x000000008b400000| Untracked 
| 145|0x000000008b500000, 0x000000008b600000, 0x000000008b600000|100%| O|  |TAMS 0x000000008b59e000, 0x000000008b500000| Untracked 
| 146|0x000000008b600000, 0x000000008b600000, 0x000000008b700000|  0%| F|  |TAMS 0x000000008b600000, 0x000000008b600000| Untracked 
| 147|0x000000008b700000, 0x000000008b700000, 0x000000008b800000|  0%| F|  |TAMS 0x000000008b700000, 0x000000008b700000| Untracked 
| 148|0x000000008b800000, 0x000000008b800000, 0x000000008b900000|  0%| F|  |TAMS 0x000000008b800000, 0x000000008b800000| Untracked 
| 149|0x000000008b900000, 0x000000008b9364e0, 0x000000008ba00000| 21%| E|  |TAMS 0x000000008b900000, 0x000000008b900000| Complete 
| 150|0x000000008ba00000, 0x000000008ba059b8, 0x000000008bb00000|  2%| S|CS|TAMS 0x000000008ba00000, 0x000000008ba00000| Complete 
| 151|0x000000008bb00000, 0x000000008bc00000, 0x000000008bc00000|100%|HS|  |TAMS 0x000000008bb00000, 0x000000008bb00000| Complete 
| 152|0x000000008bc00000, 0x000000008bd00000, 0x000000008bd00000|100%|HC|  |TAMS 0x000000008bc00000, 0x000000008bc00000| Complete 
| 153|0x000000008bd00000, 0x000000008be00000, 0x000000008be00000|100%|HC|  |TAMS 0x000000008bd00000, 0x000000008bd00000| Complete 
| 154|0x000000008be00000, 0x000000008bf00000, 0x000000008bf00000|100%|HC|  |TAMS 0x000000008be00000, 0x000000008be00000| Complete 
| 155|0x000000008bf00000, 0x000000008c000000, 0x000000008c000000|100%|HC|  |TAMS 0x000000008bf00000, 0x000000008bf00000| Complete 
| 156|0x000000008c000000, 0x000000008c100000, 0x000000008c100000|100%|HC|  |TAMS 0x000000008c000000, 0x000000008c000000| Complete 

Card table byte_map: [0x000001baf98c0000,0x000001baf9cb0000] _byte_map_base: 0x000001baf94ae000

Marking Bits (Prev, Next): (CMBitMap*) 0x000001bae6b20a00, (CMBitMap*) 0x000001bae6b20a40
 Prev Bits: [0x000001bafa0a0000, 0x000001bafc010000)
 Next Bits: [0x000001bafc010000, 0x000001bafdf80000)

Polling page: 0x000001bae4a20000

Metaspace:

Usage:
  Non-class:     24.14 MB used.
      Class:      3.36 MB used.
       Both:     27.50 MB used.

Virtual space:
  Non-class space:       32.00 MB reserved,      24.25 MB ( 76%) committed,  4 nodes.
      Class space:        1.00 GB reserved,       3.50 MB ( <1%) committed,  1 nodes.
             Both:        1.03 GB reserved,      27.75 MB (  3%) committed. 

Chunk freelists:
   Non-Class:  3.13 MB
       Class:  424.00 KB
        Both:  3.54 MB

MaxMetaspaceSize: unlimited
CompressedClassSpaceSize: 1.00 GB
Initial GC threshold: 21.00 MB
Current GC threshold: 39.31 MB
CDS: off
MetaspaceReclaimPolicy: balanced
 - commit_granule_bytes: 65536.
 - commit_granule_words: 8192.
 - virtual_space_node_default_size: 1048576.
 - enlarge_chunks_in_place: 1.
 - new_chunks_are_fully_committed: 0.
 - uncommit_free_chunks: 1.
 - use_allocation_guard: 0.
 - handle_deallocations: 1.


Internal statistics:

num_allocs_failed_limit: 9.
num_arena_births: 272.
num_arena_deaths: 0.
num_vsnodes_births: 5.
num_vsnodes_deaths: 0.
num_space_committed: 444.
num_space_uncommitted: 0.
num_chunks_returned_to_freelist: 9.
num_chunks_taken_from_freelist: 852.
num_chunk_merges: 6.
num_chunk_splits: 558.
num_chunks_enlarged: 399.
num_purges: 0.
num_inconsistent_stats: 0.

CodeHeap 'non-profiled nmethods': size=120000Kb used=1556Kb max_used=1556Kb free=118443Kb
 bounds [0x000001baf1c70000, 0x000001baf1ee0000, 0x000001baf91a0000]
CodeHeap 'profiled nmethods': size=120000Kb used=6166Kb max_used=6166Kb free=113833Kb
 bounds [0x000001baea740000, 0x000001baead50000, 0x000001baf1c70000]
CodeHeap 'non-nmethods': size=5760Kb used=1490Kb max_used=1577Kb free=4269Kb
 bounds [0x000001baea1a0000, 0x000001baea410000, 0x000001baea740000]
 total_blobs=4156 nmethods=3280 adapters=787
 compilation: enabled
              stopped_count=0, restarted_count=0
 full_count=0

Compilation events (20 events):
Event: 8.693 Thread 0x000001ba8141e5e0 nmethod 3285 0x000001baf1df4810 code [0x000001baf1df49a0, 0x000001baf1df4ad8]
Event: 8.693 Thread 0x000001ba8141e5e0 3294       4       com.sun.prism.impl.VertexBuffer::addVertNoCheck (102 bytes)
Event: 8.699 Thread 0x000001ba8141e5e0 nmethod 3294 0x000001baf1df4b90 code [0x000001baf1df4d20, 0x000001baf1df4f38]
Event: 8.708 Thread 0x000001ba81420f00 nmethod 3288 0x000001baead37810 code [0x000001baead38360, 0x000001baead3f468]
Event: 8.708 Thread 0x000001ba81420f00 3292       3       com.sun.org.apache.xerces.internal.util.AugmentationsImpl$SmallContainer::clear (41 bytes)
Event: 8.710 Thread 0x000001ba81420f00 nmethod 3292 0x000001baead41310 code [0x000001baead414e0, 0x000001baead419d8]
Event: 8.710 Thread 0x000001ba81420f00 3290       3       java.util.WeakHashMap::getEntry (70 bytes)
Event: 8.712 Thread 0x000001ba81420f00 nmethod 3290 0x000001baead41b90 code [0x000001baead41da0, 0x000001baead42618]
Event: 8.712 Thread 0x000001ba81420f00 3291       3       com.sun.org.apache.xerces.internal.util.AugmentationsImpl::removeAllItems (8 bytes)
Event: 8.712 Thread 0x000001ba81420f00 nmethod 3291 0x000001baead42990 code [0x000001baead42b40, 0x000001baead42ca8]
Event: 8.712 Thread 0x000001ba81420f00 3293       3       com.sun.org.apache.xerces.internal.impl.XMLDocumentFragmentScannerImpl::getString (76 bytes)
Event: 8.715 Thread 0x000001ba81420f00 nmethod 3293 0x000001baead42d90 code [0x000001baead42fc0, 0x000001baead43b98]
Event: 8.715 Thread 0x000001ba81420f00 3296       3       com.sun.prism.impl.shape.DMarlinPrismUtils::initRenderer (253 bytes)
Event: 8.716 Thread 0x000001ba81420f00 nmethod 3296 0x000001baead43f90 code [0x000001baead44240, 0x000001baead449f8]
Event: 8.716 Thread 0x000001ba81420f00 3297       3       com.sun.marlin.Renderer::getOffsetX (4 bytes)
Event: 8.716 Thread 0x000001ba81420f00 nmethod 3297 0x000001baead44e10 code [0x000001baead44fc0, 0x000001baead450d8]
Event: 8.716 Thread 0x000001ba81420f00 3295       3       java.lang.reflect.AccessibleObject::checkPermission (16 bytes)
Event: 8.717 Thread 0x000001ba81420f00 nmethod 3295 0x000001baead45190 code [0x000001baead45340, 0x000001baead45628]
Event: 8.717 Thread 0x000001ba81420f00 3289       3       java.util.WeakHashMap::containsKey (14 bytes)
Event: 8.717 Thread 0x000001ba81420f00 nmethod 3289 0x000001baead45710 code [0x000001baead458c0, 0x000001baead45a68]

GC Heap History (16 events):
Event: 1.924 GC heap before
{Heap before GC invocations=0 (full 0):
 garbage-first heap   total 129024K, used 76800K [0x0000000082400000, 0x0000000100000000)
  region size 1024K, 22 young (22528K), 0 survivors (0K)
 Metaspace       used 13758K, committed 13952K, reserved 1064960K
  class space    used 1428K, committed 1536K, reserved 1048576K
}
Event: 1.930 GC heap after
{Heap after GC invocations=1 (full 0):
 garbage-first heap   total 129024K, used 62098K [0x0000000082400000, 0x0000000100000000)
  region size 1024K, 3 young (3072K), 3 survivors (3072K)
 Metaspace       used 13758K, committed 13952K, reserved 1064960K
  class space    used 1428K, committed 1536K, reserved 1048576K
}
Event: 1.989 GC heap before
{Heap before GC invocations=2 (full 0):
 garbage-first heap   total 129024K, used 67218K [0x0000000082400000, 0x0000000100000000)
  region size 1024K, 4 young (4096K), 3 survivors (3072K)
 Metaspace       used 13760K, committed 13952K, reserved 1064960K
  class space    used 1428K, committed 1536K, reserved 1048576K
}
Event: 1.993 GC heap after
{Heap after GC invocations=3 (full 0):
 garbage-first heap   total 129024K, used 67405K [0x0000000082400000, 0x0000000100000000)
  region size 1024K, 1 young (1024K), 1 survivors (1024K)
 Metaspace       used 13760K, committed 13952K, reserved 1064960K
  class space    used 1428K, committed 1536K, reserved 1048576K
}
Event: 2.911 GC heap before
{Heap before GC invocations=4 (full 0):
 garbage-first heap   total 129024K, used 113485K [0x0000000082400000, 0x0000000100000000)
  region size 1024K, 27 young (27648K), 1 survivors (1024K)
 Metaspace       used 23084K, committed 23296K, reserved 1073152K
  class space    used 2698K, committed 2816K, reserved 1048576K
}
Event: 2.915 GC heap after
{Heap after GC invocations=5 (full 0):
 garbage-first heap   total 129024K, used 91478K [0x0000000082400000, 0x0000000100000000)
  region size 1024K, 4 young (4096K), 4 survivors (4096K)
 Metaspace       used 23084K, committed 23296K, reserved 1073152K
  class space    used 2698K, committed 2816K, reserved 1048576K
}
Event: 2.971 GC heap before
{Heap before GC invocations=5 (full 0):
 garbage-first heap   total 129024K, used 91478K [0x0000000082400000, 0x0000000100000000)
  region size 1024K, 6 young (6144K), 4 survivors (4096K)
 Metaspace       used 23395K, committed 23616K, reserved 1073152K
  class space    used 2733K, committed 2816K, reserved 1048576K
}
Event: 2.976 GC heap after
{Heap after GC invocations=6 (full 0):
 garbage-first heap   total 129024K, used 91637K [0x0000000082400000, 0x0000000100000000)
  region size 1024K, 1 young (1024K), 1 survivors (1024K)
 Metaspace       used 23395K, committed 23616K, reserved 1073152K
  class space    used 2733K, committed 2816K, reserved 1048576K
}
Event: 3.031 GC heap before
{Heap before GC invocations=6 (full 0):
 garbage-first heap   total 129024K, used 92661K [0x0000000082400000, 0x0000000100000000)
  region size 1024K, 3 young (3072K), 1 survivors (1024K)
 Metaspace       used 23738K, committed 23936K, reserved 1073152K
  class space    used 2782K, committed 2880K, reserved 1048576K
}
Event: 3.032 GC heap after
{Heap after GC invocations=7 (full 0):
 garbage-first heap   total 129024K, used 91519K [0x0000000082400000, 0x0000000100000000)
  region size 1024K, 1 young (1024K), 1 survivors (1024K)
 Metaspace       used 23738K, committed 23936K, reserved 1073152K
  class space    used 2782K, committed 2880K, reserved 1048576K
}
Event: 5.861 GC heap before
{Heap before GC invocations=8 (full 0):
 garbage-first heap   total 155648K, used 123263K [0x0000000082400000, 0x0000000100000000)
  region size 1024K, 16 young (16384K), 1 survivors (1024K)
 Metaspace       used 27360K, committed 27648K, reserved 1081344K
  class space    used 3407K, committed 3520K, reserved 1048576K
}
Event: 5.865 GC heap after
{Heap after GC invocations=9 (full 0):
 garbage-first heap   total 155648K, used 107756K [0x0000000082400000, 0x0000000100000000)
  region size 1024K, 2 young (2048K), 2 survivors (2048K)
 Metaspace       used 27360K, committed 27648K, reserved 1081344K
  class space    used 3407K, committed 3520K, reserved 1048576K
}
Event: 8.704 GC heap before
{Heap before GC invocations=9 (full 0):
 garbage-first heap   total 155648K, used 148716K [0x0000000082400000, 0x0000000100000000)
  region size 1024K, 7 young (7168K), 2 survivors (2048K)
 Metaspace       used 28152K, committed 28416K, reserved 1081344K
  class space    used 3441K, committed 3584K, reserved 1048576K
}
Event: 8.708 GC heap after
{Heap after GC invocations=10 (full 0):
 garbage-first heap   total 155648K, used 147064K [0x0000000082400000, 0x0000000100000000)
  region size 1024K, 1 young (1024K), 1 survivors (1024K)
 Metaspace       used 28152K, committed 28416K, reserved 1081344K
  class space    used 3441K, committed 3584K, reserved 1048576K
}
Event: 8.708 GC heap before
{Heap before GC invocations=10 (full 0):
 garbage-first heap   total 155648K, used 147064K [0x0000000082400000, 0x0000000100000000)
  region size 1024K, 2 young (2048K), 1 survivors (1024K)
 Metaspace       used 28152K, committed 28416K, reserved 1081344K
  class space    used 3441K, committed 3584K, reserved 1048576K
}
Event: 8.710 GC heap after
{Heap after GC invocations=11 (full 0):
 garbage-first heap   total 155648K, used 146983K [0x0000000082400000, 0x0000000100000000)
  region size 1024K, 1 young (1024K), 1 survivors (1024K)
 Metaspace       used 28152K, committed 28416K, reserved 1081344K
  class space    used 3441K, committed 3584K, reserved 1048576K
}

Deoptimization events (20 events):
Event: 7.127 Thread 0x000001ba829a09c0 DEOPT PACKING pc=0x000001baeabc4fc2 sp=0x00000078cdffe150
Event: 7.127 Thread 0x000001ba829a09c0 DEOPT UNPACKING pc=0x000001baea1f2b43 sp=0x00000078cdffd588 mode 0
Event: 7.129 Thread 0x000001ba829a09c0 DEOPT PACKING pc=0x000001baeabc4fc2 sp=0x00000078cdffe150
Event: 7.129 Thread 0x000001ba829a09c0 DEOPT UNPACKING pc=0x000001baea1f2b43 sp=0x00000078cdffd588 mode 0
Event: 7.130 Thread 0x000001ba829a09c0 DEOPT PACKING pc=0x000001baeabc4fc2 sp=0x00000078cdffe150
Event: 7.130 Thread 0x000001ba829a09c0 DEOPT UNPACKING pc=0x000001baea1f2b43 sp=0x00000078cdffd588 mode 0
Event: 7.131 Thread 0x000001ba829a09c0 DEOPT PACKING pc=0x000001baeabc4fc2 sp=0x00000078cdffe150
Event: 7.131 Thread 0x000001ba829a09c0 DEOPT UNPACKING pc=0x000001baea1f2b43 sp=0x00000078cdffd588 mode 0
Event: 7.145 Thread 0x000001ba829a09c0 DEOPT PACKING pc=0x000001baeabc4fc2 sp=0x00000078cdffd900
Event: 7.145 Thread 0x000001ba829a09c0 DEOPT UNPACKING pc=0x000001baea1f2b43 sp=0x00000078cdffcd38 mode 0
Event: 7.146 Thread 0x000001ba829a09c0 DEOPT PACKING pc=0x000001baeabc4fc2 sp=0x00000078cdffde10
Event: 7.146 Thread 0x000001ba829a09c0 DEOPT UNPACKING pc=0x000001baea1f2b43 sp=0x00000078cdffd248 mode 0
Event: 7.149 Thread 0x000001ba829a09c0 DEOPT PACKING pc=0x000001baeabc4fc2 sp=0x00000078cdffde40
Event: 7.149 Thread 0x000001ba829a09c0 DEOPT UNPACKING pc=0x000001baea1f2b43 sp=0x00000078cdffd278 mode 0
Event: 7.151 Thread 0x000001ba829a09c0 DEOPT PACKING pc=0x000001baeabc4fc2 sp=0x00000078cdffce30
Event: 7.151 Thread 0x000001ba829a09c0 DEOPT UNPACKING pc=0x000001baea1f2b43 sp=0x00000078cdffc268 mode 0
Event: 7.159 Thread 0x000001ba829a09c0 DEOPT PACKING pc=0x000001baeabc4fc2 sp=0x00000078cdffde00
Event: 7.159 Thread 0x000001ba829a09c0 DEOPT UNPACKING pc=0x000001baea1f2b43 sp=0x00000078cdffd238 mode 0
Event: 7.160 Thread 0x000001ba829a09c0 DEOPT PACKING pc=0x000001baeabc4fc2 sp=0x00000078cdffde00
Event: 7.160 Thread 0x000001ba829a09c0 DEOPT UNPACKING pc=0x000001baea1f2b43 sp=0x00000078cdffd238 mode 0

Classes unloaded (0 events):
No events

Classes redefined (0 events):
No events

Internal exceptions (20 events):
Event: 2.528 Thread 0x000001ba8274d630 Exception <a 'java/lang/ClassNotFoundException'{0x00000000897dbf18}: com/sun/glass/ui/win/themes> (0x00000000897dbf18) 
thrown [e:\jenkins\tmp\workspace\build\src\src\hotspot\share\prims\jni.cpp, line 535]
Event: 2.529 Thread 0x000001ba8274d630 Exception <a 'java/lang/ClassNotFoundException'{0x00000000897e41b0}: com/sun/glass/ui/win/themes_en> (0x00000000897e41b0) 
thrown [e:\jenkins\tmp\workspace\build\src\src\hotspot\share\prims\jni.cpp, line 535]
Event: 2.529 Thread 0x000001ba8274d630 Exception <a 'java/lang/ClassNotFoundException'{0x00000000897ec1f8}: com/sun/glass/ui/win/themes_en_US> (0x00000000897ec1f8) 
thrown [e:\jenkins\tmp\workspace\build\src\src\hotspot\share\prims\jni.cpp, line 535]
Event: 2.626 Thread 0x000001ba8274d630 Exception <a 'java/lang/NoSuchMethodError'{0x00000000892f91d8}: 'void java.lang.invoke.DirectMethodHandle$Holder.invokeStaticInit(java.lang.Object, java.lang.Object)'> (0x00000000892f91d8) 
thrown [e:\jenkins\tmp\workspace\build\src\src\hotspot\share\interpreter\linkResolver.cpp, line 766]
Event: 2.633 Thread 0x000001ba8274d630 Exception <a 'java/lang/NoSuchMethodError'{0x0000000089132e48}: 'void java.lang.invoke.DirectMethodHandle$Holder.invokeSpecial(java.lang.Object, java.lang.Object, java.lang.Object, java.lang.Object, java.lang.Object)'> (0x0000000089132e48) 
thrown [e:\jenkins\tmp\workspace\build\src\src\hotspot\share\interpreter\linkResolver.cpp, line 766]
Event: 2.810 Thread 0x000001ba8274d630 Exception <a 'java/lang/NoSuchMethodError'{0x0000000088b5c7d0}: 'java.lang.Object java.lang.invoke.DirectMethodHandle$Holder.newInvokeSpecial(java.lang.Object, java.lang.Object, int, int)'> (0x0000000088b5c7d0) 
thrown [e:\jenkins\tmp\workspace\build\src\src\hotspot\share\interpreter\linkResolver.cpp, line 766]
Event: 2.830 Thread 0x000001ba8274c7c0 Exception <a 'java/lang/NoSuchMethodError'{0x0000000088a504c0}: 'java.lang.Object java.lang.invoke.DirectMethodHandle$Holder.newInvokeSpecial(java.lang.Object, java.lang.Object, java.lang.Object, int, int, int, int, int)'> (0x0000000088a504c0) 
thrown [e:\jenkins\tmp\workspace\build\src\src\hotspot\share\interpreter\linkResolver.cpp, line 766]
Event: 2.891 Thread 0x000001ba8274d630 Exception <a 'java/lang/NoSuchMethodError'{0x00000000888a7118}: 'java.lang.Object java.lang.invoke.DirectMethodHandle$Holder.invokeInterface(java.lang.Object, java.lang.Object, java.lang.Object)'> (0x00000000888a7118) 
thrown [e:\jenkins\tmp\workspace\build\src\src\hotspot\share\interpreter\linkResolver.cpp, line 766]
Event: 2.891 Thread 0x000001ba8274d630 Exception <a 'java/lang/IncompatibleClassChangeError'{0x00000000888aaaa0}: Found class java.lang.Object, but interface was expected> (0x00000000888aaaa0) 
thrown [e:\jenkins\tmp\workspace\build\src\src\hotspot\share\interpreter\linkResolver.cpp, line 833]
Event: 3.036 Thread 0x000001ba8274d630 Exception <a 'java/lang/NoSuchMethodError'{0x000000008a118da0}: 'java.lang.Object java.lang.invoke.DirectMethodHandle$Holder.invokeSpecial(java.lang.Object, java.lang.Object, int, int, int, int, int, int, int, int, int, int, int, int, int, int, int, int)'> (0x000000008a118da0) 
thrown [e:\jenkins\tmp\workspace\build\src\src\hotspot\share\interpreter\linkResolver.cpp, line 766]
Event: 3.037 Thread 0x000001ba829a09c0 Exception <a 'java/lang/NoSuchMethodError'{0x000000008a16ea50}: 'int java.lang.invoke.DirectMethodHandle$Holder.invokeStaticInit(java.lang.Object, java.lang.Object)'> (0x000000008a16ea50) 
thrown [e:\jenkins\tmp\workspace\build\src\src\hotspot\share\interpreter\linkResolver.cpp, line 766]
Event: 3.206 Thread 0x000001ba8274f310 Exception <a 'java/lang/NoSuchMethodError'{0x000000008b98c6b0}: 'java.lang.Object java.lang.invoke.DirectMethodHandle$Holder.newInvokeSpecial(java.lang.Object, java.lang.Object, int, int, java.lang.Object)'> (0x000000008b98c6b0) 
thrown [e:\jenkins\tmp\workspace\build\src\src\hotspot\share\interpreter\linkResolver.cpp, line 766]
Event: 4.428 Thread 0x000001ba8274d630 Exception <a 'java/lang/NoSuchMethodError'{0x000000008b8905a8}: 'long java.lang.invoke.DirectMethodHandle$Holder.invokeStatic(java.lang.Object, java.lang.Object, java.lang.Object)'> (0x000000008b8905a8) 
thrown [e:\jenkins\tmp\workspace\build\src\src\hotspot\share\interpreter\linkResolver.cpp, line 766]
Event: 4.428 Thread 0x000001ba8274d630 Exception <a 'java/lang/NoSuchMethodError'{0x000000008b893d50}: 'long java.lang.invoke.DirectMethodHandle$Holder.invokeStaticInit(java.lang.Object, java.lang.Object, java.lang.Object)'> (0x000000008b893d50) 
thrown [e:\jenkins\tmp\workspace\build\src\src\hotspot\share\interpreter\linkResolver.cpp, line 766]
Event: 4.430 Thread 0x000001ba8274d630 Exception <a 'java/lang/NoSuchMethodError'{0x000000008b8ab958}: 'java.lang.Object java.lang.invoke.DirectMethodHandle$Holder.newInvokeSpecial(java.lang.Object, java.lang.Object, long)'> (0x000000008b8ab958) 
thrown [e:\jenkins\tmp\workspace\build\src\src\hotspot\share\interpreter\linkResolver.cpp, line 766]
Event: 4.431 Thread 0x000001ba8274d630 Exception <a 'java/lang/NoSuchMethodError'{0x000000008b8af4c8}: 'java.lang.Object java.lang.invoke.Invokers$Holder.linkToTargetMethod(java.lang.Object, long, java.lang.Object)'> (0x000000008b8af4c8) 
thrown [e:\jenkins\tmp\workspace\build\src\src\hotspot\share\interpreter\linkResolver.cpp, line 766]
Event: 5.623 Thread 0x000001ba8274d630 Exception <a 'java/lang/ClassNotFoundException'{0x000000008b461be0}: com/sun/javafx/scene/control/skin/resources/controls> (0x000000008b461be0) 
thrown [e:\jenkins\tmp\workspace\build\src\src\hotspot\share\prims\jni.cpp, line 535]
Event: 5.624 Thread 0x000001ba8274d630 Exception <a 'java/lang/ClassNotFoundException'{0x000000008b470078}: com/sun/javafx/scene/control/skin/resources/controls_en> (0x000000008b470078) 
thrown [e:\jenkins\tmp\workspace\build\src\src\hotspot\share\prims\jni.cpp, line 535]
Event: 5.624 Thread 0x000001ba8274d630 Exception <a 'java/lang/ClassNotFoundException'{0x000000008b471780}: com/sun/javafx/scene/control/skin/resources/controls_en_US> (0x000000008b471780) 
thrown [e:\jenkins\tmp\workspace\build\src\src\hotspot\share\prims\jni.cpp, line 535]
Event: 5.895 Thread 0x000001ba829a09c0 Exception <a 'java/lang/NoSuchMethodError'{0x000000008bb4de80}: 'java.lang.Object java.lang.invoke.DirectMethodHandle$Holder.invokeStaticInit(java.lang.Object, int)'> (0x000000008bb4de80) 
thrown [e:\jenkins\tmp\workspace\build\src\src\hotspot\share\interpreter\linkResolver.cpp, line 766]

VM Operations (20 events):
Event: 4.205 Executing VM operation: Cleanup done
Event: 5.205 Executing VM operation: Cleanup
Event: 5.206 Executing VM operation: Cleanup done
Event: 5.569 Executing VM operation: HandshakeAllThreads
Event: 5.569 Executing VM operation: HandshakeAllThreads done
Event: 5.662 Executing VM operation: HandshakeAllThreads
Event: 5.662 Executing VM operation: HandshakeAllThreads done
Event: 5.860 Executing VM operation: G1CollectForAllocation
Event: 5.865 Executing VM operation: G1CollectForAllocation done
Event: 5.875 Executing VM operation: HandshakeAllThreads
Event: 5.875 Executing VM operation: HandshakeAllThreads done
Event: 6.875 Executing VM operation: Cleanup
Event: 6.876 Executing VM operation: Cleanup done
Event: 8.690 Executing VM operation: ICBufferFull
Event: 8.691 Executing VM operation: ICBufferFull done
Event: 8.703 Executing VM operation: G1CollectForAllocation
Event: 8.708 Executing VM operation: G1CollectForAllocation done
Event: 8.708 Executing VM operation: G1TryInitiateConcMark
Event: 8.710 Executing VM operation: G1TryInitiateConcMark done
Event: 8.728 Executing VM operation: G1Concurrent

Events (20 events):
Event: 5.568 loading class java/util/TreeMap$KeyIterator
Event: 5.568 loading class java/util/TreeMap$KeyIterator done
Event: 5.568 loading class java/util/LinkedHashMap$LinkedKeySet
Event: 5.568 loading class java/util/LinkedHashMap$LinkedKeySet done
Event: 5.568 loading class java/util/LinkedHashMap$LinkedKeyIterator
Event: 5.568 loading class java/util/LinkedHashMap$LinkedKeyIterator done
Event: 5.805 loading class java/lang/FdLibm$Hypot
Event: 5.805 loading class java/lang/FdLibm$Hypot done
Event: 5.805 loading class java/lang/FdLibm
Event: 5.805 loading class java/lang/FdLibm done
Event: 6.514 loading class java/awt/KeyboardFocusManager$2
Event: 6.514 loading class java/awt/KeyboardFocusManager$2 done
Event: 6.514 loading class sun/awt/SunToolkit$1
Event: 6.514 loading class sun/awt/SunToolkit$1 done
Event: 6.618 loading class java/lang/TextArea
Event: 6.618 loading class java/lang/TextArea done
Event: 6.947 Thread 0x000001ba8a81aba0 Thread exited: 0x000001ba8a81aba0
Event: 6.993 Thread 0x000001ba8b15f650 Thread added: 0x000001ba8b15f650
Event: 7.854 Thread 0x000001ba8274c7c0 Thread exited: 0x000001ba8274c7c0
Event: 8.146 Thread 0x000001ba8b15f650 Thread exited: 0x000001ba8b15f650


Dynamic libraries:
0x00007ff754d90000 - 0x00007ff754d9e000 	C:\Users\Admin\Desktop\eclipse\plugins\org.eclipse.justj.openjdk.hotspot.jre.full.win32.x86_64_17.0.2.v20220201-1208\jre\bin\javaw.exe
0x00007ffa72fb0000 - 0x00007ffa731a7000 	C:\WINDOWS\SYSTEM32\ntdll.dll
0x00007ffa727c0000 - 0x00007ffa7287d000 	C:\WINDOWS\System32\KERNEL32.DLL
0x00007ffa70830000 - 0x00007ffa70afd000 	C:\WINDOWS\System32\KERNELBASE.dll
0x00007ffa70d40000 - 0x00007ffa70e40000 	C:\WINDOWS\System32\ucrtbase.dll
0x00007ffa3b7f0000 - 0x00007ffa3b808000 	C:\Users\Admin\Desktop\eclipse\plugins\org.eclipse.justj.openjdk.hotspot.jre.full.win32.x86_64_17.0.2.v20220201-1208\jre\bin\jli.dll
0x00007ffa3b7d0000 - 0x00007ffa3b7e9000 	C:\Users\Admin\Desktop\eclipse\plugins\org.eclipse.justj.openjdk.hotspot.jre.full.win32.x86_64_17.0.2.v20220201-1208\jre\bin\VCRUNTIME140.dll
0x00007ffa72a60000 - 0x00007ffa72c00000 	C:\WINDOWS\System32\USER32.dll
0x00007ffa5cda0000 - 0x00007ffa5d03a000 	C:\WINDOWS\WinSxS\amd64_microsoft.windows.common-controls_6595b64144ccf1df_6.0.19041.1110_none_60b5254171f9507e\COMCTL32.dll
0x00007ffa70b00000 - 0x00007ffa70b22000 	C:\WINDOWS\System32\win32u.dll
0x00007ffa716b0000 - 0x00007ffa7174e000 	C:\WINDOWS\System32\msvcrt.dll
0x00007ffa72900000 - 0x00007ffa7292a000 	C:\WINDOWS\System32\GDI32.dll
0x00007ffa706d0000 - 0x00007ffa707db000 	C:\WINDOWS\System32\gdi32full.dll
0x00007ffa70be0000 - 0x00007ffa70c7d000 	C:\WINDOWS\System32\msvcp_win.dll
0x00007ffa71110000 - 0x00007ffa71140000 	C:\WINDOWS\System32\IMM32.DLL
0x00007ffa5ac60000 - 0x00007ffa5ac6c000 	C:\Users\Admin\Desktop\eclipse\plugins\org.eclipse.justj.openjdk.hotspot.jre.full.win32.x86_64_17.0.2.v20220201-1208\jre\bin\vcruntime140_1.dll
0x00007ffa39710000 - 0x00007ffa397a1000 	C:\Users\Admin\Desktop\eclipse\plugins\org.eclipse.justj.openjdk.hotspot.jre.full.win32.x86_64_17.0.2.v20220201-1208\jre\bin\msvcp140.dll
0x00007ffa17d70000 - 0x00007ffa189b7000 	C:\Users\Admin\Desktop\eclipse\plugins\org.eclipse.justj.openjdk.hotspot.jre.full.win32.x86_64_17.0.2.v20220201-1208\jre\bin\server\jvm.dll
0x00007ffa71bc0000 - 0x00007ffa71c6e000 	C:\WINDOWS\System32\ADVAPI32.dll
0x00007ffa71010000 - 0x00007ffa710ac000 	C:\WINDOWS\System32\sechost.dll
0x00007ffa71250000 - 0x00007ffa71375000 	C:\WINDOWS\System32\RPCRT4.dll
0x00007ffa72880000 - 0x00007ffa72888000 	C:\WINDOWS\System32\PSAPI.DLL
0x00007ffa5e0e0000 - 0x00007ffa5e107000 	C:\WINDOWS\SYSTEM32\WINMM.dll
0x00007ffa588d0000 - 0x00007ffa588d9000 	C:\WINDOWS\SYSTEM32\WSOCK32.dll
0x00007ffa6aba0000 - 0x00007ffa6abaa000 	C:\WINDOWS\SYSTEM32\VERSION.dll
0x00007ffa72890000 - 0x00007ffa728fb000 	C:\WINDOWS\System32\WS2_32.dll
0x00007ffa6e770000 - 0x00007ffa6e782000 	C:\WINDOWS\SYSTEM32\kernel.appcore.dll
0x00007ffa5b860000 - 0x00007ffa5b86a000 	C:\Users\Admin\Desktop\eclipse\plugins\org.eclipse.justj.openjdk.hotspot.jre.full.win32.x86_64_17.0.2.v20220201-1208\jre\bin\jimage.dll
0x00007ffa6e4a0000 - 0x00007ffa6e684000 	C:\WINDOWS\SYSTEM32\DBGHELP.DLL
0x00007ffa54470000 - 0x00007ffa5449c000 	C:\WINDOWS\SYSTEM32\dbgcore.DLL
0x00007ffa70c80000 - 0x00007ffa70d02000 	C:\WINDOWS\System32\bcryptPrimitives.dll
0x00007ffa3b790000 - 0x00007ffa3b7b5000 	C:\Users\Admin\Desktop\eclipse\plugins\org.eclipse.justj.openjdk.hotspot.jre.full.win32.x86_64_17.0.2.v20220201-1208\jre\bin\java.dll
0x00007ffa3fd10000 - 0x00007ffa3fd28000 	C:\Users\Admin\Desktop\eclipse\plugins\org.eclipse.justj.openjdk.hotspot.jre.full.win32.x86_64_17.0.2.v20220201-1208\jre\bin\zip.dll
0x00007ffa72000000 - 0x00007ffa72744000 	C:\WINDOWS\System32\SHELL32.dll
0x00007ffa6e790000 - 0x00007ffa6ef24000 	C:\WINDOWS\SYSTEM32\windows.storage.dll
0x00007ffa72c00000 - 0x00007ffa72f54000 	C:\WINDOWS\System32\combase.dll
0x00007ffa700d0000 - 0x00007ffa700fc000 	C:\WINDOWS\SYSTEM32\Wldp.dll
0x00007ffa72930000 - 0x00007ffa729dd000 	C:\WINDOWS\System32\SHCORE.dll
0x00007ffa710b0000 - 0x00007ffa71105000 	C:\WINDOWS\System32\shlwapi.dll
0x00007ffa70610000 - 0x00007ffa7062f000 	C:\WINDOWS\SYSTEM32\profapi.dll
0x00007ffa3bef0000 - 0x00007ffa3bf09000 	C:\Users\Admin\Desktop\eclipse\plugins\org.eclipse.justj.openjdk.hotspot.jre.full.win32.x86_64_17.0.2.v20220201-1208\jre\bin\net.dll
0x00007ffa677b0000 - 0x00007ffa678ba000 	C:\WINDOWS\SYSTEM32\WINHTTP.dll
0x00007ffa6fe30000 - 0x00007ffa6fe9a000 	C:\WINDOWS\system32\mswsock.dll
0x00007ffa3b770000 - 0x00007ffa3b785000 	C:\Users\Admin\Desktop\eclipse\plugins\org.eclipse.justj.openjdk.hotspot.jre.full.win32.x86_64_17.0.2.v20220201-1208\jre\bin\nio.dll
0x00007ffa39580000 - 0x00007ffa3970e000 	C:\Users\Admin\Desktop\eclipse\plugins\org.eclipse.justj.openjdk.hotspot.jre.full.win32.x86_64_17.0.2.v20220201-1208\jre\bin\awt.dll
0x00007ffa71f10000 - 0x00007ffa71fdd000 	C:\WINDOWS\System32\OLEAUT32.dll
0x00007ffa6d710000 - 0x00007ffa6d7a0000 	C:\WINDOWS\SYSTEM32\apphelp.dll
0x00007ffa6df10000 - 0x00007ffa6df3f000 	C:\WINDOWS\system32\DWMAPI.DLL
0x00007ffa6dd20000 - 0x00007ffa6ddbe000 	C:\WINDOWS\system32\uxtheme.dll
0x00007ffa479e0000 - 0x00007ffa47b06000 	C:\WINDOWS\system32\opengl32.dll
0x00007ffa4b320000 - 0x00007ffa4b34c000 	C:\WINDOWS\SYSTEM32\GLU32.dll
0x00007ffa26040000 - 0x00007ffa26171000 	C:\ProgramData\A-Volute\A-Volute.SonicStudio3\Modules\ScheduledModules\x64\AudioDevProps2.dll
0x00007ffa71d00000 - 0x00007ffa71e2a000 	C:\WINDOWS\System32\ole32.dll
0x00007ffa71590000 - 0x00007ffa716a5000 	C:\WINDOWS\System32\MSCTF.dll
0x000001ba80be0000 - 0x000001ba80be3000 	D:\javafx-sdk-18.0.1\bin\api-ms-win-core-console-l1-1-0.dll
0x000001ba80bf0000 - 0x000001ba80bf3000 	D:\javafx-sdk-18.0.1\bin\api-ms-win-core-console-l1-2-0.dll
0x000001ba83110000 - 0x000001ba83113000 	D:\javafx-sdk-18.0.1\bin\api-ms-win-core-datetime-l1-1-0.dll
0x000001ba83120000 - 0x000001ba83123000 	D:\javafx-sdk-18.0.1\bin\api-ms-win-core-debug-l1-1-0.dll
0x000001ba83130000 - 0x000001ba83133000 	D:\javafx-sdk-18.0.1\bin\api-ms-win-core-errorhandling-l1-1-0.dll
0x000001ba83140000 - 0x000001ba83144000 	D:\javafx-sdk-18.0.1\bin\api-ms-win-core-file-l1-1-0.dll
0x000001ba83150000 - 0x000001ba83153000 	D:\javafx-sdk-18.0.1\bin\api-ms-win-core-file-l1-2-0.dll
0x000001ba83160000 - 0x000001ba83163000 	D:\javafx-sdk-18.0.1\bin\api-ms-win-core-file-l2-1-0.dll
0x000001ba83170000 - 0x000001ba83173000 	D:\javafx-sdk-18.0.1\bin\api-ms-win-core-handle-l1-1-0.dll
0x000001ba83180000 - 0x000001ba83183000 	D:\javafx-sdk-18.0.1\bin\api-ms-win-core-heap-l1-1-0.dll
0x000001ba83190000 - 0x000001ba83193000 	D:\javafx-sdk-18.0.1\bin\api-ms-win-core-interlocked-l1-1-0.dll
0x000001ba831a0000 - 0x000001ba831a3000 	D:\javafx-sdk-18.0.1\bin\api-ms-win-core-libraryloader-l1-1-0.dll
0x000001ba831b0000 - 0x000001ba831b3000 	D:\javafx-sdk-18.0.1\bin\api-ms-win-core-localization-l1-2-0.dll
0x000001ba831c0000 - 0x000001ba831c3000 	D:\javafx-sdk-18.0.1\bin\api-ms-win-core-memory-l1-1-0.dll
0x000001ba831d0000 - 0x000001ba831d3000 	D:\javafx-sdk-18.0.1\bin\api-ms-win-core-namedpipe-l1-1-0.dll
0x000001ba831e0000 - 0x000001ba831e3000 	D:\javafx-sdk-18.0.1\bin\api-ms-win-core-processenvironment-l1-1-0.dll
0x000001ba831f0000 - 0x000001ba831f3000 	D:\javafx-sdk-18.0.1\bin\api-ms-win-core-processthreads-l1-1-0.dll
0x000001ba83200000 - 0x000001ba83203000 	D:\javafx-sdk-18.0.1\bin\api-ms-win-core-processthreads-l1-1-1.dll
0x000001ba83210000 - 0x000001ba83213000 	D:\javafx-sdk-18.0.1\bin\api-ms-win-core-profile-l1-1-0.dll
0x000001ba83220000 - 0x000001ba83223000 	D:\javafx-sdk-18.0.1\bin\api-ms-win-core-rtlsupport-l1-1-0.dll
0x000001ba83270000 - 0x000001ba83273000 	D:\javafx-sdk-18.0.1\bin\api-ms-win-core-string-l1-1-0.dll
0x000001ba83280000 - 0x000001ba83283000 	D:\javafx-sdk-18.0.1\bin\api-ms-win-core-synch-l1-1-0.dll
0x000001ba83290000 - 0x000001ba83293000 	D:\javafx-sdk-18.0.1\bin\api-ms-win-core-synch-l1-2-0.dll
0x000001ba832b0000 - 0x000001ba832b3000 	D:\javafx-sdk-18.0.1\bin\api-ms-win-core-sysinfo-l1-1-0.dll
0x000001ba832c0000 - 0x000001ba832c3000 	D:\javafx-sdk-18.0.1\bin\api-ms-win-core-timezone-l1-1-0.dll
0x000001ba832d0000 - 0x000001ba832d3000 	D:\javafx-sdk-18.0.1\bin\api-ms-win-core-util-l1-1-0.dll
0x000001ba832e0000 - 0x000001ba832e3000 	D:\javafx-sdk-18.0.1\bin\api-ms-win-crt-conio-l1-1-0.dll
0x000001ba832f0000 - 0x000001ba832f4000 	D:\javafx-sdk-18.0.1\bin\api-ms-win-crt-convert-l1-1-0.dll
0x000001ba83300000 - 0x000001ba83303000 	D:\javafx-sdk-18.0.1\bin\api-ms-win-crt-environment-l1-1-0.dll
0x000001ba83310000 - 0x000001ba83313000 	D:\javafx-sdk-18.0.1\bin\api-ms-win-crt-filesystem-l1-1-0.dll
0x000001ba83320000 - 0x000001ba83323000 	D:\javafx-sdk-18.0.1\bin\api-ms-win-crt-heap-l1-1-0.dll
0x000001ba83330000 - 0x000001ba83333000 	D:\javafx-sdk-18.0.1\bin\api-ms-win-crt-locale-l1-1-0.dll
0x000001ba83340000 - 0x000001ba83345000 	D:\javafx-sdk-18.0.1\bin\api-ms-win-crt-math-l1-1-0.dll
0x000001ba83350000 - 0x000001ba83355000 	D:\javafx-sdk-18.0.1\bin\api-ms-win-crt-multibyte-l1-1-0.dll
0x000001ba83370000 - 0x000001ba83380000 	D:\javafx-sdk-18.0.1\bin\api-ms-win-crt-private-l1-1-0.dll
0x000001ba83380000 - 0x000001ba83383000 	D:\javafx-sdk-18.0.1\bin\api-ms-win-crt-process-l1-1-0.dll
0x000001ba83390000 - 0x000001ba83394000 	D:\javafx-sdk-18.0.1\bin\api-ms-win-crt-runtime-l1-1-0.dll
0x000001ba833a0000 - 0x000001ba833a4000 	D:\javafx-sdk-18.0.1\bin\api-ms-win-crt-stdio-l1-1-0.dll
0x000001ba833b0000 - 0x000001ba833b4000 	D:\javafx-sdk-18.0.1\bin\api-ms-win-crt-string-l1-1-0.dll
0x000001ba833c0000 - 0x000001ba833c3000 	D:\javafx-sdk-18.0.1\bin\api-ms-win-crt-time-l1-1-0.dll
0x000001ba833d0000 - 0x000001ba833d3000 	D:\javafx-sdk-18.0.1\bin\api-ms-win-crt-utility-l1-1-0.dll
0x00007ffa39400000 - 0x00007ffa394fc000 	D:\javafx-sdk-18.0.1\bin\ucrtbase.dll
0x00007ffa42f90000 - 0x00007ffa42faa000 	D:\javafx-sdk-18.0.1\bin\vcruntime140.dll
0x00007ffa5acc0000 - 0x00007ffa5accc000 	D:\javafx-sdk-18.0.1\bin\vcruntime140_1.dll
0x00007ffa38ff0000 - 0x00007ffa3907d000 	D:\javafx-sdk-18.0.1\bin\msvcp140.dll
0x00007ffa3ab00000 - 0x00007ffa3ab2c000 	D:\javafx-sdk-18.0.1\bin\prism_d3d.dll
0x00007ffa623e0000 - 0x00007ffa625af000 	C:\WINDOWS\system32\d3d9.dll
0x00007ffa39890000 - 0x00007ffa39a5d000 	C:\WINDOWS\System32\DriverStore\FileRepository\iigd_dch.inf_amd64_8dc03618ea16fa9b\igdumdim64.dll
0x00007ffa67690000 - 0x00007ffa677b0000 	C:\WINDOWS\System32\DriverStore\FileRepository\iigd_dch.inf_amd64_8dc03618ea16fa9b\igdgmm64.dll
0x00007ffa2f4c0000 - 0x00007ffa330d1000 	C:\WINDOWS\System32\DriverStore\FileRepository\iigd_dch.inf_amd64_8dc03618ea16fa9b\igd9dxva64.dll
0x00007ffa3aad0000 - 0x00007ffa3aafd000 	D:\javafx-sdk-18.0.1\bin\javafx_iio.dll
0x00007ffa39340000 - 0x00007ffa39382000 	D:\javafx-sdk-18.0.1\bin\glass.dll
0x00007ffa71e30000 - 0x00007ffa71f0b000 	C:\WINDOWS\System32\COMDLG32.dll
0x00007ffa5cd70000 - 0x00007ffa5cd91000 	C:\WINDOWS\System32\DriverStore\FileRepository\iigd_dch.inf_amd64_8dc03618ea16fa9b\igdinfo64.dll
0x00007ffa65090000 - 0x00007ffa673f0000 	C:\WINDOWS\System32\DriverStore\FileRepository\iigd_dch.inf_amd64_8dc03618ea16fa9b\igc64.dll
0x00007ffa687c0000 - 0x00007ffa687fb000 	C:\WINDOWS\SYSTEM32\dxcore.dll
0x00007ffa707e0000 - 0x00007ffa7082e000 	C:\WINDOWS\System32\cfgmgr32.dll
0x00007ffa38f60000 - 0x00007ffa38fe9000 	C:\Users\Admin\Desktop\eclipse\plugins\org.eclipse.justj.openjdk.hotspot.jre.full.win32.x86_64_17.0.2.v20220201-1208\jre\bin\freetype.dll
0x00007ffa25c70000 - 0x00007ffa25d18000 	C:\Users\Admin\Desktop\eclipse\plugins\org.eclipse.justj.openjdk.hotspot.jre.full.win32.x86_64_17.0.2.v20220201-1208\jre\bin\fontmanager.dll
0x00007ffa622e0000 - 0x00007ffa623d9000 	C:\WINDOWS\SYSTEM32\textinputframework.dll
0x00007ffa6cd20000 - 0x00007ffa6d07e000 	C:\WINDOWS\System32\CoreUIComponents.dll
0x00007ffa6d400000 - 0x00007ffa6d4f2000 	C:\WINDOWS\System32\CoreMessaging.dll
0x00007ffa6f390000 - 0x00007ffa6f3c3000 	C:\WINDOWS\SYSTEM32\ntmarta.dll
0x00007ffa6bbc0000 - 0x00007ffa6bd14000 	C:\WINDOWS\SYSTEM32\wintypes.dll
0x00007ffa3acb0000 - 0x00007ffa3acc4000 	D:\javafx-sdk-18.0.1\bin\javafx_font.dll
0x00007ffa5fb70000 - 0x00007ffa5fdef000 	C:\WINDOWS\SYSTEM32\dwrite.dll
0x00007ffa71140000 - 0x00007ffa711e9000 	C:\WINDOWS\System32\clbcatq.dll
0x00007ffa69f10000 - 0x00007ffa6a0c4000 	C:\WINDOWS\SYSTEM32\WindowsCodecs.dll
0x00007ffa70d10000 - 0x00007ffa70d37000 	C:\WINDOWS\System32\bcrypt.dll
0x00007ffa435d0000 - 0x00007ffa4360e000 	C:\WINDOWS\system32\dataexchange.dll
0x00007ffa6cb10000 - 0x00007ffa6ccf4000 	C:\WINDOWS\system32\dcomp.dll
0x00007ffa6c2e0000 - 0x00007ffa6c543000 	C:\WINDOWS\system32\d3d11.dll
0x00007ffa6ef90000 - 0x00007ffa6f083000 	C:\WINDOWS\system32\dxgi.dll
0x00007ffa6a0d0000 - 0x00007ffa6a2d0000 	C:\WINDOWS\system32\twinapi.appcore.dll

dbghelp: loaded successfully - version: 4.0.5 - missing functions: none
symbol engine: initialized successfully - sym options: 0x614 - pdb path: .;C:\Users\Admin\Desktop\eclipse\plugins\org.eclipse.justj.openjdk.hotspot.jre.full.win32.x86_64_17.0.2.v20220201-1208\jre\bin;C:\WINDOWS\SYSTEM32;C:\WINDOWS\WinSxS\amd64_microsoft.windows.common-controls_6595b64144ccf1df_6.0.19041.1110_none_60b5254171f9507e;C:\Users\Admin\Desktop\eclipse\plugins\org.eclipse.justj.openjdk.hotspot.jre.full.win32.x86_64_17.0.2.v20220201-1208\jre\bin\server;C:\ProgramData\A-Volute\A-Volute.SonicStudio3\Modules\ScheduledModules\x64;D:\javafx-sdk-18.0.1\bin;C:\WINDOWS\System32\DriverStore\FileRepository\iigd_dch.inf_amd64_8dc03618ea16fa9b

VM Arguments:
jvm_args: --module-path=D:\javafx-sdk-18.0.1\lib --add-modules=javafx.controls,javafx.fxml --add-modules=javafx.web,javafx.media,javafx.swing -Dfile.encoding=Cp1252 -XX:+ShowCodeDetailsInExceptionMessages 
java_command: hust.soict.globalict.VirusMain
java_class_path (initial): C:\Users\Admin\Desktop\2021 - 2\OOLT.ICT.20212.Team06\Virus\bin;D:\javafx-sdk-18.0.1\lib\javafx.base.jar;D:\javafx-sdk-18.0.1\lib\javafx.controls.jar;D:\javafx-sdk-18.0.1\lib\javafx.fxml.jar;D:\javafx-sdk-18.0.1\lib\javafx.graphics.jar;D:\javafx-sdk-18.0.1\lib\javafx.media.jar;D:\javafx-sdk-18.0.1\lib\javafx.swing.jar;D:\javafx-sdk-18.0.1\lib\javafx.web.jar;D:\javafx-sdk-18.0.1\lib\javafx-swt.jar
Launcher Type: SUN_STANDARD

[Global flags]
     intx CICompilerCount                          = 4                                         {product} {ergonomic}
     uint ConcGCThreads                            = 2                                         {product} {ergonomic}
     uint G1ConcRefinementThreads                  = 8                                         {product} {ergonomic}
   size_t G1HeapRegionSize                         = 1048576                                   {product} {ergonomic}
    uintx GCDrainStackTargetSize                   = 64                                        {product} {ergonomic}
   size_t InitialHeapSize                          = 132120576                                 {product} {ergonomic}
   size_t MarkStackSize                            = 4194304                                   {product} {ergonomic}
   size_t MaxHeapSize                              = 2109734912                                {product} {ergonomic}
   size_t MaxNewSize                               = 1265631232                                {product} {ergonomic}
   size_t MinHeapDeltaBytes                        = 1048576                                   {product} {ergonomic}
   size_t MinHeapSize                              = 8388608                                   {product} {ergonomic}
    uintx NonNMethodCodeHeapSize                   = 5839372                                {pd product} {ergonomic}
    uintx NonProfiledCodeHeapSize                  = 122909434                              {pd product} {ergonomic}
    uintx ProfiledCodeHeapSize                     = 122909434                              {pd product} {ergonomic}
    uintx ReservedCodeCacheSize                    = 251658240                              {pd product} {ergonomic}
     bool SegmentedCodeCache                       = true                                      {product} {ergonomic}
     bool ShowCodeDetailsInExceptionMessages       = true                                   {manageable} {command line}
   size_t SoftMaxHeapSize                          = 2109734912                             {manageable} {ergonomic}
     bool UseCompressedClassPointers               = true                           {product lp64_product} {ergonomic}
     bool UseCompressedOops                        = true                           {product lp64_product} {ergonomic}
     bool UseG1GC                                  = true                                      {product} {ergonomic}
     bool UseLargePagesIndividualAllocation        = false                                  {pd product} {ergonomic}

Logging:
Log output configuration:
 #0: stdout all=warning uptime,level,tags
 #1: stderr all=off uptime,level,tags

Environment Variables:
JAVA_HOME=C:\Program Files\Java\jre1.8.0_331
CLASSPATH=C:\Program Files\Java\jre1.8.0_331\bin
PATH=C:/Users/Admin/Desktop/eclipse//plugins/org.eclipse.justj.openjdk.hotspot.jre.full.win32.x86_64_17.0.2.v20220201-1208/jre/bin/server;C:/Users/Admin/Desktop/eclipse//plugins/org.eclipse.justj.openjdk.hotspot.jre.full.win32.x86_64_17.0.2.v20220201-1208/jre/bin;C:\Program Files (x86)\Common Files\Oracle\Java\javapath;C:\Windows\system32;C:\Windows;C:\Windows\System32\Wbem;C:\Windows\System32\WindowsPowerShell\v1.0\;C:\Windows\System32\OpenSSH\;C:\Program Files (x86)\NVIDIA Corporation\PhysX\Common;C:\Program Files\NVIDIA Corporation\NVIDIA NvDLISR;C:\Program Files\Microsoft VS Code\bin;C:\ninja;C:\Users\Admin\Desktop\mingw\bin;C:\Program Files\CMake\bin;C:\WINDOWS\system32;C:\WINDOWS;C:\WINDOWS\System32\Wbem;C:\WINDOWS\System32\WindowsPowerShell\v1.0\;C:\WINDOWS\System32\OpenSSH\;C:\Program Files\Java\jre1.8.0_331\bin;C:\Program Files\Git\cmd;C:\Program Files\Docker\Docker\resources\bin;C:\ProgramData\DockerDesktop\version-bin;C:\Program Files\nodejs\;C:\Program Files (x86)\ZeroTier\One\;C:\Users\Admin\AppData\Local\Microsoft\WindowsApps;C:\Users\Admin\AppData\Roaming\npm;C:\Users\Admin\AppData\Local\GitHubDesktop\bin;D:\IntelliJ IDEA 2022.1.2\bin;;C:\Users\Admin\Desktop\eclipse;
USERNAME=Admin
OS=Windows_NT
PROCESSOR_IDENTIFIER=Intel64 Family 6 Model 158 Stepping 13, GenuineIntel



---------------  S Y S T E M  ---------------

OS:
 Windows 10 , 64 bit Build 19041 (10.0.19041.1741)
OS uptime: 0 days 1:28 hours
Hyper-V role detected

CPU: total 8 (initial active 8) (4 cores per cpu, 2 threads per core) family 6 model 158 stepping 13 microcode 0xd2, cx8, cmov, fxsr, ht, mmx, 3dnowpref, sse, sse2, sse3, ssse3, sse4.1, sse4.2, popcnt, lzcnt, tsc, tscinvbit, avx, avx2, aes, erms, clmul, bmi1, bmi2, adx, fma, vzeroupper, clflush, clflushopt, hv

Memory: 4k page, system-wide physical 8044M (421M free)
TotalPageFile size 25226M (AvailPageFile size 65M)
current process WorkingSet (physical memory assigned to process): 402M, peak: 402M
current process commit charge ("private bytes"): 448M, peak: 535M

vm_info: OpenJDK 64-Bit Server VM (17.0.2+8) for windows-amd64 JRE (17.0.2+8), built on Jan 20 2022 04:52:34 by "" with MS VC++ 16.7 (VS2019)

END.
